# gmm-latgen-faster --max-active=7000 --beam=13.0 --lattice-beam=6.0 --acoustic-scale=0.083333 --allow-partial=true --word-symbol-table=/z/mkperez/PremanifestHD-classification/Data/Spont-Speech/set0/exp/mono_ali_clinician/graph/words.txt /z/mkperez/PremanifestHD-classification/Data/Spont-Speech/set0/exp/mono_ali_clinician/final.mdl /z/mkperez/PremanifestHD-classification/Data/Spont-Speech/set0/exp/mono_ali_clinician/graph/HCLG.fst "ark,s,cs:apply-cmvn  --utt2spk=ark:/z/mkperez/PremanifestHD-classification/Data/Spont-Speech/set0/val/split1/1/utt2spk scp:/z/mkperez/PremanifestHD-classification/Data/Spont-Speech/set0/val/split1/1/cmvn.scp scp:/z/mkperez/PremanifestHD-classification/Data/Spont-Speech/set0/val/split1/1/feats.scp ark:- | add-deltas  ark:- ark:- |" "ark:|gzip -c > /z/mkperez/PremanifestHD-classification/Data/Spont-Speech/set0/exp/mono_ali_clinician/decode/lat.1.gz" 
# Started at Mon Jan 28 18:14:00 EST 2019
#
gmm-latgen-faster --max-active=7000 --beam=13.0 --lattice-beam=6.0 --acoustic-scale=0.083333 --allow-partial=true --word-symbol-table=/z/mkperez/PremanifestHD-classification/Data/Spont-Speech/set0/exp/mono_ali_clinician/graph/words.txt /z/mkperez/PremanifestHD-classification/Data/Spont-Speech/set0/exp/mono_ali_clinician/final.mdl /z/mkperez/PremanifestHD-classification/Data/Spont-Speech/set0/exp/mono_ali_clinician/graph/HCLG.fst 'ark,s,cs:apply-cmvn  --utt2spk=ark:/z/mkperez/PremanifestHD-classification/Data/Spont-Speech/set0/val/split1/1/utt2spk scp:/z/mkperez/PremanifestHD-classification/Data/Spont-Speech/set0/val/split1/1/cmvn.scp scp:/z/mkperez/PremanifestHD-classification/Data/Spont-Speech/set0/val/split1/1/feats.scp ark:- | add-deltas  ark:- ark:- |' 'ark:|gzip -c > /z/mkperez/PremanifestHD-classification/Data/Spont-Speech/set0/exp/mono_ali_clinician/decode/lat.1.gz' 
add-deltas ark:- ark:- 
apply-cmvn --utt2spk=ark:/z/mkperez/PremanifestHD-classification/Data/Spont-Speech/set0/val/split1/1/utt2spk scp:/z/mkperez/PremanifestHD-classification/Data/Spont-Speech/set0/val/split1/1/cmvn.scp scp:/z/mkperez/PremanifestHD-classification/Data/Spont-Speech/set0/val/split1/1/feats.scp ark:- 
LOG (apply-cmvn[5.0.23~1-f7b2f]:main():apply-cmvn.cc:146) Applied cepstral mean normalization to 5 utterances, errors on 0
PARTICIPANT46352-001 NEXT WEEKEND 
LOG (gmm-latgen-faster[5.0.23~1-f7b2f]:DecodeUtteranceLatticeFaster():decoder-wrappers.cc:285) Log-like per frame for utterance PARTICIPANT46352-001 is -8.00399 over 133 frames.
PARTICIPANT46352-003 ON YES MY WEEKEND AND ALRIGHT ARE TREATERS AND CAROLINA CRAZY DIAGNOSIS FUN 
LOG (gmm-latgen-faster[5.0.23~1-f7b2f]:DecodeUtteranceLatticeFaster():decoder-wrappers.cc:285) Log-like per frame for utterance PARTICIPANT46352-003 is -7.97039 over 813 frames.
PARTICIPANT46352-005 THE RIDICULOUSLY WE'RE THAT 
LOG (gmm-latgen-faster[5.0.23~1-f7b2f]:DecodeUtteranceLatticeFaster():decoder-wrappers.cc:285) Log-like per frame for utterance PARTICIPANT46352-005 is -8.20604 over 294 frames.
PARTICIPANT46352-007 AND THAT HAVE OF 
LOG (gmm-latgen-faster[5.0.23~1-f7b2f]:RebuildRepository():determinize-lattice-pruned.cc:283) Rebuilding repository.
LOG (gmm-latgen-faster[5.0.23~1-f7b2f]:DecodeUtteranceLatticeFaster():decoder-wrappers.cc:285) Log-like per frame for utterance PARTICIPANT46352-007 is -8.03327 over 138 frames.
PARTICIPANT46352-009 MY AND HE 
LOG (gmm-latgen-faster[5.0.23~1-f7b2f]:DecodeUtteranceLatticeFaster():decoder-wrappers.cc:285) Log-like per frame for utterance PARTICIPANT46352-009 is -7.86059 over 143 frames.
LOG (gmm-latgen-faster[5.0.23~1-f7b2f]:main():gmm-latgen-faster.cc:176) Time taken 21.1563s: real-time factor assuming 100 frames/sec is 1.39095
LOG (gmm-latgen-faster[5.0.23~1-f7b2f]:main():gmm-latgen-faster.cc:179) Done 5 utterances, failed for 0
LOG (gmm-latgen-faster[5.0.23~1-f7b2f]:main():gmm-latgen-faster.cc:181) Overall log-likelihood per frame is -8.01426 over 1521 frames.
# Accounting: time=22 threads=1
# Ended (code 0) at Mon Jan 28 18:14:22 EST 2019, elapsed time 22 seconds
