# lattice-scale --inv-acoustic-scale=15 "ark:gunzip -c /z/mkperez/PremanifestHD-classification/Data/Spont-Speech/set18/exp/mono_ali_clinician/decode/lat.*.gz|" ark:- | lattice-add-penalty --word-ins-penalty=0.0 ark:- ark:- | lattice-best-path --word-symbol-table=/z/mkperez/PremanifestHD-classification/Data/Spont-Speech/set18/exp/mono_ali_clinician/graph/words.txt ark:- ark,t:- | utils/int2sym.pl -f 2- /z/mkperez/PremanifestHD-classification/Data/Spont-Speech/set18/exp/mono_ali_clinician/graph/words.txt | local/wer_hyp_filter > /z/mkperez/PremanifestHD-classification/Data/Spont-Speech/set18/exp/mono_ali_clinician/decode/scoring_kaldi/penalty_0.0/15.txt 
# Started at Mon Jan 28 18:44:49 EST 2019
#
lattice-best-path --word-symbol-table=/z/mkperez/PremanifestHD-classification/Data/Spont-Speech/set18/exp/mono_ali_clinician/graph/words.txt ark:- ark,t:- 
lattice-scale --inv-acoustic-scale=15 'ark:gunzip -c /z/mkperez/PremanifestHD-classification/Data/Spont-Speech/set18/exp/mono_ali_clinician/decode/lat.*.gz|' ark:- 
lattice-add-penalty --word-ins-penalty=0.0 ark:- ark:- 
LOG (lattice-best-path[5.0.23~1-f7b2f]:main():lattice-best-path.cc:99) For utterance PARTICPANT84596-001, best cost 26.62 + 1140.88 = 1167.5 over 178 frames.
PARTICPANT84596-001 YEAH UNDERSTANDING 
LOG (lattice-best-path[5.0.23~1-f7b2f]:main():lattice-best-path.cc:99) For utterance PARTICPANT84596-003, best cost 10.2258 + 353.187 = 363.413 over 58 frames.
PARTICPANT84596-003 THE 
LOG (lattice-best-path[5.0.23~1-f7b2f]:main():lattice-best-path.cc:99) For utterance PARTICPANT84596-005, best cost 19.6372 + 969.206 = 988.843 over 148 frames.
PARTICPANT84596-005 INTRODUCTIONS 
LOG (lattice-best-path[5.0.23~1-f7b2f]:main():lattice-best-path.cc:99) For utterance PARTICPANT84596-007, best cost 17.5214 + 402.884 = 420.405 over 68 frames.
PARTICPANT84596-007 IT TO 
LOG (lattice-best-path[5.0.23~1-f7b2f]:main():lattice-best-path.cc:99) For utterance PARTICPANT84596-009, best cost 21.8046 + 763.806 = 785.61 over 128 frames.
PARTICPANT84596-009 LITTLE YEAH 
LOG (lattice-best-path[5.0.23~1-f7b2f]:main():lattice-best-path.cc:99) For utterance PARTICPANT84596-011, best cost 13.2656 + 414.365 = 427.63 over 68 frames.
PARTICPANT84596-011 OR 
LOG (lattice-best-path[5.0.23~1-f7b2f]:main():lattice-best-path.cc:99) For utterance PARTICPANT84596-013, best cost 37.4183 + 1706.87 = 1744.29 over 278 frames.
PARTICPANT84596-013 ALL METAL IN 
LOG (lattice-best-path[5.0.23~1-f7b2f]:main():lattice-best-path.cc:99) For utterance PARTICPANT84596-015, best cost 9.53123 + 239.261 = 248.792 over 38 frames.
PARTICPANT84596-015 TO 
LOG (lattice-best-path[5.0.23~1-f7b2f]:main():lattice-best-path.cc:99) For utterance PARTICPANT84596-017, best cost 42.1417 + 2099.94 = 2142.08 over 348 frames.
PARTICPANT84596-017 DEPRESSED TO YEAH WEEKEND 
LOG (lattice-best-path[5.0.23~1-f7b2f]:main():lattice-best-path.cc:99) For utterance PARTICPANT84596-019, best cost 89.7276 + 4075.75 = 4165.48 over 648 frames.
PARTICPANT84596-019 WHAT AND ORLANDO WHEN LANDLORD THAT OR ALWAYS 
LOG (lattice-best-path[5.0.23~1-f7b2f]:main():lattice-best-path.cc:99) For utterance PARTICPANT84596-021, best cost 20.2797 + 705.534 = 725.814 over 108 frames.
PARTICPANT84596-021 IT AND 
LOG (lattice-best-path[5.0.23~1-f7b2f]:main():lattice-best-path.cc:99) For utterance PARTICPANT84596-023, best cost 140.521 + 6483.36 = 6623.88 over 1058 frames.
PARTICPANT84596-023 ONLY WANTED YEAH RIDICULOUSLY INTRODUCTIONS THAT'S YEAH TRACK ON AND ON TO I 
LOG (lattice-best-path[5.0.23~1-f7b2f]:main():lattice-best-path.cc:99) For utterance PARTICPANT84596-025, best cost 18.5942 + 670.203 = 688.797 over 110 frames.
PARTICPANT84596-025 EMPTIED 
LOG (lattice-best-path[5.0.23~1-f7b2f]:main():lattice-best-path.cc:99) For utterance PARTICPANT84596-027, best cost 20.8057 + 699.719 = 720.524 over 108 frames.
PARTICPANT84596-027 MY IN 
LOG (lattice-best-path[5.0.23~1-f7b2f]:main():lattice-best-path.cc:99) For utterance PARTICPANT84596-030, best cost 39.3681 + 1798.99 = 1838.36 over 288 frames.
PARTICPANT84596-030 I ARE SO DNA 
LOG (lattice-best-path[5.0.23~1-f7b2f]:main():lattice-best-path.cc:99) For utterance PARTICPANT84596-032, best cost 11.9463 + 520.468 = 532.414 over 88 frames.
PARTICPANT84596-032 YEAH 
LOG (lattice-best-path[5.0.23~1-f7b2f]:main():lattice-best-path.cc:99) For utterance PARTICPANT84596-034, best cost 11.9591 + 309.638 = 321.597 over 48 frames.
PARTICPANT84596-034 WHERE 
LOG (lattice-best-path[5.0.23~1-f7b2f]:main():lattice-best-path.cc:99) For utterance PARTICPANT84596-036, best cost 22.8548 + 1318.48 = 1341.34 over 204 frames.
PARTICPANT84596-036 ADRIAN 
LOG (lattice-best-path[5.0.23~1-f7b2f]:main():lattice-best-path.cc:99) For utterance PARTICPANT84596-038, best cost 43.1148 + 1842.88 = 1885.99 over 298 frames.
PARTICPANT84596-038 WEEKEND MAINTENANCE TALKING 
LOG (lattice-best-path[5.0.23~1-f7b2f]:main():lattice-best-path.cc:99) For utterance PARTICPANT84596-040, best cost 9.25321 + 102.475 = 111.728 over 18 frames.
PARTICPANT84596-040 OH 
LOG (lattice-best-path[5.0.23~1-f7b2f]:main():lattice-best-path.cc:99) For utterance PARTICPANT84596-042, best cost 45.151 + 1911.35 = 1956.5 over 318 frames.
PARTICPANT84596-042 TO THE ON BUT THAT'S 
LOG (lattice-best-path[5.0.23~1-f7b2f]:main():lattice-best-path.cc:99) For utterance PARTICPANT84596-044, best cost 10.7407 + 540.553 = 551.294 over 88 frames.
PARTICPANT84596-044 THE 
LOG (lattice-best-path[5.0.23~1-f7b2f]:main():lattice-best-path.cc:99) For utterance PARTICPANT84596-046, best cost 10.9715 + 413.452 = 424.423 over 68 frames.
PARTICPANT84596-046 AND 
LOG (lattice-best-path[5.0.23~1-f7b2f]:main():lattice-best-path.cc:99) For utterance PARTICPANT84596-048, best cost 12.6039 + 394.571 = 407.174 over 64 frames.
PARTICPANT84596-048 THIS 
LOG (lattice-best-path[5.0.23~1-f7b2f]:main():lattice-best-path.cc:99) For utterance PARTICPANT84596-050, best cost 26.3411 + 913.327 = 939.668 over 148 frames.
PARTICPANT84596-050 FLORIDA COURSE 
LOG (lattice-best-path[5.0.23~1-f7b2f]:main():lattice-best-path.cc:99) For utterance PARTICPANT84596-052, best cost 23.2463 + 788.085 = 811.331 over 128 frames.
PARTICPANT84596-052 A AND YEAH 
LOG (lattice-best-path[5.0.23~1-f7b2f]:main():lattice-best-path.cc:99) For utterance PARTICPANT84596-054, best cost 25.9521 + 1039.17 = 1065.12 over 168 frames.
PARTICPANT84596-054 YEAH HURRICANE 
LOG (lattice-best-path[5.0.23~1-f7b2f]:main():lattice-best-path.cc:99) For utterance PARTICPANT84596-056, best cost 80.0941 + 4413.6 = 4493.7 over 718 frames.
PARTICPANT84596-056 NOT BE REALIZED YEAH ELEMENTARY SATURDAY 
LOG (lattice-best-path[5.0.23~1-f7b2f]:main():lattice-best-path.cc:99) For utterance PARTICPANT84596-058, best cost 18.5271 + 873.093 = 891.62 over 138 frames.
PARTICPANT84596-058 DEFINITELY 
LOG (lattice-best-path[5.0.23~1-f7b2f]:main():lattice-best-path.cc:99) For utterance PARTICPANT84596-060, best cost 14.3583 + 867.44 = 881.798 over 148 frames.
PARTICPANT84596-060 OKAY 
LOG (lattice-best-path[5.0.23~1-f7b2f]:main():lattice-best-path.cc:99) For utterance PARTICPANT84596-062, best cost 99.7367 + 5132.37 = 5232.11 over 808 frames.
PARTICPANT84596-062 IT INTRODUCTIONS TO AND DIFFERENCES OKAY ANTIDEPRESSANTS DATA 
LOG (lattice-best-path[5.0.23~1-f7b2f]:main():lattice-best-path.cc:99) For utterance PARTICPANT84596-065, best cost 12.2201 + 452.808 = 465.028 over 78 frames.
PARTICPANT84596-065 IN 
LOG (lattice-best-path[5.0.23~1-f7b2f]:main():lattice-best-path.cc:99) For utterance PARTICPANT84596-066, best cost 24.5091 + 985.432 = 1009.94 over 168 frames.
PARTICPANT84596-066 AND STUDY 
LOG (lattice-best-path[5.0.23~1-f7b2f]:main():lattice-best-path.cc:99) For utterance PARTICPANT84596-068, best cost 22.5416 + 865.202 = 887.743 over 138 frames.
PARTICPANT84596-068 IT'S WEEKEND 
LOG (lattice-best-path[5.0.23~1-f7b2f]:main():lattice-best-path.cc:99) For utterance PARTICPANT84596-070, best cost 11.8384 + 501.436 = 513.274 over 78 frames.
PARTICPANT84596-070 TO 
LOG (lattice-best-path[5.0.23~1-f7b2f]:main():lattice-best-path.cc:99) For utterance PARTICPANT84596-072, best cost 22.6288 + 784.479 = 807.108 over 128 frames.
PARTICPANT84596-072 I IDEA 
LOG (lattice-best-path[5.0.23~1-f7b2f]:main():lattice-best-path.cc:99) For utterance PARTICPANT84596-074, best cost 175.793 + 9150.59 = 9326.38 over 1538 frames.
PARTICPANT84596-074 THEN AND WEEKEND YEAH I THAT YOU BETWEEN BETWEEN WEEKEND AND ON ANY IT THEN YEAH ADRIAN BE 
LOG (lattice-best-path[5.0.23~1-f7b2f]:main():lattice-best-path.cc:99) For utterance PARTICPANT84596-075, best cost 10.8731 + 299.623 = 310.496 over 48 frames.
PARTICPANT84596-075 TO 
LOG (lattice-best-path[5.0.23~1-f7b2f]:main():lattice-best-path.cc:99) For utterance PARTICPANT84596-079, best cost 15.0935 + 497.683 = 512.777 over 78 frames.
PARTICPANT84596-079 YES 
LOG (lattice-best-path[5.0.23~1-f7b2f]:main():lattice-best-path.cc:99) For utterance PARTICPANT84596-081, best cost 99.4563 + 4878.48 = 4977.94 over 798 frames.
PARTICPANT84596-081 WAS AND YEAH YEAH THE WEEKEND LITTLE TRIPS I THAT YEAH 
LOG (lattice-best-path[5.0.23~1-f7b2f]:main():lattice-best-path.cc:99) For utterance PARTICPANT84596-083, best cost 32.6245 + 1199.11 = 1231.74 over 188 frames.
PARTICPANT84596-083 IT WEEKEND BETWEEN 
LOG (lattice-best-path[5.0.23~1-f7b2f]:main():lattice-best-path.cc:99) For utterance PARTICPANT84596-085, best cost 10.8252 + 333.322 = 344.147 over 58 frames.
PARTICPANT84596-085 YEAH 
LOG (lattice-best-path[5.0.23~1-f7b2f]:main():lattice-best-path.cc:99) For utterance PARTICPANT84596-087, best cost 14.7011 + 687.448 = 702.149 over 108 frames.
PARTICPANT84596-087 WEEKEND 
LOG (lattice-best-path[5.0.23~1-f7b2f]:main():lattice-best-path.cc:99) For utterance PARTICPANT84596-090, best cost 22.7927 + 806.035 = 828.828 over 128 frames.
PARTICPANT84596-090 ISH YEAH 
LOG (lattice-scale[5.0.23~1-f7b2f]:main():lattice-scale.cc:90) Done 46 lattices.
LOG (lattice-best-path[5.0.23~1-f7b2f]:main():lattice-best-path.cc:99) For utterance PARTICPANT84596-092, best cost 40.0138 + 2322.22 = 2362.24 over 373 frames.
PARTICPANT84596-092 IT THAT AND NICE 
LOG (lattice-add-penalty[5.0.23~1-f7b2f]:main():lattice-add-penalty.cc:62) Done adding word insertion penalty to 46 lattices.
LOG (lattice-best-path[5.0.23~1-f7b2f]:main():lattice-best-path.cc:99) For utterance PARTICPANT84596-095, best cost 13.7276 + 297.477 = 311.205 over 48 frames.
PARTICPANT84596-095 YET 
LOG (lattice-best-path[5.0.23~1-f7b2f]:main():lattice-best-path.cc:124) Overall cost per frame is 6.29611 = 0.138077 [graph] + 6.15804 [acoustic] over 11037 frames.
LOG (lattice-best-path[5.0.23~1-f7b2f]:main():lattice-best-path.cc:128) Done 46 lattices, failed for 0
# Accounting: time=5 threads=1
# Ended (code 0) at Mon Jan 28 18:44:54 EST 2019, elapsed time 5 seconds
