# lattice-scale --inv-acoustic-scale=16 "ark:gunzip -c /z/mkperez/PremanifestHD-classification/Data/Spont-Speech/set18/exp/mono_ali_clinician/decode/lat.*.gz|" ark:- | lattice-add-penalty --word-ins-penalty=0.0 ark:- ark:- | lattice-best-path --word-symbol-table=/z/mkperez/PremanifestHD-classification/Data/Spont-Speech/set18/exp/mono_ali_clinician/graph/words.txt ark:- ark,t:- | utils/int2sym.pl -f 2- /z/mkperez/PremanifestHD-classification/Data/Spont-Speech/set18/exp/mono_ali_clinician/graph/words.txt | local/wer_hyp_filter > /z/mkperez/PremanifestHD-classification/Data/Spont-Speech/set18/exp/mono_ali_clinician/decode/scoring_kaldi/penalty_0.0/16.txt 
# Started at Mon Jan 28 18:44:49 EST 2019
#
lattice-scale --inv-acoustic-scale=16 'ark:gunzip -c /z/mkperez/PremanifestHD-classification/Data/Spont-Speech/set18/exp/mono_ali_clinician/decode/lat.*.gz|' ark:- 
lattice-add-penalty --word-ins-penalty=0.0 ark:- ark:- 
lattice-best-path --word-symbol-table=/z/mkperez/PremanifestHD-classification/Data/Spont-Speech/set18/exp/mono_ali_clinician/graph/words.txt ark:- ark,t:- 
LOG (lattice-best-path[5.0.23~1-f7b2f]:main():lattice-best-path.cc:99) For utterance PARTICPANT84596-001, best cost 26.62 + 1069.58 = 1096.2 over 178 frames.
PARTICPANT84596-001 YEAH UNDERSTANDING 
LOG (lattice-best-path[5.0.23~1-f7b2f]:main():lattice-best-path.cc:99) For utterance PARTICPANT84596-003, best cost 10.2258 + 331.113 = 341.339 over 58 frames.
PARTICPANT84596-003 THE 
LOG (lattice-best-path[5.0.23~1-f7b2f]:main():lattice-best-path.cc:99) For utterance PARTICPANT84596-005, best cost 19.6372 + 908.631 = 928.268 over 148 frames.
PARTICPANT84596-005 INTRODUCTIONS 
LOG (lattice-best-path[5.0.23~1-f7b2f]:main():lattice-best-path.cc:99) For utterance PARTICPANT84596-007, best cost 16.4795 + 378.718 = 395.197 over 68 frames.
PARTICPANT84596-007 I TO 
LOG (lattice-best-path[5.0.23~1-f7b2f]:main():lattice-best-path.cc:99) For utterance PARTICPANT84596-009, best cost 21.8046 + 716.068 = 737.872 over 128 frames.
PARTICPANT84596-009 LITTLE YEAH 
LOG (lattice-best-path[5.0.23~1-f7b2f]:main():lattice-best-path.cc:99) For utterance PARTICPANT84596-011, best cost 13.2656 + 388.467 = 401.733 over 68 frames.
PARTICPANT84596-011 OR 
LOG (lattice-best-path[5.0.23~1-f7b2f]:main():lattice-best-path.cc:99) For utterance PARTICPANT84596-013, best cost 37.4183 + 1600.19 = 1637.61 over 278 frames.
PARTICPANT84596-013 ALL METAL IN 
LOG (lattice-best-path[5.0.23~1-f7b2f]:main():lattice-best-path.cc:99) For utterance PARTICPANT84596-015, best cost 9.53123 + 224.307 = 233.838 over 38 frames.
PARTICPANT84596-015 TO 
LOG (lattice-best-path[5.0.23~1-f7b2f]:main():lattice-best-path.cc:99) For utterance PARTICPANT84596-017, best cost 42.1417 + 1968.69 = 2010.84 over 348 frames.
PARTICPANT84596-017 DEPRESSED TO YEAH WEEKEND 
LOG (lattice-best-path[5.0.23~1-f7b2f]:main():lattice-best-path.cc:99) For utterance PARTICPANT84596-019, best cost 84.4717 + 3825.99 = 3910.46 over 648 frames.
PARTICPANT84596-019 WHAT ALCOHOL WHEN LANDLORD THAT OR ALWAYS 
LOG (lattice-best-path[5.0.23~1-f7b2f]:main():lattice-best-path.cc:99) For utterance PARTICPANT84596-021, best cost 20.2797 + 661.438 = 681.718 over 108 frames.
PARTICPANT84596-021 IT AND 
LOG (lattice-best-path[5.0.23~1-f7b2f]:main():lattice-best-path.cc:99) For utterance PARTICPANT84596-023, best cost 139.121 + 6079.54 = 6218.66 over 1058 frames.
PARTICPANT84596-023 ONLY WANTED YEAH RIDICULOUSLY INTRODUCTIONS THAT'S YEAH TRACK ON AND ON HISTORY 
LOG (lattice-best-path[5.0.23~1-f7b2f]:main():lattice-best-path.cc:99) For utterance PARTICPANT84596-025, best cost 16.5574 + 630.259 = 646.816 over 110 frames.
PARTICPANT84596-025 HISTORY 
LOG (lattice-best-path[5.0.23~1-f7b2f]:main():lattice-best-path.cc:99) For utterance PARTICPANT84596-027, best cost 18.9074 + 657.84 = 676.747 over 108 frames.
PARTICPANT84596-027 THE WEEKEND 
LOG (lattice-best-path[5.0.23~1-f7b2f]:main():lattice-best-path.cc:99) For utterance PARTICPANT84596-030, best cost 39.3681 + 1686.55 = 1725.92 over 288 frames.
PARTICPANT84596-030 I ARE SO DNA 
LOG (lattice-best-path[5.0.23~1-f7b2f]:main():lattice-best-path.cc:99) For utterance PARTICPANT84596-032, best cost 11.9463 + 487.939 = 499.885 over 88 frames.
PARTICPANT84596-032 YEAH 
LOG (lattice-best-path[5.0.23~1-f7b2f]:main():lattice-best-path.cc:99) For utterance PARTICPANT84596-034, best cost 11.9591 + 290.286 = 302.245 over 48 frames.
PARTICPANT84596-034 WHERE 
LOG (lattice-best-path[5.0.23~1-f7b2f]:main():lattice-best-path.cc:99) For utterance PARTICPANT84596-036, best cost 22.8548 + 1236.08 = 1258.93 over 204 frames.
PARTICPANT84596-036 ADRIAN 
LOG (lattice-best-path[5.0.23~1-f7b2f]:main():lattice-best-path.cc:99) For utterance PARTICPANT84596-038, best cost 43.1148 + 1727.7 = 1770.81 over 298 frames.
PARTICPANT84596-038 WEEKEND MAINTENANCE TALKING 
LOG (lattice-best-path[5.0.23~1-f7b2f]:main():lattice-best-path.cc:99) For utterance PARTICPANT84596-040, best cost 9.25321 + 96.0705 = 105.324 over 18 frames.
PARTICPANT84596-040 OH 
LOG (lattice-best-path[5.0.23~1-f7b2f]:main():lattice-best-path.cc:99) For utterance PARTICPANT84596-042, best cost 45.151 + 1791.89 = 1837.04 over 318 frames.
PARTICPANT84596-042 TO THE ON BUT THAT'S 
LOG (lattice-best-path[5.0.23~1-f7b2f]:main():lattice-best-path.cc:99) For utterance PARTICPANT84596-044, best cost 10.7407 + 506.769 = 517.51 over 88 frames.
PARTICPANT84596-044 THE 
LOG (lattice-best-path[5.0.23~1-f7b2f]:main():lattice-best-path.cc:99) For utterance PARTICPANT84596-046, best cost 10.9715 + 387.611 = 398.582 over 68 frames.
PARTICPANT84596-046 AND 
LOG (lattice-best-path[5.0.23~1-f7b2f]:main():lattice-best-path.cc:99) For utterance PARTICPANT84596-048, best cost 12.6039 + 369.91 = 382.514 over 64 frames.
PARTICPANT84596-048 THIS 
LOG (lattice-best-path[5.0.23~1-f7b2f]:main():lattice-best-path.cc:99) For utterance PARTICPANT84596-050, best cost 18.1125 + 863.986 = 882.099 over 148 frames.
PARTICPANT84596-050 ALMOST 
LOG (lattice-best-path[5.0.23~1-f7b2f]:main():lattice-best-path.cc:99) For utterance PARTICPANT84596-052, best cost 17.9808 + 744.07 = 762.051 over 128 frames.
PARTICPANT84596-052 YEAH YEAH 
LOG (lattice-best-path[5.0.23~1-f7b2f]:main():lattice-best-path.cc:99) For utterance PARTICPANT84596-054, best cost 25.9521 + 974.222 = 1000.17 over 168 frames.
PARTICPANT84596-054 YEAH HURRICANE 
LOG (lattice-best-path[5.0.23~1-f7b2f]:main():lattice-best-path.cc:99) For utterance PARTICPANT84596-056, best cost 80.0941 + 4137.75 = 4217.85 over 718 frames.
PARTICPANT84596-056 NOT BE REALIZED YEAH ELEMENTARY SATURDAY 
LOG (lattice-best-path[5.0.23~1-f7b2f]:main():lattice-best-path.cc:99) For utterance PARTICPANT84596-058, best cost 18.5271 + 818.524 = 837.052 over 138 frames.
PARTICPANT84596-058 DEFINITELY 
LOG (lattice-best-path[5.0.23~1-f7b2f]:main():lattice-best-path.cc:99) For utterance PARTICPANT84596-060, best cost 14.3583 + 813.225 = 827.583 over 148 frames.
PARTICPANT84596-060 OKAY 
LOG (lattice-best-path[5.0.23~1-f7b2f]:main():lattice-best-path.cc:99) For utterance PARTICPANT84596-062, best cost 99.7367 + 4811.6 = 4911.33 over 808 frames.
PARTICPANT84596-062 IT INTRODUCTIONS TO AND DIFFERENCES OKAY ANTIDEPRESSANTS DATA 
LOG (lattice-best-path[5.0.23~1-f7b2f]:main():lattice-best-path.cc:99) For utterance PARTICPANT84596-065, best cost 12.2201 + 424.507 = 436.727 over 78 frames.
PARTICPANT84596-065 IN 
LOG (lattice-best-path[5.0.23~1-f7b2f]:main():lattice-best-path.cc:99) For utterance PARTICPANT84596-066, best cost 24.5091 + 923.842 = 948.351 over 168 frames.
PARTICPANT84596-066 AND STUDY 
LOG (lattice-best-path[5.0.23~1-f7b2f]:main():lattice-best-path.cc:99) For utterance PARTICPANT84596-068, best cost 22.5416 + 811.127 = 833.668 over 138 frames.
PARTICPANT84596-068 IT'S WEEKEND 
LOG (lattice-best-path[5.0.23~1-f7b2f]:main():lattice-best-path.cc:99) For utterance PARTICPANT84596-070, best cost 11.8384 + 470.096 = 481.934 over 78 frames.
PARTICPANT84596-070 TO 
LOG (lattice-best-path[5.0.23~1-f7b2f]:main():lattice-best-path.cc:99) For utterance PARTICPANT84596-072, best cost 22.6288 + 735.449 = 758.078 over 128 frames.
PARTICPANT84596-072 I IDEA 
LOG (lattice-best-path[5.0.23~1-f7b2f]:main():lattice-best-path.cc:99) For utterance PARTICPANT84596-074, best cost 164.167 + 8589.77 = 8753.94 over 1538 frames.
PARTICPANT84596-074 THEN AND WEEKEND YEAH I THAT YEAH BETWEEN WEEKEND AND ON THE IT THEN YEAH ADRIAN BE 
LOG (lattice-best-path[5.0.23~1-f7b2f]:main():lattice-best-path.cc:99) For utterance PARTICPANT84596-075, best cost 10.8731 + 280.897 = 291.77 over 48 frames.
PARTICPANT84596-075 TO 
LOG (lattice-best-path[5.0.23~1-f7b2f]:main():lattice-best-path.cc:99) For utterance PARTICPANT84596-079, best cost 11.2407 + 470.362 = 481.603 over 78 frames.
PARTICPANT84596-079 YOU 
LOG (lattice-best-path[5.0.23~1-f7b2f]:main():lattice-best-path.cc:99) For utterance PARTICPANT84596-081, best cost 88.8103 + 4583.74 = 4672.55 over 798 frames.
PARTICPANT84596-081 WAS YEAH YEAH THE WEEKEND LITTLE EXCITED THAT YEAH 
LOG (lattice-best-path[5.0.23~1-f7b2f]:main():lattice-best-path.cc:99) For utterance PARTICPANT84596-083, best cost 32.6245 + 1124.17 = 1156.79 over 188 frames.
PARTICPANT84596-083 IT WEEKEND BETWEEN 
LOG (lattice-best-path[5.0.23~1-f7b2f]:main():lattice-best-path.cc:99) For utterance PARTICPANT84596-085, best cost 10.8252 + 312.489 = 323.314 over 58 frames.
PARTICPANT84596-085 YEAH 
LOG (lattice-best-path[5.0.23~1-f7b2f]:main():lattice-best-path.cc:99) For utterance PARTICPANT84596-087, best cost 14.7011 + 644.483 = 659.184 over 108 frames.
PARTICPANT84596-087 WEEKEND 
LOG (lattice-best-path[5.0.23~1-f7b2f]:main():lattice-best-path.cc:99) For utterance PARTICPANT84596-090, best cost 19.5148 + 758.864 = 778.379 over 128 frames.
PARTICPANT84596-090 IT'S YEAH 
LOG (lattice-scale[5.0.23~1-f7b2f]:main():lattice-scale.cc:90) Done 46 lattices.
LOG (lattice-best-path[5.0.23~1-f7b2f]:main():lattice-best-path.cc:99) For utterance PARTICPANT84596-092, best cost 40.0138 + 2177.08 = 2217.1 over 373 frames.
PARTICPANT84596-092 IT THAT AND NICE 
LOG (lattice-add-penalty[5.0.23~1-f7b2f]:main():lattice-add-penalty.cc:62) Done adding word insertion penalty to 46 lattices.
LOG (lattice-best-path[5.0.23~1-f7b2f]:main():lattice-best-path.cc:99) For utterance PARTICPANT84596-095, best cost 13.7276 + 278.885 = 292.612 over 48 frames.
PARTICPANT84596-095 YET 
LOG (lattice-best-path[5.0.23~1-f7b2f]:main():lattice-best-path.cc:124) Overall cost per frame is 5.91105 = 0.133136 [graph] + 5.77791 [acoustic] over 11037 frames.
LOG (lattice-best-path[5.0.23~1-f7b2f]:main():lattice-best-path.cc:128) Done 46 lattices, failed for 0
# Accounting: time=5 threads=1
# Ended (code 0) at Mon Jan 28 18:44:54 EST 2019, elapsed time 5 seconds
