# lattice-scale --inv-acoustic-scale=7 "ark:gunzip -c /z/mkperez/PremanifestHD-classification/Data/Spont-Speech/set18/exp/mono_ali_clinician/decode/lat.*.gz|" ark:- | lattice-add-penalty --word-ins-penalty=0.0 ark:- ark:- | lattice-best-path --word-symbol-table=/z/mkperez/PremanifestHD-classification/Data/Spont-Speech/set18/exp/mono_ali_clinician/graph/words.txt ark:- ark,t:- | utils/int2sym.pl -f 2- /z/mkperez/PremanifestHD-classification/Data/Spont-Speech/set18/exp/mono_ali_clinician/graph/words.txt | local/wer_hyp_filter > /z/mkperez/PremanifestHD-classification/Data/Spont-Speech/set18/exp/mono_ali_clinician/decode/scoring_kaldi/penalty_0.0/7.txt 
# Started at Mon Jan 28 18:44:49 EST 2019
#
lattice-scale --inv-acoustic-scale=7 'ark:gunzip -c /z/mkperez/PremanifestHD-classification/Data/Spont-Speech/set18/exp/mono_ali_clinician/decode/lat.*.gz|' ark:- 
lattice-best-path --word-symbol-table=/z/mkperez/PremanifestHD-classification/Data/Spont-Speech/set18/exp/mono_ali_clinician/graph/words.txt ark:- ark,t:- 
lattice-add-penalty --word-ins-penalty=0.0 ark:- ark:- 
LOG (lattice-best-path[5.0.23~1-f7b2f]:main():lattice-best-path.cc:99) For utterance PARTICPANT84596-001, best cost 35.7487 + 2431.33 = 2467.08 over 178 frames.
PARTICPANT84596-001 YEAH SAID AND IN 
LOG (lattice-best-path[5.0.23~1-f7b2f]:main():lattice-best-path.cc:99) For utterance PARTICPANT84596-003, best cost 12.0982 + 752.964 = 765.062 over 58 frames.
PARTICPANT84596-003 WHAT 
LOG (lattice-best-path[5.0.23~1-f7b2f]:main():lattice-best-path.cc:99) For utterance PARTICPANT84596-005, best cost 31.1063 + 2061.55 = 2092.66 over 148 frames.
PARTICPANT84596-005 TO DELTA WEEKEND 
LOG (lattice-best-path[5.0.23~1-f7b2f]:main():lattice-best-path.cc:99) For utterance PARTICPANT84596-007, best cost 17.5214 + 863.323 = 880.844 over 68 frames.
PARTICPANT84596-007 IT TO 
LOG (lattice-best-path[5.0.23~1-f7b2f]:main():lattice-best-path.cc:99) For utterance PARTICPANT84596-009, best cost 23.4764 + 1634.17 = 1657.65 over 128 frames.
PARTICPANT84596-009 ONLY YEAH 
LOG (lattice-best-path[5.0.23~1-f7b2f]:main():lattice-best-path.cc:99) For utterance PARTICPANT84596-011, best cost 13.2656 + 887.924 = 901.19 over 68 frames.
PARTICPANT84596-011 OR 
LOG (lattice-best-path[5.0.23~1-f7b2f]:main():lattice-best-path.cc:99) For utterance PARTICPANT84596-013, best cost 43.187 + 3650.15 = 3693.34 over 278 frames.
PARTICPANT84596-013 ALL IT METAL IN 
LOG (lattice-best-path[5.0.23~1-f7b2f]:main():lattice-best-path.cc:99) For utterance PARTICPANT84596-015, best cost 13.6363 + 505.099 = 518.735 over 38 frames.
PARTICPANT84596-015 I THE 
LOG (lattice-best-path[5.0.23~1-f7b2f]:main():lattice-best-path.cc:99) For utterance PARTICPANT84596-017, best cost 70.0917 + 4460.94 = 4531.03 over 348 frames.
PARTICPANT84596-017 DAY YEAH ARE IT'S TO YES AND I CAN 
LOG (lattice-best-path[5.0.23~1-f7b2f]:main():lattice-best-path.cc:99) For utterance PARTICPANT84596-019, best cost 137.919 + 8668.88 = 8806.8 over 648 frames.
PARTICPANT84596-019 YET I LOT ORLANDO ALL THE THAT ALWAYS LITTLE THEN THAT MORE ON ME WAS 
LOG (lattice-best-path[5.0.23~1-f7b2f]:main():lattice-best-path.cc:99) For utterance PARTICPANT84596-021, best cost 21.6221 + 1509.22 = 1530.84 over 108 frames.
PARTICPANT84596-021 GET AND 
LOG (lattice-best-path[5.0.23~1-f7b2f]:main():lattice-best-path.cc:99) For utterance PARTICPANT84596-023, best cost 189.749 + 13817.1 = 14006.9 over 1058 frames.
PARTICPANT84596-023 OH YOUR REALLY WE'RE HOLIDAY NOT FIRST ALCOHOL DNA DOESN'T THAT'S YEAH FOR YEAH ALRIGHT ON AND ON IT'S OKAY 
LOG (lattice-best-path[5.0.23~1-f7b2f]:main():lattice-best-path.cc:99) For utterance PARTICPANT84596-025, best cost 23.8777 + 1430.75 = 1454.63 over 110 frames.
PARTICPANT84596-025 YET NICE 
LOG (lattice-best-path[5.0.23~1-f7b2f]:main():lattice-best-path.cc:99) For utterance PARTICPANT84596-027, best cost 23.4345 + 1494.84 = 1518.28 over 108 frames.
PARTICPANT84596-027 MILES IN 
LOG (lattice-best-path[5.0.23~1-f7b2f]:main():lattice-best-path.cc:99) For utterance PARTICPANT84596-030, best cost 47.2745 + 3843.86 = 3891.13 over 288 frames.
PARTICPANT84596-030 I ARE WAS AND DNA 
LOG (lattice-best-path[5.0.23~1-f7b2f]:main():lattice-best-path.cc:99) For utterance PARTICPANT84596-032, best cost 16.7078 + 1108.46 = 1125.17 over 88 frames.
PARTICPANT84596-032 YEAH A 
LOG (lattice-best-path[5.0.23~1-f7b2f]:main():lattice-best-path.cc:99) For utterance PARTICPANT84596-034, best cost 12.3014 + 663.003 = 675.305 over 48 frames.
PARTICPANT84596-034 WHEN 
LOG (lattice-best-path[5.0.23~1-f7b2f]:main():lattice-best-path.cc:99) For utterance PARTICPANT84596-036, best cost 31.9114 + 2806.38 = 2838.29 over 204 frames.
PARTICPANT84596-036 WAY PERSON 
LOG (lattice-best-path[5.0.23~1-f7b2f]:main():lattice-best-path.cc:99) For utterance PARTICPANT84596-038, best cost 63.4425 + 3919.21 = 3982.65 over 298 frames.
PARTICPANT84596-038 ARBOR THEY YEAH MAINTENANCE LOT WE'RE 
LOG (lattice-best-path[5.0.23~1-f7b2f]:main():lattice-best-path.cc:99) For utterance PARTICPANT84596-040, best cost 9.25321 + 219.59 = 228.843 over 18 frames.
PARTICPANT84596-040 OH 
LOG (lattice-best-path[5.0.23~1-f7b2f]:main():lattice-best-path.cc:99) For utterance PARTICPANT84596-042, best cost 60.3435 + 4071.19 = 4131.53 over 318 frames.
PARTICPANT84596-042 AT FACILITY ON BE PRETTY THAT'S 
LOG (lattice-best-path[5.0.23~1-f7b2f]:main():lattice-best-path.cc:99) For utterance PARTICPANT84596-044, best cost 16.1186 + 1151.2 = 1167.32 over 88 frames.
PARTICPANT84596-044 THE YEAH 
LOG (lattice-best-path[5.0.23~1-f7b2f]:main():lattice-best-path.cc:99) For utterance PARTICPANT84596-046, best cost 15.6521 + 877.548 = 893.2 over 68 frames.
PARTICPANT84596-046 AND A 
LOG (lattice-best-path[5.0.23~1-f7b2f]:main():lattice-best-path.cc:99) For utterance PARTICPANT84596-048, best cost 17.5273 + 835.695 = 853.223 over 64 frames.
PARTICPANT84596-048 THIS A 
LOG (lattice-best-path[5.0.23~1-f7b2f]:main():lattice-best-path.cc:99) For utterance PARTICPANT84596-050, best cost 26.3411 + 1957.13 = 1983.47 over 148 frames.
PARTICPANT84596-050 FLORIDA COURSE 
LOG (lattice-best-path[5.0.23~1-f7b2f]:main():lattice-best-path.cc:99) For utterance PARTICPANT84596-052, best cost 24.0821 + 1687.14 = 1711.22 over 128 frames.
PARTICPANT84596-052 A IN YEAH 
LOG (lattice-best-path[5.0.23~1-f7b2f]:main():lattice-best-path.cc:99) For utterance PARTICPANT84596-054, best cost 36.2511 + 2213.04 = 2249.29 over 168 frames.
PARTICPANT84596-054 YEAH AND I BEYOND 
LOG (lattice-best-path[5.0.23~1-f7b2f]:main():lattice-best-path.cc:99) For utterance PARTICPANT84596-056, best cost 116.08 + 9407.56 = 9523.64 over 718 frames.
PARTICPANT84596-056 AND ARE BE REALLY CREEK LIVES YEAH THEN ELEMENTARY PARTY VERY 
LOG (lattice-best-path[5.0.23~1-f7b2f]:main():lattice-best-path.cc:99) For utterance PARTICPANT84596-058, best cost 29.8132 + 1851.19 = 1881 over 138 frames.
PARTICPANT84596-058 BETWEEN THAT YEAH 
LOG (lattice-best-path[5.0.23~1-f7b2f]:main():lattice-best-path.cc:99) For utterance PARTICPANT84596-060, best cost 18.8823 + 1849.23 = 1868.12 over 148 frames.
PARTICPANT84596-060 SO OKAY 
LOG (lattice-best-path[5.0.23~1-f7b2f]:main():lattice-best-path.cc:99) For utterance PARTICPANT84596-062, best cost 135.85 + 10947.7 = 11083.5 over 808 frames.
PARTICPANT84596-062 IT I INTRODUCTIONS TO AND USE WHERE AND IS OKAY AND INSTRUMENTS TO DATA JUST 
LOG (lattice-best-path[5.0.23~1-f7b2f]:main():lattice-best-path.cc:99) For utterance PARTICPANT84596-065, best cost 12.2201 + 970.302 = 982.522 over 78 frames.
PARTICPANT84596-065 IN 
LOG (lattice-best-path[5.0.23~1-f7b2f]:main():lattice-best-path.cc:99) For utterance PARTICPANT84596-066, best cost 33.1155 + 2100.89 = 2134.01 over 168 frames.
PARTICPANT84596-066 AND AND DON'T BE 
LOG (lattice-best-path[5.0.23~1-f7b2f]:main():lattice-best-path.cc:99) For utterance PARTICPANT84596-068, best cost 25.7584 + 1847.94 = 1873.7 over 138 frames.
PARTICPANT84596-068 IT'S ERUPTED 
LOG (lattice-best-path[5.0.23~1-f7b2f]:main():lattice-best-path.cc:99) For utterance PARTICPANT84596-070, best cost 17.043 + 1066.79 = 1083.83 over 78 frames.
PARTICPANT84596-070 PERSON 
LOG (lattice-best-path[5.0.23~1-f7b2f]:main():lattice-best-path.cc:99) For utterance PARTICPANT84596-072, best cost 25.1791 + 1677.76 = 1702.94 over 128 frames.
PARTICPANT84596-072 NICE IDEA 
LOG (lattice-best-path[5.0.23~1-f7b2f]:main():lattice-best-path.cc:99) For utterance PARTICPANT84596-074, best cost 208.717 + 19557.3 = 19766 over 1538 frames.
PARTICPANT84596-074 THEN AND SEE JUST YEAH I ON I BE BETWEEN BETWEEN THE GOING YEAH AND ON AND I IN DID YEAH DO CREEK BE 
LOG (lattice-best-path[5.0.23~1-f7b2f]:main():lattice-best-path.cc:99) For utterance PARTICPANT84596-075, best cost 14.6239 + 635.882 = 650.506 over 48 frames.
PARTICPANT84596-075 TRIP 
LOG (lattice-best-path[5.0.23~1-f7b2f]:main():lattice-best-path.cc:99) For utterance PARTICPANT84596-079, best cost 15.781 + 1065.45 = 1081.24 over 78 frames.
PARTICPANT84596-079 YET 
LOG (lattice-best-path[5.0.23~1-f7b2f]:main():lattice-best-path.cc:99) For utterance PARTICPANT84596-081, best cost 123.71 + 10415.2 = 10538.9 over 798 frames.
PARTICPANT84596-081 IN DOLLARS ASK YEAH YEAH IDEA WEEKEND LITTLE TRIPS LIONS THAT YEAH 
LOG (lattice-best-path[5.0.23~1-f7b2f]:main():lattice-best-path.cc:99) For utterance PARTICPANT84596-083, best cost 45.7799 + 2551.84 = 2597.62 over 188 frames.
PARTICPANT84596-083 TO IT WEEKEND BEING CITY 
LOG (lattice-best-path[5.0.23~1-f7b2f]:main():lattice-best-path.cc:99) For utterance PARTICPANT84596-085, best cost 10.8252 + 714.26 = 725.086 over 58 frames.
PARTICPANT84596-085 YEAH 
LOG (lattice-best-path[5.0.23~1-f7b2f]:main():lattice-best-path.cc:99) For utterance PARTICPANT84596-087, best cost 24.221 + 1455.62 = 1479.84 over 108 frames.
PARTICPANT84596-087 ARE EXCITED 
LOG (lattice-best-path[5.0.23~1-f7b2f]:main():lattice-best-path.cc:99) For utterance PARTICPANT84596-090, best cost 22.7927 + 1727.22 = 1750.01 over 128 frames.
PARTICPANT84596-090 ISH YEAH 
LOG (lattice-scale[5.0.23~1-f7b2f]:main():lattice-scale.cc:90) Done 46 lattices.
LOG (lattice-best-path[5.0.23~1-f7b2f]:main():lattice-best-path.cc:99) For utterance PARTICPANT84596-092, best cost 57.1702 + 4952.83 = 5010 over 373 frames.
PARTICPANT84596-092 INTERESTING THAT IT AND TO NICE 
LOG (lattice-add-penalty[5.0.23~1-f7b2f]:main():lattice-add-penalty.cc:62) Done adding word insertion penalty to 46 lattices.
LOG (lattice-best-path[5.0.23~1-f7b2f]:main():lattice-best-path.cc:99) For utterance PARTICPANT84596-095, best cost 16.4598 + 632.912 = 649.372 over 48 frames.
PARTICPANT84596-095 YEAH YOU 
LOG (lattice-best-path[5.0.23~1-f7b2f]:main():lattice-best-path.cc:124) Overall cost per frame is 13.3132 = 0.180118 [graph] + 13.1331 [acoustic] over 11037 frames.
LOG (lattice-best-path[5.0.23~1-f7b2f]:main():lattice-best-path.cc:128) Done 46 lattices, failed for 0
# Accounting: time=5 threads=1
# Ended (code 0) at Mon Jan 28 18:44:54 EST 2019, elapsed time 5 seconds
