# lattice-scale --inv-acoustic-scale=7 "ark:gunzip -c /z/mkperez/PremanifestHD-classification/Data/Spont-Speech/set3/exp/mono_ali_clinician/decode/lat.*.gz|" ark:- | lattice-add-penalty --word-ins-penalty=0.5 ark:- ark:- | lattice-best-path --word-symbol-table=/z/mkperez/PremanifestHD-classification/Data/Spont-Speech/set3/exp/mono_ali_clinician/graph/words.txt ark:- ark,t:- | utils/int2sym.pl -f 2- /z/mkperez/PremanifestHD-classification/Data/Spont-Speech/set3/exp/mono_ali_clinician/graph/words.txt | local/wer_hyp_filter > /z/mkperez/PremanifestHD-classification/Data/Spont-Speech/set3/exp/mono_ali_clinician/decode/scoring_kaldi/penalty_0.5/7.txt 
# Started at Mon Jan 28 18:50:05 EST 2019
#
lattice-add-penalty --word-ins-penalty=0.5 ark:- ark:- 
lattice-scale --inv-acoustic-scale=7 'ark:gunzip -c /z/mkperez/PremanifestHD-classification/Data/Spont-Speech/set3/exp/mono_ali_clinician/decode/lat.*.gz|' ark:- 
lattice-best-path --word-symbol-table=/z/mkperez/PremanifestHD-classification/Data/Spont-Speech/set3/exp/mono_ali_clinician/graph/words.txt ark:- ark,t:- 
LOG (lattice-best-path[5.0.23~1-f7b2f]:main():lattice-best-path.cc:99) For utterance PARTCIPANT82975-001, best cost 43.5628 + 2431.06 = 2474.62 over 188 frames.
PARTCIPANT82975-001 WHAT I FIREWORKS GREAT 
LOG (lattice-best-path[5.0.23~1-f7b2f]:main():lattice-best-path.cc:99) For utterance PARTCIPANT82975-003, best cost 33.9047 + 1545.72 = 1579.62 over 118 frames.
PARTCIPANT82975-003 AM DIFFERENCES I 
LOG (lattice-best-path[5.0.23~1-f7b2f]:main():lattice-best-path.cc:99) For utterance PARTCIPANT82975-005, best cost 31.7106 + 1696.57 = 1728.28 over 128 frames.
PARTCIPANT82975-005 I YEAH OBSERVING 
LOG (lattice-best-path[5.0.23~1-f7b2f]:main():lattice-best-path.cc:99) For utterance PARTCIPANT82975-007, best cost 78.3078 + 4018.88 = 4097.18 over 308 frames.
PARTCIPANT82975-007 I WE YA'LL I'VE THAT I'M VISITED YES 
LOG (lattice-best-path[5.0.23~1-f7b2f]:main():lattice-best-path.cc:99) For utterance PARTCIPANT82975-009, best cost 44.523 + 2551.95 = 2596.47 over 198 frames.
PARTCIPANT82975-009 TO ANY DEFINITELY MONDAY 
LOG (lattice-best-path[5.0.23~1-f7b2f]:main():lattice-best-path.cc:99) For utterance PARTCIPANT82975-011, best cost 25.7348 + 1337.79 = 1363.52 over 98 frames.
PARTCIPANT82975-011 MORE WEEKEND 
LOG (lattice-best-path[5.0.23~1-f7b2f]:main():lattice-best-path.cc:99) For utterance PARTCIPANT82975-013, best cost 32.2381 + 2133.24 = 2165.48 over 158 frames.
PARTCIPANT82975-013 AND A WINTERS 
LOG (lattice-best-path[5.0.23~1-f7b2f]:main():lattice-best-path.cc:99) For utterance PARTCIPANT82975-015, best cost 12.9579 + 574.224 = 587.181 over 38 frames.
PARTCIPANT82975-015 THIS 
LOG (lattice-best-path[5.0.23~1-f7b2f]:main():lattice-best-path.cc:99) For utterance PARTCIPANT82975-017, best cost 21.5378 + 945.188 = 966.725 over 68 frames.
PARTCIPANT82975-017 THERE WELL 
LOG (lattice-scale[5.0.23~1-f7b2f]:main():lattice-scale.cc:90) Done 11 lattices.
LOG (lattice-add-penalty[5.0.23~1-f7b2f]:main():lattice-add-penalty.cc:62) Done adding word insertion penalty to 11 lattices.
LOG (lattice-best-path[5.0.23~1-f7b2f]:main():lattice-best-path.cc:99) For utterance PARTCIPANT82975-019, best cost 32.7035 + 1920.35 = 1953.05 over 128 frames.
PARTCIPANT82975-019 YOU IT TO IT 
LOG (lattice-best-path[5.0.23~1-f7b2f]:main():lattice-best-path.cc:99) For utterance PARTCIPANT82975-021, best cost 10.1688 + 404.259 = 414.428 over 28 frames.
PARTCIPANT82975-021 THE 
LOG (lattice-best-path[5.0.23~1-f7b2f]:main():lattice-best-path.cc:124) Overall cost per frame is 13.6671 = 0.251955 [graph] + 13.4151 [acoustic] over 1458 frames.
LOG (lattice-best-path[5.0.23~1-f7b2f]:main():lattice-best-path.cc:128) Done 11 lattices, failed for 0
# Accounting: time=1 threads=1
# Ended (code 0) at Mon Jan 28 18:50:06 EST 2019, elapsed time 1 seconds
