# lattice-scale --inv-acoustic-scale=16 "ark:gunzip -c /z/mkperez/PremanifestHD-classification/Data/Spont-Speech/set3/exp/mono_ali_clinician/decode/lat.*.gz|" ark:- | lattice-add-penalty --word-ins-penalty=0.5 ark:- ark:- | lattice-best-path --word-symbol-table=/z/mkperez/PremanifestHD-classification/Data/Spont-Speech/set3/exp/mono_ali_clinician/graph/words.txt ark:- ark,t:- | utils/int2sym.pl -f 2- /z/mkperez/PremanifestHD-classification/Data/Spont-Speech/set3/exp/mono_ali_clinician/graph/words.txt | local/wer_hyp_filter > /z/mkperez/PremanifestHD-classification/Data/Spont-Speech/set3/exp/mono_ali_clinician/decode/scoring_kaldi/penalty_0.5/16.txt 
# Started at Mon Jan 28 18:50:05 EST 2019
#
lattice-best-path --word-symbol-table=/z/mkperez/PremanifestHD-classification/Data/Spont-Speech/set3/exp/mono_ali_clinician/graph/words.txt ark:- ark,t:- 
lattice-scale --inv-acoustic-scale=16 'ark:gunzip -c /z/mkperez/PremanifestHD-classification/Data/Spont-Speech/set3/exp/mono_ali_clinician/decode/lat.*.gz|' ark:- 
lattice-add-penalty --word-ins-penalty=0.5 ark:- ark:- 
LOG (lattice-best-path[5.0.23~1-f7b2f]:main():lattice-best-path.cc:99) For utterance PARTCIPANT82975-001, best cost 28.9518 + 1073.81 = 1102.76 over 188 frames.
PARTCIPANT82975-001 WEEKEND PERFECT 
LOG (lattice-best-path[5.0.23~1-f7b2f]:main():lattice-best-path.cc:99) For utterance PARTCIPANT82975-003, best cost 18.8242 + 686.495 = 705.319 over 118 frames.
PARTCIPANT82975-003 AND AND 
LOG (lattice-best-path[5.0.23~1-f7b2f]:main():lattice-best-path.cc:99) For utterance PARTCIPANT82975-005, best cost 22.4238 + 749.44 = 771.864 over 128 frames.
PARTCIPANT82975-005 YEAH DID 
LOG (lattice-best-path[5.0.23~1-f7b2f]:main():lattice-best-path.cc:99) For utterance PARTCIPANT82975-007, best cost 55.6012 + 1772.8 = 1828.4 over 308 frames.
PARTCIPANT82975-007 WEEKEND I'M THAT UNDERSTANDING YES 
LOG (lattice-best-path[5.0.23~1-f7b2f]:main():lattice-best-path.cc:99) For utterance PARTCIPANT82975-009, best cost 29.8027 + 1129.29 = 1159.09 over 198 frames.
PARTCIPANT82975-009 TO ANTIDEPRESSANTS 
LOG (lattice-best-path[5.0.23~1-f7b2f]:main():lattice-best-path.cc:99) For utterance PARTCIPANT82975-011, best cost 22.8425 + 587.352 = 610.195 over 98 frames.
PARTCIPANT82975-011 WAS WEEKEND 
LOG (lattice-best-path[5.0.23~1-f7b2f]:main():lattice-best-path.cc:99) For utterance PARTCIPANT82975-013, best cost 27.8622 + 935.788 = 963.65 over 158 frames.
PARTCIPANT82975-013 NICE WINTERS 
LOG (lattice-best-path[5.0.23~1-f7b2f]:main():lattice-best-path.cc:99) For utterance PARTCIPANT82975-015, best cost 12.9579 + 251.223 = 264.181 over 38 frames.
PARTCIPANT82975-015 THIS 
LOG (lattice-best-path[5.0.23~1-f7b2f]:main():lattice-best-path.cc:99) For utterance PARTCIPANT82975-017, best cost 14.1417 + 417.803 = 431.944 over 68 frames.
PARTCIPANT82975-017 WELL 
LOG (lattice-scale[5.0.23~1-f7b2f]:main():lattice-scale.cc:90) Done 11 lattices.
LOG (lattice-add-penalty[5.0.23~1-f7b2f]:main():lattice-add-penalty.cc:62) Done adding word insertion penalty to 11 lattices.
LOG (lattice-best-path[5.0.23~1-f7b2f]:main():lattice-best-path.cc:99) For utterance PARTCIPANT82975-019, best cost 18.3826 + 850.028 = 868.41 over 128 frames.
PARTCIPANT82975-019 EXCITING 
LOG (lattice-best-path[5.0.23~1-f7b2f]:main():lattice-best-path.cc:99) For utterance PARTCIPANT82975-021, best cost 10.1688 + 176.864 = 187.032 over 28 frames.
PARTCIPANT82975-021 THE 
LOG (lattice-best-path[5.0.23~1-f7b2f]:main():lattice-best-path.cc:124) Overall cost per frame is 6.09935 = 0.17967 [graph] + 5.91968 [acoustic] over 1458 frames.
LOG (lattice-best-path[5.0.23~1-f7b2f]:main():lattice-best-path.cc:128) Done 11 lattices, failed for 0
# Accounting: time=1 threads=1
# Ended (code 0) at Mon Jan 28 18:50:06 EST 2019, elapsed time 1 seconds
