# lattice-scale --inv-acoustic-scale=17 "ark:gunzip -c /z/mkperez/PremanifestHD-classification/Data/Spont-Speech/set3/exp/mono_ali_clinician/decode/lat.*.gz|" ark:- | lattice-add-penalty --word-ins-penalty=0.5 ark:- ark:- | lattice-best-path --word-symbol-table=/z/mkperez/PremanifestHD-classification/Data/Spont-Speech/set3/exp/mono_ali_clinician/graph/words.txt ark:- ark,t:- | utils/int2sym.pl -f 2- /z/mkperez/PremanifestHD-classification/Data/Spont-Speech/set3/exp/mono_ali_clinician/graph/words.txt | local/wer_hyp_filter > /z/mkperez/PremanifestHD-classification/Data/Spont-Speech/set3/exp/mono_ali_clinician/decode/scoring_kaldi/penalty_0.5/17.txt 
# Started at Mon Jan 28 18:50:05 EST 2019
#
lattice-add-penalty --word-ins-penalty=0.5 ark:- ark:- 
lattice-scale --inv-acoustic-scale=17 'ark:gunzip -c /z/mkperez/PremanifestHD-classification/Data/Spont-Speech/set3/exp/mono_ali_clinician/decode/lat.*.gz|' ark:- 
lattice-best-path --word-symbol-table=/z/mkperez/PremanifestHD-classification/Data/Spont-Speech/set3/exp/mono_ali_clinician/graph/words.txt ark:- ark,t:- 
LOG (lattice-best-path[5.0.23~1-f7b2f]:main():lattice-best-path.cc:99) For utterance PARTCIPANT82975-001, best cost 28.9518 + 1010.65 = 1039.6 over 188 frames.
PARTCIPANT82975-001 WEEKEND PERFECT 
LOG (lattice-best-path[5.0.23~1-f7b2f]:main():lattice-best-path.cc:99) For utterance PARTCIPANT82975-003, best cost 18.8242 + 646.113 = 664.937 over 118 frames.
PARTCIPANT82975-003 AND AND 
LOG (lattice-best-path[5.0.23~1-f7b2f]:main():lattice-best-path.cc:99) For utterance PARTCIPANT82975-005, best cost 22.4238 + 705.355 = 727.779 over 128 frames.
PARTCIPANT82975-005 YEAH DID 
LOG (lattice-best-path[5.0.23~1-f7b2f]:main():lattice-best-path.cc:99) For utterance PARTCIPANT82975-007, best cost 55.6012 + 1668.52 = 1724.12 over 308 frames.
PARTCIPANT82975-007 WEEKEND I'M THAT UNDERSTANDING YES 
LOG (lattice-best-path[5.0.23~1-f7b2f]:main():lattice-best-path.cc:99) For utterance PARTCIPANT82975-009, best cost 29.8027 + 1062.86 = 1092.66 over 198 frames.
PARTCIPANT82975-009 TO ANTIDEPRESSANTS 
LOG (lattice-best-path[5.0.23~1-f7b2f]:main():lattice-best-path.cc:99) For utterance PARTCIPANT82975-011, best cost 22.8425 + 552.802 = 575.645 over 98 frames.
PARTCIPANT82975-011 WAS WEEKEND 
LOG (lattice-best-path[5.0.23~1-f7b2f]:main():lattice-best-path.cc:99) For utterance PARTCIPANT82975-013, best cost 27.8622 + 880.742 = 908.604 over 158 frames.
PARTCIPANT82975-013 NICE WINTERS 
LOG (lattice-best-path[5.0.23~1-f7b2f]:main():lattice-best-path.cc:99) For utterance PARTCIPANT82975-015, best cost 12.9579 + 236.445 = 249.403 over 38 frames.
PARTCIPANT82975-015 THIS 
LOG (lattice-best-path[5.0.23~1-f7b2f]:main():lattice-best-path.cc:99) For utterance PARTCIPANT82975-017, best cost 14.1417 + 393.226 = 407.368 over 68 frames.
PARTCIPANT82975-017 WELL 
LOG (lattice-scale[5.0.23~1-f7b2f]:main():lattice-scale.cc:90) Done 11 lattices.
LOG (lattice-add-penalty[5.0.23~1-f7b2f]:main():lattice-add-penalty.cc:62) Done adding word insertion penalty to 11 lattices.
LOG (lattice-best-path[5.0.23~1-f7b2f]:main():lattice-best-path.cc:99) For utterance PARTCIPANT82975-019, best cost 18.3826 + 800.026 = 818.409 over 128 frames.
PARTCIPANT82975-019 EXCITING 
LOG (lattice-best-path[5.0.23~1-f7b2f]:main():lattice-best-path.cc:99) For utterance PARTCIPANT82975-021, best cost 10.1688 + 166.46 = 176.629 over 28 frames.
PARTCIPANT82975-021 THE 
LOG (lattice-best-path[5.0.23~1-f7b2f]:main():lattice-best-path.cc:124) Overall cost per frame is 5.75113 = 0.17967 [graph] + 5.57146 [acoustic] over 1458 frames.
LOG (lattice-best-path[5.0.23~1-f7b2f]:main():lattice-best-path.cc:128) Done 11 lattices, failed for 0
# Accounting: time=1 threads=1
# Ended (code 0) at Mon Jan 28 18:50:06 EST 2019, elapsed time 1 seconds
