# lattice-scale --inv-acoustic-scale=8 "ark:gunzip -c /z/mkperez/PremanifestHD-classification/Data/Spont-Speech/set19/exp/mono_ali_clinician/decode/lat.*.gz|" ark:- | lattice-add-penalty --word-ins-penalty=1.0 ark:- ark:- | lattice-best-path --word-symbol-table=/z/mkperez/PremanifestHD-classification/Data/Spont-Speech/set19/exp/mono_ali_clinician/graph/words.txt ark:- ark,t:- | utils/int2sym.pl -f 2- /z/mkperez/PremanifestHD-classification/Data/Spont-Speech/set19/exp/mono_ali_clinician/graph/words.txt | local/wer_hyp_filter > /z/mkperez/PremanifestHD-classification/Data/Spont-Speech/set19/exp/mono_ali_clinician/decode/scoring_kaldi/penalty_1.0/8.txt 
# Started at Mon Jan 28 18:47:18 EST 2019
#
lattice-add-penalty --word-ins-penalty=1.0 ark:- ark:- 
lattice-best-path --word-symbol-table=/z/mkperez/PremanifestHD-classification/Data/Spont-Speech/set19/exp/mono_ali_clinician/graph/words.txt ark:- ark,t:- 
lattice-scale --inv-acoustic-scale=8 'ark:gunzip -c /z/mkperez/PremanifestHD-classification/Data/Spont-Speech/set19/exp/mono_ali_clinician/decode/lat.*.gz|' ark:- 
LOG (lattice-best-path[5.0.23~1-f7b2f]:main():lattice-best-path.cc:99) For utterance PARTICIPANT71834-001, best cost 285.958 + 21546.9 = 21832.8 over 1878 frames.
PARTICIPANT71834-001 FOR PRETTY AND REASON SIGNIFICANT THE WHERE WAS WE IT THEY KNOW FRIENDS LATER SO THAT AND WE DEFINITELY CROPPING I BECAUSE I ONE WHEN 
LOG (lattice-best-path[5.0.23~1-f7b2f]:main():lattice-best-path.cc:99) For utterance PARTICIPANT71834-003, best cost 159.417 + 9314.87 = 9474.28 over 778 frames.
PARTICIPANT71834-003 AND WE MONEY ANYWAY BACK WEEKEND TO TO SO SO OF WERE SO AWAY THINK WHATEVER 
LOG (lattice-best-path[5.0.23~1-f7b2f]:main():lattice-best-path.cc:99) For utterance PARTICIPANT71834-004, best cost 297.733 + 19271.5 = 19569.2 over 1628 frames.
PARTICIPANT71834-004 HALLOWEEN STILL BEGIN AGO INTRODUCTIONS WE'RE IT'S THAT REASON IDEA BEFORE LITTLE WHAT SIGNIFICANT CAUSE SEE IS GETTING BEING FORTY DIDN'T RECORDING THAT 
LOG (lattice-best-path[5.0.23~1-f7b2f]:main():lattice-best-path.cc:99) For utterance PARTICIPANT71834-006, best cost 20.7314 + 829.143 = 849.874 over 68 frames.
PARTICIPANT71834-006 BUT WEEKEND 
LOG (lattice-best-path[5.0.23~1-f7b2f]:main():lattice-best-path.cc:99) For utterance PARTICIPANT71834-008, best cost 29.4451 + 1720.63 = 1750.08 over 148 frames.
PARTICIPANT71834-008 SOMEONE FOR 
LOG (lattice-best-path[5.0.23~1-f7b2f]:main():lattice-best-path.cc:99) For utterance PARTICIPANT71834-010, best cost 20.1089 + 1118.83 = 1138.94 over 98 frames.
PARTICIPANT71834-010 ON THAT'S 
LOG (lattice-best-path[5.0.23~1-f7b2f]:main():lattice-best-path.cc:99) For utterance PARTICIPANT71834-012, best cost 82.2229 + 4942.71 = 5024.94 over 398 frames.
PARTICIPANT71834-012 YEAH THE OUT SIGNIFICANT QUESTIONS WAS STUFF 
LOG (lattice-scale[5.0.23~1-f7b2f]:main():lattice-scale.cc:90) Done 11 lattices.
LOG (lattice-best-path[5.0.23~1-f7b2f]:main():lattice-best-path.cc:99) For utterance PARTICIPANT71834-014, best cost 24.425 + 1048.82 = 1073.24 over 88 frames.
PARTICIPANT71834-014 ARE CAUSES 
LOG (lattice-best-path[5.0.23~1-f7b2f]:main():lattice-best-path.cc:99) For utterance PARTICIPANT71834-016, best cost 16.8109 + 1301.02 = 1317.83 over 108 frames.
PARTICIPANT71834-016 AS 
LOG (lattice-best-path[5.0.23~1-f7b2f]:main():lattice-best-path.cc:99) For utterance PARTICIPANT71834-018, best cost 12.8698 + 756.549 = 769.419 over 58 frames.
PARTICIPANT71834-018 THAT 
LOG (lattice-add-penalty[5.0.23~1-f7b2f]:main():lattice-add-penalty.cc:62) Done adding word insertion penalty to 11 lattices.
LOG (lattice-best-path[5.0.23~1-f7b2f]:main():lattice-best-path.cc:99) For utterance PARTICIPANT71834-020, best cost 23.3887 + 1418.1 = 1441.48 over 118 frames.
PARTICIPANT71834-020 ALSO SO 
LOG (lattice-best-path[5.0.23~1-f7b2f]:main():lattice-best-path.cc:124) Overall cost per frame is 11.9676 = 0.18128 [graph] + 11.7863 [acoustic] over 5368 frames.
LOG (lattice-best-path[5.0.23~1-f7b2f]:main():lattice-best-path.cc:128) Done 11 lattices, failed for 0
# Accounting: time=1 threads=1
# Ended (code 0) at Mon Jan 28 18:47:19 EST 2019, elapsed time 1 seconds
