# lattice-scale --inv-acoustic-scale=9 "ark:gunzip -c /z/mkperez/PremanifestHD-classification/Data/Spont-Speech/set4/exp/mono_ali_clinician/decode/lat.*.gz|" ark:- | lattice-add-penalty --word-ins-penalty=0.0 ark:- ark:- | lattice-best-path --word-symbol-table=/z/mkperez/PremanifestHD-classification/Data/Spont-Speech/set4/exp/mono_ali_clinician/graph/words.txt ark:- ark,t:- | utils/int2sym.pl -f 2- /z/mkperez/PremanifestHD-classification/Data/Spont-Speech/set4/exp/mono_ali_clinician/graph/words.txt | local/wer_hyp_filter > /z/mkperez/PremanifestHD-classification/Data/Spont-Speech/set4/exp/mono_ali_clinician/decode/scoring_kaldi/penalty_0.0/9.txt 
# Started at Mon Jan 28 18:51:59 EST 2019
#
lattice-scale --inv-acoustic-scale=9 'ark:gunzip -c /z/mkperez/PremanifestHD-classification/Data/Spont-Speech/set4/exp/mono_ali_clinician/decode/lat.*.gz|' ark:- 
lattice-add-penalty --word-ins-penalty=0.0 ark:- ark:- 
lattice-best-path --word-symbol-table=/z/mkperez/PremanifestHD-classification/Data/Spont-Speech/set4/exp/mono_ali_clinician/graph/words.txt ark:- ark,t:- 
LOG (lattice-best-path[5.0.23~1-f7b2f]:main():lattice-best-path.cc:99) For utterance PARTICIPANT52053-001, best cost 37.3699 + 2238.7 = 2276.07 over 213 frames.
PARTICIPANT52053-001 WILL ONE THE YOU 
LOG (lattice-best-path[5.0.23~1-f7b2f]:main():lattice-best-path.cc:99) For utterance PARTICIPANT52053-003, best cost 28.9649 + 1376.12 = 1405.09 over 128 frames.
PARTICIPANT52053-003 YES I FROM 
LOG (lattice-best-path[5.0.23~1-f7b2f]:main():lattice-best-path.cc:99) For utterance PARTICIPANT52053-005, best cost 28.3924 + 1144.69 = 1173.08 over 106 frames.
PARTICIPANT52053-005 TREATMENT CANADA 
LOG (lattice-best-path[5.0.23~1-f7b2f]:main():lattice-best-path.cc:99) For utterance PARTICIPANT52053-007, best cost 17.0623 + 920.176 = 937.239 over 88 frames.
PARTICIPANT52053-007 AND SO 
LOG (lattice-best-path[5.0.23~1-f7b2f]:main():lattice-best-path.cc:99) For utterance PARTICIPANT52053-009, best cost 62.432 + 3572.05 = 3634.48 over 338 frames.
PARTICIPANT52053-009 KNOW WAS WAS FROM WE'LL FIND 
LOG (lattice-best-path[5.0.23~1-f7b2f]:main():lattice-best-path.cc:99) For utterance PARTICIPANT52053-011, best cost 96.8 + 6424.56 = 6521.35 over 608 frames.
PARTICIPANT52053-011 AND CLINICAL THE I I THAT LAST AND COMMUNITY FORTY 
LOG (lattice-best-path[5.0.23~1-f7b2f]:main():lattice-best-path.cc:99) For utterance PARTICIPANT52053-013, best cost 57.2188 + 3065.57 = 3122.79 over 298 frames.
PARTICIPANT52053-013 THE LIKE SUNDAY THEN TO THE A 
LOG (lattice-best-path[5.0.23~1-f7b2f]:main():lattice-best-path.cc:99) For utterance PARTICIPANT52053-015, best cost 13.0266 + 697.364 = 710.391 over 68 frames.
PARTICIPANT52053-015 YOUR 
LOG (lattice-best-path[5.0.23~1-f7b2f]:main():lattice-best-path.cc:99) For utterance PARTICIPANT52053-017, best cost 12.2413 + 714.575 = 726.816 over 68 frames.
PARTICIPANT52053-017 ARE 
LOG (lattice-best-path[5.0.23~1-f7b2f]:main():lattice-best-path.cc:99) For utterance PARTICIPANT52053-019, best cost 53.656 + 3131.07 = 3184.73 over 288 frames.
PARTICIPANT52053-019 TO MAINTENANCE WE TO MCKENZIE 
LOG (lattice-best-path[5.0.23~1-f7b2f]:main():lattice-best-path.cc:99) For utterance PARTICIPANT52053-021, best cost 9.66082 + 368.669 = 378.33 over 33 frames.
PARTICIPANT52053-021 THE 
LOG (lattice-scale[5.0.23~1-f7b2f]:main():lattice-scale.cc:90) Done 15 lattices.
LOG (lattice-best-path[5.0.23~1-f7b2f]:main():lattice-best-path.cc:99) For utterance PARTICIPANT52053-023, best cost 46.2035 + 2326.43 = 2372.64 over 218 frames.
PARTICIPANT52053-023 WHEN OKAY NICE NICE OKAY 
LOG (lattice-best-path[5.0.23~1-f7b2f]:main():lattice-best-path.cc:99) For utterance PARTICIPANT52053-025, best cost 11.9694 + 590.817 = 602.787 over 58 frames.
PARTICIPANT52053-025 YEAH 
LOG (lattice-best-path[5.0.23~1-f7b2f]:main():lattice-best-path.cc:99) For utterance PARTICIPANT52053-027, best cost 8.9318 + 277.796 = 286.728 over 28 frames.
PARTICIPANT52053-027 YOU 
LOG (lattice-add-penalty[5.0.23~1-f7b2f]:main():lattice-add-penalty.cc:62) Done adding word insertion penalty to 15 lattices.
LOG (lattice-best-path[5.0.23~1-f7b2f]:main():lattice-best-path.cc:99) For utterance PARTICIPANT52053-029, best cost 122.542 + 8421.53 = 8544.07 over 778 frames.
PARTICIPANT52053-029 YES IT EXCITING TECHNICALLY ANALYZE YA'LL YES SHOWS FIREWORKS THERE 
LOG (lattice-best-path[5.0.23~1-f7b2f]:main():lattice-best-path.cc:124) Overall cost per frame is 10.8127 = 0.182782 [graph] + 10.6299 [acoustic] over 3318 frames.
LOG (lattice-best-path[5.0.23~1-f7b2f]:main():lattice-best-path.cc:128) Done 15 lattices, failed for 0
# Accounting: time=2 threads=1
# Ended (code 0) at Mon Jan 28 18:52:01 EST 2019, elapsed time 2 seconds
