# lattice-scale --inv-acoustic-scale=10 "ark:gunzip -c /z/mkperez/PremanifestHD-classification/Data/Spont-Speech/set4/exp/mono_ali_clinician/decode/lat.*.gz|" ark:- | lattice-add-penalty --word-ins-penalty=0.0 ark:- ark:- | lattice-best-path --word-symbol-table=/z/mkperez/PremanifestHD-classification/Data/Spont-Speech/set4/exp/mono_ali_clinician/graph/words.txt ark:- ark,t:- | utils/int2sym.pl -f 2- /z/mkperez/PremanifestHD-classification/Data/Spont-Speech/set4/exp/mono_ali_clinician/graph/words.txt | local/wer_hyp_filter > /z/mkperez/PremanifestHD-classification/Data/Spont-Speech/set4/exp/mono_ali_clinician/decode/scoring_kaldi/penalty_0.0/10.txt 
# Started at Mon Jan 28 18:51:59 EST 2019
#
lattice-add-penalty --word-ins-penalty=0.0 ark:- ark:- 
lattice-scale --inv-acoustic-scale=10 'ark:gunzip -c /z/mkperez/PremanifestHD-classification/Data/Spont-Speech/set4/exp/mono_ali_clinician/decode/lat.*.gz|' ark:- 
lattice-best-path --word-symbol-table=/z/mkperez/PremanifestHD-classification/Data/Spont-Speech/set4/exp/mono_ali_clinician/graph/words.txt ark:- ark,t:- 
LOG (lattice-best-path[5.0.23~1-f7b2f]:main():lattice-best-path.cc:99) For utterance PARTICIPANT52053-001, best cost 30.59 + 2021.02 = 2051.61 over 213 frames.
PARTICIPANT52053-001 WILL AND YOU 
LOG (lattice-best-path[5.0.23~1-f7b2f]:main():lattice-best-path.cc:99) For utterance PARTICIPANT52053-003, best cost 26.9746 + 1240.47 = 1267.45 over 128 frames.
PARTICIPANT52053-003 YES DIFFERENCE 
LOG (lattice-best-path[5.0.23~1-f7b2f]:main():lattice-best-path.cc:99) For utterance PARTICIPANT52053-005, best cost 28.3924 + 1030.22 = 1058.61 over 106 frames.
PARTICIPANT52053-005 TREATMENT CANADA 
LOG (lattice-best-path[5.0.23~1-f7b2f]:main():lattice-best-path.cc:99) For utterance PARTICIPANT52053-007, best cost 17.0623 + 828.159 = 845.221 over 88 frames.
PARTICIPANT52053-007 AND SO 
LOG (lattice-best-path[5.0.23~1-f7b2f]:main():lattice-best-path.cc:99) For utterance PARTICIPANT52053-009, best cost 62.432 + 3214.84 = 3277.27 over 338 frames.
PARTICIPANT52053-009 KNOW WAS WAS FROM WE'LL FIND 
LOG (lattice-best-path[5.0.23~1-f7b2f]:main():lattice-best-path.cc:99) For utterance PARTICIPANT52053-011, best cost 96.8 + 5782.1 = 5878.9 over 608 frames.
PARTICIPANT52053-011 AND CLINICAL THE I I THAT LAST AND COMMUNITY FORTY 
LOG (lattice-best-path[5.0.23~1-f7b2f]:main():lattice-best-path.cc:99) For utterance PARTICIPANT52053-013, best cost 57.2188 + 2759.01 = 2816.23 over 298 frames.
PARTICIPANT52053-013 THE LIKE SUNDAY THEN TO THE A 
LOG (lattice-best-path[5.0.23~1-f7b2f]:main():lattice-best-path.cc:99) For utterance PARTICIPANT52053-015, best cost 13.0266 + 627.628 = 640.654 over 68 frames.
PARTICIPANT52053-015 YOUR 
LOG (lattice-best-path[5.0.23~1-f7b2f]:main():lattice-best-path.cc:99) For utterance PARTICIPANT52053-017, best cost 12.2413 + 643.117 = 655.359 over 68 frames.
PARTICIPANT52053-017 ARE 
LOG (lattice-best-path[5.0.23~1-f7b2f]:main():lattice-best-path.cc:99) For utterance PARTICIPANT52053-019, best cost 53.656 + 2817.96 = 2871.62 over 288 frames.
PARTICIPANT52053-019 TO MAINTENANCE WE TO MCKENZIE 
LOG (lattice-best-path[5.0.23~1-f7b2f]:main():lattice-best-path.cc:99) For utterance PARTICIPANT52053-021, best cost 9.66082 + 331.802 = 341.463 over 33 frames.
PARTICIPANT52053-021 THE 
LOG (lattice-best-path[5.0.23~1-f7b2f]:main():lattice-best-path.cc:99) For utterance PARTICIPANT52053-023, best cost 46.2035 + 2093.79 = 2139.99 over 218 frames.
PARTICIPANT52053-023 WHEN OKAY NICE NICE OKAY 
LOG (lattice-scale[5.0.23~1-f7b2f]:main():lattice-scale.cc:90) Done 15 lattices.
LOG (lattice-best-path[5.0.23~1-f7b2f]:main():lattice-best-path.cc:99) For utterance PARTICIPANT52053-025, best cost 11.9694 + 531.736 = 543.705 over 58 frames.
PARTICIPANT52053-025 YEAH 
LOG (lattice-best-path[5.0.23~1-f7b2f]:main():lattice-best-path.cc:99) For utterance PARTICIPANT52053-027, best cost 8.9318 + 250.016 = 258.948 over 28 frames.
PARTICIPANT52053-027 YOU 
LOG (lattice-add-penalty[5.0.23~1-f7b2f]:main():lattice-add-penalty.cc:62) Done adding word insertion penalty to 15 lattices.
LOG (lattice-best-path[5.0.23~1-f7b2f]:main():lattice-best-path.cc:99) For utterance PARTICIPANT52053-029, best cost 122.542 + 7579.38 = 7701.92 over 778 frames.
PARTICIPANT52053-029 YES IT EXCITING TECHNICALLY ANALYZE YA'LL YES SHOWS FIREWORKS THERE 
LOG (lattice-best-path[5.0.23~1-f7b2f]:main():lattice-best-path.cc:124) Overall cost per frame is 9.74953 = 0.180139 [graph] + 9.5694 [acoustic] over 3318 frames.
LOG (lattice-best-path[5.0.23~1-f7b2f]:main():lattice-best-path.cc:128) Done 15 lattices, failed for 0
# Accounting: time=2 threads=1
# Ended (code 0) at Mon Jan 28 18:52:01 EST 2019, elapsed time 2 seconds
