# compile-train-graphs --read-disambig-syms=/z/mkperez/PremanifestHD-classification/Data/Spont-Speech/set0/lang_all_clinician/phones/disambig.int /z/mkperez/PremanifestHD-classification/Data/Spont-Speech/set0/exp/mono_ali_clinician/tree /z/mkperez/PremanifestHD-classification/Data/Spont-Speech/set0/exp/mono_ali_clinician/final.mdl /z/mkperez/PremanifestHD-classification/Data/Spont-Speech/set0/lang_all_clinician/L.fst "ark:utils/sym2int.pl --map-oov 90 -f 2- /z/mkperez/PremanifestHD-classification/Data/Spont-Speech/set0/lang_all_clinician/words.txt /z/mkperez/PremanifestHD-classification/Data/Spont-Speech/set0/train/split12/7/text|" ark:- | gmm-align-compiled --transition-scale=1.0 --acoustic-scale=0.1 --self-loop-scale=0.1 --beam=10 --retry-beam=40 --careful=false "gmm-boost-silence --boost=1.0 1 /z/mkperez/PremanifestHD-classification/Data/Spont-Speech/set0/exp/mono_ali_clinician/final.mdl - |" ark:- "ark,s,cs:apply-cmvn  --utt2spk=ark:/z/mkperez/PremanifestHD-classification/Data/Spont-Speech/set0/train/split12/7/utt2spk scp:/z/mkperez/PremanifestHD-classification/Data/Spont-Speech/set0/train/split12/7/cmvn.scp scp:/z/mkperez/PremanifestHD-classification/Data/Spont-Speech/set0/train/split12/7/feats.scp ark:- | add-deltas  ark:- ark:- |" "ark,t:|gzip -c >/z/mkperez/PremanifestHD-classification/Data/Spont-Speech/set0/exp/mono_ali_clinician/ali.7.gz" 
# Started at Mon Jan 28 18:13:56 EST 2019
#
compile-train-graphs --read-disambig-syms=/z/mkperez/PremanifestHD-classification/Data/Spont-Speech/set0/lang_all_clinician/phones/disambig.int /z/mkperez/PremanifestHD-classification/Data/Spont-Speech/set0/exp/mono_ali_clinician/tree /z/mkperez/PremanifestHD-classification/Data/Spont-Speech/set0/exp/mono_ali_clinician/final.mdl /z/mkperez/PremanifestHD-classification/Data/Spont-Speech/set0/lang_all_clinician/L.fst 'ark:utils/sym2int.pl --map-oov 90 -f 2- /z/mkperez/PremanifestHD-classification/Data/Spont-Speech/set0/lang_all_clinician/words.txt /z/mkperez/PremanifestHD-classification/Data/Spont-Speech/set0/train/split12/7/text|' ark:- 
gmm-align-compiled --transition-scale=1.0 --acoustic-scale=0.1 --self-loop-scale=0.1 --beam=10 --retry-beam=40 --careful=false 'gmm-boost-silence --boost=1.0 1 /z/mkperez/PremanifestHD-classification/Data/Spont-Speech/set0/exp/mono_ali_clinician/final.mdl - |' ark:- 'ark,s,cs:apply-cmvn  --utt2spk=ark:/z/mkperez/PremanifestHD-classification/Data/Spont-Speech/set0/train/split12/7/utt2spk scp:/z/mkperez/PremanifestHD-classification/Data/Spont-Speech/set0/train/split12/7/cmvn.scp scp:/z/mkperez/PremanifestHD-classification/Data/Spont-Speech/set0/train/split12/7/feats.scp ark:- | add-deltas  ark:- ark:- |' 'ark,t:|gzip -c >/z/mkperez/PremanifestHD-classification/Data/Spont-Speech/set0/exp/mono_ali_clinician/ali.7.gz' 
gmm-boost-silence --boost=1.0 1 /z/mkperez/PremanifestHD-classification/Data/Spont-Speech/set0/exp/mono_ali_clinician/final.mdl - 
WARNING (gmm-boost-silence[5.0.23~1-f7b2f]:main():gmm-boost-silence.cc:82) The pdfs for the silence phones may be shared by other phones (note: this probably does not matter.)
LOG (gmm-boost-silence[5.0.23~1-f7b2f]:main():gmm-boost-silence.cc:93) Boosted weights for 5 pdfs, by factor of 1
LOG (gmm-boost-silence[5.0.23~1-f7b2f]:main():gmm-boost-silence.cc:103) Wrote model to -
sym2int.pl: replacing LAWS' with 90
** Replaced 1 instances of OOVs with 90
apply-cmvn --utt2spk=ark:/z/mkperez/PremanifestHD-classification/Data/Spont-Speech/set0/train/split12/7/utt2spk scp:/z/mkperez/PremanifestHD-classification/Data/Spont-Speech/set0/train/split12/7/cmvn.scp scp:/z/mkperez/PremanifestHD-classification/Data/Spont-Speech/set0/train/split12/7/feats.scp ark:- 
add-deltas ark:- ark:- 
LOG (compile-train-graphs[5.0.23~1-f7b2f]:main():compile-train-graphs.cc:145) compile-train-graphs: succeeded for 20 graphs, failed for 0
LOG (apply-cmvn[5.0.23~1-f7b2f]:main():apply-cmvn.cc:146) Applied cepstral mean normalization to 20 utterances, errors on 0
LOG (gmm-align-compiled[5.0.23~1-f7b2f]:main():gmm-align-compiled.cc:129) Overall log-likelihood per frame is -88.2318 over 5842 frames.
LOG (gmm-align-compiled[5.0.23~1-f7b2f]:main():gmm-align-compiled.cc:131) Retried 0 out of 20 utterances.
LOG (gmm-align-compiled[5.0.23~1-f7b2f]:main():gmm-align-compiled.cc:133) Done 20, errors on 0
# Accounting: time=2 threads=1
# Ended (code 0) at Mon Jan 28 18:13:58 EST 2019, elapsed time 2 seconds
