# lattice-scale --inv-acoustic-scale=14 "ark:gunzip -c /z/mkperez/PremanifestHD-classification/Data/Spont-Speech/set6/exp/mono_ali_clinician/decode/lat.*.gz|" ark:- | lattice-add-penalty --word-ins-penalty=0.5 ark:- ark:- | lattice-best-path --word-symbol-table=/z/mkperez/PremanifestHD-classification/Data/Spont-Speech/set6/exp/mono_ali_clinician/graph/words.txt ark:- ark,t:- | utils/int2sym.pl -f 2- /z/mkperez/PremanifestHD-classification/Data/Spont-Speech/set6/exp/mono_ali_clinician/graph/words.txt | local/wer_hyp_filter > /z/mkperez/PremanifestHD-classification/Data/Spont-Speech/set6/exp/mono_ali_clinician/decode/scoring_kaldi/penalty_0.5/14.txt 
# Started at Mon Jan 28 18:56:16 EST 2019
#
lattice-scale --inv-acoustic-scale=14 'ark:gunzip -c /z/mkperez/PremanifestHD-classification/Data/Spont-Speech/set6/exp/mono_ali_clinician/decode/lat.*.gz|' ark:- 
lattice-best-path --word-symbol-table=/z/mkperez/PremanifestHD-classification/Data/Spont-Speech/set6/exp/mono_ali_clinician/graph/words.txt ark:- ark,t:- 
lattice-add-penalty --word-ins-penalty=0.5 ark:- ark:- 
LOG (lattice-best-path[5.0.23~1-f7b2f]:main():lattice-best-path.cc:99) For utterance PARTICIPANT29758-001, best cost 58.4895 + 2908.46 = 2966.95 over 432 frames.
PARTICIPANT29758-001 WE WEEKEND HAVE PLANS WEEKEND 
LOG (lattice-best-path[5.0.23~1-f7b2f]:main():lattice-best-path.cc:99) For utterance PARTICIPANT29758-003, best cost 75.0857 + 3320.65 = 3395.73 over 488 frames.
PARTICIPANT29758-003 FINALLY FROM EXACTLY CLINICAL EXACTLY 
LOG (lattice-best-path[5.0.23~1-f7b2f]:main():lattice-best-path.cc:99) For utterance PARTICIPANT29758-005, best cost 28.2897 + 1222.12 = 1250.41 over 173 frames.
PARTICIPANT29758-005 CLINICAL I 
LOG (lattice-best-path[5.0.23~1-f7b2f]:main():lattice-best-path.cc:99) For utterance PARTICIPANT29758-007, best cost 41.1082 + 1378.4 = 1419.51 over 198 frames.
PARTICIPANT29758-007 ONE WEEK WEEKEND 
LOG (lattice-best-path[5.0.23~1-f7b2f]:main():lattice-best-path.cc:99) For utterance PARTICIPANT29758-009, best cost 44.446 + 2259 = 2303.45 over 328 frames.
PARTICIPANT29758-009 WEEKEND NICE LANDLORD 
LOG (lattice-scale[5.0.23~1-f7b2f]:main():lattice-scale.cc:90) Done 8 lattices.
LOG (lattice-best-path[5.0.23~1-f7b2f]:main():lattice-best-path.cc:99) For utterance PARTICIPANT29758-011, best cost 138.289 + 7356.68 = 7494.97 over 1111 frames.
PARTICIPANT29758-011 THE LITTLE MOSTLY THE I YES WEEKEND AND SIGNIFICANT CREATE WEEKEND 
LOG (lattice-best-path[5.0.23~1-f7b2f]:main():lattice-best-path.cc:99) For utterance PARTICIPANT29758-013, best cost 13.1974 + 468.465 = 481.663 over 67 frames.
PARTICIPANT29758-013 WHAT 
LOG (lattice-add-penalty[5.0.23~1-f7b2f]:main():lattice-add-penalty.cc:62) Done adding word insertion penalty to 8 lattices.
LOG (lattice-best-path[5.0.23~1-f7b2f]:main():lattice-best-path.cc:99) For utterance PARTICIPANT29758-015, best cost 31.6318 + 1037.68 = 1069.31 over 148 frames.
PARTICIPANT29758-015 AND I REALLY 
LOG (lattice-best-path[5.0.23~1-f7b2f]:main():lattice-best-path.cc:124) Overall cost per frame is 6.92088 = 0.146193 [graph] + 6.77469 [acoustic] over 2945 frames.
LOG (lattice-best-path[5.0.23~1-f7b2f]:main():lattice-best-path.cc:128) Done 8 lattices, failed for 0
# Accounting: time=2 threads=1
# Ended (code 0) at Mon Jan 28 18:56:18 EST 2019, elapsed time 2 seconds
