# align-equal-compiled "ark:gunzip -c /z/mkperez/PremanifestHD-classification/Data/Spont-Speech/set0/exp/mono_clinician/fsts.8.gz|" "ark,s,cs:apply-cmvn  --utt2spk=ark:/z/mkperez/PremanifestHD-classification/Data/Spont-Speech/set0/train/split12/8/utt2spk scp:/z/mkperez/PremanifestHD-classification/Data/Spont-Speech/set0/train/split12/8/cmvn.scp scp:/z/mkperez/PremanifestHD-classification/Data/Spont-Speech/set0/train/split12/8/feats.scp ark:- | add-deltas ark:- ark:- |" ark,t:- | gmm-acc-stats-ali --binary=true /z/mkperez/PremanifestHD-classification/Data/Spont-Speech/set0/exp/mono_clinician/0.mdl "ark,s,cs:apply-cmvn  --utt2spk=ark:/z/mkperez/PremanifestHD-classification/Data/Spont-Speech/set0/train/split12/8/utt2spk scp:/z/mkperez/PremanifestHD-classification/Data/Spont-Speech/set0/train/split12/8/cmvn.scp scp:/z/mkperez/PremanifestHD-classification/Data/Spont-Speech/set0/train/split12/8/feats.scp ark:- | add-deltas ark:- ark:- |" ark:- /z/mkperez/PremanifestHD-classification/Data/Spont-Speech/set0/exp/mono_clinician/0.8.acc 
# Started at Mon Jan 28 18:13:06 EST 2019
#
align-equal-compiled 'ark:gunzip -c /z/mkperez/PremanifestHD-classification/Data/Spont-Speech/set0/exp/mono_clinician/fsts.8.gz|' 'ark,s,cs:apply-cmvn  --utt2spk=ark:/z/mkperez/PremanifestHD-classification/Data/Spont-Speech/set0/train/split12/8/utt2spk scp:/z/mkperez/PremanifestHD-classification/Data/Spont-Speech/set0/train/split12/8/cmvn.scp scp:/z/mkperez/PremanifestHD-classification/Data/Spont-Speech/set0/train/split12/8/feats.scp ark:- | add-deltas ark:- ark:- |' ark,t:- 
gmm-acc-stats-ali --binary=true /z/mkperez/PremanifestHD-classification/Data/Spont-Speech/set0/exp/mono_clinician/0.mdl 'ark,s,cs:apply-cmvn  --utt2spk=ark:/z/mkperez/PremanifestHD-classification/Data/Spont-Speech/set0/train/split12/8/utt2spk scp:/z/mkperez/PremanifestHD-classification/Data/Spont-Speech/set0/train/split12/8/cmvn.scp scp:/z/mkperez/PremanifestHD-classification/Data/Spont-Speech/set0/train/split12/8/feats.scp ark:- | add-deltas ark:- ark:- |' ark:- /z/mkperez/PremanifestHD-classification/Data/Spont-Speech/set0/exp/mono_clinician/0.8.acc 
add-deltas ark:- ark:- 
add-deltas ark:- ark:- 
apply-cmvn --utt2spk=ark:/z/mkperez/PremanifestHD-classification/Data/Spont-Speech/set0/train/split12/8/utt2spk scp:/z/mkperez/PremanifestHD-classification/Data/Spont-Speech/set0/train/split12/8/cmvn.scp scp:/z/mkperez/PremanifestHD-classification/Data/Spont-Speech/set0/train/split12/8/feats.scp ark:- 
apply-cmvn --utt2spk=ark:/z/mkperez/PremanifestHD-classification/Data/Spont-Speech/set0/train/split12/8/utt2spk scp:/z/mkperez/PremanifestHD-classification/Data/Spont-Speech/set0/train/split12/8/cmvn.scp scp:/z/mkperez/PremanifestHD-classification/Data/Spont-Speech/set0/train/split12/8/feats.scp ark:- 
WARNING (align-equal-compiled[5.0.23~1-f7b2f]:EqualAlign():fstext/fstext-utils-inl.h:946) EqualAlign: the randomly constructed paths lengths: 108,107,94,110,112,109,128,111,103,103
WARNING (align-equal-compiled[5.0.23~1-f7b2f]:EqualAlign():fstext/fstext-utils-inl.h:947) EqualAlign: utterance has too few frames 76 to align.
WARNING (align-equal-compiled[5.0.23~1-f7b2f]:main():align-equal-compiled.cc:100) AlignEqual: did not align utterence PARTICIPANT69695-019
LOG (apply-cmvn[5.0.23~1-f7b2f]:main():apply-cmvn.cc:146) Applied cepstral mean normalization to 36 utterances, errors on 0
WARNING (align-equal-compiled[5.0.23~1-f7b2f]:main():align-equal-compiled.cc:109) Computed 35 alignments; 0 lacked features, 1 had other errors.
WARNING (gmm-acc-stats-ali[5.0.23~1-f7b2f]:main():gmm-acc-stats-ali.cc:79) No alignment for utterance PARTICIPANT69695-019
LOG (apply-cmvn[5.0.23~1-f7b2f]:main():apply-cmvn.cc:146) Applied cepstral mean normalization to 36 utterances, errors on 0
LOG (gmm-acc-stats-ali[5.0.23~1-f7b2f]:main():gmm-acc-stats-ali.cc:112) Done 35 files, 1 with errors.
LOG (gmm-acc-stats-ali[5.0.23~1-f7b2f]:main():gmm-acc-stats-ali.cc:115) Overall avg like per frame (Gaussian only) = -95.0794 over 13540 frames.
LOG (gmm-acc-stats-ali[5.0.23~1-f7b2f]:main():gmm-acc-stats-ali.cc:123) Written accs.
# Accounting: time=0 threads=1
# Ended (code 0) at Mon Jan 28 18:13:06 EST 2019, elapsed time 0 seconds
