# lattice-scale --inv-acoustic-scale=7 "ark:gunzip -c /z/mkperez/PremanifestHD-classification/Data/Spont-Speech/set9/exp/mono_ali_clinician/decode/lat.*.gz|" ark:- | lattice-add-penalty --word-ins-penalty=1.0 ark:- ark:- | lattice-best-path --word-symbol-table=/z/mkperez/PremanifestHD-classification/Data/Spont-Speech/set9/exp/mono_ali_clinician/graph/words.txt ark:- ark,t:- | utils/int2sym.pl -f 2- /z/mkperez/PremanifestHD-classification/Data/Spont-Speech/set9/exp/mono_ali_clinician/graph/words.txt | local/wer_hyp_filter > /z/mkperez/PremanifestHD-classification/Data/Spont-Speech/set9/exp/mono_ali_clinician/decode/scoring_kaldi/penalty_1.0/7.txt 
# Started at Mon Jan 28 19:00:22 EST 2019
#
lattice-scale --inv-acoustic-scale=7 'ark:gunzip -c /z/mkperez/PremanifestHD-classification/Data/Spont-Speech/set9/exp/mono_ali_clinician/decode/lat.*.gz|' ark:- 
lattice-best-path --word-symbol-table=/z/mkperez/PremanifestHD-classification/Data/Spont-Speech/set9/exp/mono_ali_clinician/graph/words.txt ark:- ark,t:- 
lattice-add-penalty --word-ins-penalty=1.0 ark:- ark:- 
LOG (lattice-best-path[5.0.23~1-f7b2f]:main():lattice-best-path.cc:99) For utterance PARTCIPANT23789-001, best cost 14.4979 + 511.987 = 526.485 over 38 frames.
PARTCIPANT23789-001 ONLY 
LOG (lattice-best-path[5.0.23~1-f7b2f]:main():lattice-best-path.cc:99) For utterance PARTCIPANT23789-003, best cost 13.0378 + 732.751 = 745.789 over 58 frames.
PARTCIPANT23789-003 YES 
LOG (lattice-best-path[5.0.23~1-f7b2f]:main():lattice-best-path.cc:99) For utterance PARTCIPANT23789-005, best cost 29.7001 + 1783.54 = 1813.24 over 128 frames.
PARTCIPANT23789-005 WE'VE PROBABLY 
LOG (lattice-best-path[5.0.23~1-f7b2f]:main():lattice-best-path.cc:99) For utterance PARTCIPANT23789-007, best cost 49.1864 + 2638.45 = 2687.64 over 188 frames.
PARTCIPANT23789-007 KNOW KNOW AGO RECORD 
LOG (lattice-scale[5.0.23~1-f7b2f]:main():lattice-scale.cc:90) Done 6 lattices.
LOG (lattice-add-penalty[5.0.23~1-f7b2f]:main():lattice-add-penalty.cc:62) Done adding word insertion penalty to 6 lattices.
LOG (lattice-best-path[5.0.23~1-f7b2f]:main():lattice-best-path.cc:99) For utterance PARTCIPANT23789-009, best cost 89.5375 + 5362.22 = 5451.76 over 398 frames.
PARTCIPANT23789-009 GAMES UPCOMING FAMILY CREEK EXCITED WEEKEND LOT 
LOG (lattice-best-path[5.0.23~1-f7b2f]:main():lattice-best-path.cc:99) For utterance PARTCIPANT23789-011, best cost 15.5855 + 479.406 = 494.991 over 38 frames.
PARTCIPANT23789-011 YA'LL 
LOG (lattice-best-path[5.0.23~1-f7b2f]:main():lattice-best-path.cc:124) Overall cost per frame is 13.8206 = 0.249464 [graph] + 13.5712 [acoustic] over 848 frames.
LOG (lattice-best-path[5.0.23~1-f7b2f]:main():lattice-best-path.cc:128) Done 6 lattices, failed for 0
# Accounting: time=1 threads=1
# Ended (code 0) at Mon Jan 28 19:00:23 EST 2019, elapsed time 1 seconds
