# lattice-scale --inv-acoustic-scale=8 "ark:gunzip -c /z/mkperez/PremanifestHD-classification/Data/Spont-Speech/set6/exp/mono_ali_clinician/decode/lat.*.gz|" ark:- | lattice-add-penalty --word-ins-penalty=1.0 ark:- ark:- | lattice-best-path --word-symbol-table=/z/mkperez/PremanifestHD-classification/Data/Spont-Speech/set6/exp/mono_ali_clinician/graph/words.txt ark:- ark,t:- | utils/int2sym.pl -f 2- /z/mkperez/PremanifestHD-classification/Data/Spont-Speech/set6/exp/mono_ali_clinician/graph/words.txt | local/wer_hyp_filter > /z/mkperez/PremanifestHD-classification/Data/Spont-Speech/set6/exp/mono_ali_clinician/decode/scoring_kaldi/penalty_1.0/8.txt 
# Started at Mon Jan 28 18:56:18 EST 2019
#
lattice-add-penalty --word-ins-penalty=1.0 ark:- ark:- 
lattice-scale --inv-acoustic-scale=8 'ark:gunzip -c /z/mkperez/PremanifestHD-classification/Data/Spont-Speech/set6/exp/mono_ali_clinician/decode/lat.*.gz|' ark:- 
lattice-best-path --word-symbol-table=/z/mkperez/PremanifestHD-classification/Data/Spont-Speech/set6/exp/mono_ali_clinician/graph/words.txt ark:- ark,t:- 
LOG (lattice-best-path[5.0.23~1-f7b2f]:main():lattice-best-path.cc:99) For utterance PARTICIPANT29758-001, best cost 75.1209 + 5068.44 = 5143.56 over 432 frames.
PARTICIPANT29758-001 I WE WEEKEND HAVE PLANS FORTY AND 
LOG (lattice-best-path[5.0.23~1-f7b2f]:main():lattice-best-path.cc:99) For utterance PARTICIPANT29758-003, best cost 97.1047 + 5787.21 = 5884.32 over 488 frames.
PARTICIPANT29758-003 FINALLY FOR CAUSE GET I CLINICAL THAT ACTUALLY 
LOG (lattice-best-path[5.0.23~1-f7b2f]:main():lattice-best-path.cc:99) For utterance PARTICIPANT29758-005, best cost 29.2897 + 2138.7 = 2167.99 over 173 frames.
PARTICIPANT29758-005 CLINICAL I 
LOG (lattice-best-path[5.0.23~1-f7b2f]:main():lattice-best-path.cc:99) For utterance PARTICIPANT29758-007, best cost 55.6959 + 2396.84 = 2452.54 over 198 frames.
PARTICIPANT29758-007 I BETWEEN WEEK WAS THAT 
LOG (lattice-best-path[5.0.23~1-f7b2f]:main():lattice-best-path.cc:99) For utterance PARTICIPANT29758-009, best cost 69.3418 + 3924.39 = 3993.73 over 328 frames.
PARTICIPANT29758-009 FAMILY TONIGHT THE NICE LANDLORD AND 
LOG (lattice-scale[5.0.23~1-f7b2f]:main():lattice-scale.cc:90) Done 8 lattices.
LOG (lattice-best-path[5.0.23~1-f7b2f]:main():lattice-best-path.cc:99) For utterance PARTICIPANT29758-011, best cost 199.665 + 12797.6 = 12997.3 over 1111 frames.
PARTICIPANT29758-011 DIDN'T IF LIKE GOLF WE THE OKAY I YES FIRST KNOW CANADA DO FUN NEXT CREATE WAS WEEKEND 
LOG (lattice-best-path[5.0.23~1-f7b2f]:main():lattice-best-path.cc:99) For utterance PARTICIPANT29758-013, best cost 18.7664 + 812.043 = 830.81 over 67 frames.
PARTICIPANT29758-013 THE WHAT 
LOG (lattice-add-penalty[5.0.23~1-f7b2f]:main():lattice-add-penalty.cc:62) Done adding word insertion penalty to 8 lattices.
LOG (lattice-best-path[5.0.23~1-f7b2f]:main():lattice-best-path.cc:99) For utterance PARTICIPANT29758-015, best cost 33.1318 + 1815.94 = 1849.08 over 148 frames.
PARTICIPANT29758-015 AND I REALLY 
LOG (lattice-best-path[5.0.23~1-f7b2f]:main():lattice-best-path.cc:124) Overall cost per frame is 11.993 = 0.196304 [graph] + 11.7967 [acoustic] over 2945 frames.
LOG (lattice-best-path[5.0.23~1-f7b2f]:main():lattice-best-path.cc:128) Done 8 lattices, failed for 0
# Accounting: time=2 threads=1
# Ended (code 0) at Mon Jan 28 18:56:20 EST 2019, elapsed time 2 seconds
