# lattice-scale --inv-acoustic-scale=13 "ark:gunzip -c /z/mkperez/PremanifestHD-classification/Data/Spont-Speech/set6/exp/mono_ali_clinician/decode/lat.*.gz|" ark:- | lattice-add-penalty --word-ins-penalty=1.0 ark:- ark:- | lattice-best-path --word-symbol-table=/z/mkperez/PremanifestHD-classification/Data/Spont-Speech/set6/exp/mono_ali_clinician/graph/words.txt ark:- ark,t:- | utils/int2sym.pl -f 2- /z/mkperez/PremanifestHD-classification/Data/Spont-Speech/set6/exp/mono_ali_clinician/graph/words.txt | local/wer_hyp_filter > /z/mkperez/PremanifestHD-classification/Data/Spont-Speech/set6/exp/mono_ali_clinician/decode/scoring_kaldi/penalty_1.0/13.txt 
# Started at Mon Jan 28 18:56:18 EST 2019
#
lattice-add-penalty --word-ins-penalty=1.0 ark:- ark:- 
lattice-best-path --word-symbol-table=/z/mkperez/PremanifestHD-classification/Data/Spont-Speech/set6/exp/mono_ali_clinician/graph/words.txt ark:- ark,t:- 
lattice-scale --inv-acoustic-scale=13 'ark:gunzip -c /z/mkperez/PremanifestHD-classification/Data/Spont-Speech/set6/exp/mono_ali_clinician/decode/lat.*.gz|' ark:- 
LOG (lattice-best-path[5.0.23~1-f7b2f]:main():lattice-best-path.cc:99) For utterance PARTICIPANT29758-001, best cost 62.9611 + 3130.12 = 3193.08 over 432 frames.
PARTICIPANT29758-001 WE WEEKEND HAVE PLANS FORTY 
LOG (lattice-best-path[5.0.23~1-f7b2f]:main():lattice-best-path.cc:99) For utterance PARTICIPANT29758-003, best cost 80.6454 + 3572.83 = 3653.48 over 488 frames.
PARTICIPANT29758-003 FINALLY DIRECTORS EXACTLY CLINICAL EXACTLY 
LOG (lattice-best-path[5.0.23~1-f7b2f]:main():lattice-best-path.cc:99) For utterance PARTICIPANT29758-005, best cost 29.2897 + 1316.12 = 1345.41 over 173 frames.
PARTICIPANT29758-005 CLINICAL I 
LOG (lattice-best-path[5.0.23~1-f7b2f]:main():lattice-best-path.cc:99) For utterance PARTICIPANT29758-007, best cost 42.6082 + 1484.43 = 1527.04 over 198 frames.
PARTICIPANT29758-007 ONE WEEK WEEKEND 
LOG (lattice-best-path[5.0.23~1-f7b2f]:main():lattice-best-path.cc:99) For utterance PARTICIPANT29758-009, best cost 45.946 + 2432.77 = 2478.72 over 328 frames.
PARTICIPANT29758-009 WEEKEND NICE LANDLORD 
LOG (lattice-scale[5.0.23~1-f7b2f]:main():lattice-scale.cc:90) Done 8 lattices.
LOG (lattice-best-path[5.0.23~1-f7b2f]:main():lattice-best-path.cc:99) For utterance PARTICIPANT29758-011, best cost 143.789 + 7922.58 = 8066.37 over 1111 frames.
PARTICIPANT29758-011 THE LITTLE MOSTLY THE I YES WEEKEND AND SIGNIFICANT CREATE WEEKEND 
LOG (lattice-best-path[5.0.23~1-f7b2f]:main():lattice-best-path.cc:99) For utterance PARTICIPANT29758-013, best cost 13.6974 + 504.501 = 518.198 over 67 frames.
PARTICIPANT29758-013 WHAT 
LOG (lattice-add-penalty[5.0.23~1-f7b2f]:main():lattice-add-penalty.cc:62) Done adding word insertion penalty to 8 lattices.
LOG (lattice-best-path[5.0.23~1-f7b2f]:main():lattice-best-path.cc:99) For utterance PARTICIPANT29758-015, best cost 33.1318 + 1117.5 = 1150.64 over 148 frames.
PARTICIPANT29758-015 AND I REALLY 
LOG (lattice-best-path[5.0.23~1-f7b2f]:main():lattice-best-path.cc:124) Overall cost per frame is 7.44752 = 0.153504 [graph] + 7.29401 [acoustic] over 2945 frames.
LOG (lattice-best-path[5.0.23~1-f7b2f]:main():lattice-best-path.cc:128) Done 8 lattices, failed for 0
# Accounting: time=2 threads=1
# Ended (code 0) at Mon Jan 28 18:56:20 EST 2019, elapsed time 2 seconds
