# lattice-scale --inv-acoustic-scale=17 "ark:gunzip -c /z/mkperez/PremanifestHD-classification/Data/Spont-Speech/set11/exp/mono_ali_clinician/decode/lat.*.gz|" ark:- | lattice-add-penalty --word-ins-penalty=1.0 ark:- ark:- | lattice-best-path --word-symbol-table=/z/mkperez/PremanifestHD-classification/Data/Spont-Speech/set11/exp/mono_ali_clinician/graph/words.txt ark:- ark,t:- | utils/int2sym.pl -f 2- /z/mkperez/PremanifestHD-classification/Data/Spont-Speech/set11/exp/mono_ali_clinician/graph/words.txt | local/wer_hyp_filter > /z/mkperez/PremanifestHD-classification/Data/Spont-Speech/set11/exp/mono_ali_clinician/decode/scoring_kaldi/penalty_1.0/17.txt 
# Started at Mon Jan 28 18:18:53 EST 2019
#
lattice-best-path --word-symbol-table=/z/mkperez/PremanifestHD-classification/Data/Spont-Speech/set11/exp/mono_ali_clinician/graph/words.txt ark:- ark,t:- 
lattice-scale --inv-acoustic-scale=17 'ark:gunzip -c /z/mkperez/PremanifestHD-classification/Data/Spont-Speech/set11/exp/mono_ali_clinician/decode/lat.*.gz|' ark:- 
lattice-add-penalty --word-ins-penalty=1.0 ark:- ark:- 
LOG (lattice-best-path[5.0.23~1-f7b2f]:main():lattice-best-path.cc:99) For utterance PARTICIPANT78080-001, best cost 127.484 + 5933.94 = 6061.42 over 1078 frames.
PARTICIPANT78080-001 YEAH WEEKEND ANY AND LIKE BETWEEN FOR SEE TRUCKLOADS WAS WEEKEND 
LOG (lattice-best-path[5.0.23~1-f7b2f]:main():lattice-best-path.cc:99) For utterance PARTICIPANT78080-003, best cost 55.3244 + 2010.48 = 2065.8 over 355 frames.
PARTICIPANT78080-003 THAT WEEKEND ALL QUESTIONS 
LOG (lattice-best-path[5.0.23~1-f7b2f]:main():lattice-best-path.cc:99) For utterance PARTICIPANT78080-005, best cost 23.9423 + 676.687 = 700.63 over 118 frames.
PARTICIPANT78080-005 IT WELL 
LOG (lattice-best-path[5.0.23~1-f7b2f]:main():lattice-best-path.cc:99) For utterance PARTICIPANT78080-007, best cost 17.3093 + 627.122 = 644.432 over 108 frames.
PARTICIPANT78080-007 LAST 
LOG (lattice-best-path[5.0.23~1-f7b2f]:main():lattice-best-path.cc:99) For utterance PARTICIPANT78080-009, best cost 58.0985 + 2536.6 = 2594.7 over 461 frames.
PARTICIPANT78080-009 LIKE CLINICAL DON'T TECHNICALLY 
LOG (lattice-best-path[5.0.23~1-f7b2f]:main():lattice-best-path.cc:99) For utterance PARTICIPANT78080-011, best cost 70.9568 + 2559.87 = 2630.83 over 458 frames.
PARTICIPANT78080-011 THAT'S WE I EVERYONE WAS HISTORY 
LOG (lattice-scale[5.0.23~1-f7b2f]:main():lattice-scale.cc:90) Done 7 lattices.
LOG (lattice-add-penalty[5.0.23~1-f7b2f]:main():lattice-add-penalty.cc:62) Done adding word insertion penalty to 7 lattices.
LOG (lattice-best-path[5.0.23~1-f7b2f]:main():lattice-best-path.cc:99) For utterance PARTICIPANT78080-013, best cost 28.9874 + 1088.72 = 1117.71 over 196 frames.
PARTICIPANT78080-013 WEEKEND WEEKEND 
LOG (lattice-best-path[5.0.23~1-f7b2f]:main():lattice-best-path.cc:124) Overall cost per frame is 5.70134 = 0.137744 [graph] + 5.5636 [acoustic] over 2774 frames.
LOG (lattice-best-path[5.0.23~1-f7b2f]:main():lattice-best-path.cc:128) Done 7 lattices, failed for 0
# Accounting: time=2 threads=1
# Ended (code 0) at Mon Jan 28 18:18:55 EST 2019, elapsed time 2 seconds
