# lattice-scale --inv-acoustic-scale=15 "ark:gunzip -c /z/mkperez/PremanifestHD-classification/Data/Spont-Speech/set8/exp/mono_ali_clinician/decode/lat.*.gz|" ark:- | lattice-add-penalty --word-ins-penalty=1.0 ark:- ark:- | lattice-best-path --word-symbol-table=/z/mkperez/PremanifestHD-classification/Data/Spont-Speech/set8/exp/mono_ali_clinician/graph/words.txt ark:- ark,t:- | utils/int2sym.pl -f 2- /z/mkperez/PremanifestHD-classification/Data/Spont-Speech/set8/exp/mono_ali_clinician/graph/words.txt | local/wer_hyp_filter > /z/mkperez/PremanifestHD-classification/Data/Spont-Speech/set8/exp/mono_ali_clinician/decode/scoring_kaldi/penalty_1.0/15.txt 
# Started at Mon Jan 28 18:59:07 EST 2019
#
lattice-add-penalty --word-ins-penalty=1.0 ark:- ark:- 
lattice-scale --inv-acoustic-scale=15 'ark:gunzip -c /z/mkperez/PremanifestHD-classification/Data/Spont-Speech/set8/exp/mono_ali_clinician/decode/lat.*.gz|' ark:- 
lattice-best-path --word-symbol-table=/z/mkperez/PremanifestHD-classification/Data/Spont-Speech/set8/exp/mono_ali_clinician/graph/words.txt ark:- ark,t:- 
LOG (lattice-best-path[5.0.23~1-f7b2f]:main():lattice-best-path.cc:99) For utterance PARTICIPANT76883-001, best cost 36.8172 + 1612.18 = 1649 over 258 frames.
PARTICIPANT76883-001 AND WEEKEND WEEKEND 
LOG (lattice-best-path[5.0.23~1-f7b2f]:main():lattice-best-path.cc:99) For utterance PARTICIPANT76883-003, best cost 13.4979 + 662.331 = 675.828 over 108 frames.
PARTICIPANT76883-003 SO 
LOG (lattice-best-path[5.0.23~1-f7b2f]:main():lattice-best-path.cc:99) For utterance PARTICIPANT76883-005, best cost 66.7942 + 3091.17 = 3157.97 over 503 frames.
PARTICIPANT76883-005 AWHILE SO OKAY WAS OBSERVING 
LOG (lattice-scale[5.0.23~1-f7b2f]:main():lattice-scale.cc:90) Done 6 lattices.
LOG (lattice-best-path[5.0.23~1-f7b2f]:main():lattice-best-path.cc:99) For utterance PARTICIPANT76883-007, best cost 33.9439 + 1485.28 = 1519.22 over 238 frames.
PARTICIPANT76883-007 SO INTRODUCTIONS 
LOG (lattice-best-path[5.0.23~1-f7b2f]:main():lattice-best-path.cc:99) For utterance PARTICIPANT76883-009, best cost 12.4804 + 260.37 = 272.851 over 38 frames.
PARTICIPANT76883-009 WHAT 
LOG (lattice-add-penalty[5.0.23~1-f7b2f]:main():lattice-add-penalty.cc:62) Done adding word insertion penalty to 6 lattices.
LOG (lattice-best-path[5.0.23~1-f7b2f]:main():lattice-best-path.cc:99) For utterance PARTICIPANT76883-011, best cost 38.0548 + 1469.6 = 1507.66 over 218 frames.
PARTICIPANT76883-011 THE CLINICAL FLORIDA 
LOG (lattice-best-path[5.0.23~1-f7b2f]:main():lattice-best-path.cc:124) Overall cost per frame is 6.44353 = 0.147901 [graph] + 6.29563 [acoustic] over 1363 frames.
LOG (lattice-best-path[5.0.23~1-f7b2f]:main():lattice-best-path.cc:128) Done 6 lattices, failed for 0
# Accounting: time=1 threads=1
# Ended (code 0) at Mon Jan 28 18:59:08 EST 2019, elapsed time 1 seconds
