# lattice-scale --inv-acoustic-scale=8 "ark:gunzip -c /z/mkperez/PremanifestHD-classification/Data/Spont-Speech/set18/exp/mono_ali_clinician/decode/lat.*.gz|" ark:- | lattice-add-penalty --word-ins-penalty=0.5 ark:- ark:- | lattice-best-path --word-symbol-table=/z/mkperez/PremanifestHD-classification/Data/Spont-Speech/set18/exp/mono_ali_clinician/graph/words.txt ark:- ark,t:- | utils/int2sym.pl -f 2- /z/mkperez/PremanifestHD-classification/Data/Spont-Speech/set18/exp/mono_ali_clinician/graph/words.txt | local/wer_hyp_filter > /z/mkperez/PremanifestHD-classification/Data/Spont-Speech/set18/exp/mono_ali_clinician/decode/scoring_kaldi/penalty_0.5/8.txt 
# Started at Mon Jan 28 18:44:54 EST 2019
#
lattice-best-path --word-symbol-table=/z/mkperez/PremanifestHD-classification/Data/Spont-Speech/set18/exp/mono_ali_clinician/graph/words.txt ark:- ark,t:- 
lattice-add-penalty --word-ins-penalty=0.5 ark:- ark:- 
lattice-scale --inv-acoustic-scale=8 'ark:gunzip -c /z/mkperez/PremanifestHD-classification/Data/Spont-Speech/set18/exp/mono_ali_clinician/decode/lat.*.gz|' ark:- 
LOG (lattice-best-path[5.0.23~1-f7b2f]:main():lattice-best-path.cc:99) For utterance PARTICPANT84596-001, best cost 37.7487 + 2127.42 = 2165.17 over 178 frames.
PARTICPANT84596-001 YEAH SAID AND IN 
LOG (lattice-best-path[5.0.23~1-f7b2f]:main():lattice-best-path.cc:99) For utterance PARTICPANT84596-003, best cost 12.5982 + 658.844 = 671.442 over 58 frames.
PARTICPANT84596-003 WHAT 
LOG (lattice-best-path[5.0.23~1-f7b2f]:main():lattice-best-path.cc:99) For utterance PARTICPANT84596-005, best cost 32.6063 + 1803.86 = 1836.47 over 148 frames.
PARTICPANT84596-005 TO DELTA WEEKEND 
LOG (lattice-best-path[5.0.23~1-f7b2f]:main():lattice-best-path.cc:99) For utterance PARTICPANT84596-007, best cost 18.5214 + 755.407 = 773.929 over 68 frames.
PARTICPANT84596-007 IT TO 
LOG (lattice-best-path[5.0.23~1-f7b2f]:main():lattice-best-path.cc:99) For utterance PARTICPANT84596-009, best cost 24.4764 + 1429.9 = 1454.38 over 128 frames.
PARTICPANT84596-009 ONLY YEAH 
LOG (lattice-best-path[5.0.23~1-f7b2f]:main():lattice-best-path.cc:99) For utterance PARTICPANT84596-011, best cost 13.7656 + 776.934 = 790.699 over 68 frames.
PARTICPANT84596-011 OR 
LOG (lattice-best-path[5.0.23~1-f7b2f]:main():lattice-best-path.cc:99) For utterance PARTICPANT84596-013, best cost 45.187 + 3193.88 = 3239.07 over 278 frames.
PARTICPANT84596-013 ALL IT METAL IN 
LOG (lattice-best-path[5.0.23~1-f7b2f]:main():lattice-best-path.cc:99) For utterance PARTICPANT84596-015, best cost 14.6363 + 441.961 = 456.597 over 38 frames.
PARTICPANT84596-015 I THE 
LOG (lattice-best-path[5.0.23~1-f7b2f]:main():lattice-best-path.cc:99) For utterance PARTICPANT84596-017, best cost 61.8121 + 3914.9 = 3976.71 over 348 frames.
PARTICPANT84596-017 THE ARE IT'S TO YES ANY CAN 
LOG (lattice-best-path[5.0.23~1-f7b2f]:main():lattice-best-path.cc:99) For utterance PARTICPANT84596-019, best cost 128.997 + 7600.29 = 7729.29 over 648 frames.
PARTICPANT84596-019 YET I LOT ORLANDO ALL THE THAT LANDLORD THAT MORE ON ME WAS 
LOG (lattice-best-path[5.0.23~1-f7b2f]:main():lattice-best-path.cc:99) For utterance PARTICPANT84596-021, best cost 22.6221 + 1320.57 = 1343.19 over 108 frames.
PARTICPANT84596-021 GET AND 
LOG (lattice-best-path[5.0.23~1-f7b2f]:main():lattice-best-path.cc:99) For utterance PARTICPANT84596-023, best cost 188.173 + 12100.6 = 12288.8 over 1058 frames.
PARTICPANT84596-023 OH YOUR REALLY WE'RE HOLIDAY YEAH STARTED ALCOHOL DNA DOESN'T THAT'S YEAH GRAHAM LOAN AND ON TO I 
LOG (lattice-best-path[5.0.23~1-f7b2f]:main():lattice-best-path.cc:99) For utterance PARTICPANT84596-025, best cost 19.0942 + 1256.63 = 1275.72 over 110 frames.
PARTICPANT84596-025 EMPTIED 
LOG (lattice-best-path[5.0.23~1-f7b2f]:main():lattice-best-path.cc:99) For utterance PARTICPANT84596-027, best cost 24.4345 + 1307.99 = 1332.42 over 108 frames.
PARTICPANT84596-027 MILES IN 
LOG (lattice-best-path[5.0.23~1-f7b2f]:main():lattice-best-path.cc:99) For utterance PARTICPANT84596-030, best cost 49.7745 + 3363.38 = 3413.15 over 288 frames.
PARTICPANT84596-030 I ARE WAS AND DNA 
LOG (lattice-best-path[5.0.23~1-f7b2f]:main():lattice-best-path.cc:99) For utterance PARTICPANT84596-032, best cost 17.7078 + 969.903 = 987.611 over 88 frames.
PARTICPANT84596-032 YEAH A 
LOG (lattice-best-path[5.0.23~1-f7b2f]:main():lattice-best-path.cc:99) For utterance PARTICPANT84596-034, best cost 12.8014 + 580.128 = 592.929 over 48 frames.
PARTICPANT84596-034 WHEN 
LOG (lattice-best-path[5.0.23~1-f7b2f]:main():lattice-best-path.cc:99) For utterance PARTICPANT84596-036, best cost 32.9114 + 2455.58 = 2488.49 over 204 frames.
PARTICPANT84596-036 WAY PERSON 
LOG (lattice-best-path[5.0.23~1-f7b2f]:main():lattice-best-path.cc:99) For utterance PARTICPANT84596-038, best cost 59.7188 + 3434.92 = 3494.64 over 298 frames.
PARTICPANT84596-038 ARBOR THAT MAINTENANCE LOT HERE 
LOG (lattice-best-path[5.0.23~1-f7b2f]:main():lattice-best-path.cc:99) For utterance PARTICPANT84596-040, best cost 9.75321 + 192.141 = 201.894 over 18 frames.
PARTICPANT84596-040 OH 
LOG (lattice-best-path[5.0.23~1-f7b2f]:main():lattice-best-path.cc:99) For utterance PARTICPANT84596-042, best cost 63.3435 + 3562.29 = 3625.63 over 318 frames.
PARTICPANT84596-042 AT FACILITY ON BE PRETTY THAT'S 
LOG (lattice-best-path[5.0.23~1-f7b2f]:main():lattice-best-path.cc:99) For utterance PARTICPANT84596-044, best cost 17.1186 + 1007.3 = 1024.42 over 88 frames.
PARTICPANT84596-044 THE YEAH 
LOG (lattice-best-path[5.0.23~1-f7b2f]:main():lattice-best-path.cc:99) For utterance PARTICPANT84596-046, best cost 16.6521 + 767.854 = 784.506 over 68 frames.
PARTICPANT84596-046 AND A 
LOG (lattice-best-path[5.0.23~1-f7b2f]:main():lattice-best-path.cc:99) For utterance PARTICPANT84596-048, best cost 18.5273 + 731.233 = 749.761 over 64 frames.
PARTICPANT84596-048 THIS A 
LOG (lattice-best-path[5.0.23~1-f7b2f]:main():lattice-best-path.cc:99) For utterance PARTICPANT84596-050, best cost 27.3411 + 1712.49 = 1739.83 over 148 frames.
PARTICPANT84596-050 FLORIDA COURSE 
LOG (lattice-best-path[5.0.23~1-f7b2f]:main():lattice-best-path.cc:99) For utterance PARTICPANT84596-052, best cost 25.5821 + 1476.24 = 1501.83 over 128 frames.
PARTICPANT84596-052 A IN YEAH 
LOG (lattice-best-path[5.0.23~1-f7b2f]:main():lattice-best-path.cc:99) For utterance PARTICPANT84596-054, best cost 31.4119 + 1942.34 = 1973.75 over 168 frames.
PARTICPANT84596-054 DISABILITY BEYOND 
LOG (lattice-best-path[5.0.23~1-f7b2f]:main():lattice-best-path.cc:99) For utterance PARTICPANT84596-056, best cost 112.202 + 8240.09 = 8352.29 over 718 frames.
PARTICPANT84596-056 AND ARE BE REALLY REALIZED YEAH THEN ELEMENTARY PARTY VERY 
LOG (lattice-best-path[5.0.23~1-f7b2f]:main():lattice-best-path.cc:99) For utterance PARTICPANT84596-058, best cost 28.3775 + 1622.29 = 1650.66 over 138 frames.
PARTICPANT84596-058 BETWEEN GETTING 
LOG (lattice-best-path[5.0.23~1-f7b2f]:main():lattice-best-path.cc:99) For utterance PARTICPANT84596-060, best cost 19.8823 + 1618.08 = 1637.96 over 148 frames.
PARTICPANT84596-060 SO OKAY 
LOG (lattice-best-path[5.0.23~1-f7b2f]:main():lattice-best-path.cc:99) For utterance PARTICPANT84596-062, best cost 128.093 + 9592.8 = 9720.89 over 808 frames.
PARTICPANT84596-062 IT INTRODUCTIONS TO AND YOU WHERE AND IS OKAY AND INSTRUMENTS TO HAVEN'T 
LOG (lattice-best-path[5.0.23~1-f7b2f]:main():lattice-best-path.cc:99) For utterance PARTICPANT84596-065, best cost 12.7201 + 849.014 = 861.735 over 78 frames.
PARTICPANT84596-065 IN 
LOG (lattice-best-path[5.0.23~1-f7b2f]:main():lattice-best-path.cc:99) For utterance PARTICPANT84596-066, best cost 29.3265 + 1843.59 = 1872.92 over 168 frames.
PARTICPANT84596-066 AND DIDN'T I 
LOG (lattice-best-path[5.0.23~1-f7b2f]:main():lattice-best-path.cc:99) For utterance PARTICPANT84596-068, best cost 26.7584 + 1616.95 = 1643.7 over 138 frames.
PARTICPANT84596-068 IT'S ERUPTED 
LOG (lattice-best-path[5.0.23~1-f7b2f]:main():lattice-best-path.cc:99) For utterance PARTICPANT84596-070, best cost 17.543 + 933.437 = 950.98 over 78 frames.
PARTICPANT84596-070 PERSON 
LOG (lattice-best-path[5.0.23~1-f7b2f]:main():lattice-best-path.cc:99) For utterance PARTICPANT84596-072, best cost 26.1791 + 1468.04 = 1494.22 over 128 frames.
PARTICPANT84596-072 NICE IDEA 
LOG (lattice-best-path[5.0.23~1-f7b2f]:main():lattice-best-path.cc:99) For utterance PARTICPANT84596-074, best cost 220.717 + 17112.6 = 17333.3 over 1538 frames.
PARTICPANT84596-074 THEN AND SEE JUST YEAH I ON I BE BETWEEN BETWEEN THE GOING YEAH AND ON AND I IN DID YEAH DO CREEK BE 
LOG (lattice-best-path[5.0.23~1-f7b2f]:main():lattice-best-path.cc:99) For utterance PARTICPANT84596-075, best cost 15.1239 + 556.397 = 571.521 over 48 frames.
PARTICPANT84596-075 TRIP 
LOG (lattice-best-path[5.0.23~1-f7b2f]:main():lattice-best-path.cc:99) For utterance PARTICPANT84596-079, best cost 16.281 + 932.273 = 948.554 over 78 frames.
PARTICPANT84596-079 YET 
LOG (lattice-best-path[5.0.23~1-f7b2f]:main():lattice-best-path.cc:99) For utterance PARTICPANT84596-081, best cost 120.904 + 9121.54 = 9242.44 over 798 frames.
PARTICPANT84596-081 IN DOLLARS AND YEAH YEAH IDEA WEEKEND LITTLE TRIPS AND THAT YEAH 
LOG (lattice-best-path[5.0.23~1-f7b2f]:main():lattice-best-path.cc:99) For utterance PARTICPANT84596-083, best cost 48.2799 + 2232.86 = 2281.14 over 188 frames.
PARTICPANT84596-083 TO IT WEEKEND BEING CITY 
LOG (lattice-best-path[5.0.23~1-f7b2f]:main():lattice-best-path.cc:99) For utterance PARTICPANT84596-085, best cost 11.3252 + 624.978 = 636.303 over 58 frames.
PARTICPANT84596-085 YEAH 
LOG (lattice-best-path[5.0.23~1-f7b2f]:main():lattice-best-path.cc:99) For utterance PARTICPANT84596-087, best cost 25.221 + 1273.67 = 1298.89 over 108 frames.
PARTICPANT84596-087 ARE EXCITED 
LOG (lattice-best-path[5.0.23~1-f7b2f]:main():lattice-best-path.cc:99) For utterance PARTICPANT84596-090, best cost 23.7927 + 1511.32 = 1535.11 over 128 frames.
PARTICPANT84596-090 ISH YEAH 
LOG (lattice-scale[5.0.23~1-f7b2f]:main():lattice-scale.cc:90) Done 46 lattices.
LOG (lattice-best-path[5.0.23~1-f7b2f]:main():lattice-best-path.cc:99) For utterance PARTICPANT84596-092, best cost 53.9582 + 4339.31 = 4393.27 over 373 frames.
PARTICPANT84596-092 INTERESTING THAT IT AND NICE 
LOG (lattice-add-penalty[5.0.23~1-f7b2f]:main():lattice-add-penalty.cc:62) Done adding word insertion penalty to 46 lattices.
LOG (lattice-best-path[5.0.23~1-f7b2f]:main():lattice-best-path.cc:99) For utterance PARTICPANT84596-095, best cost 17.4598 + 553.798 = 571.258 over 48 frames.
PARTICPANT84596-095 YEAH YOU 
LOG (lattice-best-path[5.0.23~1-f7b2f]:main():lattice-best-path.cc:124) Overall cost per frame is 11.6798 = 0.179529 [graph] + 11.5002 [acoustic] over 11037 frames.
LOG (lattice-best-path[5.0.23~1-f7b2f]:main():lattice-best-path.cc:128) Done 46 lattices, failed for 0
# Accounting: time=5 threads=1
# Ended (code 0) at Mon Jan 28 18:44:59 EST 2019, elapsed time 5 seconds
