# gunzip -c /z/mkperez/PremanifestHD-classification/Data/Spont-Speech/set5/exp/mono_ali_clinician/decode/depth_stats_tmp.*.gz | steps/diagnostic/analyze_lattice_depth_stats.py /z/mkperez/PremanifestHD-classification/Data/Spont-Speech/set5/exp/mono_ali_clinician/graph 
# Started at Mon Jan 28 18:54:21 EST 2019
#
The total amount of data analyzed assuming 100 frames per second is 0.0 hours
Overall, lattice depth (10,50,90-percentile)=(63,345,1884) and mean=955.0
Nonsilence phones as a group account for 63.3% of frames, with lattice depth (10,50,90-percentile)=(63,369,1637) and mean=702.2
Phone sil accounts for 36.7% of frames, with lattice depth (10,50,90-percentile)=(67,270,3579) and mean=1391.5
Phone ah_I accounts for 3.6% of frames, with lattice depth (10,50,90-percentile)=(67,316,593) and mean=350.2
Phone eh_I accounts for 3.3% of frames, with lattice depth (10,50,90-percentile)=(72,243,1020) and mean=558.9
Phone l_E accounts for 2.9% of frames, with lattice depth (10,50,90-percentile)=(7,142,947) and mean=252.0
Phone ah_B accounts for 2.9% of frames, with lattice depth (10,50,90-percentile)=(72,777,1737) and mean=747.7
Phone n_I accounts for 2.9% of frames, with lattice depth (10,50,90-percentile)=(63,479,1687) and mean=639.2
Phone w_B accounts for 2.6% of frames, with lattice depth (10,50,90-percentile)=(21,181,1187) and mean=432.5
Phone t_E accounts for 2.5% of frames, with lattice depth (10,50,90-percentile)=(206,341,2024) and mean=768.6
Phone l_B accounts for 2.4% of frames, with lattice depth (10,50,90-percentile)=(57,569,1306) and mean=818.2
Phone d_E accounts for 2.2% of frames, with lattice depth (10,50,90-percentile)=(13,423,1821) and mean=623.7
Phone l_I accounts for 2.2% of frames, with lattice depth (10,50,90-percentile)=(100,314,463) and mean=296.1
Phone ao_I accounts for 2.0% of frames, with lattice depth (10,50,90-percentile)=(75,844,6936) and mean=2546.9
Phone ih_B accounts for 1.9% of frames, with lattice depth (10,50,90-percentile)=(63,214,1233) and mean=391.7
Phone iy_I accounts for 1.9% of frames, with lattice depth (10,50,90-percentile)=(8,346,607) and mean=333.4
Phone r_I accounts for 1.8% of frames, with lattice depth (10,50,90-percentile)=(43,324,662) and mean=357.9
Phone ah_E accounts for 1.7% of frames, with lattice depth (10,50,90-percentile)=(108,139,1678) and mean=401.3
Phone t_B accounts for 1.6% of frames, with lattice depth (10,50,90-percentile)=(114,508,818) and mean=481.9
Phone ow_E accounts for 1.5% of frames, with lattice depth (10,50,90-percentile)=(73,638,1664) and mean=837.4
Phone y_B accounts for 1.4% of frames, with lattice depth (10,50,90-percentile)=(19,969,3234) and mean=1470.9
Phone s_E accounts for 1.2% of frames, with lattice depth (10,50,90-percentile)=(270,297,2214) and mean=1201.5
Phone s_B accounts for 1.1% of frames, with lattice depth (10,50,90-percentile)=(344,486,586) and mean=490.9
Phone t_I accounts for 1.1% of frames, with lattice depth (10,50,90-percentile)=(32,57,658) and mean=224.8
Phone ow_S accounts for 1.0% of frames, with lattice depth (10,50,90-percentile)=(101,8874,9627) and mean=6089.3
Phone ay_I accounts for 1.0% of frames, with lattice depth (10,50,90-percentile)=(87,173,500) and mean=225.9
Phone iy_E accounts for 1.0% of frames, with lattice depth (10,50,90-percentile)=(42,222,1775) and mean=627.0
Phone iy_S accounts for 0.9% of frames, with lattice depth (10,50,90-percentile)=(145,265,5220) and mean=1684.9
Phone n_E accounts for 0.8% of frames, with lattice depth (10,50,90-percentile)=(29,152,1221) and mean=450.9
Phone m_I accounts for 0.8% of frames, with lattice depth (10,50,90-percentile)=(230,334,650) and mean=391.0
Phone ey_I accounts for 0.7% of frames, with lattice depth (10,50,90-percentile)=(100,184,964) and mean=381.8
Phone dh_B accounts for 0.7% of frames, with lattice depth (10,50,90-percentile)=(81,114,2489) and mean=732.4
Phone k_I accounts for 0.7% of frames, with lattice depth (10,50,90-percentile)=(8,68,538) and mean=146.8
Phone z_E accounts for 0.7% of frames, with lattice depth (10,50,90-percentile)=(210,500,1063) and mean=535.7
Phone s_I accounts for 0.7% of frames, with lattice depth (10,50,90-percentile)=(32,423,3917) and mean=888.1
Phone aa_I accounts for 0.6% of frames, with lattice depth (10,50,90-percentile)=(648,664,664) and mean=661.0
Phone er_E accounts for 0.6% of frames, with lattice depth (10,50,90-percentile)=(75,468,753) and mean=450.9
Phone ih_I accounts for 0.6% of frames, with lattice depth (10,50,90-percentile)=(7,126,661) and mean=183.7
Phone r_E accounts for 0.6% of frames, with lattice depth (10,50,90-percentile)=(24,72,539) and mean=207.5
Phone f_B accounts for 0.5% of frames, with lattice depth (10,50,90-percentile)=(91,513,909) and mean=528.8
Phone ng_E accounts for 0.5% of frames, with lattice depth (10,50,90-percentile)=(178,415,689) and mean=417.0
# Accounting: time=0 threads=1
# Ended (code 0) at Mon Jan 28 18:54:21 EST 2019, elapsed time 0 seconds
