# lattice-scale --inv-acoustic-scale=10 "ark:gunzip -c /z/mkperez/PremanifestHD-classification/Data/Spont-Speech/set5/exp/mono_ali_clinician/decode/lat.*.gz|" ark:- | lattice-add-penalty --word-ins-penalty=0.0 ark:- ark:- | lattice-best-path --word-symbol-table=/z/mkperez/PremanifestHD-classification/Data/Spont-Speech/set5/exp/mono_ali_clinician/graph/words.txt ark:- ark,t:- | utils/int2sym.pl -f 2- /z/mkperez/PremanifestHD-classification/Data/Spont-Speech/set5/exp/mono_ali_clinician/graph/words.txt | local/wer_hyp_filter > /z/mkperez/PremanifestHD-classification/Data/Spont-Speech/set5/exp/mono_ali_clinician/decode/scoring_kaldi/penalty_0.0/10.txt 
# Started at Mon Jan 28 18:54:21 EST 2019
#
lattice-add-penalty --word-ins-penalty=0.0 ark:- ark:- 
lattice-scale --inv-acoustic-scale=10 'ark:gunzip -c /z/mkperez/PremanifestHD-classification/Data/Spont-Speech/set5/exp/mono_ali_clinician/decode/lat.*.gz|' ark:- 
lattice-best-path --word-symbol-table=/z/mkperez/PremanifestHD-classification/Data/Spont-Speech/set5/exp/mono_ali_clinician/graph/words.txt ark:- ark,t:- 
LOG (lattice-best-path[5.0.23~1-f7b2f]:main():lattice-best-path.cc:99) For utterance PARTICIPANT69573-001, best cost 112.383 + 6444.74 = 6557.12 over 728 frames.
PARTICIPANT69573-001 I'M LIONS I IN LAST FORMULA IT WAIT QUARTER LIKE THERE 
LOG (lattice-best-path[5.0.23~1-f7b2f]:main():lattice-best-path.cc:99) For utterance PARTICIPANT69573-003, best cost 15.0797 + 882.347 = 897.427 over 93 frames.
PARTICIPANT69573-003 WEEKEND 
LOG (lattice-best-path[5.0.23~1-f7b2f]:main():lattice-best-path.cc:99) For utterance PARTICIPANT69573-005, best cost 59.3069 + 2475.66 = 2534.97 over 261 frames.
PARTICIPANT69573-005 WHAT REALLY QUICKEN WELL FOR THEY 
LOG (lattice-best-path[5.0.23~1-f7b2f]:main():lattice-best-path.cc:99) For utterance PARTICIPANT69573-007, best cost 70.9727 + 3487.57 = 3558.54 over 389 frames.
PARTICIPANT69573-007 THAT YES WE YOU ONLY TELL WELL WEDDING 
LOG (lattice-best-path[5.0.23~1-f7b2f]:main():lattice-best-path.cc:99) For utterance PARTICIPANT69573-009, best cost 47.5405 + 2933.7 = 2981.24 over 318 frames.
PARTICIPANT69573-009 ONLY IT AND AND TRYING 
LOG (lattice-best-path[5.0.23~1-f7b2f]:main():lattice-best-path.cc:99) For utterance PARTICIPANT69573-011, best cost 24.9808 + 904.063 = 929.043 over 98 frames.
PARTICIPANT69573-011 KNOW WEEKEND TO 
LOG (lattice-best-path[5.0.23~1-f7b2f]:main():lattice-best-path.cc:99) For utterance PARTICIPANT69573-013, best cost 15.7839 + 1217.3 = 1233.08 over 138 frames.
PARTICIPANT69573-013 LITTLE 
LOG (lattice-best-path[5.0.23~1-f7b2f]:main():lattice-best-path.cc:99) For utterance PARTICIPANT69573-015, best cost 17.5444 + 1437.77 = 1455.32 over 168 frames.
PARTICIPANT69573-015 RAISED 
LOG (lattice-best-path[5.0.23~1-f7b2f]:main():lattice-best-path.cc:99) For utterance PARTICIPANT69573-017, best cost 89.6382 + 5537.19 = 5626.83 over 598 frames.
PARTICIPANT69573-017 MY ALWAYS WELL WE'LL THE LITTLE FOR I'M FLORIDA 
LOG (lattice-best-path[5.0.23~1-f7b2f]:main():lattice-best-path.cc:99) For utterance PARTICIPANT69573-019, best cost 15.2438 + 879.207 = 894.451 over 98 frames.
PARTICIPANT69573-019 HISTORY 
LOG (lattice-best-path[5.0.23~1-f7b2f]:main():lattice-best-path.cc:99) For utterance PARTICIPANT69573-021, best cost 9.95134 + 476.294 = 486.245 over 53 frames.
PARTICIPANT69573-021 TO 
LOG (lattice-best-path[5.0.23~1-f7b2f]:main():lattice-best-path.cc:99) For utterance PARTICIPANT69573-023, best cost 157.14 + 9726.96 = 9884.1 over 1098 frames.
PARTICIPANT69573-023 IT I KNOW WAS READ SO LOAN AND LOT SOMETHING MARRIED ELEMENTARY TO AND AND LATER AND 
LOG (lattice-best-path[5.0.23~1-f7b2f]:main():lattice-best-path.cc:99) For utterance PARTICIPANT69573-025, best cost 10.2747 + 586.916 = 597.19 over 68 frames.
PARTICIPANT69573-025 OH 
LOG (lattice-best-path[5.0.23~1-f7b2f]:main():lattice-best-path.cc:99) For utterance PARTICIPANT69573-027, best cost 28.874 + 1628.91 = 1657.78 over 175 frames.
PARTICIPANT69573-027 YES THE IT 
LOG (lattice-best-path[5.0.23~1-f7b2f]:main():lattice-best-path.cc:99) For utterance PARTICIPANT69573-029, best cost 37.5087 + 2869.44 = 2906.95 over 334 frames.
PARTICIPANT69573-029 A I I ASSESSMENTS 
LOG (lattice-best-path[5.0.23~1-f7b2f]:main():lattice-best-path.cc:99) For utterance PARTICIPANT69573-031, best cost 61.1412 + 5084.62 = 5145.76 over 584 frames.
PARTICIPANT69573-031 WELL I OH LAST I WEEKEND AND 
LOG (lattice-best-path[5.0.23~1-f7b2f]:main():lattice-best-path.cc:99) For utterance PARTICIPANT69573-033, best cost 28.0631 + 1119.72 = 1147.78 over 124 frames.
PARTICIPANT69573-033 SUMMER SEEN 
LOG (lattice-best-path[5.0.23~1-f7b2f]:main():lattice-best-path.cc:99) For utterance PARTICIPANT69573-035, best cost 21.2216 + 1075.66 = 1096.88 over 118 frames.
PARTICIPANT69573-035 IT LAST 
LOG (lattice-best-path[5.0.23~1-f7b2f]:main():lattice-best-path.cc:99) For utterance PARTICIPANT69573-037, best cost 33.2291 + 1796.13 = 1829.36 over 195 frames.
PARTICIPANT69573-037 AND TREATMENT AND 
LOG (lattice-scale[5.0.23~1-f7b2f]:main():lattice-scale.cc:90) Done 20 lattices.
LOG (lattice-add-penalty[5.0.23~1-f7b2f]:main():lattice-add-penalty.cc:62) Done adding word insertion penalty to 20 lattices.
LOG (lattice-best-path[5.0.23~1-f7b2f]:main():lattice-best-path.cc:99) For utterance PARTICIPANT69573-039, best cost 25.6952 + 1932.84 = 1958.53 over 204 frames.
PARTICIPANT69573-039 INTRODUCTIONS LIKE 
LOG (lattice-best-path[5.0.23~1-f7b2f]:main():lattice-best-path.cc:124) Overall cost per frame is 9.13704 = 0.150903 [graph] + 8.98614 [acoustic] over 5842 frames.
LOG (lattice-best-path[5.0.23~1-f7b2f]:main():lattice-best-path.cc:128) Done 20 lattices, failed for 0
# Accounting: time=3 threads=1
# Ended (code 0) at Mon Jan 28 18:54:24 EST 2019, elapsed time 3 seconds
