# lattice-scale --inv-acoustic-scale=7 "ark:gunzip -c /z/mkperez/PremanifestHD-classification/Data/Spont-Speech/set6/exp/mono_ali_clinician/decode/lat.*.gz|" ark:- | lattice-add-penalty --word-ins-penalty=0.0 ark:- ark:- | lattice-best-path --word-symbol-table=/z/mkperez/PremanifestHD-classification/Data/Spont-Speech/set6/exp/mono_ali_clinician/graph/words.txt ark:- ark,t:- | utils/int2sym.pl -f 2- /z/mkperez/PremanifestHD-classification/Data/Spont-Speech/set6/exp/mono_ali_clinician/graph/words.txt | local/wer_hyp_filter > /z/mkperez/PremanifestHD-classification/Data/Spont-Speech/set6/exp/mono_ali_clinician/decode/scoring_kaldi/penalty_0.0/7.txt 
# Started at Mon Jan 28 18:56:15 EST 2019
#
lattice-add-penalty --word-ins-penalty=0.0 ark:- ark:- 
lattice-best-path --word-symbol-table=/z/mkperez/PremanifestHD-classification/Data/Spont-Speech/set6/exp/mono_ali_clinician/graph/words.txt ark:- ark,t:- 
lattice-scale --inv-acoustic-scale=7 'ark:gunzip -c /z/mkperez/PremanifestHD-classification/Data/Spont-Speech/set6/exp/mono_ali_clinician/decode/lat.*.gz|' ark:- 
LOG (lattice-best-path[5.0.23~1-f7b2f]:main():lattice-best-path.cc:99) For utterance PARTICIPANT29758-001, best cost 78.199 + 5781.49 = 5859.69 over 432 frames.
PARTICIPANT29758-001 I WE WEEKEND HAVE LOAN DOES FORTY AND 
LOG (lattice-best-path[5.0.23~1-f7b2f]:main():lattice-best-path.cc:99) For utterance PARTICIPANT29758-003, best cost 98.1391 + 6604.17 = 6702.31 over 488 frames.
PARTICIPANT29758-003 FINALLY FOR CAUSE GET I CAUSE O'CLOCK THAT ACTUALLY 
LOG (lattice-best-path[5.0.23~1-f7b2f]:main():lattice-best-path.cc:99) For utterance PARTICIPANT29758-005, best cost 39.3622 + 2431.15 = 2470.51 over 173 frames.
PARTICIPANT29758-005 COOL SEEN WEEKEND WE 
LOG (lattice-best-path[5.0.23~1-f7b2f]:main():lattice-best-path.cc:99) For utterance PARTICIPANT29758-007, best cost 54.8194 + 2734.63 = 2789.45 over 198 frames.
PARTICIPANT29758-007 I A WENT WEEK WAS THAT 
LOG (lattice-best-path[5.0.23~1-f7b2f]:main():lattice-best-path.cc:99) For utterance PARTICIPANT29758-009, best cost 75.5605 + 4470.18 = 4545.75 over 328 frames.
PARTICIPANT29758-009 A FAMILY BE TONIGHT THE NICE LANDLORD AND 
LOG (lattice-scale[5.0.23~1-f7b2f]:main():lattice-scale.cc:90) Done 8 lattices.
LOG (lattice-best-path[5.0.23~1-f7b2f]:main():lattice-best-path.cc:99) For utterance PARTICIPANT29758-011, best cost 192.287 + 14612.6 = 14804.9 over 1111 frames.
PARTICIPANT29758-011 A DIDN'T IF LIKE GOLF WE THE OKAY I YES FIRST KNOW CANADA DO I FUN NEXT CREATE WAS WEEKEND 
LOG (lattice-best-path[5.0.23~1-f7b2f]:main():lattice-best-path.cc:99) For utterance PARTICIPANT29758-013, best cost 16.7664 + 928.05 = 944.816 over 67 frames.
PARTICIPANT29758-013 THE WHAT 
LOG (lattice-add-penalty[5.0.23~1-f7b2f]:main():lattice-add-penalty.cc:62) Done adding word insertion penalty to 8 lattices.
LOG (lattice-best-path[5.0.23~1-f7b2f]:main():lattice-best-path.cc:99) For utterance PARTICIPANT29758-015, best cost 30.1318 + 2075.36 = 2105.5 over 148 frames.
PARTICIPANT29758-015 AND I REALLY 
LOG (lattice-best-path[5.0.23~1-f7b2f]:main():lattice-best-path.cc:124) Overall cost per frame is 13.658 = 0.198732 [graph] + 13.4593 [acoustic] over 2945 frames.
LOG (lattice-best-path[5.0.23~1-f7b2f]:main():lattice-best-path.cc:128) Done 8 lattices, failed for 0
# Accounting: time=1 threads=1
# Ended (code 0) at Mon Jan 28 18:56:16 EST 2019, elapsed time 1 seconds
