# lattice-scale --inv-acoustic-scale=16 "ark:gunzip -c /z/mkperez/PremanifestHD-classification/Data/Spont-Speech/set6/exp/mono_ali_clinician/decode/lat.*.gz|" ark:- | lattice-add-penalty --word-ins-penalty=0.0 ark:- ark:- | lattice-best-path --word-symbol-table=/z/mkperez/PremanifestHD-classification/Data/Spont-Speech/set6/exp/mono_ali_clinician/graph/words.txt ark:- ark,t:- | utils/int2sym.pl -f 2- /z/mkperez/PremanifestHD-classification/Data/Spont-Speech/set6/exp/mono_ali_clinician/graph/words.txt | local/wer_hyp_filter > /z/mkperez/PremanifestHD-classification/Data/Spont-Speech/set6/exp/mono_ali_clinician/decode/scoring_kaldi/penalty_0.0/16.txt 
# Started at Mon Jan 28 18:56:15 EST 2019
#
lattice-best-path --word-symbol-table=/z/mkperez/PremanifestHD-classification/Data/Spont-Speech/set6/exp/mono_ali_clinician/graph/words.txt ark:- ark,t:- 
lattice-add-penalty --word-ins-penalty=0.0 ark:- ark:- 
lattice-scale --inv-acoustic-scale=16 'ark:gunzip -c /z/mkperez/PremanifestHD-classification/Data/Spont-Speech/set6/exp/mono_ali_clinician/decode/lat.*.gz|' ark:- 
LOG (lattice-best-path[5.0.23~1-f7b2f]:main():lattice-best-path.cc:99) For utterance PARTICIPANT29758-001, best cost 55.9895 + 2544.9 = 2600.89 over 432 frames.
PARTICIPANT29758-001 WE WEEKEND HAVE PLANS WEEKEND 
LOG (lattice-best-path[5.0.23~1-f7b2f]:main():lattice-best-path.cc:99) For utterance PARTICIPANT29758-003, best cost 72.5857 + 2905.57 = 2978.15 over 488 frames.
PARTICIPANT29758-003 FINALLY FROM EXACTLY CLINICAL EXACTLY 
LOG (lattice-best-path[5.0.23~1-f7b2f]:main():lattice-best-path.cc:99) For utterance PARTICIPANT29758-005, best cost 27.2897 + 1069.35 = 1096.64 over 173 frames.
PARTICIPANT29758-005 CLINICAL I 
LOG (lattice-best-path[5.0.23~1-f7b2f]:main():lattice-best-path.cc:99) For utterance PARTICIPANT29758-007, best cost 37.3962 + 1208.28 = 1245.68 over 198 frames.
PARTICIPANT29758-007 ONE WEEKEND THAT 
LOG (lattice-best-path[5.0.23~1-f7b2f]:main():lattice-best-path.cc:99) For utterance PARTICIPANT29758-009, best cost 42.946 + 1976.62 = 2019.57 over 328 frames.
PARTICIPANT29758-009 WEEKEND NICE LANDLORD 
LOG (lattice-scale[5.0.23~1-f7b2f]:main():lattice-scale.cc:90) Done 8 lattices.
LOG (lattice-best-path[5.0.23~1-f7b2f]:main():lattice-best-path.cc:99) For utterance PARTICIPANT29758-011, best cost 128.328 + 6441.38 = 6569.71 over 1111 frames.
PARTICIPANT29758-011 THE LIKE MOSTLY THE I AND WEEKEND AND SIGNIFICANT CREATE WEEKEND 
LOG (lattice-best-path[5.0.23~1-f7b2f]:main():lattice-best-path.cc:99) For utterance PARTICIPANT29758-013, best cost 12.6974 + 409.907 = 422.605 over 67 frames.
PARTICIPANT29758-013 WHAT 
LOG (lattice-add-penalty[5.0.23~1-f7b2f]:main():lattice-add-penalty.cc:62) Done adding word insertion penalty to 8 lattices.
LOG (lattice-best-path[5.0.23~1-f7b2f]:main():lattice-best-path.cc:99) For utterance PARTICIPANT29758-015, best cost 30.1318 + 907.972 = 938.104 over 148 frames.
PARTICIPANT29758-015 AND I REALLY 
LOG (lattice-best-path[5.0.23~1-f7b2f]:main():lattice-best-path.cc:124) Overall cost per frame is 6.06837 = 0.138324 [graph] + 5.93005 [acoustic] over 2945 frames.
LOG (lattice-best-path[5.0.23~1-f7b2f]:main():lattice-best-path.cc:128) Done 8 lattices, failed for 0
# Accounting: time=1 threads=1
# Ended (code 0) at Mon Jan 28 18:56:16 EST 2019, elapsed time 1 seconds
