# lattice-scale --inv-acoustic-scale=10 "ark:gunzip -c /z/mkperez/PremanifestHD-classification/Data/Spont-Speech/set16/exp/mono_ali_clinician/decode/lat.*.gz|" ark:- | lattice-add-penalty --word-ins-penalty=0.0 ark:- ark:- | lattice-best-path --word-symbol-table=/z/mkperez/PremanifestHD-classification/Data/Spont-Speech/set16/exp/mono_ali_clinician/graph/words.txt ark:- ark,t:- | utils/int2sym.pl -f 2- /z/mkperez/PremanifestHD-classification/Data/Spont-Speech/set16/exp/mono_ali_clinician/graph/words.txt | local/wer_hyp_filter > /z/mkperez/PremanifestHD-classification/Data/Spont-Speech/set16/exp/mono_ali_clinician/decode/scoring_kaldi/penalty_0.0/10.txt 
# Started at Mon Jan 28 18:37:55 EST 2019
#
lattice-best-path --word-symbol-table=/z/mkperez/PremanifestHD-classification/Data/Spont-Speech/set16/exp/mono_ali_clinician/graph/words.txt ark:- ark,t:- 
lattice-add-penalty --word-ins-penalty=0.0 ark:- ark:- 
lattice-scale --inv-acoustic-scale=10 'ark:gunzip -c /z/mkperez/PremanifestHD-classification/Data/Spont-Speech/set16/exp/mono_ali_clinician/decode/lat.*.gz|' ark:- 
LOG (lattice-best-path[5.0.23~1-f7b2f]:main():lattice-best-path.cc:99) For utterance PARTICIPANT87083-001, best cost 43.0063 + 2163.36 = 2206.37 over 238 frames.
PARTICIPANT87083-001 YES READ LIKE YOUR 
LOG (lattice-best-path[5.0.23~1-f7b2f]:main():lattice-best-path.cc:99) For utterance PARTICIPANT87083-003, best cost 71.6894 + 4574.12 = 4645.81 over 478 frames.
PARTICIPANT87083-003 NOW ALWAYS FOR FOR PETS TO THE 
LOG (lattice-best-path[5.0.23~1-f7b2f]:main():lattice-best-path.cc:99) For utterance PARTICIPANT87083-005, best cost 137.761 + 8086.12 = 8223.88 over 838 frames.
PARTICIPANT87083-005 THEN SHUTTERS I HAVEN'T WENT WE DECIDED THE EXPECTING LIKE TO WENT THEN 
LOG (lattice-best-path[5.0.23~1-f7b2f]:main():lattice-best-path.cc:99) For utterance PARTICIPANT87083-007, best cost 50.0761 + 2839.62 = 2889.7 over 298 frames.
PARTICIPANT87083-007 TO ANY YOU TEST IT'S 
LOG (lattice-best-path[5.0.23~1-f7b2f]:main():lattice-best-path.cc:99) For utterance PARTICIPANT87083-009, best cost 84.4708 + 5125.4 = 5209.87 over 572 frames.
PARTICIPANT87083-009 WHATEVER PERFECT A TRYING HOW AMAZING DATA 
LOG (lattice-best-path[5.0.23~1-f7b2f]:main():lattice-best-path.cc:99) For utterance PARTICIPANT87083-012, best cost 14.5658 + 684.902 = 699.468 over 68 frames.
PARTICIPANT87083-012 RIGHT 
LOG (lattice-best-path[5.0.23~1-f7b2f]:main():lattice-best-path.cc:99) For utterance PARTICIPANT87083-014, best cost 29.6916 + 1355.97 = 1385.66 over 148 frames.
PARTICIPANT87083-014 AND ARMY AND 
LOG (lattice-best-path[5.0.23~1-f7b2f]:main():lattice-best-path.cc:99) For utterance PARTICIPANT87083-016, best cost 98.6857 + 5272.91 = 5371.6 over 568 frames.
PARTICIPANT87083-016 THE ENGINEERS WAS IMMEDIATELY PLUMBER HOLIDAY LAST WAS A 
LOG (lattice-best-path[5.0.23~1-f7b2f]:main():lattice-best-path.cc:99) For utterance PARTICIPANT87083-018, best cost 38.5613 + 1856.76 = 1895.32 over 208 frames.
PARTICIPANT87083-018 FAMILY YEAH NEVER YEAH 
LOG (lattice-best-path[5.0.23~1-f7b2f]:main():lattice-best-path.cc:99) For utterance PARTICIPANT87083-020, best cost 47.7955 + 2478.88 = 2526.67 over 258 frames.
PARTICIPANT87083-020 AT RIGHT WRITING CITY 
LOG (lattice-best-path[5.0.23~1-f7b2f]:main():lattice-best-path.cc:99) For utterance PARTICIPANT87083-022, best cost 74.9318 + 4580.05 = 4654.98 over 478 frames.
PARTICIPANT87083-022 ALL THE IT I USING A DO I YEAH 
LOG (lattice-best-path[5.0.23~1-f7b2f]:main():lattice-best-path.cc:99) For utterance PARTICIPANT87083-024, best cost 28.8136 + 1624.96 = 1653.77 over 178 frames.
PARTICIPANT87083-024 TREATMENT YES 
LOG (lattice-best-path[5.0.23~1-f7b2f]:main():lattice-best-path.cc:99) For utterance PARTICIPANT87083-026, best cost 19.8763 + 978.475 = 998.352 over 108 frames.
PARTICIPANT87083-026 SO REALLY 
LOG (lattice-best-path[5.0.23~1-f7b2f]:main():lattice-best-path.cc:99) For utterance PARTICIPANT87083-028, best cost 20.549 + 848.775 = 869.324 over 88 frames.
PARTICIPANT87083-028 WE FROM 
LOG (lattice-best-path[5.0.23~1-f7b2f]:main():lattice-best-path.cc:99) For utterance PARTICIPANT87083-030, best cost 53.3612 + 3268.41 = 3321.77 over 358 frames.
PARTICIPANT87083-030 ON PURPOSES MISERABLE WELL 
LOG (lattice-best-path[5.0.23~1-f7b2f]:main():lattice-best-path.cc:99) For utterance PARTICIPANT87083-032, best cost 18.8746 + 660.201 = 679.075 over 68 frames.
PARTICIPANT87083-032 HOUSE THAT 
LOG (lattice-best-path[5.0.23~1-f7b2f]:main():lattice-best-path.cc:99) For utterance PARTICIPANT87083-034, best cost 82.2366 + 4211.07 = 4293.3 over 448 frames.
PARTICIPANT87083-034 ALRIGHT INTERESTING CAN TO SO FOR WEEKEND NICE TO 
LOG (lattice-best-path[5.0.23~1-f7b2f]:main():lattice-best-path.cc:99) For utterance PARTICIPANT87083-036, best cost 16.8318 + 556.702 = 573.534 over 58 frames.
PARTICIPANT87083-036 THE ANY 
LOG (lattice-best-path[5.0.23~1-f7b2f]:main():lattice-best-path.cc:99) For utterance PARTICIPANT87083-038, best cost 44.5891 + 1967.13 = 2011.72 over 218 frames.
PARTICIPANT87083-038 HE'LL WAS FROM AUDITING 
LOG (lattice-best-path[5.0.23~1-f7b2f]:main():lattice-best-path.cc:99) For utterance PARTICIPANT87083-040, best cost 53.9827 + 2561.34 = 2615.32 over 278 frames.
PARTICIPANT87083-040 AND NOT COAST ANTI START 
LOG (lattice-best-path[5.0.23~1-f7b2f]:main():lattice-best-path.cc:99) For utterance PARTICIPANT87083-042, best cost 55.4589 + 2454.11 = 2509.57 over 258 frames.
PARTICIPANT87083-042 RECOMMEND WAS COMPANIES SELL I 
LOG (lattice-best-path[5.0.23~1-f7b2f]:main():lattice-best-path.cc:99) For utterance PARTICIPANT87083-044, best cost 26.0365 + 1646.06 = 1672.1 over 178 frames.
PARTICIPANT87083-044 YEAH ELEMENTARY 
LOG (lattice-best-path[5.0.23~1-f7b2f]:main():lattice-best-path.cc:99) For utterance PARTICIPANT87083-047, best cost 20.8394 + 789.79 = 810.629 over 88 frames.
PARTICIPANT87083-047 A TUESDAY 
LOG (lattice-best-path[5.0.23~1-f7b2f]:main():lattice-best-path.cc:99) For utterance PARTICIPANT87083-049, best cost 39.3402 + 1854.68 = 1894.02 over 208 frames.
PARTICIPANT87083-049 I BEING FANCY A 
LOG (lattice-best-path[5.0.23~1-f7b2f]:main():lattice-best-path.cc:99) For utterance PARTICIPANT87083-051, best cost 35.0395 + 1863.7 = 1898.74 over 193 frames.
PARTICIPANT87083-051 VACATIONS FOR REALLY 
LOG (lattice-best-path[5.0.23~1-f7b2f]:main():lattice-best-path.cc:99) For utterance PARTICIPANT87083-053, best cost 80.9787 + 5009.72 = 5090.7 over 548 frames.
PARTICIPANT87083-053 THAT LIKE UNDERSTANDING AT RECORD WANT WEEKEND 
LOG (lattice-best-path[5.0.23~1-f7b2f]:main():lattice-best-path.cc:99) For utterance PARTICIPANT87083-055, best cost 49.1117 + 2805.82 = 2854.94 over 288 frames.
PARTICIPANT87083-055 YET TO TONIGHT YEAH IN 
LOG (lattice-best-path[5.0.23~1-f7b2f]:main():lattice-best-path.cc:99) For utterance PARTICIPANT87083-057, best cost 10.4835 + 317.525 = 328.009 over 33 frames.
PARTICIPANT87083-057 HAVE 
LOG (lattice-best-path[5.0.23~1-f7b2f]:main():lattice-best-path.cc:99) For utterance PARTICIPANT87083-059, best cost 92.245 + 4412.1 = 4504.35 over 478 frames.
PARTICIPANT87083-059 LAST ON FROM ARE CAUSE DOING MY AND I ANY 
LOG (lattice-best-path[5.0.23~1-f7b2f]:main():lattice-best-path.cc:99) For utterance PARTICIPANT87083-061, best cost 65.7565 + 3380.06 = 3445.82 over 358 frames.
PARTICIPANT87083-061 AND LIKE BEFORE CAN TO WAS AND I 
LOG (lattice-best-path[5.0.23~1-f7b2f]:main():lattice-best-path.cc:99) For utterance PARTICIPANT87083-063, best cost 43.9011 + 1695.92 = 1739.83 over 178 frames.
PARTICIPANT87083-063 ANY WEEKEND WE'VE OUR 
LOG (lattice-scale[5.0.23~1-f7b2f]:main():lattice-scale.cc:90) Done 32 lattices.
LOG (lattice-add-penalty[5.0.23~1-f7b2f]:main():lattice-add-penalty.cc:62) Done adding word insertion penalty to 32 lattices.
LOG (lattice-best-path[5.0.23~1-f7b2f]:main():lattice-best-path.cc:99) For utterance PARTICIPANT87083-065, best cost 54.8593 + 2799.03 = 2853.89 over 298 frames.
PARTICIPANT87083-065 AND KNOW WEEKEND DIRECTORS WELL AND 
LOG (lattice-best-path[5.0.23~1-f7b2f]:main():lattice-best-path.cc:124) Overall cost per frame is 9.52848 = 0.177086 [graph] + 9.3514 [acoustic] over 9060 frames.
LOG (lattice-best-path[5.0.23~1-f7b2f]:main():lattice-best-path.cc:128) Done 32 lattices, failed for 0
# Accounting: time=3 threads=1
# Ended (code 0) at Mon Jan 28 18:37:58 EST 2019, elapsed time 3 seconds
