# lattice-scale --inv-acoustic-scale=13 "ark:gunzip -c /z/mkperez/PremanifestHD-classification/Data/Spont-Speech/set16/exp/mono_ali_clinician/decode/lat.*.gz|" ark:- | lattice-add-penalty --word-ins-penalty=0.0 ark:- ark:- | lattice-best-path --word-symbol-table=/z/mkperez/PremanifestHD-classification/Data/Spont-Speech/set16/exp/mono_ali_clinician/graph/words.txt ark:- ark,t:- | utils/int2sym.pl -f 2- /z/mkperez/PremanifestHD-classification/Data/Spont-Speech/set16/exp/mono_ali_clinician/graph/words.txt | local/wer_hyp_filter > /z/mkperez/PremanifestHD-classification/Data/Spont-Speech/set16/exp/mono_ali_clinician/decode/scoring_kaldi/penalty_0.0/13.txt 
# Started at Mon Jan 28 18:37:55 EST 2019
#
lattice-add-penalty --word-ins-penalty=0.0 ark:- ark:- 
lattice-best-path --word-symbol-table=/z/mkperez/PremanifestHD-classification/Data/Spont-Speech/set16/exp/mono_ali_clinician/graph/words.txt ark:- ark,t:- 
lattice-scale --inv-acoustic-scale=13 'ark:gunzip -c /z/mkperez/PremanifestHD-classification/Data/Spont-Speech/set16/exp/mono_ali_clinician/decode/lat.*.gz|' ark:- 
LOG (lattice-best-path[5.0.23~1-f7b2f]:main():lattice-best-path.cc:99) For utterance PARTICIPANT87083-001, best cost 36.5967 + 1669.5 = 1706.1 over 238 frames.
PARTICIPANT87083-001 YES REALLY YOUR 
LOG (lattice-best-path[5.0.23~1-f7b2f]:main():lattice-best-path.cc:99) For utterance PARTICIPANT87083-003, best cost 64.863 + 3525.16 = 3590.03 over 478 frames.
PARTICIPANT87083-003 AND LONGER FOR PETS TO THE 
LOG (lattice-best-path[5.0.23~1-f7b2f]:main():lattice-best-path.cc:99) For utterance PARTICIPANT87083-005, best cost 134.534 + 6222.67 = 6357.2 over 838 frames.
PARTICIPANT87083-005 THEN SHUTTERS I HAVEN'T WENT WE AND TO A EXPECTING LIKE TO WHEN THEN 
LOG (lattice-best-path[5.0.23~1-f7b2f]:main():lattice-best-path.cc:99) For utterance PARTICIPANT87083-007, best cost 50.0761 + 2184.32 = 2234.4 over 298 frames.
PARTICIPANT87083-007 TO ANY YOU TEST IT'S 
LOG (lattice-best-path[5.0.23~1-f7b2f]:main():lattice-best-path.cc:99) For utterance PARTICIPANT87083-009, best cost 72.6661 + 3952.22 = 4024.88 over 572 frames.
PARTICIPANT87083-009 DIRECTORS INTERESTING OUT AMAZING DATA 
LOG (lattice-best-path[5.0.23~1-f7b2f]:main():lattice-best-path.cc:99) For utterance PARTICIPANT87083-012, best cost 14.5658 + 526.848 = 541.414 over 68 frames.
PARTICIPANT87083-012 RIGHT 
LOG (lattice-best-path[5.0.23~1-f7b2f]:main():lattice-best-path.cc:99) For utterance PARTICIPANT87083-014, best cost 29.6916 + 1043.05 = 1072.75 over 148 frames.
PARTICIPANT87083-014 AND ARMY AND 
LOG (lattice-best-path[5.0.23~1-f7b2f]:main():lattice-best-path.cc:99) For utterance PARTICIPANT87083-016, best cost 73.9275 + 4078.17 = 4152.1 over 568 frames.
PARTICIPANT87083-016 THE ENGINEERS WAS BETWEEN WELL INTERESTING 
LOG (lattice-best-path[5.0.23~1-f7b2f]:main():lattice-best-path.cc:99) For utterance PARTICIPANT87083-018, best cost 38.5613 + 1428.28 = 1466.84 over 208 frames.
PARTICIPANT87083-018 FAMILY YEAH NEVER YEAH 
LOG (lattice-best-path[5.0.23~1-f7b2f]:main():lattice-best-path.cc:99) For utterance PARTICIPANT87083-020, best cost 42.6644 + 1911.45 = 1954.11 over 258 frames.
PARTICIPANT87083-020 ANTI TRYING CITY 
LOG (lattice-best-path[5.0.23~1-f7b2f]:main():lattice-best-path.cc:99) For utterance PARTICIPANT87083-022, best cost 60.5392 + 3534.86 = 3595.4 over 478 frames.
PARTICIPANT87083-022 ALL THE SPEAKING A DO YEAH 
LOG (lattice-best-path[5.0.23~1-f7b2f]:main():lattice-best-path.cc:99) For utterance PARTICIPANT87083-024, best cost 28.8136 + 1249.97 = 1278.78 over 178 frames.
PARTICIPANT87083-024 TREATMENT YES 
LOG (lattice-best-path[5.0.23~1-f7b2f]:main():lattice-best-path.cc:99) For utterance PARTICIPANT87083-026, best cost 16.4497 + 755.945 = 772.395 over 108 frames.
PARTICIPANT87083-026 SO I 
LOG (lattice-best-path[5.0.23~1-f7b2f]:main():lattice-best-path.cc:99) For utterance PARTICIPANT87083-028, best cost 20.549 + 652.904 = 673.453 over 88 frames.
PARTICIPANT87083-028 WE FROM 
LOG (lattice-best-path[5.0.23~1-f7b2f]:main():lattice-best-path.cc:99) For utterance PARTICIPANT87083-030, best cost 53.3612 + 2514.16 = 2567.52 over 358 frames.
PARTICIPANT87083-030 ON PURPOSES MISERABLE WELL 
LOG (lattice-best-path[5.0.23~1-f7b2f]:main():lattice-best-path.cc:99) For utterance PARTICIPANT87083-032, best cost 16.3557 + 510.065 = 526.42 over 68 frames.
PARTICIPANT87083-032 TO THAT 
LOG (lattice-best-path[5.0.23~1-f7b2f]:main():lattice-best-path.cc:99) For utterance PARTICIPANT87083-034, best cost 67.4726 + 3250.89 = 3318.36 over 448 frames.
PARTICIPANT87083-034 ALRIGHT INTERESTING CAUSE SO FLORIDA TO 
LOG (lattice-best-path[5.0.23~1-f7b2f]:main():lattice-best-path.cc:99) For utterance PARTICIPANT87083-036, best cost 16.8318 + 428.232 = 445.064 over 58 frames.
PARTICIPANT87083-036 THE ANY 
LOG (lattice-best-path[5.0.23~1-f7b2f]:main():lattice-best-path.cc:99) For utterance PARTICIPANT87083-038, best cost 38.2525 + 1519.23 = 1557.48 over 218 frames.
PARTICIPANT87083-038 HE'LL WAS REMODELING 
LOG (lattice-best-path[5.0.23~1-f7b2f]:main():lattice-best-path.cc:99) For utterance PARTICIPANT87083-040, best cost 51.0425 + 1972.62 = 2023.66 over 278 frames.
PARTICIPANT87083-040 AND NOT WAS ANTI START 
LOG (lattice-best-path[5.0.23~1-f7b2f]:main():lattice-best-path.cc:99) For utterance PARTICIPANT87083-042, best cost 49.4872 + 1893.49 = 1942.98 over 258 frames.
PARTICIPANT87083-042 RECOMMEND WAS COMPANIES WELL 
LOG (lattice-best-path[5.0.23~1-f7b2f]:main():lattice-best-path.cc:99) For utterance PARTICIPANT87083-044, best cost 26.0365 + 1266.2 = 1292.24 over 178 frames.
PARTICIPANT87083-044 YEAH ELEMENTARY 
LOG (lattice-best-path[5.0.23~1-f7b2f]:main():lattice-best-path.cc:99) For utterance PARTICIPANT87083-047, best cost 16.1308 + 611.66 = 627.791 over 88 frames.
PARTICIPANT87083-047 TUESDAY 
LOG (lattice-best-path[5.0.23~1-f7b2f]:main():lattice-best-path.cc:99) For utterance PARTICIPANT87083-049, best cost 35.654 + 1430.31 = 1465.96 over 208 frames.
PARTICIPANT87083-049 EVERYTHING FANCY A 
LOG (lattice-best-path[5.0.23~1-f7b2f]:main():lattice-best-path.cc:99) For utterance PARTICIPANT87083-051, best cost 31.5251 + 1436.51 = 1468.04 over 193 frames.
PARTICIPANT87083-051 VACATIONS CURRENTLY 
LOG (lattice-best-path[5.0.23~1-f7b2f]:main():lattice-best-path.cc:99) For utterance PARTICIPANT87083-053, best cost 80.9787 + 3853.63 = 3934.61 over 548 frames.
PARTICIPANT87083-053 THAT LIKE UNDERSTANDING AT RECORD WANT WEEKEND 
LOG (lattice-best-path[5.0.23~1-f7b2f]:main():lattice-best-path.cc:99) For utterance PARTICIPANT87083-055, best cost 38.8971 + 2167.04 = 2205.94 over 288 frames.
PARTICIPANT87083-055 YES TO TO YES 
LOG (lattice-best-path[5.0.23~1-f7b2f]:main():lattice-best-path.cc:99) For utterance PARTICIPANT87083-057, best cost 10.4835 + 244.25 = 254.734 over 33 frames.
PARTICIPANT87083-057 HAVE 
LOG (lattice-best-path[5.0.23~1-f7b2f]:main():lattice-best-path.cc:99) For utterance PARTICIPANT87083-059, best cost 77.3082 + 3406.38 = 3483.69 over 478 frames.
PARTICIPANT87083-059 LAST ON FORGOT AUDITING MY AND ANY 
LOG (lattice-best-path[5.0.23~1-f7b2f]:main():lattice-best-path.cc:99) For utterance PARTICIPANT87083-061, best cost 53.3379 + 2610.08 = 2663.42 over 358 frames.
PARTICIPANT87083-061 AND LIKE ACCORDION WAS NOT 
LOG (lattice-scale[5.0.23~1-f7b2f]:main():lattice-scale.cc:90) Done 32 lattices.
LOG (lattice-best-path[5.0.23~1-f7b2f]:main():lattice-best-path.cc:99) For utterance PARTICIPANT87083-063, best cost 43.9011 + 1304.56 = 1348.46 over 178 frames.
PARTICIPANT87083-063 ANY WEEKEND WE'VE OUR 
LOG (lattice-add-penalty[5.0.23~1-f7b2f]:main():lattice-add-penalty.cc:62) Done adding word insertion penalty to 32 lattices.
LOG (lattice-best-path[5.0.23~1-f7b2f]:main():lattice-best-path.cc:99) For utterance PARTICIPANT87083-065, best cost 54.8593 + 2153.1 = 2207.96 over 298 frames.
PARTICIPANT87083-065 AND KNOW WEEKEND DIRECTORS WELL AND 
LOG (lattice-best-path[5.0.23~1-f7b2f]:main():lattice-best-path.cc:124) Overall cost per frame is 7.36801 = 0.159648 [graph] + 7.20836 [acoustic] over 9060 frames.
LOG (lattice-best-path[5.0.23~1-f7b2f]:main():lattice-best-path.cc:128) Done 32 lattices, failed for 0
# Accounting: time=3 threads=1
# Ended (code 0) at Mon Jan 28 18:37:58 EST 2019, elapsed time 3 seconds
