# lattice-scale --inv-acoustic-scale=15 "ark:gunzip -c /z/mkperez/PremanifestHD-classification/Data/Spont-Speech/set16/exp/mono_ali_clinician/decode/lat.*.gz|" ark:- | lattice-add-penalty --word-ins-penalty=0.0 ark:- ark:- | lattice-best-path --word-symbol-table=/z/mkperez/PremanifestHD-classification/Data/Spont-Speech/set16/exp/mono_ali_clinician/graph/words.txt ark:- ark,t:- | utils/int2sym.pl -f 2- /z/mkperez/PremanifestHD-classification/Data/Spont-Speech/set16/exp/mono_ali_clinician/graph/words.txt | local/wer_hyp_filter > /z/mkperez/PremanifestHD-classification/Data/Spont-Speech/set16/exp/mono_ali_clinician/decode/scoring_kaldi/penalty_0.0/15.txt 
# Started at Mon Jan 28 18:37:55 EST 2019
#
lattice-add-penalty --word-ins-penalty=0.0 ark:- ark:- 
lattice-best-path --word-symbol-table=/z/mkperez/PremanifestHD-classification/Data/Spont-Speech/set16/exp/mono_ali_clinician/graph/words.txt ark:- ark,t:- 
lattice-scale --inv-acoustic-scale=15 'ark:gunzip -c /z/mkperez/PremanifestHD-classification/Data/Spont-Speech/set16/exp/mono_ali_clinician/decode/lat.*.gz|' ark:- 
LOG (lattice-best-path[5.0.23~1-f7b2f]:main():lattice-best-path.cc:99) For utterance PARTICIPANT87083-001, best cost 36.5967 + 1446.9 = 1483.5 over 238 frames.
PARTICIPANT87083-001 YES REALLY YOUR 
LOG (lattice-best-path[5.0.23~1-f7b2f]:main():lattice-best-path.cc:99) For utterance PARTICIPANT87083-003, best cost 61.148 + 3058.6 = 3119.74 over 478 frames.
PARTICIPANT87083-003 AND LONGER FOR THAT'S TO THE 
LOG (lattice-best-path[5.0.23~1-f7b2f]:main():lattice-best-path.cc:99) For utterance PARTICIPANT87083-005, best cost 117.094 + 5409.47 = 5526.56 over 838 frames.
PARTICIPANT87083-005 THEN SHUTTERS I HAVEN'T WENT TO A EXPECTING LIKE WHEN THEN 
LOG (lattice-best-path[5.0.23~1-f7b2f]:main():lattice-best-path.cc:99) For utterance PARTICIPANT87083-007, best cost 50.0761 + 1893.08 = 1943.16 over 298 frames.
PARTICIPANT87083-007 TO ANY YOU TEST IT'S 
LOG (lattice-best-path[5.0.23~1-f7b2f]:main():lattice-best-path.cc:99) For utterance PARTICIPANT87083-009, best cost 66.9258 + 3430.96 = 3497.88 over 572 frames.
PARTICIPANT87083-009 DIRECTORS INTERESTING AMAZING DATA 
LOG (lattice-best-path[5.0.23~1-f7b2f]:main():lattice-best-path.cc:99) For utterance PARTICIPANT87083-012, best cost 14.5658 + 456.602 = 471.167 over 68 frames.
PARTICIPANT87083-012 RIGHT 
LOG (lattice-best-path[5.0.23~1-f7b2f]:main():lattice-best-path.cc:99) For utterance PARTICIPANT87083-014, best cost 29.6916 + 903.981 = 933.672 over 148 frames.
PARTICIPANT87083-014 AND ARMY AND 
LOG (lattice-best-path[5.0.23~1-f7b2f]:main():lattice-best-path.cc:99) For utterance PARTICIPANT87083-016, best cost 73.9275 + 3534.42 = 3608.34 over 568 frames.
PARTICIPANT87083-016 THE ENGINEERS WAS BETWEEN WELL INTERESTING 
LOG (lattice-best-path[5.0.23~1-f7b2f]:main():lattice-best-path.cc:99) For utterance PARTICIPANT87083-018, best cost 34.2763 + 1241.78 = 1276.05 over 208 frames.
PARTICIPANT87083-018 FAMILY AND SEPARATION 
LOG (lattice-best-path[5.0.23~1-f7b2f]:main():lattice-best-path.cc:99) For utterance PARTICIPANT87083-020, best cost 42.6644 + 1656.59 = 1699.25 over 258 frames.
PARTICIPANT87083-020 ANTI TRYING CITY 
LOG (lattice-best-path[5.0.23~1-f7b2f]:main():lattice-best-path.cc:99) For utterance PARTICIPANT87083-022, best cost 60.5392 + 3063.55 = 3124.09 over 478 frames.
PARTICIPANT87083-022 ALL THE SPEAKING A DO YEAH 
LOG (lattice-best-path[5.0.23~1-f7b2f]:main():lattice-best-path.cc:99) For utterance PARTICIPANT87083-024, best cost 28.8136 + 1083.3 = 1112.12 over 178 frames.
PARTICIPANT87083-024 TREATMENT YES 
LOG (lattice-best-path[5.0.23~1-f7b2f]:main():lattice-best-path.cc:99) For utterance PARTICIPANT87083-026, best cost 16.4497 + 655.152 = 671.602 over 108 frames.
PARTICIPANT87083-026 SO I 
LOG (lattice-best-path[5.0.23~1-f7b2f]:main():lattice-best-path.cc:99) For utterance PARTICIPANT87083-028, best cost 15.4408 + 570.799 = 586.24 over 88 frames.
PARTICIPANT87083-028 WEEKEND 
LOG (lattice-best-path[5.0.23~1-f7b2f]:main():lattice-best-path.cc:99) For utterance PARTICIPANT87083-030, best cost 53.3612 + 2178.94 = 2232.3 over 358 frames.
PARTICIPANT87083-030 ON PURPOSES MISERABLE WELL 
LOG (lattice-best-path[5.0.23~1-f7b2f]:main():lattice-best-path.cc:99) For utterance PARTICIPANT87083-032, best cost 16.3557 + 442.056 = 458.412 over 68 frames.
PARTICIPANT87083-032 TO THAT 
LOG (lattice-best-path[5.0.23~1-f7b2f]:main():lattice-best-path.cc:99) For utterance PARTICIPANT87083-034, best cost 59.4368 + 2824.68 = 2884.11 over 448 frames.
PARTICIPANT87083-034 ALRIGHT INTRODUCTIONS SO FLORIDA TO 
LOG (lattice-best-path[5.0.23~1-f7b2f]:main():lattice-best-path.cc:99) For utterance PARTICIPANT87083-036, best cost 16.8318 + 371.135 = 387.966 over 58 frames.
PARTICIPANT87083-036 THE ANY 
LOG (lattice-best-path[5.0.23~1-f7b2f]:main():lattice-best-path.cc:99) For utterance PARTICIPANT87083-038, best cost 38.2525 + 1316.66 = 1354.92 over 218 frames.
PARTICIPANT87083-038 HE'LL WAS REMODELING 
LOG (lattice-best-path[5.0.23~1-f7b2f]:main():lattice-best-path.cc:99) For utterance PARTICIPANT87083-040, best cost 44.2352 + 1715.99 = 1760.23 over 278 frames.
PARTICIPANT87083-040 MAINTENANCE ANTI START 
LOG (lattice-best-path[5.0.23~1-f7b2f]:main():lattice-best-path.cc:99) For utterance PARTICIPANT87083-042, best cost 47.8636 + 1642.5 = 1690.37 over 258 frames.
PARTICIPANT87083-042 TO AND WAS COMPANIES WELL 
LOG (lattice-best-path[5.0.23~1-f7b2f]:main():lattice-best-path.cc:99) For utterance PARTICIPANT87083-044, best cost 26.0365 + 1097.37 = 1123.41 over 178 frames.
PARTICIPANT87083-044 YEAH ELEMENTARY 
LOG (lattice-best-path[5.0.23~1-f7b2f]:main():lattice-best-path.cc:99) For utterance PARTICIPANT87083-047, best cost 16.1308 + 530.106 = 546.236 over 88 frames.
PARTICIPANT87083-047 TUESDAY 
LOG (lattice-best-path[5.0.23~1-f7b2f]:main():lattice-best-path.cc:99) For utterance PARTICIPANT87083-049, best cost 34.6239 + 1240.54 = 1275.17 over 208 frames.
PARTICIPANT87083-049 GETTING FANCY A 
LOG (lattice-best-path[5.0.23~1-f7b2f]:main():lattice-best-path.cc:99) For utterance PARTICIPANT87083-051, best cost 31.5251 + 1244.98 = 1276.5 over 193 frames.
PARTICIPANT87083-051 VACATIONS CURRENTLY 
LOG (lattice-best-path[5.0.23~1-f7b2f]:main():lattice-best-path.cc:99) For utterance PARTICIPANT87083-053, best cost 58.7085 + 3361.53 = 3420.24 over 548 frames.
PARTICIPANT87083-053 ELEMENTARY RECORD DON'T WEEKEND 
LOG (lattice-best-path[5.0.23~1-f7b2f]:main():lattice-best-path.cc:99) For utterance PARTICIPANT87083-055, best cost 37.0346 + 1879.92 = 1916.95 over 288 frames.
PARTICIPANT87083-055 YES TO TONIGHT 
LOG (lattice-best-path[5.0.23~1-f7b2f]:main():lattice-best-path.cc:99) For utterance PARTICIPANT87083-057, best cost 10.4835 + 211.683 = 222.167 over 33 frames.
PARTICIPANT87083-057 HAVE 
LOG (lattice-best-path[5.0.23~1-f7b2f]:main():lattice-best-path.cc:99) For utterance PARTICIPANT87083-059, best cost 69.1059 + 2960.29 = 3029.39 over 478 frames.
PARTICIPANT87083-059 LITTLE FORGOT AUDITING MY AND ANY 
LOG (lattice-best-path[5.0.23~1-f7b2f]:main():lattice-best-path.cc:99) For utterance PARTICIPANT87083-061, best cost 52.383 + 2263 = 2315.39 over 358 frames.
PARTICIPANT87083-061 AND LIKE ACCORDION WAS LIKE 
LOG (lattice-scale[5.0.23~1-f7b2f]:main():lattice-scale.cc:90) Done 32 lattices.
LOG (lattice-best-path[5.0.23~1-f7b2f]:main():lattice-best-path.cc:99) For utterance PARTICIPANT87083-063, best cost 33.5454 + 1139.83 = 1173.37 over 178 frames.
PARTICIPANT87083-063 ANY WEEKEND SHOWER 
LOG (lattice-add-penalty[5.0.23~1-f7b2f]:main():lattice-add-penalty.cc:62) Done adding word insertion penalty to 32 lattices.
LOG (lattice-best-path[5.0.23~1-f7b2f]:main():lattice-best-path.cc:99) For utterance PARTICIPANT87083-065, best cost 48.6086 + 1871.54 = 1920.15 over 298 frames.
PARTICIPANT87083-065 AND WEEKEND DIRECTORS WELL AND 
LOG (lattice-best-path[5.0.23~1-f7b2f]:main():lattice-best-path.cc:124) Overall cost per frame is 6.40625 = 0.148204 [graph] + 6.25805 [acoustic] over 9060 frames.
LOG (lattice-best-path[5.0.23~1-f7b2f]:main():lattice-best-path.cc:128) Done 32 lattices, failed for 0
# Accounting: time=3 threads=1
# Ended (code 0) at Mon Jan 28 18:37:58 EST 2019, elapsed time 3 seconds
