# lattice-scale --inv-acoustic-scale=8 "ark:gunzip -c /z/mkperez/PremanifestHD-classification/Data/Spont-Speech/set16/exp/mono_ali_clinician/decode/lat.*.gz|" ark:- | lattice-add-penalty --word-ins-penalty=0.0 ark:- ark:- | lattice-best-path --word-symbol-table=/z/mkperez/PremanifestHD-classification/Data/Spont-Speech/set16/exp/mono_ali_clinician/graph/words.txt ark:- ark,t:- | utils/int2sym.pl -f 2- /z/mkperez/PremanifestHD-classification/Data/Spont-Speech/set16/exp/mono_ali_clinician/graph/words.txt | local/wer_hyp_filter > /z/mkperez/PremanifestHD-classification/Data/Spont-Speech/set16/exp/mono_ali_clinician/decode/scoring_kaldi/penalty_0.0/8.txt 
# Started at Mon Jan 28 18:37:55 EST 2019
#
lattice-scale --inv-acoustic-scale=8 'ark:gunzip -c /z/mkperez/PremanifestHD-classification/Data/Spont-Speech/set16/exp/mono_ali_clinician/decode/lat.*.gz|' ark:- 
lattice-add-penalty --word-ins-penalty=0.0 ark:- ark:- 
lattice-best-path --word-symbol-table=/z/mkperez/PremanifestHD-classification/Data/Spont-Speech/set16/exp/mono_ali_clinician/graph/words.txt ark:- ark,t:- 
LOG (lattice-best-path[5.0.23~1-f7b2f]:main():lattice-best-path.cc:99) For utterance PARTICIPANT87083-001, best cost 44.012 + 2703.01 = 2747.03 over 238 frames.
PARTICIPANT87083-001 YES READING LIKE YOUR 
LOG (lattice-best-path[5.0.23~1-f7b2f]:main():lattice-best-path.cc:99) For utterance PARTICIPANT87083-003, best cost 74.5545 + 5714.19 = 5788.74 over 478 frames.
PARTICIPANT87083-003 NOW ALWAYS COAST FOR PETS TO THE 
LOG (lattice-best-path[5.0.23~1-f7b2f]:main():lattice-best-path.cc:99) For utterance PARTICIPANT87083-005, best cost 151.064 + 10091.3 = 10242.4 over 838 frames.
PARTICIPANT87083-005 THEN SHUTTERS I HAVEN'T WENT WE AND I INTERESTING A EXPECTING LIKE TO TO WENT THEN 
LOG (lattice-best-path[5.0.23~1-f7b2f]:main():lattice-best-path.cc:99) For utterance PARTICIPANT87083-007, best cost 55.7509 + 3543.16 = 3598.91 over 298 frames.
PARTICIPANT87083-007 TO ANY YOU TEST TO IT'S 
LOG (lattice-best-path[5.0.23~1-f7b2f]:main():lattice-best-path.cc:99) For utterance PARTICIPANT87083-009, best cost 93.1753 + 6396.51 = 6489.69 over 572 frames.
PARTICIPANT87083-009 WHATEVER PERFECT WAS TRYING HOUSE THEY BANK DATA 
LOG (lattice-best-path[5.0.23~1-f7b2f]:main():lattice-best-path.cc:99) For utterance PARTICIPANT87083-012, best cost 14.5658 + 856.128 = 870.694 over 68 frames.
PARTICIPANT87083-012 RIGHT 
LOG (lattice-best-path[5.0.23~1-f7b2f]:main():lattice-best-path.cc:99) For utterance PARTICIPANT87083-014, best cost 29.6916 + 1694.96 = 1724.66 over 148 frames.
PARTICIPANT87083-014 AND ARMY AND 
LOG (lattice-best-path[5.0.23~1-f7b2f]:main():lattice-best-path.cc:99) For utterance PARTICIPANT87083-016, best cost 104.866 + 6584.57 = 6689.44 over 568 frames.
PARTICIPANT87083-016 THE ENGINEERS WAS IMMEDIATELY PLUMBER HOLIDAY LAST WHAT JUST A 
LOG (lattice-best-path[5.0.23~1-f7b2f]:main():lattice-best-path.cc:99) For utterance PARTICIPANT87083-018, best cost 43.7831 + 2314.75 = 2358.53 over 208 frames.
PARTICIPANT87083-018 FAMILY YEAH NEVER A YEAH 
LOG (lattice-best-path[5.0.23~1-f7b2f]:main():lattice-best-path.cc:99) For utterance PARTICIPANT87083-020, best cost 47.7955 + 3098.6 = 3146.39 over 258 frames.
PARTICIPANT87083-020 AT RIGHT WRITING CITY 
LOG (lattice-best-path[5.0.23~1-f7b2f]:main():lattice-best-path.cc:99) For utterance PARTICIPANT87083-022, best cost 79.7439 + 5719.92 = 5799.66 over 478 frames.
PARTICIPANT87083-022 ALL THE TO IT I USING A DO I YEAH 
LOG (lattice-best-path[5.0.23~1-f7b2f]:main():lattice-best-path.cc:99) For utterance PARTICIPANT87083-024, best cost 34.6855 + 2023.95 = 2058.63 over 178 frames.
PARTICIPANT87083-024 READING LAST YES 
LOG (lattice-best-path[5.0.23~1-f7b2f]:main():lattice-best-path.cc:99) For utterance PARTICIPANT87083-026, best cost 22.6901 + 1219.6 = 1242.29 over 108 frames.
PARTICIPANT87083-026 SO HELD 
LOG (lattice-best-path[5.0.23~1-f7b2f]:main():lattice-best-path.cc:99) For utterance PARTICIPANT87083-028, best cost 20.549 + 1060.97 = 1081.52 over 88 frames.
PARTICIPANT87083-028 WE FROM 
LOG (lattice-best-path[5.0.23~1-f7b2f]:main():lattice-best-path.cc:99) For utterance PARTICIPANT87083-030, best cost 53.3612 + 4085.51 = 4138.87 over 358 frames.
PARTICIPANT87083-030 ON PURPOSES MISERABLE WELL 
LOG (lattice-best-path[5.0.23~1-f7b2f]:main():lattice-best-path.cc:99) For utterance PARTICIPANT87083-032, best cost 18.8746 + 825.251 = 844.125 over 68 frames.
PARTICIPANT87083-032 HOUSE THAT 
LOG (lattice-best-path[5.0.23~1-f7b2f]:main():lattice-best-path.cc:99) For utterance PARTICIPANT87083-034, best cost 93.2094 + 5250.6 = 5343.81 over 448 frames.
PARTICIPANT87083-034 ALRIGHT USE REALTOR ANTIDEPRESSANTS ROAD FOR WEEKEND NICE TO 
LOG (lattice-best-path[5.0.23~1-f7b2f]:main():lattice-best-path.cc:99) For utterance PARTICIPANT87083-036, best cost 16.8318 + 695.877 = 712.709 over 58 frames.
PARTICIPANT87083-036 THE ANY 
LOG (lattice-best-path[5.0.23~1-f7b2f]:main():lattice-best-path.cc:99) For utterance PARTICIPANT87083-038, best cost 47.6855 + 2455.15 = 2502.83 over 218 frames.
PARTICIPANT87083-038 HE'LL WAS FOR MY WORKING 
LOG (lattice-best-path[5.0.23~1-f7b2f]:main():lattice-best-path.cc:99) For utterance PARTICIPANT87083-040, best cost 57.3616 + 3197.98 = 3255.34 over 278 frames.
PARTICIPANT87083-040 PAID NOT COAST ANTI START 
LOG (lattice-best-path[5.0.23~1-f7b2f]:main():lattice-best-path.cc:99) For utterance PARTICIPANT87083-042, best cost 69.6073 + 3051.4 = 3121.01 over 258 frames.
PARTICIPANT87083-042 THERE'S WHAT AND KNOW WAS COMPANIES SELL I 
LOG (lattice-best-path[5.0.23~1-f7b2f]:main():lattice-best-path.cc:99) For utterance PARTICIPANT87083-044, best cost 26.0365 + 2057.58 = 2083.61 over 178 frames.
PARTICIPANT87083-044 YEAH ELEMENTARY 
LOG (lattice-best-path[5.0.23~1-f7b2f]:main():lattice-best-path.cc:99) For utterance PARTICIPANT87083-047, best cost 20.8394 + 987.237 = 1008.08 over 88 frames.
PARTICIPANT87083-047 A TUESDAY 
LOG (lattice-best-path[5.0.23~1-f7b2f]:main():lattice-best-path.cc:99) For utterance PARTICIPANT87083-049, best cost 39.3402 + 2318.35 = 2357.69 over 208 frames.
PARTICIPANT87083-049 I BEING FANCY A 
LOG (lattice-best-path[5.0.23~1-f7b2f]:main():lattice-best-path.cc:99) For utterance PARTICIPANT87083-051, best cost 40.6355 + 2323.91 = 2364.54 over 193 frames.
PARTICIPANT87083-051 VACATIONS FOR MY REALLY 
LOG (lattice-best-path[5.0.23~1-f7b2f]:main():lattice-best-path.cc:99) For utterance PARTICIPANT87083-053, best cost 107.133 + 6235.47 = 6342.6 over 548 frames.
PARTICIPANT87083-053 BADLY BUT AND I DOWN AT ARE LOT DOLLARS WANT WEEKEND 
LOG (lattice-best-path[5.0.23~1-f7b2f]:main():lattice-best-path.cc:99) For utterance PARTICIPANT87083-055, best cost 55.7728 + 3500.47 = 3556.24 over 288 frames.
PARTICIPANT87083-055 YET SICK TONIGHT SATURDAY AND 
LOG (lattice-best-path[5.0.23~1-f7b2f]:main():lattice-best-path.cc:99) For utterance PARTICIPANT87083-057, best cost 10.4835 + 396.906 = 407.39 over 33 frames.
PARTICIPANT87083-057 HAVE 
LOG (lattice-best-path[5.0.23~1-f7b2f]:main():lattice-best-path.cc:99) For utterance PARTICIPANT87083-059, best cost 94.0136 + 5513.08 = 5607.09 over 478 frames.
PARTICIPANT87083-059 LAST WHEN FROM ARE CAUSE DOING MY AND I ANYTHING 
LOG (lattice-best-path[5.0.23~1-f7b2f]:main():lattice-best-path.cc:99) For utterance PARTICIPANT87083-061, best cost 79.1526 + 4210.62 = 4289.77 over 358 frames.
PARTICIPANT87083-061 A ELSE LIKE BUT FOR CAN TO LAST AND I 
LOG (lattice-best-path[5.0.23~1-f7b2f]:main():lattice-best-path.cc:99) For utterance PARTICIPANT87083-063, best cost 43.9011 + 2119.91 = 2163.81 over 178 frames.
PARTICIPANT87083-063 ANY WEEKEND WE'VE OUR 
LOG (lattice-scale[5.0.23~1-f7b2f]:main():lattice-scale.cc:90) Done 32 lattices.
LOG (lattice-add-penalty[5.0.23~1-f7b2f]:main():lattice-add-penalty.cc:62) Done adding word insertion penalty to 32 lattices.
LOG (lattice-best-path[5.0.23~1-f7b2f]:main():lattice-best-path.cc:99) For utterance PARTICIPANT87083-065, best cost 54.8593 + 3498.78 = 3553.64 over 298 frames.
PARTICIPANT87083-065 AND KNOW WEEKEND DIRECTORS WELL AND 
LOG (lattice-best-path[5.0.23~1-f7b2f]:main():lattice-best-path.cc:124) Overall cost per frame is 11.8644 = 0.192718 [graph] + 11.6717 [acoustic] over 9060 frames.
LOG (lattice-best-path[5.0.23~1-f7b2f]:main():lattice-best-path.cc:128) Done 32 lattices, failed for 0
# Accounting: time=3 threads=1
# Ended (code 0) at Mon Jan 28 18:37:58 EST 2019, elapsed time 3 seconds
