# lattice-scale --inv-acoustic-scale=14 "ark:gunzip -c /z/mkperez/PremanifestHD-classification/Data/Spont-Speech/set5/exp/mono_ali_clinician/decode/lat.*.gz|" ark:- | lattice-add-penalty --word-ins-penalty=0.5 ark:- ark:- | lattice-best-path --word-symbol-table=/z/mkperez/PremanifestHD-classification/Data/Spont-Speech/set5/exp/mono_ali_clinician/graph/words.txt ark:- ark,t:- | utils/int2sym.pl -f 2- /z/mkperez/PremanifestHD-classification/Data/Spont-Speech/set5/exp/mono_ali_clinician/graph/words.txt | local/wer_hyp_filter > /z/mkperez/PremanifestHD-classification/Data/Spont-Speech/set5/exp/mono_ali_clinician/decode/scoring_kaldi/penalty_0.5/14.txt 
# Started at Mon Jan 28 18:54:24 EST 2019
#
lattice-add-penalty --word-ins-penalty=0.5 ark:- ark:- 
lattice-best-path --word-symbol-table=/z/mkperez/PremanifestHD-classification/Data/Spont-Speech/set5/exp/mono_ali_clinician/graph/words.txt ark:- ark,t:- 
lattice-scale --inv-acoustic-scale=14 'ark:gunzip -c /z/mkperez/PremanifestHD-classification/Data/Spont-Speech/set5/exp/mono_ali_clinician/decode/lat.*.gz|' ark:- 
LOG (lattice-best-path[5.0.23~1-f7b2f]:main():lattice-best-path.cc:99) For utterance PARTICIPANT69573-001, best cost 100.144 + 4619.69 = 4719.83 over 728 frames.
PARTICIPANT69573-001 LIONS I LAST FORMULA IT WAIT QUARTER WHERE 
LOG (lattice-best-path[5.0.23~1-f7b2f]:main():lattice-best-path.cc:99) For utterance PARTICIPANT69573-003, best cost 15.5797 + 630.248 = 645.828 over 93 frames.
PARTICIPANT69573-003 WEEKEND 
LOG (lattice-best-path[5.0.23~1-f7b2f]:main():lattice-best-path.cc:99) For utterance PARTICIPANT69573-005, best cost 52.2669 + 1777.16 = 1829.42 over 261 frames.
PARTICIPANT69573-005 WAS REALLY QUICKEN TORNADO 
LOG (lattice-best-path[5.0.23~1-f7b2f]:main():lattice-best-path.cc:99) For utterance PARTICIPANT69573-007, best cost 52.9326 + 2509.54 = 2562.47 over 389 frames.
PARTICIPANT69573-007 INDIVIDUAL LITTLE WELL WENT 
LOG (lattice-best-path[5.0.23~1-f7b2f]:main():lattice-best-path.cc:99) For utterance PARTICIPANT69573-009, best cost 39.5892 + 2103.34 = 2142.93 over 318 frames.
PARTICIPANT69573-009 REALLY IT'S HISTORY 
LOG (lattice-best-path[5.0.23~1-f7b2f]:main():lattice-best-path.cc:99) For utterance PARTICIPANT69573-011, best cost 21.4204 + 649.981 = 671.402 over 98 frames.
PARTICIPANT69573-011 KNOW WEEKEND 
LOG (lattice-best-path[5.0.23~1-f7b2f]:main():lattice-best-path.cc:99) For utterance PARTICIPANT69573-013, best cost 16.2839 + 869.499 = 885.783 over 138 frames.
PARTICIPANT69573-013 LITTLE 
LOG (lattice-best-path[5.0.23~1-f7b2f]:main():lattice-best-path.cc:99) For utterance PARTICIPANT69573-015, best cost 14.5418 + 1029.71 = 1044.25 over 168 frames.
PARTICIPANT69573-015 WEEKEND 
LOG (lattice-best-path[5.0.23~1-f7b2f]:main():lattice-best-path.cc:99) For utterance PARTICIPANT69573-017, best cost 83.3513 + 3964.66 = 4048.02 over 598 frames.
PARTICIPANT69573-017 MY ALWAYS WELL WE'LL THE LITTLE FORMULA 
LOG (lattice-best-path[5.0.23~1-f7b2f]:main():lattice-best-path.cc:99) For utterance PARTICIPANT69573-019, best cost 15.7438 + 628.005 = 643.749 over 98 frames.
PARTICIPANT69573-019 HISTORY 
LOG (lattice-best-path[5.0.23~1-f7b2f]:main():lattice-best-path.cc:99) For utterance PARTICIPANT69573-021, best cost 10.4513 + 340.21 = 350.661 over 53 frames.
PARTICIPANT69573-021 TO 
LOG (lattice-best-path[5.0.23~1-f7b2f]:main():lattice-best-path.cc:99) For utterance PARTICIPANT69573-023, best cost 118.859 + 6985.11 = 7103.97 over 1098 frames.
PARTICIPANT69573-023 IT LOANS READ SO LITTLE SUNDAY WELL DIFFERENCES AND WEEKEND 
LOG (lattice-best-path[5.0.23~1-f7b2f]:main():lattice-best-path.cc:99) For utterance PARTICIPANT69573-025, best cost 10.4398 + 419.555 = 429.995 over 68 frames.
PARTICIPANT69573-025 SO 
LOG (lattice-best-path[5.0.23~1-f7b2f]:main():lattice-best-path.cc:99) For utterance PARTICIPANT69573-027, best cost 24.699 + 1168.52 = 1193.22 over 175 frames.
PARTICIPANT69573-027 YES IT 
LOG (lattice-best-path[5.0.23~1-f7b2f]:main():lattice-best-path.cc:99) For utterance PARTICIPANT69573-029, best cost 34.9497 + 2052.58 = 2087.53 over 334 frames.
PARTICIPANT69573-029 A I ASSESSMENTS 
LOG (lattice-best-path[5.0.23~1-f7b2f]:main():lattice-best-path.cc:99) For utterance PARTICIPANT69573-031, best cost 55.7888 + 3638.42 = 3694.21 over 584 frames.
PARTICIPANT69573-031 ALRIGHT OH LAST I WEEKEND 
LOG (lattice-best-path[5.0.23~1-f7b2f]:main():lattice-best-path.cc:99) For utterance PARTICIPANT69573-033, best cost 29.0631 + 799.799 = 828.862 over 124 frames.
PARTICIPANT69573-033 SUMMER SEEN 
LOG (lattice-best-path[5.0.23~1-f7b2f]:main():lattice-best-path.cc:99) For utterance PARTICIPANT69573-035, best cost 17.9638 + 771.541 = 789.505 over 118 frames.
PARTICIPANT69573-035 EXCELLENT 
LOG (lattice-best-path[5.0.23~1-f7b2f]:main():lattice-best-path.cc:99) For utterance PARTICIPANT69573-037, best cost 34.7291 + 1282.95 = 1317.68 over 195 frames.
PARTICIPANT69573-037 AND TREATMENT AND 
LOG (lattice-scale[5.0.23~1-f7b2f]:main():lattice-scale.cc:90) Done 20 lattices.
LOG (lattice-add-penalty[5.0.23~1-f7b2f]:main():lattice-add-penalty.cc:62) Done adding word insertion penalty to 20 lattices.
LOG (lattice-best-path[5.0.23~1-f7b2f]:main():lattice-best-path.cc:99) For utterance PARTICIPANT69573-039, best cost 26.6952 + 1380.6 = 1407.29 over 204 frames.
PARTICIPANT69573-039 INTRODUCTIONS LIKE 
LOG (lattice-best-path[5.0.23~1-f7b2f]:main():lattice-best-path.cc:124) Overall cost per frame is 6.57251 = 0.132744 [graph] + 6.43977 [acoustic] over 5842 frames.
LOG (lattice-best-path[5.0.23~1-f7b2f]:main():lattice-best-path.cc:128) Done 20 lattices, failed for 0
# Accounting: time=3 threads=1
# Ended (code 0) at Mon Jan 28 18:54:27 EST 2019, elapsed time 3 seconds
