# lattice-scale --inv-acoustic-scale=11 "ark:gunzip -c /z/mkperez/PremanifestHD-classification/Data/Spont-Speech/set3/exp/mono_ali_clinician/decode/lat.*.gz|" ark:- | lattice-add-penalty --word-ins-penalty=1.0 ark:- ark:- | lattice-best-path --word-symbol-table=/z/mkperez/PremanifestHD-classification/Data/Spont-Speech/set3/exp/mono_ali_clinician/graph/words.txt ark:- ark,t:- | utils/int2sym.pl -f 2- /z/mkperez/PremanifestHD-classification/Data/Spont-Speech/set3/exp/mono_ali_clinician/graph/words.txt | local/wer_hyp_filter > /z/mkperez/PremanifestHD-classification/Data/Spont-Speech/set3/exp/mono_ali_clinician/decode/scoring_kaldi/penalty_1.0/11.txt 
# Started at Mon Jan 28 18:50:07 EST 2019
#
lattice-best-path --word-symbol-table=/z/mkperez/PremanifestHD-classification/Data/Spont-Speech/set3/exp/mono_ali_clinician/graph/words.txt ark:- ark,t:- 
lattice-add-penalty --word-ins-penalty=1.0 ark:- ark:- 
lattice-scale --inv-acoustic-scale=11 'ark:gunzip -c /z/mkperez/PremanifestHD-classification/Data/Spont-Speech/set3/exp/mono_ali_clinician/decode/lat.*.gz|' ark:- 
LOG (lattice-best-path[5.0.23~1-f7b2f]:main():lattice-best-path.cc:99) For utterance PARTCIPANT82975-001, best cost 37.6044 + 1553.91 = 1591.52 over 188 frames.
PARTCIPANT82975-001 WEEKEND WERE THERE'S 
LOG (lattice-best-path[5.0.23~1-f7b2f]:main():lattice-best-path.cc:99) For utterance PARTCIPANT82975-003, best cost 25.4711 + 991.765 = 1017.24 over 118 frames.
PARTCIPANT82975-003 AND AND I 
LOG (lattice-best-path[5.0.23~1-f7b2f]:main():lattice-best-path.cc:99) For utterance PARTCIPANT82975-005, best cost 27.381 + 1084.55 = 1111.93 over 128 frames.
PARTCIPANT82975-005 HAVE OBSERVING 
LOG (lattice-best-path[5.0.23~1-f7b2f]:main():lattice-best-path.cc:99) For utterance PARTCIPANT82975-007, best cost 67.0461 + 2568.74 = 2635.79 over 308 frames.
PARTCIPANT82975-007 WEEKEND I'VE THAT I'M VISITED YES 
LOG (lattice-best-path[5.0.23~1-f7b2f]:main():lattice-best-path.cc:99) For utterance PARTCIPANT82975-009, best cost 46.523 + 1623.97 = 1670.49 over 198 frames.
PARTCIPANT82975-009 TO ANY DEFINITELY MONDAY 
LOG (lattice-best-path[5.0.23~1-f7b2f]:main():lattice-best-path.cc:99) For utterance PARTCIPANT82975-011, best cost 24.381 + 853.658 = 878.038 over 98 frames.
PARTCIPANT82975-011 YOUR WEEKEND 
LOG (lattice-best-path[5.0.23~1-f7b2f]:main():lattice-best-path.cc:99) For utterance PARTCIPANT82975-013, best cost 28.8622 + 1361.15 = 1390.01 over 158 frames.
PARTCIPANT82975-013 NICE WINTERS 
LOG (lattice-best-path[5.0.23~1-f7b2f]:main():lattice-best-path.cc:99) For utterance PARTCIPANT82975-015, best cost 13.4579 + 365.415 = 378.873 over 38 frames.
PARTCIPANT82975-015 THIS 
LOG (lattice-best-path[5.0.23~1-f7b2f]:main():lattice-best-path.cc:99) For utterance PARTCIPANT82975-017, best cost 14.6417 + 607.713 = 622.355 over 68 frames.
PARTCIPANT82975-017 WELL 
LOG (lattice-scale[5.0.23~1-f7b2f]:main():lattice-scale.cc:90) Done 11 lattices.
LOG (lattice-add-penalty[5.0.23~1-f7b2f]:main():lattice-add-penalty.cc:62) Done adding word insertion penalty to 11 lattices.
LOG (lattice-best-path[5.0.23~1-f7b2f]:main():lattice-best-path.cc:99) For utterance PARTCIPANT82975-019, best cost 24.5448 + 1230.21 = 1254.76 over 128 frames.
PARTCIPANT82975-019 THE EXCITING 
LOG (lattice-best-path[5.0.23~1-f7b2f]:main():lattice-best-path.cc:99) For utterance PARTCIPANT82975-021, best cost 10.6688 + 257.256 = 267.925 over 28 frames.
PARTCIPANT82975-021 THE 
LOG (lattice-best-path[5.0.23~1-f7b2f]:main():lattice-best-path.cc:124) Overall cost per frame is 8.79213 = 0.219878 [graph] + 8.57225 [acoustic] over 1458 frames.
LOG (lattice-best-path[5.0.23~1-f7b2f]:main():lattice-best-path.cc:128) Done 11 lattices, failed for 0
# Accounting: time=1 threads=1
# Ended (code 0) at Mon Jan 28 18:50:08 EST 2019, elapsed time 1 seconds
