# gmm-align-compiled --transition-scale=1.0 --acoustic-scale=0.1 --self-loop-scale=0.1 --beam=10 --retry-beam=40 --careful=false "gmm-boost-silence --boost=1.0 1 /z/mkperez/PremanifestHD-classification/Data/Spont-Speech/set4/exp/mono_clinician/6.mdl - |" "ark:gunzip -c /z/mkperez/PremanifestHD-classification/Data/Spont-Speech/set4/exp/mono_clinician/fsts.11.gz|" "ark,s,cs:apply-cmvn  --utt2spk=ark:/z/mkperez/PremanifestHD-classification/Data/Spont-Speech/set4/train/split12/11/utt2spk scp:/z/mkperez/PremanifestHD-classification/Data/Spont-Speech/set4/train/split12/11/cmvn.scp scp:/z/mkperez/PremanifestHD-classification/Data/Spont-Speech/set4/train/split12/11/feats.scp ark:- | add-deltas ark:- ark:- |" "ark,t:|gzip -c >/z/mkperez/PremanifestHD-classification/Data/Spont-Speech/set4/exp/mono_clinician/ali.11.gz" 
# Started at Mon Jan 28 18:50:35 EST 2019
#
gmm-align-compiled --transition-scale=1.0 --acoustic-scale=0.1 --self-loop-scale=0.1 --beam=10 --retry-beam=40 --careful=false 'gmm-boost-silence --boost=1.0 1 /z/mkperez/PremanifestHD-classification/Data/Spont-Speech/set4/exp/mono_clinician/6.mdl - |' 'ark:gunzip -c /z/mkperez/PremanifestHD-classification/Data/Spont-Speech/set4/exp/mono_clinician/fsts.11.gz|' 'ark,s,cs:apply-cmvn  --utt2spk=ark:/z/mkperez/PremanifestHD-classification/Data/Spont-Speech/set4/train/split12/11/utt2spk scp:/z/mkperez/PremanifestHD-classification/Data/Spont-Speech/set4/train/split12/11/cmvn.scp scp:/z/mkperez/PremanifestHD-classification/Data/Spont-Speech/set4/train/split12/11/feats.scp ark:- | add-deltas ark:- ark:- |' 'ark,t:|gzip -c >/z/mkperez/PremanifestHD-classification/Data/Spont-Speech/set4/exp/mono_clinician/ali.11.gz' 
gmm-boost-silence --boost=1.0 1 /z/mkperez/PremanifestHD-classification/Data/Spont-Speech/set4/exp/mono_clinician/6.mdl - 
WARNING (gmm-boost-silence[5.0.23~1-f7b2f]:main():gmm-boost-silence.cc:82) The pdfs for the silence phones may be shared by other phones (note: this probably does not matter.)
LOG (gmm-boost-silence[5.0.23~1-f7b2f]:main():gmm-boost-silence.cc:93) Boosted weights for 5 pdfs, by factor of 1
LOG (gmm-boost-silence[5.0.23~1-f7b2f]:main():gmm-boost-silence.cc:103) Wrote model to -
add-deltas ark:- ark:- 
apply-cmvn --utt2spk=ark:/z/mkperez/PremanifestHD-classification/Data/Spont-Speech/set4/train/split12/11/utt2spk scp:/z/mkperez/PremanifestHD-classification/Data/Spont-Speech/set4/train/split12/11/cmvn.scp scp:/z/mkperez/PremanifestHD-classification/Data/Spont-Speech/set4/train/split12/11/feats.scp ark:- 
WARNING (gmm-align-compiled[5.0.23~1-f7b2f]:AlignUtteranceWrapper():decoder-wrappers.cc:466) Retrying utterance PARTICIPANT87083-007 with beam 40
WARNING (gmm-align-compiled[5.0.23~1-f7b2f]:AlignUtteranceWrapper():decoder-wrappers.cc:466) Retrying utterance PARTICIPANT87083-009 with beam 40
WARNING (gmm-align-compiled[5.0.23~1-f7b2f]:AlignUtteranceWrapper():decoder-wrappers.cc:466) Retrying utterance PARTICIPANT87083-016 with beam 40
WARNING (gmm-align-compiled[5.0.23~1-f7b2f]:AlignUtteranceWrapper():decoder-wrappers.cc:466) Retrying utterance PARTICIPANT87083-026 with beam 40
WARNING (gmm-align-compiled[5.0.23~1-f7b2f]:AlignUtteranceWrapper():decoder-wrappers.cc:466) Retrying utterance PARTICIPANT87083-044 with beam 40
WARNING (gmm-align-compiled[5.0.23~1-f7b2f]:AlignUtteranceWrapper():decoder-wrappers.cc:466) Retrying utterance PARTICIPANT87083-047 with beam 40
WARNING (gmm-align-compiled[5.0.23~1-f7b2f]:AlignUtteranceWrapper():decoder-wrappers.cc:466) Retrying utterance PARTICIPANT87083-055 with beam 40
LOG (apply-cmvn[5.0.23~1-f7b2f]:main():apply-cmvn.cc:146) Applied cepstral mean normalization to 39 utterances, errors on 0
LOG (gmm-align-compiled[5.0.23~1-f7b2f]:main():gmm-align-compiled.cc:129) Overall log-likelihood per frame is -95.2428 over 9889 frames.
LOG (gmm-align-compiled[5.0.23~1-f7b2f]:main():gmm-align-compiled.cc:131) Retried 7 out of 39 utterances.
LOG (gmm-align-compiled[5.0.23~1-f7b2f]:main():gmm-align-compiled.cc:133) Done 39, errors on 0
# Accounting: time=1 threads=1
# Ended (code 0) at Mon Jan 28 18:50:36 EST 2019, elapsed time 1 seconds
