# lattice-scale --inv-acoustic-scale=8 "ark:gunzip -c /z/mkperez/PremanifestHD-classification/Data/Spont-Speech/set13/exp/mono_ali_clinician/decode/lat.*.gz|" ark:- | lattice-add-penalty --word-ins-penalty=0.0 ark:- ark:- | lattice-best-path --word-symbol-table=/z/mkperez/PremanifestHD-classification/Data/Spont-Speech/set13/exp/mono_ali_clinician/graph/words.txt ark:- ark,t:- | utils/int2sym.pl -f 2- /z/mkperez/PremanifestHD-classification/Data/Spont-Speech/set13/exp/mono_ali_clinician/graph/words.txt | local/wer_hyp_filter > /z/mkperez/PremanifestHD-classification/Data/Spont-Speech/set13/exp/mono_ali_clinician/decode/scoring_kaldi/penalty_0.0/8.txt 
# Started at Mon Jan 28 18:31:48 EST 2019
#
lattice-scale --inv-acoustic-scale=8 'ark:gunzip -c /z/mkperez/PremanifestHD-classification/Data/Spont-Speech/set13/exp/mono_ali_clinician/decode/lat.*.gz|' ark:- 
lattice-add-penalty --word-ins-penalty=0.0 ark:- ark:- 
lattice-best-path --word-symbol-table=/z/mkperez/PremanifestHD-classification/Data/Spont-Speech/set13/exp/mono_ali_clinician/graph/words.txt ark:- ark,t:- 
LOG (lattice-best-path[5.0.23~1-f7b2f]:main():lattice-best-path.cc:99) For utterance PARTICIPANT01634-001, best cost 41.1748 + 1978.88 = 2020.06 over 168 frames.
PARTICIPANT01634-001 OH CAN AND BUT CAN 
LOG (lattice-best-path[5.0.23~1-f7b2f]:main():lattice-best-path.cc:99) For utterance PARTICIPANT01634-003, best cost 132.584 + 11002.9 = 11135.5 over 988 frames.
PARTICIPANT01634-003 DEPRESSED WE THE AGAIN I LOT WHERE WEEKEND SO BE PART OH THE REALLY 
LOG (lattice-best-path[5.0.23~1-f7b2f]:main():lattice-best-path.cc:99) For utterance PARTICIPANT01634-005, best cost 57.3793 + 3447.05 = 3504.42 over 308 frames.
PARTICIPANT01634-005 A THEM ALSO AND SCHOOL HOUSE 
LOG (lattice-best-path[5.0.23~1-f7b2f]:main():lattice-best-path.cc:99) For utterance PARTICIPANT01634-007, best cost 69.111 + 3298.02 = 3367.13 over 288 frames.
PARTICIPANT01634-007 BOARD WHEN EMPTIED NIGHT INVITED OH 
LOG (lattice-best-path[5.0.23~1-f7b2f]:main():lattice-best-path.cc:99) For utterance PARTICIPANT01634-009, best cost 13.2082 + 1066.22 = 1079.42 over 98 frames.
PARTICIPANT01634-009 AND 
LOG (lattice-best-path[5.0.23~1-f7b2f]:main():lattice-best-path.cc:99) For utterance PARTICIPANT01634-011, best cost 25.7007 + 1441.26 = 1466.96 over 118 frames.
PARTICIPANT01634-011 I NOT WITH 
LOG (lattice-best-path[5.0.23~1-f7b2f]:main():lattice-best-path.cc:99) For utterance PARTICIPANT01634-013, best cost 26.8081 + 1100.91 = 1127.72 over 88 frames.
PARTICIPANT01634-013 TO WILL GET 
LOG (lattice-best-path[5.0.23~1-f7b2f]:main():lattice-best-path.cc:99) For utterance PARTICIPANT01634-015, best cost 36.3942 + 1616.37 = 1652.76 over 138 frames.
PARTICIPANT01634-015 GUYS AND WELL THERE 
LOG (lattice-best-path[5.0.23~1-f7b2f]:main():lattice-best-path.cc:99) For utterance PARTICIPANT01634-017, best cost 8.81719 + 203.143 = 211.961 over 18 frames.
PARTICIPANT01634-017 YEAH 
LOG (lattice-best-path[5.0.23~1-f7b2f]:main():lattice-best-path.cc:99) For utterance PARTICIPANT01634-019, best cost 168.09 + 11939 = 12107.1 over 1048 frames.
PARTICIPANT01634-019 RIDICULOUSLY DOLLAR AND IS SO DIDN'T THAT WHEN WENT ANY CAN SO NIGHT ALWAYS WAS HERE OH 
LOG (lattice-best-path[5.0.23~1-f7b2f]:main():lattice-best-path.cc:99) For utterance PARTICIPANT01634-021, best cost 120.197 + 9481.78 = 9601.98 over 838 frames.
PARTICIPANT01634-021 SO I WE WAS FROM TERRIBLE THAT YEAH YOU IT ANTIDEPRESSANTS WELL THE 
LOG (lattice-best-path[5.0.23~1-f7b2f]:main():lattice-best-path.cc:99) For utterance PARTICIPANT01634-023, best cost 218.76 + 14902.4 = 15121.1 over 1325 frames.
PARTICIPANT01634-023 AND NO SO INTERESTING MOVIES WHAT FRIENDS TO WEEKEND ROAD A LOT SO DEPRESSANTS AWESOME FUN OUT ALCOHOL OH IT'S FOR START 
LOG (lattice-best-path[5.0.23~1-f7b2f]:main():lattice-best-path.cc:99) For utterance PARTICIPANT01634-025, best cost 173.273 + 11618.9 = 11792.2 over 1018 frames.
PARTICIPANT01634-025 OF WAS PEOPLE INSTRUMENTS TO TO DEFINITELY BUT LITTLE MY I'M SOMEONE YES ALL BUT INAUDIBLE OKAY 
LOG (lattice-best-path[5.0.23~1-f7b2f]:main():lattice-best-path.cc:99) For utterance PARTICIPANT01634-027, best cost 169.041 + 11056.2 = 11225.3 over 988 frames.
PARTICIPANT01634-027 ON AND TONIGHT OKAY YES THE REALLY DEPRESSANTS START TAKE JUST AND IS YOU ANY YEAH OVER BE 
LOG (lattice-best-path[5.0.23~1-f7b2f]:main():lattice-best-path.cc:99) For utterance PARTICIPANT01634-029, best cost 202.77 + 12400.5 = 12603.3 over 1078 frames.
PARTICIPANT01634-029 MONEY CANCELLED TEN KIND TO FROM WORLD OLD DOOR LITTLE NO INTERESTING TORNADO AND EXCELLENT FESTIVAL WAY DIRECTORS 
LOG (lattice-best-path[5.0.23~1-f7b2f]:main():lattice-best-path.cc:99) For utterance PARTICIPANT01634-031, best cost 191.741 + 14470.2 = 14661.9 over 1278 frames.
PARTICIPANT01634-031 EXCELLENT DAUGHTER DIAGNOSIS DON'T INTRODUCTIONS TO WHEN THAT MIND YEAH DEFINITELY YOU NO FAMILY WE I TO BUT THE 
LOG (lattice-best-path[5.0.23~1-f7b2f]:main():lattice-best-path.cc:99) For utterance PARTICIPANT01634-033, best cost 151.581 + 10671.7 = 10823.3 over 948 frames.
PARTICIPANT01634-033 YEAH YOUR TO SOME AND SEE BUT COMMUNITY AND AND OF SO AND LANDLORD BE LOT AND 
LOG (lattice-best-path[5.0.23~1-f7b2f]:main():lattice-best-path.cc:99) For utterance PARTICIPANT01634-035, best cost 56.5098 + 4877.06 = 4933.57 over 438 frames.
PARTICIPANT01634-035 BUT DIAGNOSIS LITTLE OKAY YES 
LOG (lattice-best-path[5.0.23~1-f7b2f]:main():lattice-best-path.cc:99) For utterance PARTICIPANT01634-037, best cost 134.697 + 8909.87 = 9044.57 over 808 frames.
PARTICIPANT01634-037 AND SO IT TO LIKE REALLY DIDN'T MY BE REHEARSAL ME BE ON WAS OH 
LOG (lattice-best-path[5.0.23~1-f7b2f]:main():lattice-best-path.cc:99) For utterance PARTICIPANT01634-039, best cost 414.484 + 29235.6 = 29650.1 over 2496 frames.
PARTICIPANT01634-039 AND NO WE'LL ARE TO WE AND MY AT LIKE LOT ANY AND NICE OLD AND ONLY WELL AND ALRIGHT HOME DIAGNOSIS KIND WHOLE THIS I WANT RIDICULOUS WE'RE ONLY ANY DOESN'T A ALMOST TONIGHT WELL HILLS I WEEKEND EXACTLY YES SUCCESSFUL 
LOG (lattice-best-path[5.0.23~1-f7b2f]:main():lattice-best-path.cc:99) For utterance PARTICIPANT01634-041, best cost 103.36 + 8692.14 = 8795.5 over 748 frames.
PARTICIPANT01634-041 IT'S THAT TONIGHT AND IT ON I THE GLAD REASON YEAH 
LOG (lattice-best-path[5.0.23~1-f7b2f]:main():lattice-best-path.cc:99) For utterance PARTICIPANT01634-043, best cost 16.8276 + 1165.11 = 1181.94 over 98 frames.
PARTICIPANT01634-043 I'M THE 
LOG (lattice-best-path[5.0.23~1-f7b2f]:main():lattice-best-path.cc:99) For utterance PARTICIPANT01634-045, best cost 12.3614 + 628.053 = 640.414 over 58 frames.
PARTICIPANT01634-045 NO 
LOG (lattice-best-path[5.0.23~1-f7b2f]:main():lattice-best-path.cc:99) For utterance PARTICIPANT01634-047, best cost 17.9294 + 1013.1 = 1031.03 over 86 frames.
PARTICIPANT01634-047 INTERESTING 
LOG (lattice-best-path[5.0.23~1-f7b2f]:main():lattice-best-path.cc:99) For utterance PARTICIPANT01634-049, best cost 22.1598 + 920.733 = 942.893 over 81 frames.
PARTICIPANT01634-049 TO APPEAR 
LOG (lattice-best-path[5.0.23~1-f7b2f]:main():lattice-best-path.cc:99) For utterance PARTICIPANT01634-051, best cost 18.9607 + 902.481 = 921.442 over 78 frames.
PARTICIPANT01634-051 THAT NO 
LOG (lattice-best-path[5.0.23~1-f7b2f]:main():lattice-best-path.cc:99) For utterance PARTICIPANT01634-053, best cost 9.9722 + 515.928 = 525.9 over 48 frames.
PARTICIPANT01634-053 YEAH 
LOG (lattice-best-path[5.0.23~1-f7b2f]:main():lattice-best-path.cc:99) For utterance PARTICIPANT01634-055, best cost 313.949 + 20372.6 = 20686.6 over 1788 frames.
PARTICIPANT01634-055 EVERYONE IT LITTLE TRUE I WAS AND AND ONLY SO NORTH NICE YES EXACTLY TO ON ALL LOANS WHERE WANT ELSE LOT OF AND THIS EXACTLY ISN'T SO MILES IT'S FLORIDA MOBILITY 
LOG (lattice-best-path[5.0.23~1-f7b2f]:main():lattice-best-path.cc:99) For utterance PARTICIPANT01634-057, best cost 212.604 + 15606 = 15818.6 over 1398 frames.
PARTICIPANT01634-057 AND AND ON WEEKEND SO CLASSES AND IS AND SO THEN GET COMMITTED WHAT OLD THEN JUST IT LADY DON'T ISN'T TRACK 
LOG (lattice-best-path[5.0.23~1-f7b2f]:main():lattice-best-path.cc:99) For utterance PARTICIPANT01634-059, best cost 10.5319 + 304.258 = 314.79 over 28 frames.
PARTICIPANT01634-059 IS 
LOG (lattice-best-path[5.0.23~1-f7b2f]:main():lattice-best-path.cc:99) For utterance PARTICIPANT01634-061, best cost 11.8555 + 730.03 = 741.886 over 68 frames.
PARTICIPANT01634-061 AND 
LOG (lattice-best-path[5.0.23~1-f7b2f]:main():lattice-best-path.cc:99) For utterance PARTICIPANT01634-063, best cost 10.7413 + 337.468 = 348.209 over 28 frames.
PARTICIPANT01634-063 YES 
LOG (lattice-best-path[5.0.23~1-f7b2f]:main():lattice-best-path.cc:99) For utterance PARTICIPANT01634-065, best cost 43.8332 + 2369.33 = 2413.16 over 198 frames.
PARTICIPANT01634-065 NO REQUIRES AND COAST 
LOG (lattice-best-path[5.0.23~1-f7b2f]:main():lattice-best-path.cc:99) For utterance PARTICIPANT01634-067, best cost 54.7797 + 3238.34 = 3293.12 over 288 frames.
PARTICIPANT01634-067 CAN AND TEN I WEEKEND OKAY 
LOG (lattice-scale[5.0.23~1-f7b2f]:main():lattice-scale.cc:90) Done 35 lattices.
LOG (lattice-add-penalty[5.0.23~1-f7b2f]:main():lattice-add-penalty.cc:62) Done adding word insertion penalty to 35 lattices.
LOG (lattice-best-path[5.0.23~1-f7b2f]:main():lattice-best-path.cc:99) For utterance PARTICIPANT01634-069, best cost 255.338 + 15447.8 = 15703.1 over 1328 frames.
PARTICIPANT01634-069 CREDIT TREATMENT I ALWAYS LOT WE VISIT CAN TIME AND FLORIDA REALLY RIGHT THAT YOU TO DIRECTORS HOUSE IS LITTLE TO COMPUTERS START AND DIRECTORS SO SO 
LOG (lattice-best-path[5.0.23~1-f7b2f]:main():lattice-best-path.cc:124) Overall cost per frame is 11.5642 = 0.169625 [graph] + 11.3946 [acoustic] over 20796 frames.
LOG (lattice-best-path[5.0.23~1-f7b2f]:main():lattice-best-path.cc:128) Done 35 lattices, failed for 0
# Accounting: time=5 threads=1
# Ended (code 0) at Mon Jan 28 18:31:53 EST 2019, elapsed time 5 seconds
