# lattice-scale --inv-acoustic-scale=17 "ark:gunzip -c /z/mkperez/PremanifestHD-classification/Data/Spont-Speech/set13/exp/mono_ali_clinician/decode/lat.*.gz|" ark:- | lattice-add-penalty --word-ins-penalty=0.0 ark:- ark:- | lattice-best-path --word-symbol-table=/z/mkperez/PremanifestHD-classification/Data/Spont-Speech/set13/exp/mono_ali_clinician/graph/words.txt ark:- ark,t:- | utils/int2sym.pl -f 2- /z/mkperez/PremanifestHD-classification/Data/Spont-Speech/set13/exp/mono_ali_clinician/graph/words.txt | local/wer_hyp_filter > /z/mkperez/PremanifestHD-classification/Data/Spont-Speech/set13/exp/mono_ali_clinician/decode/scoring_kaldi/penalty_0.0/17.txt 
# Started at Mon Jan 28 18:31:48 EST 2019
#
lattice-best-path --word-symbol-table=/z/mkperez/PremanifestHD-classification/Data/Spont-Speech/set13/exp/mono_ali_clinician/graph/words.txt ark:- ark,t:- 
lattice-add-penalty --word-ins-penalty=0.0 ark:- ark:- 
lattice-scale --inv-acoustic-scale=17 'ark:gunzip -c /z/mkperez/PremanifestHD-classification/Data/Spont-Speech/set13/exp/mono_ali_clinician/decode/lat.*.gz|' ark:- 
LOG (lattice-best-path[5.0.23~1-f7b2f]:main():lattice-best-path.cc:99) For utterance PARTICIPANT01634-001, best cost 21.9791 + 943.488 = 965.467 over 168 frames.
PARTICIPANT01634-001 AND BUT 
LOG (lattice-best-path[5.0.23~1-f7b2f]:main():lattice-best-path.cc:99) For utterance PARTICIPANT01634-003, best cost 97.6086 + 5200.99 = 5298.6 over 988 frames.
PARTICIPANT01634-003 DEPRESSED YOU THEN WAS SARASOTA FROM THE REALLY 
LOG (lattice-best-path[5.0.23~1-f7b2f]:main():lattice-best-path.cc:99) For utterance PARTICIPANT01634-005, best cost 55.2672 + 1623.61 = 1678.88 over 308 frames.
PARTICIPANT01634-005 A UM ALSO AND SCHOOL HOUSE 
LOG (lattice-best-path[5.0.23~1-f7b2f]:main():lattice-best-path.cc:99) For utterance PARTICIPANT01634-007, best cost 39.3177 + 1569.47 = 1608.79 over 288 frames.
PARTICIPANT01634-007 GORDON ANTIDEPRESSANTS 
LOG (lattice-best-path[5.0.23~1-f7b2f]:main():lattice-best-path.cc:99) For utterance PARTICIPANT01634-009, best cost 13.2082 + 501.749 = 514.957 over 98 frames.
PARTICIPANT01634-009 AND 
LOG (lattice-best-path[5.0.23~1-f7b2f]:main():lattice-best-path.cc:99) For utterance PARTICIPANT01634-011, best cost 16.4426 + 683.267 = 699.709 over 118 frames.
PARTICIPANT01634-011 ONLY 
LOG (lattice-best-path[5.0.23~1-f7b2f]:main():lattice-best-path.cc:99) For utterance PARTICIPANT01634-013, best cost 15.3331 + 525.623 = 540.956 over 88 frames.
PARTICIPANT01634-013 DELTA 
LOG (lattice-best-path[5.0.23~1-f7b2f]:main():lattice-best-path.cc:99) For utterance PARTICIPANT01634-015, best cost 23.9639 + 769.046 = 793.01 over 138 frames.
PARTICIPANT01634-015 GUYS NICE 
LOG (lattice-best-path[5.0.23~1-f7b2f]:main():lattice-best-path.cc:99) For utterance PARTICIPANT01634-017, best cost 8.81719 + 95.5969 = 104.414 over 18 frames.
PARTICIPANT01634-017 YEAH 
LOG (lattice-best-path[5.0.23~1-f7b2f]:main():lattice-best-path.cc:99) For utterance PARTICIPANT01634-019, best cost 131.37 + 5644.75 = 5776.12 over 1048 frames.
PARTICIPANT01634-019 RIDICULOUS AND SO IMMEDIATELY WENT ANY AND SO THAT WAS HERE OH 
LOG (lattice-best-path[5.0.23~1-f7b2f]:main():lattice-best-path.cc:99) For utterance PARTICIPANT01634-021, best cost 100.579 + 4476.01 = 4576.59 over 838 frames.
PARTICIPANT01634-021 SO REMEMBER DELTA THAT YEAH YOU IT ANTIDEPRESSANTS LANDLORDS 
LOG (lattice-best-path[5.0.23~1-f7b2f]:main():lattice-best-path.cc:99) For utterance PARTICIPANT01634-023, best cost 143.874 + 7067.54 = 7211.42 over 1325 frames.
PARTICIPANT01634-023 NO SO INTRODUCTIONS WAS WEEKEND OH INTRODUCTIONS ASSESSMENTS ALCOHOL LITTLE FOR START 
LOG (lattice-best-path[5.0.23~1-f7b2f]:main():lattice-best-path.cc:99) For utterance PARTICIPANT01634-025, best cost 123.224 + 5498.42 = 5621.65 over 1018 frames.
PARTICIPANT01634-025 SOME EXCELLENT TO DEFINITELY LIKE ONLY EXCELLENT INAUDIBLE OKAY 
LOG (lattice-best-path[5.0.23~1-f7b2f]:main():lattice-best-path.cc:99) For utterance PARTICIPANT01634-027, best cost 122.569 + 5233.65 = 5356.22 over 988 frames.
PARTICIPANT01634-027 ON EXACTLY YES REALLY DEPRESSANTS SO TEST IS AND IMMEDIATELY 
LOG (lattice-best-path[5.0.23~1-f7b2f]:main():lattice-best-path.cc:99) For utterance PARTICIPANT01634-029, best cost 144.379 + 5879.45 = 6023.83 over 1078 frames.
PARTICIPANT01634-029 AND CANCELLED TONIGHT ACCESSIBLE SO YOUR LITTLE NOT ANTIDEPRESSANTS DISABILITY DIRECTORS 
LOG (lattice-best-path[5.0.23~1-f7b2f]:main():lattice-best-path.cc:99) For utterance PARTICIPANT01634-031, best cost 146.726 + 6840.07 = 6986.79 over 1278 frames.
PARTICIPANT01634-031 EXCELLENT DAUGHTER DIAGNOSIS INTRODUCTIONS WHEN THAT DEFINITELY YOU MOBILITY THAT THE 
LOG (lattice-best-path[5.0.23~1-f7b2f]:main():lattice-best-path.cc:99) For utterance PARTICIPANT01634-033, best cost 103.992 + 5055.63 = 5159.62 over 948 frames.
PARTICIPANT01634-033 YOU YOUR DISABILITY DISABILITY DON'T DISABILITY BE LIKE 
LOG (lattice-best-path[5.0.23~1-f7b2f]:main():lattice-best-path.cc:99) For utterance PARTICIPANT01634-035, best cost 48.6366 + 2301.96 = 2350.6 over 438 frames.
PARTICIPANT01634-035 BUT RIDICULOUSLY OKAY YEAH 
LOG (lattice-best-path[5.0.23~1-f7b2f]:main():lattice-best-path.cc:99) For utterance PARTICIPANT01634-037, best cost 94.5873 + 4220.61 = 4315.19 over 808 frames.
PARTICIPANT01634-037 DON'T LITTLE BETWEEN REHEARSAL MAYBE AND WAS OH 
LOG (lattice-best-path[5.0.23~1-f7b2f]:main():lattice-best-path.cc:99) For utterance PARTICIPANT01634-039, best cost 286.163 + 13841.3 = 14127.4 over 2496 frames.
PARTICIPANT01634-039 ABSOLUTELY ARE WEEKEND THAT EXCELLENT ABSOLUTELY WELL ANTIDEPRESSANTS DELTA ONLY SOMEONE RIDICULOUSLY ABSOLUTELY TUESDAY ALMOST LIKE WEDDING WEEKEND EXACTLY SUCCESSFUL 
LOG (lattice-best-path[5.0.23~1-f7b2f]:main():lattice-best-path.cc:99) For utterance PARTICIPANT01634-041, best cost 64.5142 + 4115.83 = 4180.34 over 748 frames.
PARTICIPANT01634-041 IT'S EXACTLY BECAUSE THE DELTA 
LOG (lattice-best-path[5.0.23~1-f7b2f]:main():lattice-best-path.cc:99) For utterance PARTICIPANT01634-043, best cost 15.7929 + 548.985 = 564.778 over 98 frames.
PARTICIPANT01634-043 I THE 
LOG (lattice-best-path[5.0.23~1-f7b2f]:main():lattice-best-path.cc:99) For utterance PARTICIPANT01634-045, best cost 10.2751 + 296.683 = 306.959 over 58 frames.
PARTICIPANT01634-045 AND 
LOG (lattice-best-path[5.0.23~1-f7b2f]:main():lattice-best-path.cc:99) For utterance PARTICIPANT01634-047, best cost 17.9294 + 476.752 = 494.682 over 86 frames.
PARTICIPANT01634-047 INTERESTING 
LOG (lattice-best-path[5.0.23~1-f7b2f]:main():lattice-best-path.cc:99) For utterance PARTICIPANT01634-049, best cost 11.8975 + 441.402 = 453.3 over 81 frames.
PARTICIPANT01634-049 TO 
LOG (lattice-best-path[5.0.23~1-f7b2f]:main():lattice-best-path.cc:99) For utterance PARTICIPANT01634-051, best cost 13.2123 + 427.617 = 440.829 over 78 frames.
PARTICIPANT01634-051 AND 
LOG (lattice-best-path[5.0.23~1-f7b2f]:main():lattice-best-path.cc:99) For utterance PARTICIPANT01634-053, best cost 4.35524 + 246.77 = 251.125 over 48 frames.
PARTICIPANT01634-053 
LOG (lattice-best-path[5.0.23~1-f7b2f]:main():lattice-best-path.cc:99) For utterance PARTICIPANT01634-055, best cost 196.249 + 9666.15 = 9862.4 over 1788 frames.
PARTICIPANT01634-055 YOU EXCELLENT DELTA ACTUALLY FLORIDA YOU EXACTLY TO LOT OH WELL WE THAT INTRODUCTIONS DEFINITELY RIDICULOUSLY 
LOG (lattice-best-path[5.0.23~1-f7b2f]:main():lattice-best-path.cc:99) For utterance PARTICIPANT01634-057, best cost 153.292 + 7385.25 = 7538.54 over 1398 frames.
PARTICIPANT01634-057 AND AND ON WEEKEND SO CLASSES IS INTERESTING SO CLOSED THAT LAUDERDALE'S UNDERGRAD 
LOG (lattice-best-path[5.0.23~1-f7b2f]:main():lattice-best-path.cc:99) For utterance PARTICIPANT01634-059, best cost 9.13403 + 144.295 = 153.429 over 28 frames.
PARTICIPANT01634-059 TO 
LOG (lattice-best-path[5.0.23~1-f7b2f]:main():lattice-best-path.cc:99) For utterance PARTICIPANT01634-061, best cost 11.8555 + 343.544 = 355.399 over 68 frames.
PARTICIPANT01634-061 AND 
LOG (lattice-best-path[5.0.23~1-f7b2f]:main():lattice-best-path.cc:99) For utterance PARTICIPANT01634-063, best cost 10.7413 + 158.808 = 169.55 over 28 frames.
PARTICIPANT01634-063 YES 
LOG (lattice-best-path[5.0.23~1-f7b2f]:main():lattice-best-path.cc:99) For utterance PARTICIPANT01634-065, best cost 24.6055 + 1127.59 = 1152.2 over 198 frames.
PARTICIPANT01634-065 INSTRUMENTS 
LOG (lattice-best-path[5.0.23~1-f7b2f]:main():lattice-best-path.cc:99) For utterance PARTICIPANT01634-067, best cost 34.6554 + 1538.07 = 1572.72 over 288 frames.
PARTICIPANT01634-067 CAN AND WEEKEND 
LOG (lattice-scale[5.0.23~1-f7b2f]:main():lattice-scale.cc:90) Done 35 lattices.
LOG (lattice-add-penalty[5.0.23~1-f7b2f]:main():lattice-add-penalty.cc:62) Done adding word insertion penalty to 35 lattices.
LOG (lattice-best-path[5.0.23~1-f7b2f]:main():lattice-best-path.cc:99) For utterance PARTICIPANT01634-069, best cost 182.786 + 7320.86 = 7503.64 over 1328 frames.
PARTICIPANT01634-069 TRACK TREATMENT ABSOLUTELY EXACTLY LANDLORDS CHILDREN YOU DIRECTORS HOUSE LITTLE ASSESSMENTS GREAT DEFINITELY 
LOG (lattice-best-path[5.0.23~1-f7b2f]:main():lattice-best-path.cc:124) Overall cost per frame is 5.51597 = 0.120183 [graph] + 5.39579 [acoustic] over 20796 frames.
LOG (lattice-best-path[5.0.23~1-f7b2f]:main():lattice-best-path.cc:128) Done 35 lattices, failed for 0
# Accounting: time=5 threads=1
# Ended (code 0) at Mon Jan 28 18:31:53 EST 2019, elapsed time 5 seconds
