# lattice-scale --inv-acoustic-scale=7 "ark:gunzip -c /z/mkperez/PremanifestHD-classification/Data/Spont-Speech/set13/exp/mono_ali_clinician/decode/lat.*.gz|" ark:- | lattice-add-penalty --word-ins-penalty=0.0 ark:- ark:- | lattice-best-path --word-symbol-table=/z/mkperez/PremanifestHD-classification/Data/Spont-Speech/set13/exp/mono_ali_clinician/graph/words.txt ark:- ark,t:- | utils/int2sym.pl -f 2- /z/mkperez/PremanifestHD-classification/Data/Spont-Speech/set13/exp/mono_ali_clinician/graph/words.txt | local/wer_hyp_filter > /z/mkperez/PremanifestHD-classification/Data/Spont-Speech/set13/exp/mono_ali_clinician/decode/scoring_kaldi/penalty_0.0/7.txt 
# Started at Mon Jan 28 18:31:48 EST 2019
#
lattice-scale --inv-acoustic-scale=7 'ark:gunzip -c /z/mkperez/PremanifestHD-classification/Data/Spont-Speech/set13/exp/mono_ali_clinician/decode/lat.*.gz|' ark:- 
lattice-add-penalty --word-ins-penalty=0.0 ark:- ark:- 
lattice-best-path --word-symbol-table=/z/mkperez/PremanifestHD-classification/Data/Spont-Speech/set13/exp/mono_ali_clinician/graph/words.txt ark:- ark,t:- 
LOG (lattice-best-path[5.0.23~1-f7b2f]:main():lattice-best-path.cc:99) For utterance PARTICIPANT01634-001, best cost 45.6298 + 2256.68 = 2302.31 over 168 frames.
PARTICIPANT01634-001 OH CAN AND BUT AND CAN 
LOG (lattice-best-path[5.0.23~1-f7b2f]:main():lattice-best-path.cc:99) For utterance PARTICIPANT01634-003, best cost 146.667 + 12559.6 = 12706.2 over 988 frames.
PARTICIPANT01634-003 DEPRESSED WE HE AGAIN I LAUDERDALE WHERE WEEKEND SO I'M UM PART ALL NICE REALLY 
LOG (lattice-best-path[5.0.23~1-f7b2f]:main():lattice-best-path.cc:99) For utterance PARTICIPANT01634-005, best cost 57.3793 + 3939.48 = 3996.86 over 308 frames.
PARTICIPANT01634-005 A THEM ALSO AND SCHOOL HOUSE 
LOG (lattice-best-path[5.0.23~1-f7b2f]:main():lattice-best-path.cc:99) For utterance PARTICIPANT01634-007, best cost 69.111 + 3769.16 = 3838.27 over 288 frames.
PARTICIPANT01634-007 BOARD WHEN EMPTIED NIGHT INVITED OH 
LOG (lattice-best-path[5.0.23~1-f7b2f]:main():lattice-best-path.cc:99) For utterance PARTICIPANT01634-009, best cost 13.2082 + 1218.53 = 1231.74 over 98 frames.
PARTICIPANT01634-009 AND 
LOG (lattice-best-path[5.0.23~1-f7b2f]:main():lattice-best-path.cc:99) For utterance PARTICIPANT01634-011, best cost 32.0798 + 1640.14 = 1672.22 over 118 frames.
PARTICIPANT01634-011 OH NOT WILL IT 
LOG (lattice-best-path[5.0.23~1-f7b2f]:main():lattice-best-path.cc:99) For utterance PARTICIPANT01634-013, best cost 26.8081 + 1258.18 = 1284.99 over 88 frames.
PARTICIPANT01634-013 TO WILL GET 
LOG (lattice-best-path[5.0.23~1-f7b2f]:main():lattice-best-path.cc:99) For utterance PARTICIPANT01634-015, best cost 36.3942 + 1847.28 = 1883.67 over 138 frames.
PARTICIPANT01634-015 GUYS AND WELL THERE 
LOG (lattice-best-path[5.0.23~1-f7b2f]:main():lattice-best-path.cc:99) For utterance PARTICIPANT01634-017, best cost 8.81719 + 232.164 = 240.981 over 18 frames.
PARTICIPANT01634-017 YEAH 
LOG (lattice-best-path[5.0.23~1-f7b2f]:main():lattice-best-path.cc:99) For utterance PARTICIPANT01634-019, best cost 182.634 + 13628.6 = 13811.2 over 1048 frames.
PARTICIPANT01634-019 RIDICULOUSLY DOLLAR AND IS SO DIDN'T THAT WHEN WHEN THAT ANY CAN SO NIGHT ALWAYS INCLUDE HERE OH OH 
LOG (lattice-best-path[5.0.23~1-f7b2f]:main():lattice-best-path.cc:99) For utterance PARTICIPANT01634-021, best cost 130.789 + 10825.6 = 10956.4 over 838 frames.
PARTICIPANT01634-021 SO I WE WAS FROM TERRIBLE THAT YEAH YOU IT AND HAD TREATERS WELL THE 
LOG (lattice-best-path[5.0.23~1-f7b2f]:main():lattice-best-path.cc:99) For utterance PARTICIPANT01634-023, best cost 226.821 + 17022.7 = 17249.5 over 1325 frames.
PARTICIPANT01634-023 AND NO SO INTERESTING MOVIES WHAT FRIENDS HE WEEKEND ROAD A LOT SO DEPRESSANTS AWESOME FUN NO WHAT ALCOHOL OH IT'S FOR START 
LOG (lattice-best-path[5.0.23~1-f7b2f]:main():lattice-best-path.cc:99) For utterance PARTICIPANT01634-025, best cost 181.76 + 13270 = 13451.7 over 1018 frames.
PARTICIPANT01634-025 OF WAS PEOPLE INVITED YOU TO TO DEFINITELY BUT LITTLE MY I'M SO LET'S YES ALL BUT INAUDIBLE OKAY 
LOG (lattice-best-path[5.0.23~1-f7b2f]:main():lattice-best-path.cc:99) For utterance PARTICIPANT01634-027, best cost 169.041 + 12635.7 = 12804.8 over 988 frames.
PARTICIPANT01634-027 ON AND TONIGHT OKAY YES THE REALLY DEPRESSANTS START TAKE JUST AND IS YOU ANY YEAH OVER BE 
LOG (lattice-best-path[5.0.23~1-f7b2f]:main():lattice-best-path.cc:99) For utterance PARTICIPANT01634-029, best cost 227.552 + 14145.9 = 14373.5 over 1078 frames.
PARTICIPANT01634-029 MONEY CANCELLED TEN KIND HAVE SO FROM WORLD OLD DOOR LITTLE NO DON'T DETROIT DIFFERENT DON'T AND EXCELLENT FESTIVAL WAY AND CREDIT A 
LOG (lattice-best-path[5.0.23~1-f7b2f]:main():lattice-best-path.cc:99) For utterance PARTICIPANT01634-031, best cost 202.622 + 16525.9 = 16728.6 over 1278 frames.
PARTICIPANT01634-031 EXCELLENT DAUGHTER DIAGNOSIS DON'T INTERESTING SO TO WHEN I WE MIND YEAH DEFINITELY YOU NO REALLY WE I TO BUT THE 
LOG (lattice-best-path[5.0.23~1-f7b2f]:main():lattice-best-path.cc:99) For utterance PARTICIPANT01634-033, best cost 156.766 + 12190.8 = 12347.6 over 948 frames.
PARTICIPANT01634-033 LAST YOUR TO SOME AND SEE BUT COMMUNITY AND AND OF SO DID LANDLORD BE LOT AND 
LOG (lattice-best-path[5.0.23~1-f7b2f]:main():lattice-best-path.cc:99) For utterance PARTICIPANT01634-035, best cost 56.5098 + 5573.78 = 5630.29 over 438 frames.
PARTICIPANT01634-035 BUT DIAGNOSIS LITTLE OKAY YES 
LOG (lattice-best-path[5.0.23~1-f7b2f]:main():lattice-best-path.cc:99) For utterance PARTICIPANT01634-037, best cost 134.697 + 10182.7 = 10317.4 over 808 frames.
PARTICIPANT01634-037 AND SO IT TO LIKE REALLY DIDN'T MY BE REHEARSAL ME BE ON WAS OH 
LOG (lattice-best-path[5.0.23~1-f7b2f]:main():lattice-best-path.cc:99) For utterance PARTICIPANT01634-039, best cost 421.228 + 33404.9 = 33826.2 over 2496 frames.
PARTICIPANT01634-039 AND NO WE'LL ARE TO TO WE AND MY AT LIKE LONGER ANY AND NICE OLD AND ONLY WELL AND ALRIGHT HOME DIAGNOSIS KIND WHOLE THIS I WANT RIDICULOUS WE'RE ONLY ANY DOESN'T A ALMOST TONIGHT WELL HILLS I WEEKEND EXACTLY YES SUCCESSFUL 
LOG (lattice-best-path[5.0.23~1-f7b2f]:main():lattice-best-path.cc:99) For utterance PARTICIPANT01634-041, best cost 114.681 + 9921.29 = 10036 over 748 frames.
PARTICIPANT01634-041 IT'S THE THAT YOUR ALIGHT AND IT ON I THE GLAD REASON YEAH 
LOG (lattice-best-path[5.0.23~1-f7b2f]:main():lattice-best-path.cc:99) For utterance PARTICIPANT01634-043, best cost 21.1917 + 1327.09 = 1348.28 over 98 frames.
PARTICIPANT01634-043 I YEAH THE 
LOG (lattice-best-path[5.0.23~1-f7b2f]:main():lattice-best-path.cc:99) For utterance PARTICIPANT01634-045, best cost 12.3614 + 717.774 = 730.136 over 58 frames.
PARTICIPANT01634-045 NO 
LOG (lattice-best-path[5.0.23~1-f7b2f]:main():lattice-best-path.cc:99) For utterance PARTICIPANT01634-047, best cost 17.9294 + 1157.83 = 1175.76 over 86 frames.
PARTICIPANT01634-047 INTERESTING 
LOG (lattice-best-path[5.0.23~1-f7b2f]:main():lattice-best-path.cc:99) For utterance PARTICIPANT01634-049, best cost 22.1598 + 1052.27 = 1074.43 over 81 frames.
PARTICIPANT01634-049 TO APPEAR 
LOG (lattice-best-path[5.0.23~1-f7b2f]:main():lattice-best-path.cc:99) For utterance PARTICIPANT01634-051, best cost 18.9607 + 1031.41 = 1050.37 over 78 frames.
PARTICIPANT01634-051 THAT NO 
LOG (lattice-best-path[5.0.23~1-f7b2f]:main():lattice-best-path.cc:99) For utterance PARTICIPANT01634-053, best cost 9.9722 + 589.632 = 599.604 over 48 frames.
PARTICIPANT01634-053 YEAH 
LOG (lattice-best-path[5.0.23~1-f7b2f]:main():lattice-best-path.cc:99) For utterance PARTICIPANT01634-055, best cost 319.414 + 23277.1 = 23596.5 over 1788 frames.
PARTICIPANT01634-055 AND YES IT LITTLE TRUE I WAS AND AND ONLY SO NORTH NICE YES EXACTLY TO ON ALL LOANS WEST WANT ELSE LOT OF AND THIS EXACTLY ISN'T SO MILES IT'S FLORIDA MOBILITY 
LOG (lattice-best-path[5.0.23~1-f7b2f]:main():lattice-best-path.cc:99) For utterance PARTICIPANT01634-057, best cost 215.792 + 17831.9 = 18047.7 over 1398 frames.
PARTICIPANT01634-057 AND AND ON WEEKEND SO CLASSES AND IS AND FUN WENT GET COMMITTED WHAT OLD THEN JUST IT LADY DON'T ISN'T TRACK 
LOG (lattice-best-path[5.0.23~1-f7b2f]:main():lattice-best-path.cc:99) For utterance PARTICIPANT01634-059, best cost 10.5319 + 347.724 = 358.256 over 28 frames.
PARTICIPANT01634-059 IS 
LOG (lattice-best-path[5.0.23~1-f7b2f]:main():lattice-best-path.cc:99) For utterance PARTICIPANT01634-061, best cost 11.8555 + 834.32 = 846.176 over 68 frames.
PARTICIPANT01634-061 AND 
LOG (lattice-best-path[5.0.23~1-f7b2f]:main():lattice-best-path.cc:99) For utterance PARTICIPANT01634-063, best cost 10.7413 + 385.678 = 396.419 over 28 frames.
PARTICIPANT01634-063 YES 
LOG (lattice-best-path[5.0.23~1-f7b2f]:main():lattice-best-path.cc:99) For utterance PARTICIPANT01634-065, best cost 48.5628 + 2702.9 = 2751.47 over 198 frames.
PARTICIPANT01634-065 NO REQUIRES AND I COAST 
LOG (lattice-best-path[5.0.23~1-f7b2f]:main():lattice-best-path.cc:99) For utterance PARTICIPANT01634-067, best cost 54.7797 + 3700.96 = 3755.74 over 288 frames.
PARTICIPANT01634-067 CAN AND TEN I WEEKEND OKAY 
LOG (lattice-scale[5.0.23~1-f7b2f]:main():lattice-scale.cc:90) Done 35 lattices.
LOG (lattice-add-penalty[5.0.23~1-f7b2f]:main():lattice-add-penalty.cc:62) Done adding word insertion penalty to 35 lattices.
LOG (lattice-best-path[5.0.23~1-f7b2f]:main():lattice-best-path.cc:99) For utterance PARTICIPANT01634-069, best cost 264.255 + 17645.2 = 17909.5 over 1328 frames.
PARTICIPANT01634-069 CREDIT TREATMENT I ALWAYS LOT WE VISIT CAN EXCITING BUT NORTH BETWEEN RIGHT THAT MOVIE TO DIRECTORS HOUSE IS LITTLE WHAT ASSESSMENTS GREAT AND DIRECTORS SO SO 
LOG (lattice-best-path[5.0.23~1-f7b2f]:main():lattice-best-path.cc:124) Overall cost per frame is 13.1915 = 0.176943 [graph] + 13.0146 [acoustic] over 20796 frames.
LOG (lattice-best-path[5.0.23~1-f7b2f]:main():lattice-best-path.cc:128) Done 35 lattices, failed for 0
# Accounting: time=5 threads=1
# Ended (code 0) at Mon Jan 28 18:31:53 EST 2019, elapsed time 5 seconds
