# gmm-latgen-faster --max-active=7000 --beam=13.0 --lattice-beam=6.0 --acoustic-scale=0.083333 --allow-partial=true --word-symbol-table=/z/mkperez/PremanifestHD-classification/Data/Spont-Speech/set14/exp/mono_ali_clinician/graph/words.txt /z/mkperez/PremanifestHD-classification/Data/Spont-Speech/set14/exp/mono_ali_clinician/final.mdl /z/mkperez/PremanifestHD-classification/Data/Spont-Speech/set14/exp/mono_ali_clinician/graph/HCLG.fst "ark,s,cs:apply-cmvn  --utt2spk=ark:/z/mkperez/PremanifestHD-classification/Data/Spont-Speech/set14/val/split1/1/utt2spk scp:/z/mkperez/PremanifestHD-classification/Data/Spont-Speech/set14/val/split1/1/cmvn.scp scp:/z/mkperez/PremanifestHD-classification/Data/Spont-Speech/set14/val/split1/1/feats.scp ark:- | add-deltas  ark:- ark:- |" "ark:|gzip -c > /z/mkperez/PremanifestHD-classification/Data/Spont-Speech/set14/exp/mono_ali_clinician/decode/lat.1.gz" 
# Started at Mon Jan 28 18:32:58 EST 2019
#
gmm-latgen-faster --max-active=7000 --beam=13.0 --lattice-beam=6.0 --acoustic-scale=0.083333 --allow-partial=true --word-symbol-table=/z/mkperez/PremanifestHD-classification/Data/Spont-Speech/set14/exp/mono_ali_clinician/graph/words.txt /z/mkperez/PremanifestHD-classification/Data/Spont-Speech/set14/exp/mono_ali_clinician/final.mdl /z/mkperez/PremanifestHD-classification/Data/Spont-Speech/set14/exp/mono_ali_clinician/graph/HCLG.fst 'ark,s,cs:apply-cmvn  --utt2spk=ark:/z/mkperez/PremanifestHD-classification/Data/Spont-Speech/set14/val/split1/1/utt2spk scp:/z/mkperez/PremanifestHD-classification/Data/Spont-Speech/set14/val/split1/1/cmvn.scp scp:/z/mkperez/PremanifestHD-classification/Data/Spont-Speech/set14/val/split1/1/feats.scp ark:- | add-deltas  ark:- ark:- |' 'ark:|gzip -c > /z/mkperez/PremanifestHD-classification/Data/Spont-Speech/set14/exp/mono_ali_clinician/decode/lat.1.gz' 
add-deltas ark:- ark:- 
apply-cmvn --utt2spk=ark:/z/mkperez/PremanifestHD-classification/Data/Spont-Speech/set14/val/split1/1/utt2spk scp:/z/mkperez/PremanifestHD-classification/Data/Spont-Speech/set14/val/split1/1/cmvn.scp scp:/z/mkperez/PremanifestHD-classification/Data/Spont-Speech/set14/val/split1/1/feats.scp ark:- 
LOG (apply-cmvn[5.0.23~1-f7b2f]:main():apply-cmvn.cc:146) Applied cepstral mean normalization to 7 utterances, errors on 0
PARTICIPANT91117-001 WAS FRIENDS I FAMILY 
LOG (gmm-latgen-faster[5.0.23~1-f7b2f]:DecodeUtteranceLatticeFaster():decoder-wrappers.cc:285) Log-like per frame for utterance PARTICIPANT91117-001 is -8.20497 over 178 frames.
PARTICIPANT91117-003 I'VE REHEARSAL REHEARSAL HAVEN'T 
LOG (gmm-latgen-faster[5.0.23~1-f7b2f]:DecodeUtteranceLatticeFaster():decoder-wrappers.cc:285) Log-like per frame for utterance PARTICIPANT91117-003 is -8.13726 over 238 frames.
PARTICIPANT91117-005 FUN HERE 
LOG (gmm-latgen-faster[5.0.23~1-f7b2f]:DecodeUtteranceLatticeFaster():decoder-wrappers.cc:285) Log-like per frame for utterance PARTICIPANT91117-005 is -8.20892 over 101 frames.
PARTICIPANT91117-007 YEAH 
LOG (gmm-latgen-faster[5.0.23~1-f7b2f]:DecodeUtteranceLatticeFaster():decoder-wrappers.cc:285) Log-like per frame for utterance PARTICIPANT91117-007 is -7.94418 over 32 frames.
PARTICIPANT91117-009 WARY 
LOG (gmm-latgen-faster[5.0.23~1-f7b2f]:DecodeUtteranceLatticeFaster():decoder-wrappers.cc:285) Log-like per frame for utterance PARTICIPANT91117-009 is -7.81722 over 89 frames.
PARTICIPANT91117-011 
LOG (gmm-latgen-faster[5.0.23~1-f7b2f]:DecodeUtteranceLatticeFaster():decoder-wrappers.cc:285) Log-like per frame for utterance PARTICIPANT91117-011 is -9.08442 over 18 frames.
PARTICIPANT91117-013 GET LIKE CREDIT 
LOG (gmm-latgen-faster[5.0.23~1-f7b2f]:RebuildRepository():determinize-lattice-pruned.cc:283) Rebuilding repository.
LOG (gmm-latgen-faster[5.0.23~1-f7b2f]:RebuildRepository():determinize-lattice-pruned.cc:283) Rebuilding repository.
LOG (gmm-latgen-faster[5.0.23~1-f7b2f]:RebuildRepository():determinize-lattice-pruned.cc:283) Rebuilding repository.
WARNING (gmm-latgen-faster[5.0.23~1-f7b2f]:CheckMemoryUsage():determinize-lattice-pruned.cc:316) Did not reach requested beam in determinize-lattice: size exceeds maximum 50000000 bytes; (repo,arcs,elems) = (35109952,420096,14609112), after rebuilding, repo size was 27626944, effective beam was 5.43699 vs. requested beam 6
WARNING (gmm-latgen-faster[5.0.23~1-f7b2f]:DecodeUtteranceLatticeFaster():decoder-wrappers.cc:273) Determinization finished earlier than the beam for utterance PARTICIPANT91117-013
LOG (gmm-latgen-faster[5.0.23~1-f7b2f]:DecodeUtteranceLatticeFaster():decoder-wrappers.cc:285) Log-like per frame for utterance PARTICIPANT91117-013 is -8.41348 over 173 frames.
LOG (gmm-latgen-faster[5.0.23~1-f7b2f]:main():gmm-latgen-faster.cc:176) Time taken 15.8565s: real-time factor assuming 100 frames/sec is 1.91272
LOG (gmm-latgen-faster[5.0.23~1-f7b2f]:main():gmm-latgen-faster.cc:179) Done 7 utterances, failed for 0
LOG (gmm-latgen-faster[5.0.23~1-f7b2f]:main():gmm-latgen-faster.cc:181) Overall log-likelihood per frame is -8.19693 over 829 frames.
# Accounting: time=16 threads=1
# Ended (code 0) at Mon Jan 28 18:33:15 EST 2019, elapsed time 16 seconds
