# lattice-scale --inv-acoustic-scale=14 "ark:gunzip -c /z/mkperez/PremanifestHD-classification/Data/Spont-Speech/set2/exp/mono_ali_clinician/decode/lat.*.gz|" ark:- | lattice-add-penalty --word-ins-penalty=1.0 ark:- ark:- | lattice-best-path --word-symbol-table=/z/mkperez/PremanifestHD-classification/Data/Spont-Speech/set2/exp/mono_ali_clinician/graph/words.txt ark:- ark,t:- | utils/int2sym.pl -f 2- /z/mkperez/PremanifestHD-classification/Data/Spont-Speech/set2/exp/mono_ali_clinician/graph/words.txt | local/wer_hyp_filter > /z/mkperez/PremanifestHD-classification/Data/Spont-Speech/set2/exp/mono_ali_clinician/decode/scoring_kaldi/penalty_1.0/14.txt 
# Started at Mon Jan 28 18:48:48 EST 2019
#
lattice-scale --inv-acoustic-scale=14 'ark:gunzip -c /z/mkperez/PremanifestHD-classification/Data/Spont-Speech/set2/exp/mono_ali_clinician/decode/lat.*.gz|' ark:- 
lattice-best-path --word-symbol-table=/z/mkperez/PremanifestHD-classification/Data/Spont-Speech/set2/exp/mono_ali_clinician/graph/words.txt ark:- ark,t:- 
lattice-add-penalty --word-ins-penalty=1.0 ark:- ark:- 
LOG (lattice-best-path[5.0.23~1-f7b2f]:main():lattice-best-path.cc:99) For utterance PARTICIPANT78971-001, best cost 13.6154 + 503.83 = 517.445 over 78 frames.
PARTICIPANT78971-001 KNOW 
LOG (lattice-best-path[5.0.23~1-f7b2f]:main():lattice-best-path.cc:99) For utterance PARTICIPANT78971-003, best cost 42.244 + 1749.61 = 1791.85 over 258 frames.
PARTICIPANT78971-003 ACTUALLY WEEKEND ANYWHERE 
LOG (lattice-best-path[5.0.23~1-f7b2f]:main():lattice-best-path.cc:99) For utterance PARTICIPANT78971-005, best cost 25.5588 + 759.043 = 784.602 over 108 frames.
PARTICIPANT78971-005 ANOTHER TO 
LOG (lattice-scale[5.0.23~1-f7b2f]:main():lattice-scale.cc:90) Done 4 lattices.
LOG (lattice-add-penalty[5.0.23~1-f7b2f]:main():lattice-add-penalty.cc:62) Done adding word insertion penalty to 4 lattices.
LOG (lattice-best-path[5.0.23~1-f7b2f]:main():lattice-best-path.cc:99) For utterance PARTICIPANT78971-007, best cost 32.4676 + 1724.93 = 1757.4 over 258 frames.
PARTICIPANT78971-007 WELL APPEAR 
LOG (lattice-best-path[5.0.23~1-f7b2f]:main():lattice-best-path.cc:124) Overall cost per frame is 6.91068 = 0.16223 [graph] + 6.74845 [acoustic] over 702 frames.
LOG (lattice-best-path[5.0.23~1-f7b2f]:main():lattice-best-path.cc:128) Done 4 lattices, failed for 0
# Accounting: time=2 threads=1
# Ended (code 0) at Mon Jan 28 18:48:50 EST 2019, elapsed time 2 seconds
