# lattice-scale --inv-acoustic-scale=13 "ark:gunzip -c /z/mkperez/PremanifestHD-classification/Data/Spont-Speech/set2/exp/mono_ali_clinician/decode/lat.*.gz|" ark:- | lattice-add-penalty --word-ins-penalty=1.0 ark:- ark:- | lattice-best-path --word-symbol-table=/z/mkperez/PremanifestHD-classification/Data/Spont-Speech/set2/exp/mono_ali_clinician/graph/words.txt ark:- ark,t:- | utils/int2sym.pl -f 2- /z/mkperez/PremanifestHD-classification/Data/Spont-Speech/set2/exp/mono_ali_clinician/graph/words.txt | local/wer_hyp_filter > /z/mkperez/PremanifestHD-classification/Data/Spont-Speech/set2/exp/mono_ali_clinician/decode/scoring_kaldi/penalty_1.0/13.txt 
# Started at Mon Jan 28 18:48:48 EST 2019
#
lattice-add-penalty --word-ins-penalty=1.0 ark:- ark:- 
lattice-best-path --word-symbol-table=/z/mkperez/PremanifestHD-classification/Data/Spont-Speech/set2/exp/mono_ali_clinician/graph/words.txt ark:- ark,t:- 
lattice-scale --inv-acoustic-scale=13 'ark:gunzip -c /z/mkperez/PremanifestHD-classification/Data/Spont-Speech/set2/exp/mono_ali_clinician/decode/lat.*.gz|' ark:- 
LOG (lattice-best-path[5.0.23~1-f7b2f]:main():lattice-best-path.cc:99) For utterance PARTICIPANT78971-001, best cost 13.6154 + 542.586 = 556.201 over 78 frames.
PARTICIPANT78971-001 KNOW 
LOG (lattice-best-path[5.0.23~1-f7b2f]:main():lattice-best-path.cc:99) For utterance PARTICIPANT78971-003, best cost 48.4292 + 1877.69 = 1926.12 over 258 frames.
PARTICIPANT78971-003 ACTUALLY WE UPCOMING WHERE 
LOG (lattice-best-path[5.0.23~1-f7b2f]:main():lattice-best-path.cc:99) For utterance PARTICIPANT78971-005, best cost 25.5588 + 817.431 = 842.989 over 108 frames.
PARTICIPANT78971-005 ANOTHER TO 
LOG (lattice-scale[5.0.23~1-f7b2f]:main():lattice-scale.cc:90) Done 4 lattices.
LOG (lattice-add-penalty[5.0.23~1-f7b2f]:main():lattice-add-penalty.cc:62) Done adding word insertion penalty to 4 lattices.
LOG (lattice-best-path[5.0.23~1-f7b2f]:main():lattice-best-path.cc:99) For utterance PARTICIPANT78971-007, best cost 36.3522 + 1853.65 = 1890 over 258 frames.
PARTICIPANT78971-007 WELL AND VERY 
LOG (lattice-best-path[5.0.23~1-f7b2f]:main():lattice-best-path.cc:124) Overall cost per frame is 7.42922 = 0.176575 [graph] + 7.25264 [acoustic] over 702 frames.
LOG (lattice-best-path[5.0.23~1-f7b2f]:main():lattice-best-path.cc:128) Done 4 lattices, failed for 0
# Accounting: time=2 threads=1
# Ended (code 0) at Mon Jan 28 18:48:50 EST 2019, elapsed time 2 seconds
