# lattice-scale --inv-acoustic-scale=7 "ark:gunzip -c /z/mkperez/PremanifestHD-classification/Data/Spont-Speech/set1/exp/mono_ali_clinician/decode/lat.*.gz|" ark:- | lattice-add-penalty --word-ins-penalty=0.5 ark:- ark:- | lattice-best-path --word-symbol-table=/z/mkperez/PremanifestHD-classification/Data/Spont-Speech/set1/exp/mono_ali_clinician/graph/words.txt ark:- ark,t:- | utils/int2sym.pl -f 2- /z/mkperez/PremanifestHD-classification/Data/Spont-Speech/set1/exp/mono_ali_clinician/graph/words.txt | local/wer_hyp_filter > /z/mkperez/PremanifestHD-classification/Data/Spont-Speech/set1/exp/mono_ali_clinician/decode/scoring_kaldi/penalty_0.5/7.txt 
# Started at Mon Jan 28 18:15:38 EST 2019
#
lattice-best-path --word-symbol-table=/z/mkperez/PremanifestHD-classification/Data/Spont-Speech/set1/exp/mono_ali_clinician/graph/words.txt ark:- ark,t:- 
lattice-add-penalty --word-ins-penalty=0.5 ark:- ark:- 
lattice-scale --inv-acoustic-scale=7 'ark:gunzip -c /z/mkperez/PremanifestHD-classification/Data/Spont-Speech/set1/exp/mono_ali_clinician/decode/lat.*.gz|' ark:- 
LOG (lattice-best-path[5.0.23~1-f7b2f]:main():lattice-best-path.cc:99) For utterance PARTICIPANT20221-001, best cost 33.0519 + 1725.05 = 1758.1 over 133 frames.
PARTICIPANT20221-001 I LIKE AND NICE 
LOG (lattice-best-path[5.0.23~1-f7b2f]:main():lattice-best-path.cc:99) For utterance PARTICIPANT20221-003, best cost 155.949 + 9331.96 = 9487.91 over 693 frames.
PARTICIPANT20221-003 THE LIKE A I ONLY CLASSES FROM OTHER OH FROM I CAN ELEMENTARY SATURDAY WEEKEND TREATERS 
LOG (lattice-best-path[5.0.23~1-f7b2f]:main():lattice-best-path.cc:99) For utterance PARTICIPANT20221-005, best cost 11.345 + 563.751 = 575.096 over 43 frames.
PARTICIPANT20221-005 TO 
LOG (lattice-scale[5.0.23~1-f7b2f]:main():lattice-scale.cc:90) Done 7 lattices.
LOG (lattice-best-path[5.0.23~1-f7b2f]:main():lattice-best-path.cc:99) For utterance PARTICIPANT20221-007, best cost 23.858 + 1213.08 = 1236.94 over 88 frames.
PARTICIPANT20221-007 YUP A 
LOG (lattice-best-path[5.0.23~1-f7b2f]:main():lattice-best-path.cc:99) For utterance PARTICIPANT20221-009, best cost 12.5674 + 739.618 = 752.186 over 55 frames.
PARTICIPANT20221-009 OH 
LOG (lattice-best-path[5.0.23~1-f7b2f]:main():lattice-best-path.cc:99) For utterance PARTICIPANT20221-011, best cost 17.8981 + 1112.71 = 1130.6 over 82 frames.
PARTICIPANT20221-011 CLOSED 
LOG (lattice-add-penalty[5.0.23~1-f7b2f]:main():lattice-add-penalty.cc:62) Done adding word insertion penalty to 7 lattices.
LOG (lattice-best-path[5.0.23~1-f7b2f]:main():lattice-best-path.cc:99) For utterance PARTICIPANT20221-013, best cost 38.0847 + 2535.06 = 2573.14 over 183 frames.
PARTICIPANT20221-013 CONTRACTORS WILL CAN 
LOG (lattice-best-path[5.0.23~1-f7b2f]:main():lattice-best-path.cc:124) Overall cost per frame is 13.7149 = 0.229251 [graph] + 13.4857 [acoustic] over 1277 frames.
LOG (lattice-best-path[5.0.23~1-f7b2f]:main():lattice-best-path.cc:128) Done 7 lattices, failed for 0
# Accounting: time=1 threads=1
# Ended (code 0) at Mon Jan 28 18:15:39 EST 2019, elapsed time 1 seconds
