# lattice-scale --inv-acoustic-scale=8 "ark:gunzip -c /z/mkperez/PremanifestHD-classification/Data/Spont-Speech/set1/exp/mono_ali_clinician/decode/lat.*.gz|" ark:- | lattice-add-penalty --word-ins-penalty=0.0 ark:- ark:- | lattice-best-path --word-symbol-table=/z/mkperez/PremanifestHD-classification/Data/Spont-Speech/set1/exp/mono_ali_clinician/graph/words.txt ark:- ark,t:- | utils/int2sym.pl -f 2- /z/mkperez/PremanifestHD-classification/Data/Spont-Speech/set1/exp/mono_ali_clinician/graph/words.txt | local/wer_hyp_filter > /z/mkperez/PremanifestHD-classification/Data/Spont-Speech/set1/exp/mono_ali_clinician/decode/scoring_kaldi/penalty_0.0/8.txt 
# Started at Mon Jan 28 18:15:37 EST 2019
#
lattice-scale --inv-acoustic-scale=8 'ark:gunzip -c /z/mkperez/PremanifestHD-classification/Data/Spont-Speech/set1/exp/mono_ali_clinician/decode/lat.*.gz|' ark:- 
lattice-best-path --word-symbol-table=/z/mkperez/PremanifestHD-classification/Data/Spont-Speech/set1/exp/mono_ali_clinician/graph/words.txt ark:- ark,t:- 
lattice-add-penalty --word-ins-penalty=0.0 ark:- ark:- 
LOG (lattice-best-path[5.0.23~1-f7b2f]:main():lattice-best-path.cc:99) For utterance PARTICIPANT20221-001, best cost 31.0519 + 1509.42 = 1540.47 over 133 frames.
PARTICIPANT20221-001 I LIKE AND NICE 
LOG (lattice-best-path[5.0.23~1-f7b2f]:main():lattice-best-path.cc:99) For utterance PARTICIPANT20221-003, best cost 147.433 + 8165.97 = 8313.4 over 693 frames.
PARTICIPANT20221-003 THE LIKE A I ONLY CLASSES FROM OTHER OH FROM LIKE AND ELEMENTARY SATURDAY WEEKEND TREATERS 
LOG (lattice-best-path[5.0.23~1-f7b2f]:main():lattice-best-path.cc:99) For utterance PARTICIPANT20221-005, best cost 10.845 + 493.282 = 504.127 over 43 frames.
PARTICIPANT20221-005 TO 
LOG (lattice-scale[5.0.23~1-f7b2f]:main():lattice-scale.cc:90) Done 7 lattices.
LOG (lattice-best-path[5.0.23~1-f7b2f]:main():lattice-best-path.cc:99) For utterance PARTICIPANT20221-007, best cost 22.858 + 1061.45 = 1084.31 over 88 frames.
PARTICIPANT20221-007 YUP A 
LOG (lattice-best-path[5.0.23~1-f7b2f]:main():lattice-best-path.cc:99) For utterance PARTICIPANT20221-009, best cost 12.0674 + 647.166 = 659.234 over 55 frames.
PARTICIPANT20221-009 OH 
LOG (lattice-best-path[5.0.23~1-f7b2f]:main():lattice-best-path.cc:99) For utterance PARTICIPANT20221-011, best cost 17.3981 + 973.617 = 991.015 over 82 frames.
PARTICIPANT20221-011 CLOSED 
LOG (lattice-add-penalty[5.0.23~1-f7b2f]:main():lattice-add-penalty.cc:62) Done adding word insertion penalty to 7 lattices.
LOG (lattice-best-path[5.0.23~1-f7b2f]:main():lattice-best-path.cc:99) For utterance PARTICIPANT20221-013, best cost 35.1533 + 2219.5 = 2254.66 over 183 frames.
PARTICIPANT20221-013 CONTRACTORS WILL IT 
LOG (lattice-best-path[5.0.23~1-f7b2f]:main():lattice-best-path.cc:124) Overall cost per frame is 12.0182 = 0.216763 [graph] + 11.8014 [acoustic] over 1277 frames.
LOG (lattice-best-path[5.0.23~1-f7b2f]:main():lattice-best-path.cc:128) Done 7 lattices, failed for 0
# Accounting: time=1 threads=1
# Ended (code 0) at Mon Jan 28 18:15:38 EST 2019, elapsed time 1 seconds
