# extract-segments scp,p:/z/mkperez/PremanifestHD-classification/Data/Spont-Speech/set16/train/wav.scp /z/mkperez/PremanifestHD-classification/Data/Spont-Speech/set16/train/mfcc/log/segments.2 ark:- | compute-mfcc-feats --verbose=2 --config=/z/mkperez/PremanifestHD-classification/Scripts/kaldi/helper/mfcc.conf ark:- ark:- | copy-feats --compress=true ark:- ark,scp:/z/mkperez/PremanifestHD-classification/Data/Spont-Speech/set16/train/mfcc/raw_mfcc_train.2.ark,/z/mkperez/PremanifestHD-classification/Data/Spont-Speech/set16/train/mfcc/raw_mfcc_train.2.scp 
# Started at Mon Jan 28 10:41:48 EST 2019
#
extract-segments scp,p:/z/mkperez/PremanifestHD-classification/Data/Spont-Speech/set16/train/wav.scp /z/mkperez/PremanifestHD-classification/Data/Spont-Speech/set16/train/mfcc/log/segments.2 ark:- 
compute-mfcc-feats --verbose=2 --config=/z/mkperez/PremanifestHD-classification/Scripts/kaldi/helper/mfcc.conf ark:- ark:- 
copy-feats --compress=true ark:- ark,scp:/z/mkperez/PremanifestHD-classification/Data/Spont-Speech/set16/train/mfcc/raw_mfcc_train.2.ark,/z/mkperez/PremanifestHD-classification/Data/Spont-Speech/set16/train/mfcc/raw_mfcc_train.2.scp 
VLOG[2] (compute-mfcc-feats[5.0.23~1-f7b2f]:main():compute-mfcc-feats.cc:178) Processed features for key PARTICIPANT69573-039
sox WARN rate: rate clipped 59 samples; decrease volume?
sox WARN dither: dither clipped 51 samples; decrease volume?
VLOG[2] (compute-mfcc-feats[5.0.23~1-f7b2f]:main():compute-mfcc-feats.cc:178) Processed features for key PARTICIPANT69695-001
VLOG[2] (compute-mfcc-feats[5.0.23~1-f7b2f]:main():compute-mfcc-feats.cc:178) Processed features for key PARTICIPANT69695-003
VLOG[2] (compute-mfcc-feats[5.0.23~1-f7b2f]:main():compute-mfcc-feats.cc:178) Processed features for key PARTICIPANT69695-005
VLOG[2] (compute-mfcc-feats[5.0.23~1-f7b2f]:main():compute-mfcc-feats.cc:178) Processed features for key PARTICIPANT69695-007
VLOG[2] (compute-mfcc-feats[5.0.23~1-f7b2f]:main():compute-mfcc-feats.cc:178) Processed features for key PARTICIPANT69695-011
VLOG[2] (compute-mfcc-feats[5.0.23~1-f7b2f]:main():compute-mfcc-feats.cc:178) Processed features for key PARTICIPANT69695-014
VLOG[2] (compute-mfcc-feats[5.0.23~1-f7b2f]:main():compute-mfcc-feats.cc:178) Processed features for key PARTICIPANT69695-019
VLOG[2] (compute-mfcc-feats[5.0.23~1-f7b2f]:main():compute-mfcc-feats.cc:178) Processed features for key PARTICIPANT69695-021
LOG (compute-mfcc-feats[5.0.23~1-f7b2f]:main():compute-mfcc-feats.cc:177) Processed 10 utterances
VLOG[2] (compute-mfcc-feats[5.0.23~1-f7b2f]:main():compute-mfcc-feats.cc:178) Processed features for key PARTICIPANT69695-023
VLOG[2] (compute-mfcc-feats[5.0.23~1-f7b2f]:main():compute-mfcc-feats.cc:178) Processed features for key PARTICIPANT69695-025
VLOG[2] (compute-mfcc-feats[5.0.23~1-f7b2f]:main():compute-mfcc-feats.cc:178) Processed features for key PARTICIPANT69695-027
VLOG[2] (compute-mfcc-feats[5.0.23~1-f7b2f]:main():compute-mfcc-feats.cc:178) Processed features for key PARTICIPANT69695-029
VLOG[2] (compute-mfcc-feats[5.0.23~1-f7b2f]:main():compute-mfcc-feats.cc:178) Processed features for key PARTICIPANT69695-031
VLOG[2] (compute-mfcc-feats[5.0.23~1-f7b2f]:main():compute-mfcc-feats.cc:178) Processed features for key PARTICIPANT69695-033
VLOG[2] (compute-mfcc-feats[5.0.23~1-f7b2f]:main():compute-mfcc-feats.cc:178) Processed features for key PARTICIPANT69695-035
VLOG[2] (compute-mfcc-feats[5.0.23~1-f7b2f]:main():compute-mfcc-feats.cc:178) Processed features for key PARTICIPANT69695-037
VLOG[2] (compute-mfcc-feats[5.0.23~1-f7b2f]:main():compute-mfcc-feats.cc:178) Processed features for key PARTICIPANT69695-039
VLOG[2] (compute-mfcc-feats[5.0.23~1-f7b2f]:main():compute-mfcc-feats.cc:178) Processed features for key PARTICIPANT69695-041
LOG (compute-mfcc-feats[5.0.23~1-f7b2f]:main():compute-mfcc-feats.cc:177) Processed 20 utterances
VLOG[2] (compute-mfcc-feats[5.0.23~1-f7b2f]:main():compute-mfcc-feats.cc:178) Processed features for key PARTICIPANT69695-043
VLOG[2] (compute-mfcc-feats[5.0.23~1-f7b2f]:main():compute-mfcc-feats.cc:178) Processed features for key PARTICIPANT69695-045
VLOG[2] (compute-mfcc-feats[5.0.23~1-f7b2f]:main():compute-mfcc-feats.cc:178) Processed features for key PARTICIPANT69695-047
VLOG[2] (compute-mfcc-feats[5.0.23~1-f7b2f]:main():compute-mfcc-feats.cc:178) Processed features for key PARTICIPANT69695-049
VLOG[2] (compute-mfcc-feats[5.0.23~1-f7b2f]:main():compute-mfcc-feats.cc:178) Processed features for key PARTICIPANT69695-051
VLOG[2] (compute-mfcc-feats[5.0.23~1-f7b2f]:main():compute-mfcc-feats.cc:178) Processed features for key PARTICIPANT69695-055
VLOG[2] (compute-mfcc-feats[5.0.23~1-f7b2f]:main():compute-mfcc-feats.cc:178) Processed features for key PARTICIPANT69695-057
VLOG[2] (compute-mfcc-feats[5.0.23~1-f7b2f]:main():compute-mfcc-feats.cc:178) Processed features for key PARTICIPANT69695-059
VLOG[2] (compute-mfcc-feats[5.0.23~1-f7b2f]:main():compute-mfcc-feats.cc:178) Processed features for key PARTICIPANT69695-061
VLOG[2] (compute-mfcc-feats[5.0.23~1-f7b2f]:main():compute-mfcc-feats.cc:178) Processed features for key PARTICIPANT69695-063
LOG (compute-mfcc-feats[5.0.23~1-f7b2f]:main():compute-mfcc-feats.cc:177) Processed 30 utterances
VLOG[2] (compute-mfcc-feats[5.0.23~1-f7b2f]:main():compute-mfcc-feats.cc:178) Processed features for key PARTICIPANT69695-065
VLOG[2] (compute-mfcc-feats[5.0.23~1-f7b2f]:main():compute-mfcc-feats.cc:178) Processed features for key PARTICIPANT69695-067
VLOG[2] (compute-mfcc-feats[5.0.23~1-f7b2f]:main():compute-mfcc-feats.cc:178) Processed features for key PARTICIPANT69695-069
VLOG[2] (compute-mfcc-feats[5.0.23~1-f7b2f]:main():compute-mfcc-feats.cc:178) Processed features for key PARTICIPANT69695-071
VLOG[2] (compute-mfcc-feats[5.0.23~1-f7b2f]:main():compute-mfcc-feats.cc:178) Processed features for key PARTICIPANT69695-073
VLOG[2] (compute-mfcc-feats[5.0.23~1-f7b2f]:main():compute-mfcc-feats.cc:178) Processed features for key PARTICIPANT69695-075
VLOG[2] (compute-mfcc-feats[5.0.23~1-f7b2f]:main():compute-mfcc-feats.cc:178) Processed features for key PARTICIPANT69695-077
VLOG[2] (compute-mfcc-feats[5.0.23~1-f7b2f]:main():compute-mfcc-feats.cc:178) Processed features for key PARTICIPANT69695-079
VLOG[2] (compute-mfcc-feats[5.0.23~1-f7b2f]:main():compute-mfcc-feats.cc:178) Processed features for key PARTICIPANT71834-001
VLOG[2] (compute-mfcc-feats[5.0.23~1-f7b2f]:main():compute-mfcc-feats.cc:178) Processed features for key PARTICIPANT71834-003
LOG (compute-mfcc-feats[5.0.23~1-f7b2f]:main():compute-mfcc-feats.cc:177) Processed 40 utterances
VLOG[2] (compute-mfcc-feats[5.0.23~1-f7b2f]:main():compute-mfcc-feats.cc:178) Processed features for key PARTICIPANT71834-004
VLOG[2] (compute-mfcc-feats[5.0.23~1-f7b2f]:main():compute-mfcc-feats.cc:178) Processed features for key PARTICIPANT71834-006
VLOG[2] (compute-mfcc-feats[5.0.23~1-f7b2f]:main():compute-mfcc-feats.cc:178) Processed features for key PARTICIPANT71834-008
VLOG[2] (compute-mfcc-feats[5.0.23~1-f7b2f]:main():compute-mfcc-feats.cc:178) Processed features for key PARTICIPANT71834-010
VLOG[2] (compute-mfcc-feats[5.0.23~1-f7b2f]:main():compute-mfcc-feats.cc:178) Processed features for key PARTICIPANT71834-012
VLOG[2] (compute-mfcc-feats[5.0.23~1-f7b2f]:main():compute-mfcc-feats.cc:178) Processed features for key PARTICIPANT71834-014
VLOG[2] (compute-mfcc-feats[5.0.23~1-f7b2f]:main():compute-mfcc-feats.cc:178) Processed features for key PARTICIPANT71834-016
VLOG[2] (compute-mfcc-feats[5.0.23~1-f7b2f]:main():compute-mfcc-feats.cc:178) Processed features for key PARTICIPANT71834-018
VLOG[2] (compute-mfcc-feats[5.0.23~1-f7b2f]:main():compute-mfcc-feats.cc:178) Processed features for key PARTICIPANT71834-020
VLOG[2] (compute-mfcc-feats[5.0.23~1-f7b2f]:main():compute-mfcc-feats.cc:178) Processed features for key PARTICIPANT76883-001
LOG (compute-mfcc-feats[5.0.23~1-f7b2f]:main():compute-mfcc-feats.cc:177) Processed 50 utterances
VLOG[2] (compute-mfcc-feats[5.0.23~1-f7b2f]:main():compute-mfcc-feats.cc:178) Processed features for key PARTICIPANT76883-003
VLOG[2] (compute-mfcc-feats[5.0.23~1-f7b2f]:main():compute-mfcc-feats.cc:178) Processed features for key PARTICIPANT76883-005
VLOG[2] (compute-mfcc-feats[5.0.23~1-f7b2f]:main():compute-mfcc-feats.cc:178) Processed features for key PARTICIPANT76883-007
VLOG[2] (compute-mfcc-feats[5.0.23~1-f7b2f]:main():compute-mfcc-feats.cc:178) Processed features for key PARTICIPANT76883-009
VLOG[2] (compute-mfcc-feats[5.0.23~1-f7b2f]:main():compute-mfcc-feats.cc:178) Processed features for key PARTICIPANT76883-011
VLOG[2] (compute-mfcc-feats[5.0.23~1-f7b2f]:main():compute-mfcc-feats.cc:178) Processed features for key PARTICIPANT78080-001
VLOG[2] (compute-mfcc-feats[5.0.23~1-f7b2f]:main():compute-mfcc-feats.cc:178) Processed features for key PARTICIPANT78080-003
VLOG[2] (compute-mfcc-feats[5.0.23~1-f7b2f]:main():compute-mfcc-feats.cc:178) Processed features for key PARTICIPANT78080-005
VLOG[2] (compute-mfcc-feats[5.0.23~1-f7b2f]:main():compute-mfcc-feats.cc:178) Processed features for key PARTICIPANT78080-007
VLOG[2] (compute-mfcc-feats[5.0.23~1-f7b2f]:main():compute-mfcc-feats.cc:178) Processed features for key PARTICIPANT78080-009
LOG (compute-mfcc-feats[5.0.23~1-f7b2f]:main():compute-mfcc-feats.cc:177) Processed 60 utterances
VLOG[2] (compute-mfcc-feats[5.0.23~1-f7b2f]:main():compute-mfcc-feats.cc:178) Processed features for key PARTICIPANT78080-011
VLOG[2] (compute-mfcc-feats[5.0.23~1-f7b2f]:main():compute-mfcc-feats.cc:178) Processed features for key PARTICIPANT78080-013
VLOG[2] (compute-mfcc-feats[5.0.23~1-f7b2f]:main():compute-mfcc-feats.cc:178) Processed features for key PARTICIPANT78971-001
VLOG[2] (compute-mfcc-feats[5.0.23~1-f7b2f]:main():compute-mfcc-feats.cc:178) Processed features for key PARTICIPANT78971-003
VLOG[2] (compute-mfcc-feats[5.0.23~1-f7b2f]:main():compute-mfcc-feats.cc:178) Processed features for key PARTICIPANT78971-005
VLOG[2] (compute-mfcc-feats[5.0.23~1-f7b2f]:main():compute-mfcc-feats.cc:178) Processed features for key PARTICIPANT78971-007
VLOG[2] (compute-mfcc-feats[5.0.23~1-f7b2f]:main():compute-mfcc-feats.cc:178) Processed features for key PARTICIPANT91117-001
VLOG[2] (compute-mfcc-feats[5.0.23~1-f7b2f]:main():compute-mfcc-feats.cc:178) Processed features for key PARTICIPANT91117-003
VLOG[2] (compute-mfcc-feats[5.0.23~1-f7b2f]:main():compute-mfcc-feats.cc:178) Processed features for key PARTICIPANT91117-005
VLOG[2] (compute-mfcc-feats[5.0.23~1-f7b2f]:main():compute-mfcc-feats.cc:178) Processed features for key PARTICIPANT91117-007
LOG (compute-mfcc-feats[5.0.23~1-f7b2f]:main():compute-mfcc-feats.cc:177) Processed 70 utterances
VLOG[2] (compute-mfcc-feats[5.0.23~1-f7b2f]:main():compute-mfcc-feats.cc:178) Processed features for key PARTICIPANT91117-009
VLOG[2] (compute-mfcc-feats[5.0.23~1-f7b2f]:main():compute-mfcc-feats.cc:178) Processed features for key PARTICIPANT91117-011
VLOG[2] (compute-mfcc-feats[5.0.23~1-f7b2f]:main():compute-mfcc-feats.cc:178) Processed features for key PARTICIPANT91117-013
sox WARN rate: rate clipped 39 samples; decrease volume?
sox WARN dither: dither clipped 34 samples; decrease volume?
VLOG[2] (compute-mfcc-feats[5.0.23~1-f7b2f]:main():compute-mfcc-feats.cc:178) Processed features for key PARTICPANT84596-001
VLOG[2] (compute-mfcc-feats[5.0.23~1-f7b2f]:main():compute-mfcc-feats.cc:178) Processed features for key PARTICPANT84596-003
VLOG[2] (compute-mfcc-feats[5.0.23~1-f7b2f]:main():compute-mfcc-feats.cc:178) Processed features for key PARTICPANT84596-005
VLOG[2] (compute-mfcc-feats[5.0.23~1-f7b2f]:main():compute-mfcc-feats.cc:178) Processed features for key PARTICPANT84596-007
VLOG[2] (compute-mfcc-feats[5.0.23~1-f7b2f]:main():compute-mfcc-feats.cc:178) Processed features for key PARTICPANT84596-009
VLOG[2] (compute-mfcc-feats[5.0.23~1-f7b2f]:main():compute-mfcc-feats.cc:178) Processed features for key PARTICPANT84596-011
VLOG[2] (compute-mfcc-feats[5.0.23~1-f7b2f]:main():compute-mfcc-feats.cc:178) Processed features for key PARTICPANT84596-013
LOG (compute-mfcc-feats[5.0.23~1-f7b2f]:main():compute-mfcc-feats.cc:177) Processed 80 utterances
VLOG[2] (compute-mfcc-feats[5.0.23~1-f7b2f]:main():compute-mfcc-feats.cc:178) Processed features for key PARTICPANT84596-015
VLOG[2] (compute-mfcc-feats[5.0.23~1-f7b2f]:main():compute-mfcc-feats.cc:178) Processed features for key PARTICPANT84596-017
VLOG[2] (compute-mfcc-feats[5.0.23~1-f7b2f]:main():compute-mfcc-feats.cc:178) Processed features for key PARTICPANT84596-019
VLOG[2] (compute-mfcc-feats[5.0.23~1-f7b2f]:main():compute-mfcc-feats.cc:178) Processed features for key PARTICPANT84596-021
VLOG[2] (compute-mfcc-feats[5.0.23~1-f7b2f]:main():compute-mfcc-feats.cc:178) Processed features for key PARTICPANT84596-023
VLOG[2] (compute-mfcc-feats[5.0.23~1-f7b2f]:main():compute-mfcc-feats.cc:178) Processed features for key PARTICPANT84596-025
VLOG[2] (compute-mfcc-feats[5.0.23~1-f7b2f]:main():compute-mfcc-feats.cc:178) Processed features for key PARTICPANT84596-027
VLOG[2] (compute-mfcc-feats[5.0.23~1-f7b2f]:main():compute-mfcc-feats.cc:178) Processed features for key PARTICPANT84596-030
VLOG[2] (compute-mfcc-feats[5.0.23~1-f7b2f]:main():compute-mfcc-feats.cc:178) Processed features for key PARTICPANT84596-032
VLOG[2] (compute-mfcc-feats[5.0.23~1-f7b2f]:main():compute-mfcc-feats.cc:178) Processed features for key PARTICPANT84596-034
LOG (compute-mfcc-feats[5.0.23~1-f7b2f]:main():compute-mfcc-feats.cc:177) Processed 90 utterances
VLOG[2] (compute-mfcc-feats[5.0.23~1-f7b2f]:main():compute-mfcc-feats.cc:178) Processed features for key PARTICPANT84596-036
VLOG[2] (compute-mfcc-feats[5.0.23~1-f7b2f]:main():compute-mfcc-feats.cc:178) Processed features for key PARTICPANT84596-038
VLOG[2] (compute-mfcc-feats[5.0.23~1-f7b2f]:main():compute-mfcc-feats.cc:178) Processed features for key PARTICPANT84596-040
VLOG[2] (compute-mfcc-feats[5.0.23~1-f7b2f]:main():compute-mfcc-feats.cc:178) Processed features for key PARTICPANT84596-042
VLOG[2] (compute-mfcc-feats[5.0.23~1-f7b2f]:main():compute-mfcc-feats.cc:178) Processed features for key PARTICPANT84596-044
VLOG[2] (compute-mfcc-feats[5.0.23~1-f7b2f]:main():compute-mfcc-feats.cc:178) Processed features for key PARTICPANT84596-046
VLOG[2] (compute-mfcc-feats[5.0.23~1-f7b2f]:main():compute-mfcc-feats.cc:178) Processed features for key PARTICPANT84596-048
VLOG[2] (compute-mfcc-feats[5.0.23~1-f7b2f]:main():compute-mfcc-feats.cc:178) Processed features for key PARTICPANT84596-050
VLOG[2] (compute-mfcc-feats[5.0.23~1-f7b2f]:main():compute-mfcc-feats.cc:178) Processed features for key PARTICPANT84596-052
VLOG[2] (compute-mfcc-feats[5.0.23~1-f7b2f]:main():compute-mfcc-feats.cc:178) Processed features for key PARTICPANT84596-054
LOG (compute-mfcc-feats[5.0.23~1-f7b2f]:main():compute-mfcc-feats.cc:177) Processed 100 utterances
VLOG[2] (compute-mfcc-feats[5.0.23~1-f7b2f]:main():compute-mfcc-feats.cc:178) Processed features for key PARTICPANT84596-056
VLOG[2] (compute-mfcc-feats[5.0.23~1-f7b2f]:main():compute-mfcc-feats.cc:178) Processed features for key PARTICPANT84596-058
VLOG[2] (compute-mfcc-feats[5.0.23~1-f7b2f]:main():compute-mfcc-feats.cc:178) Processed features for key PARTICPANT84596-060
VLOG[2] (compute-mfcc-feats[5.0.23~1-f7b2f]:main():compute-mfcc-feats.cc:178) Processed features for key PARTICPANT84596-062
VLOG[2] (compute-mfcc-feats[5.0.23~1-f7b2f]:main():compute-mfcc-feats.cc:178) Processed features for key PARTICPANT84596-065
VLOG[2] (compute-mfcc-feats[5.0.23~1-f7b2f]:main():compute-mfcc-feats.cc:178) Processed features for key PARTICPANT84596-066
VLOG[2] (compute-mfcc-feats[5.0.23~1-f7b2f]:main():compute-mfcc-feats.cc:178) Processed features for key PARTICPANT84596-068
VLOG[2] (compute-mfcc-feats[5.0.23~1-f7b2f]:main():compute-mfcc-feats.cc:178) Processed features for key PARTICPANT84596-070
VLOG[2] (compute-mfcc-feats[5.0.23~1-f7b2f]:main():compute-mfcc-feats.cc:178) Processed features for key PARTICPANT84596-072
VLOG[2] (compute-mfcc-feats[5.0.23~1-f7b2f]:main():compute-mfcc-feats.cc:178) Processed features for key PARTICPANT84596-074
LOG (compute-mfcc-feats[5.0.23~1-f7b2f]:main():compute-mfcc-feats.cc:177) Processed 110 utterances
VLOG[2] (compute-mfcc-feats[5.0.23~1-f7b2f]:main():compute-mfcc-feats.cc:178) Processed features for key PARTICPANT84596-075
VLOG[2] (compute-mfcc-feats[5.0.23~1-f7b2f]:main():compute-mfcc-feats.cc:178) Processed features for key PARTICPANT84596-079
VLOG[2] (compute-mfcc-feats[5.0.23~1-f7b2f]:main():compute-mfcc-feats.cc:178) Processed features for key PARTICPANT84596-081
VLOG[2] (compute-mfcc-feats[5.0.23~1-f7b2f]:main():compute-mfcc-feats.cc:178) Processed features for key PARTICPANT84596-083
VLOG[2] (compute-mfcc-feats[5.0.23~1-f7b2f]:main():compute-mfcc-feats.cc:178) Processed features for key PARTICPANT84596-085
VLOG[2] (compute-mfcc-feats[5.0.23~1-f7b2f]:main():compute-mfcc-feats.cc:178) Processed features for key PARTICPANT84596-087
LOG (extract-segments[5.0.23~1-f7b2f]:main():extract-segments.cc:194) Successfully processed 118 lines out of 118 in the segments file. 
VLOG[2] (compute-mfcc-feats[5.0.23~1-f7b2f]:main():compute-mfcc-feats.cc:178) Processed features for key PARTICPANT84596-090
VLOG[2] (compute-mfcc-feats[5.0.23~1-f7b2f]:main():compute-mfcc-feats.cc:178) Processed features for key PARTICPANT84596-092
VLOG[2] (compute-mfcc-feats[5.0.23~1-f7b2f]:main():compute-mfcc-feats.cc:178) Processed features for key PARTICPANT84596-095
LOG (compute-mfcc-feats[5.0.23~1-f7b2f]:main():compute-mfcc-feats.cc:181)  Done 118 out of 118 utterances.
LOG (copy-feats[5.0.23~1-f7b2f]:main():copy-feats.cc:120) Copied 118 feature matrices.
# Accounting: time=46 threads=1
# Ended (code 0) at Mon Jan 28 10:42:34 EST 2019, elapsed time 46 seconds
