# lattice-scale --inv-acoustic-scale=8 "ark:gunzip -c /z/mkperez/PremanifestHD-classification/Data/Spont-Speech/set3/exp/mono_ali_clinician/decode/lat.*.gz|" ark:- | lattice-add-penalty --word-ins-penalty=0.0 ark:- ark:- | lattice-best-path --word-symbol-table=/z/mkperez/PremanifestHD-classification/Data/Spont-Speech/set3/exp/mono_ali_clinician/graph/words.txt ark:- ark,t:- | utils/int2sym.pl -f 2- /z/mkperez/PremanifestHD-classification/Data/Spont-Speech/set3/exp/mono_ali_clinician/graph/words.txt | local/wer_hyp_filter > /z/mkperez/PremanifestHD-classification/Data/Spont-Speech/set3/exp/mono_ali_clinician/decode/scoring_kaldi/penalty_0.0/8.txt 
# Started at Mon Jan 28 18:50:04 EST 2019
#
lattice-best-path --word-symbol-table=/z/mkperez/PremanifestHD-classification/Data/Spont-Speech/set3/exp/mono_ali_clinician/graph/words.txt ark:- ark,t:- 
lattice-scale --inv-acoustic-scale=8 'ark:gunzip -c /z/mkperez/PremanifestHD-classification/Data/Spont-Speech/set3/exp/mono_ali_clinician/decode/lat.*.gz|' ark:- 
lattice-add-penalty --word-ins-penalty=0.0 ark:- ark:- 
LOG (lattice-best-path[5.0.23~1-f7b2f]:main():lattice-best-path.cc:99) For utterance PARTCIPANT82975-001, best cost 41.5628 + 2127.17 = 2168.74 over 188 frames.
PARTCIPANT82975-001 WHAT I FIREWORKS GREAT 
LOG (lattice-best-path[5.0.23~1-f7b2f]:main():lattice-best-path.cc:99) For utterance PARTCIPANT82975-003, best cost 32.4047 + 1352.5 = 1384.91 over 118 frames.
PARTCIPANT82975-003 AM DIFFERENCES I 
LOG (lattice-best-path[5.0.23~1-f7b2f]:main():lattice-best-path.cc:99) For utterance PARTCIPANT82975-005, best cost 30.2106 + 1484.5 = 1514.71 over 128 frames.
PARTCIPANT82975-005 I YEAH OBSERVING 
LOG (lattice-best-path[5.0.23~1-f7b2f]:main():lattice-best-path.cc:99) For utterance PARTCIPANT82975-007, best cost 74.3078 + 3516.52 = 3590.82 over 308 frames.
PARTCIPANT82975-007 I WE YA'LL I'VE THAT I'M VISITED YES 
LOG (lattice-best-path[5.0.23~1-f7b2f]:main():lattice-best-path.cc:99) For utterance PARTCIPANT82975-009, best cost 42.523 + 2232.96 = 2275.48 over 198 frames.
PARTCIPANT82975-009 TO ANY DEFINITELY MONDAY 
LOG (lattice-best-path[5.0.23~1-f7b2f]:main():lattice-best-path.cc:99) For utterance PARTCIPANT82975-011, best cost 24.7348 + 1170.57 = 1195.3 over 98 frames.
PARTCIPANT82975-011 MORE WEEKEND 
LOG (lattice-best-path[5.0.23~1-f7b2f]:main():lattice-best-path.cc:99) For utterance PARTCIPANT82975-013, best cost 30.7381 + 1866.58 = 1897.32 over 158 frames.
PARTCIPANT82975-013 AND A WINTERS 
LOG (lattice-best-path[5.0.23~1-f7b2f]:main():lattice-best-path.cc:99) For utterance PARTCIPANT82975-015, best cost 12.4579 + 502.446 = 514.904 over 38 frames.
PARTCIPANT82975-015 THIS 
LOG (lattice-best-path[5.0.23~1-f7b2f]:main():lattice-best-path.cc:99) For utterance PARTCIPANT82975-017, best cost 20.5378 + 827.039 = 847.577 over 68 frames.
PARTCIPANT82975-017 THERE WELL 
LOG (lattice-scale[5.0.23~1-f7b2f]:main():lattice-scale.cc:90) Done 11 lattices.
LOG (lattice-add-penalty[5.0.23~1-f7b2f]:main():lattice-add-penalty.cc:62) Done adding word insertion penalty to 11 lattices.
LOG (lattice-best-path[5.0.23~1-f7b2f]:main():lattice-best-path.cc:99) For utterance PARTCIPANT82975-019, best cost 30.3525 + 1680.64 = 1710.99 over 128 frames.
PARTCIPANT82975-019 THE IT TO IT 
LOG (lattice-best-path[5.0.23~1-f7b2f]:main():lattice-best-path.cc:99) For utterance PARTCIPANT82975-021, best cost 9.6688 + 353.727 = 363.396 over 28 frames.
PARTCIPANT82975-021 THE 
LOG (lattice-best-path[5.0.23~1-f7b2f]:main():lattice-best-path.cc:124) Overall cost per frame is 11.9782 = 0.239711 [graph] + 11.7384 [acoustic] over 1458 frames.
LOG (lattice-best-path[5.0.23~1-f7b2f]:main():lattice-best-path.cc:128) Done 11 lattices, failed for 0
# Accounting: time=1 threads=1
# Ended (code 0) at Mon Jan 28 18:50:05 EST 2019, elapsed time 1 seconds
