# gunzip -c /z/mkperez/PremanifestHD-classification/Data/Spont-Speech/set8/exp/mono_ali_clinician/decode/depth_stats_tmp.*.gz | steps/diagnostic/analyze_lattice_depth_stats.py /z/mkperez/PremanifestHD-classification/Data/Spont-Speech/set8/exp/mono_ali_clinician/graph 
# Started at Mon Jan 28 18:59:04 EST 2019
#
The total amount of data analyzed assuming 100 frames per second is 0.0 hours
Overall, lattice depth (10,50,90-percentile)=(70,506,2776) and mean=1020.2
Nonsilence phones as a group account for 74.5% of frames, with lattice depth (10,50,90-percentile)=(75,505,3461) and mean=1156.7
Phone sil accounts for 25.5% of frames, with lattice depth (10,50,90-percentile)=(46,506,1414) and mean=620.4
Phone w_B accounts for 10.3% of frames, with lattice depth (10,50,90-percentile)=(48,182,4263) and mean=1041.1
Phone l_E accounts for 8.8% of frames, with lattice depth (10,50,90-percentile)=(438,1193,4319) and mean=1920.4
Phone ah_I accounts for 4.9% of frames, with lattice depth (10,50,90-percentile)=(228,512,3228) and mean=1285.1
Phone n_I accounts for 4.8% of frames, with lattice depth (10,50,90-percentile)=(75,341,1831) and mean=672.8
Phone s_B accounts for 4.3% of frames, with lattice depth (10,50,90-percentile)=(971,1601,2768) and mean=1741.9
Phone ih_I accounts for 3.1% of frames, with lattice depth (10,50,90-percentile)=(70,490,607) and mean=398.5
Phone iy_I accounts for 3.1% of frames, with lattice depth (10,50,90-percentile)=(268,306,685) and mean=384.0
Phone ah_E accounts for 2.7% of frames, with lattice depth (10,50,90-percentile)=(228,328,4157) and mean=2177.8
Phone k_I accounts for 2.5% of frames, with lattice depth (10,50,90-percentile)=(339,499,683) and mean=507.5
Phone l_I accounts for 2.4% of frames, with lattice depth (10,50,90-percentile)=(274,365,459) and mean=378.0
Phone ow_E accounts for 2.1% of frames, with lattice depth (10,50,90-percentile)=(1068,1625,1625) and mean=1436.0
Phone ow_B accounts for 2.0% of frames, with lattice depth (10,50,90-percentile)=(492,615,633) and mean=588.6
Phone l_B accounts for 1.9% of frames, with lattice depth (10,50,90-percentile)=(1433,1932,1970) and mean=1775.8
Phone z_E accounts for 1.8% of frames, with lattice depth (10,50,90-percentile)=(206,258,1807) and mean=808.8
Phone d_E accounts for 1.7% of frames, with lattice depth (10,50,90-percentile)=(83,88,558) and mean=242.6
Phone ih_B accounts for 1.4% of frames, with lattice depth (10,50,90-percentile)=(1775,1793,1796) and mean=1792.0
Phone eh_I accounts for 1.3% of frames, with lattice depth (10,50,90-percentile)=(341,1457,4232) and mean=1668.6
Phone s_E accounts for 1.3% of frames, with lattice depth (10,50,90-percentile)=(1605,1713,1775) and mean=1709.7
Phone er_I accounts for 1.2% of frames, with lattice depth (10,50,90-percentile)=(70,70,70) and mean=70.0
Phone k_B accounts for 1.2% of frames, with lattice depth (10,50,90-percentile)=(328,420,422) and mean=398.3
Phone z_I accounts for 1.2% of frames, with lattice depth (10,50,90-percentile)=(70,70,72) and mean=70.8
Phone t_E accounts for 1.1% of frames, with lattice depth (10,50,90-percentile)=(44,2842,3221) and mean=2259.9
Phone f_B accounts for 1.0% of frames, with lattice depth (10,50,90-percentile)=(411,411,424) and mean=416.6
Phone aa_I accounts for 1.0% of frames, with lattice depth (10,50,90-percentile)=(238,246,246) and mean=245.4
Phone ah_B accounts for 0.9% of frames, with lattice depth (10,50,90-percentile)=(75,154,154) and mean=122.3
Phone ey_S accounts for 0.7% of frames, with lattice depth (10,50,90-percentile)=(2776,2801,2801) and mean=2791.6
Phone ng_E accounts for 0.7% of frames, with lattice depth (10,50,90-percentile)=(18,18,18) and mean=18.6
Phone ay_I accounts for 0.7% of frames, with lattice depth (10,50,90-percentile)=(1843,1889,1904) and mean=1889.9
Phone b_I accounts for 0.7% of frames, with lattice depth (10,50,90-percentile)=(72,72,90) and mean=80.0
Phone t_B accounts for 0.7% of frames, with lattice depth (10,50,90-percentile)=(295,3127,3270) and mean=2261.9
Phone w_I accounts for 0.7% of frames, with lattice depth (10,50,90-percentile)=(3436,3983,4056) and mean=3942.9
Phone hh_B accounts for 0.5% of frames, with lattice depth (10,50,90-percentile)=(4050,4059,4061) and mean=4057.9
Phone v_I accounts for 0.5% of frames, with lattice depth (10,50,90-percentile)=(70,70,615) and mean=380.7
# Accounting: time=0 threads=1
# Ended (code 0) at Mon Jan 28 18:59:04 EST 2019, elapsed time 0 seconds
