# lattice-scale --inv-acoustic-scale=12 "ark:gunzip -c /z/mkperez/PremanifestHD-classification/Data/Spont-Speech/set5/exp/mono_ali_clinician/decode/lat.*.gz|" ark:- | lattice-add-penalty --word-ins-penalty=1.0 ark:- ark:- | lattice-best-path --word-symbol-table=/z/mkperez/PremanifestHD-classification/Data/Spont-Speech/set5/exp/mono_ali_clinician/graph/words.txt ark:- ark,t:- | utils/int2sym.pl -f 2- /z/mkperez/PremanifestHD-classification/Data/Spont-Speech/set5/exp/mono_ali_clinician/graph/words.txt | local/wer_hyp_filter > /z/mkperez/PremanifestHD-classification/Data/Spont-Speech/set5/exp/mono_ali_clinician/decode/scoring_kaldi/penalty_1.0/12.txt 
# Started at Mon Jan 28 18:54:27 EST 2019
#
lattice-add-penalty --word-ins-penalty=1.0 ark:- ark:- 
lattice-scale --inv-acoustic-scale=12 'ark:gunzip -c /z/mkperez/PremanifestHD-classification/Data/Spont-Speech/set5/exp/mono_ali_clinician/decode/lat.*.gz|' ark:- 
lattice-best-path --word-symbol-table=/z/mkperez/PremanifestHD-classification/Data/Spont-Speech/set5/exp/mono_ali_clinician/graph/words.txt ark:- ark,t:- 
LOG (lattice-best-path[5.0.23~1-f7b2f]:main():lattice-best-path.cc:99) For utterance PARTICIPANT69573-001, best cost 110.846 + 5382.81 = 5493.65 over 728 frames.
PARTICIPANT69573-001 LIONS I IN LAST FORMULA IT WAIT QUARTER WHERE 
LOG (lattice-best-path[5.0.23~1-f7b2f]:main():lattice-best-path.cc:99) For utterance PARTICIPANT69573-003, best cost 16.0797 + 735.289 = 751.369 over 93 frames.
PARTICIPANT69573-003 WEEKEND 
LOG (lattice-best-path[5.0.23~1-f7b2f]:main():lattice-best-path.cc:99) For utterance PARTICIPANT69573-005, best cost 54.2669 + 2073.35 = 2127.62 over 261 frames.
PARTICIPANT69573-005 WAS REALLY QUICKEN TORNADO 
LOG (lattice-best-path[5.0.23~1-f7b2f]:main():lattice-best-path.cc:99) For utterance PARTICIPANT69573-007, best cost 55.8173 + 2926.81 = 2982.62 over 389 frames.
PARTICIPANT69573-007 INDIVIDUAL LITTLE WELL WEDDING 
LOG (lattice-best-path[5.0.23~1-f7b2f]:main():lattice-best-path.cc:99) For utterance PARTICIPANT69573-009, best cost 41.9009 + 2453.03 = 2494.93 over 318 frames.
PARTICIPANT69573-009 ONLY IT'S HISTORY 
LOG (lattice-best-path[5.0.23~1-f7b2f]:main():lattice-best-path.cc:99) For utterance PARTICIPANT69573-011, best cost 22.4204 + 758.311 = 780.732 over 98 frames.
PARTICIPANT69573-011 KNOW WEEKEND 
LOG (lattice-best-path[5.0.23~1-f7b2f]:main():lattice-best-path.cc:99) For utterance PARTICIPANT69573-013, best cost 16.7839 + 1014.42 = 1031.2 over 138 frames.
PARTICIPANT69573-013 LITTLE 
LOG (lattice-best-path[5.0.23~1-f7b2f]:main():lattice-best-path.cc:99) For utterance PARTICIPANT69573-015, best cost 15.0418 + 1201.33 = 1216.37 over 168 frames.
PARTICIPANT69573-015 WEEKEND 
LOG (lattice-best-path[5.0.23~1-f7b2f]:main():lattice-best-path.cc:99) For utterance PARTICIPANT69573-017, best cost 86.8513 + 4625.44 = 4712.29 over 598 frames.
PARTICIPANT69573-017 MY ALWAYS WELL WE'LL THE LITTLE FORMULA 
LOG (lattice-best-path[5.0.23~1-f7b2f]:main():lattice-best-path.cc:99) For utterance PARTICIPANT69573-019, best cost 16.2438 + 732.673 = 748.916 over 98 frames.
PARTICIPANT69573-019 HISTORY 
LOG (lattice-best-path[5.0.23~1-f7b2f]:main():lattice-best-path.cc:99) For utterance PARTICIPANT69573-021, best cost 10.9513 + 396.911 = 407.863 over 53 frames.
PARTICIPANT69573-021 TO 
LOG (lattice-best-path[5.0.23~1-f7b2f]:main():lattice-best-path.cc:99) For utterance PARTICIPANT69573-023, best cost 137.13 + 8135.93 = 8273.06 over 1098 frames.
PARTICIPANT69573-023 IT LOANS READ SO LOCAL SOMETHING MARRIED ELEMENTARY WEEKEND AND WEEKEND 
LOG (lattice-best-path[5.0.23~1-f7b2f]:main():lattice-best-path.cc:99) For utterance PARTICIPANT69573-025, best cost 11.2747 + 489.096 = 500.371 over 68 frames.
PARTICIPANT69573-025 OH 
LOG (lattice-best-path[5.0.23~1-f7b2f]:main():lattice-best-path.cc:99) For utterance PARTICIPANT69573-027, best cost 25.699 + 1363.27 = 1388.97 over 175 frames.
PARTICIPANT69573-027 YES IT 
LOG (lattice-best-path[5.0.23~1-f7b2f]:main():lattice-best-path.cc:99) For utterance PARTICIPANT69573-029, best cost 36.4497 + 2394.68 = 2431.13 over 334 frames.
PARTICIPANT69573-029 A I ASSESSMENTS 
LOG (lattice-best-path[5.0.23~1-f7b2f]:main():lattice-best-path.cc:99) For utterance PARTICIPANT69573-031, best cost 58.2888 + 4244.82 = 4303.11 over 584 frames.
PARTICIPANT69573-031 ALRIGHT OH LAST I WEEKEND 
LOG (lattice-best-path[5.0.23~1-f7b2f]:main():lattice-best-path.cc:99) For utterance PARTICIPANT69573-033, best cost 30.0631 + 933.099 = 963.162 over 124 frames.
PARTICIPANT69573-033 SUMMER SEEN 
LOG (lattice-best-path[5.0.23~1-f7b2f]:main():lattice-best-path.cc:99) For utterance PARTICIPANT69573-035, best cost 18.4638 + 900.131 = 918.595 over 118 frames.
PARTICIPANT69573-035 EXCELLENT 
LOG (lattice-best-path[5.0.23~1-f7b2f]:main():lattice-best-path.cc:99) For utterance PARTICIPANT69573-037, best cost 36.2291 + 1496.78 = 1533.01 over 195 frames.
PARTICIPANT69573-037 AND TREATMENT AND 
LOG (lattice-scale[5.0.23~1-f7b2f]:main():lattice-scale.cc:90) Done 20 lattices.
LOG (lattice-add-penalty[5.0.23~1-f7b2f]:main():lattice-add-penalty.cc:62) Done adding word insertion penalty to 20 lattices.
LOG (lattice-best-path[5.0.23~1-f7b2f]:main():lattice-best-path.cc:99) For utterance PARTICIPANT69573-039, best cost 27.6952 + 1610.7 = 1638.39 over 204 frames.
PARTICIPANT69573-039 INTRODUCTIONS LIKE 
LOG (lattice-best-path[5.0.23~1-f7b2f]:main():lattice-best-path.cc:124) Overall cost per frame is 7.65104 = 0.141817 [graph] + 7.50922 [acoustic] over 5842 frames.
LOG (lattice-best-path[5.0.23~1-f7b2f]:main():lattice-best-path.cc:128) Done 20 lattices, failed for 0
# Accounting: time=3 threads=1
# Ended (code 0) at Mon Jan 28 18:54:30 EST 2019, elapsed time 3 seconds
