# lattice-scale --inv-acoustic-scale=9 "ark:gunzip -c /z/mkperez/PremanifestHD-classification/Data/Spont-Speech/set5/exp/mono_ali_clinician/decode/lat.*.gz|" ark:- | lattice-add-penalty --word-ins-penalty=1.0 ark:- ark:- | lattice-best-path --word-symbol-table=/z/mkperez/PremanifestHD-classification/Data/Spont-Speech/set5/exp/mono_ali_clinician/graph/words.txt ark:- ark,t:- | utils/int2sym.pl -f 2- /z/mkperez/PremanifestHD-classification/Data/Spont-Speech/set5/exp/mono_ali_clinician/graph/words.txt | local/wer_hyp_filter > /z/mkperez/PremanifestHD-classification/Data/Spont-Speech/set5/exp/mono_ali_clinician/decode/scoring_kaldi/penalty_1.0/9.txt 
# Started at Mon Jan 28 18:54:27 EST 2019
#
lattice-scale --inv-acoustic-scale=9 'ark:gunzip -c /z/mkperez/PremanifestHD-classification/Data/Spont-Speech/set5/exp/mono_ali_clinician/decode/lat.*.gz|' ark:- 
lattice-best-path --word-symbol-table=/z/mkperez/PremanifestHD-classification/Data/Spont-Speech/set5/exp/mono_ali_clinician/graph/words.txt ark:- ark,t:- 
lattice-add-penalty --word-ins-penalty=1.0 ark:- ark:- 
LOG (lattice-best-path[5.0.23~1-f7b2f]:main():lattice-best-path.cc:99) For utterance PARTICIPANT69573-001, best cost 123.383 + 7160.82 = 7284.21 over 728 frames.
PARTICIPANT69573-001 I'M LIONS I IN LAST FORMULA IT WAIT QUARTER LIKE THERE 
LOG (lattice-best-path[5.0.23~1-f7b2f]:main():lattice-best-path.cc:99) For utterance PARTICIPANT69573-003, best cost 16.0797 + 980.386 = 996.466 over 93 frames.
PARTICIPANT69573-003 WEEKEND 
LOG (lattice-best-path[5.0.23~1-f7b2f]:main():lattice-best-path.cc:99) For utterance PARTICIPANT69573-005, best cost 65.3069 + 2750.74 = 2816.04 over 261 frames.
PARTICIPANT69573-005 WHAT REALLY QUICKEN WELL FOR THEY 
LOG (lattice-best-path[5.0.23~1-f7b2f]:main():lattice-best-path.cc:99) For utterance PARTICIPANT69573-007, best cost 78.9727 + 3875.07 = 3954.05 over 389 frames.
PARTICIPANT69573-007 THAT YES WE YOU ONLY TELL WELL WEDDING 
LOG (lattice-best-path[5.0.23~1-f7b2f]:main():lattice-best-path.cc:99) For utterance PARTICIPANT69573-009, best cost 47.3032 + 3264.79 = 3312.09 over 318 frames.
PARTICIPANT69573-009 ONLY IT'S AND TRYING 
LOG (lattice-best-path[5.0.23~1-f7b2f]:main():lattice-best-path.cc:99) For utterance PARTICIPANT69573-011, best cost 27.9808 + 1004.51 = 1032.49 over 98 frames.
PARTICIPANT69573-011 KNOW WEEKEND TO 
LOG (lattice-best-path[5.0.23~1-f7b2f]:main():lattice-best-path.cc:99) For utterance PARTICIPANT69573-013, best cost 16.7839 + 1352.55 = 1369.34 over 138 frames.
PARTICIPANT69573-013 LITTLE 
LOG (lattice-best-path[5.0.23~1-f7b2f]:main():lattice-best-path.cc:99) For utterance PARTICIPANT69573-015, best cost 18.5444 + 1597.52 = 1616.07 over 168 frames.
PARTICIPANT69573-015 RAISED 
LOG (lattice-best-path[5.0.23~1-f7b2f]:main():lattice-best-path.cc:99) For utterance PARTICIPANT69573-017, best cost 98.6382 + 6152.44 = 6251.08 over 598 frames.
PARTICIPANT69573-017 MY ALWAYS WELL WE'LL THE LITTLE FOR I'M FLORIDA 
LOG (lattice-best-path[5.0.23~1-f7b2f]:main():lattice-best-path.cc:99) For utterance PARTICIPANT69573-019, best cost 16.2438 + 976.897 = 993.141 over 98 frames.
PARTICIPANT69573-019 HISTORY 
LOG (lattice-best-path[5.0.23~1-f7b2f]:main():lattice-best-path.cc:99) For utterance PARTICIPANT69573-021, best cost 10.9513 + 529.215 = 540.166 over 53 frames.
PARTICIPANT69573-021 TO 
LOG (lattice-best-path[5.0.23~1-f7b2f]:main():lattice-best-path.cc:99) For utterance PARTICIPANT69573-023, best cost 153.926 + 10827.5 = 10981.4 over 1098 frames.
PARTICIPANT69573-023 IT KNOW WAS READ SO LOCAL SOMETHING MARRIED ELEMENTARY TO AND AND LATER AND 
LOG (lattice-best-path[5.0.23~1-f7b2f]:main():lattice-best-path.cc:99) For utterance PARTICIPANT69573-025, best cost 11.2747 + 652.128 = 663.403 over 68 frames.
PARTICIPANT69573-025 OH 
LOG (lattice-best-path[5.0.23~1-f7b2f]:main():lattice-best-path.cc:99) For utterance PARTICIPANT69573-027, best cost 31.874 + 1809.9 = 1841.77 over 175 frames.
PARTICIPANT69573-027 YES THE IT 
LOG (lattice-best-path[5.0.23~1-f7b2f]:main():lattice-best-path.cc:99) For utterance PARTICIPANT69573-029, best cost 36.4497 + 3192.91 = 3229.36 over 334 frames.
PARTICIPANT69573-029 A I ASSESSMENTS 
LOG (lattice-best-path[5.0.23~1-f7b2f]:main():lattice-best-path.cc:99) For utterance PARTICIPANT69573-031, best cost 62.8154 + 5654.85 = 5717.66 over 584 frames.
PARTICIPANT69573-031 WELL I SO LAST I WEEKEND 
LOG (lattice-best-path[5.0.23~1-f7b2f]:main():lattice-best-path.cc:99) For utterance PARTICIPANT69573-033, best cost 30.0631 + 1244.13 = 1274.19 over 124 frames.
PARTICIPANT69573-033 SUMMER SEEN 
LOG (lattice-best-path[5.0.23~1-f7b2f]:main():lattice-best-path.cc:99) For utterance PARTICIPANT69573-035, best cost 23.2216 + 1195.17 = 1218.4 over 118 frames.
PARTICIPANT69573-035 IT LAST 
LOG (lattice-best-path[5.0.23~1-f7b2f]:main():lattice-best-path.cc:99) For utterance PARTICIPANT69573-037, best cost 36.2291 + 1995.71 = 2031.93 over 195 frames.
PARTICIPANT69573-037 AND TREATMENT AND 
LOG (lattice-scale[5.0.23~1-f7b2f]:main():lattice-scale.cc:90) Done 20 lattices.
LOG (lattice-add-penalty[5.0.23~1-f7b2f]:main():lattice-add-penalty.cc:62) Done adding word insertion penalty to 20 lattices.
LOG (lattice-best-path[5.0.23~1-f7b2f]:main():lattice-best-path.cc:99) For utterance PARTICIPANT69573-039, best cost 27.6952 + 2147.6 = 2175.29 over 204 frames.
PARTICIPANT69573-039 INTRODUCTIONS LIKE 
LOG (lattice-best-path[5.0.23~1-f7b2f]:main():lattice-best-path.cc:124) Overall cost per frame is 10.1504 = 0.159832 [graph] + 9.99055 [acoustic] over 5842 frames.
LOG (lattice-best-path[5.0.23~1-f7b2f]:main():lattice-best-path.cc:128) Done 20 lattices, failed for 0
# Accounting: time=3 threads=1
# Ended (code 0) at Mon Jan 28 18:54:30 EST 2019, elapsed time 3 seconds
