# lattice-scale --inv-acoustic-scale=17 "ark:gunzip -c /z/mkperez/PremanifestHD-classification/Data/Spont-Speech/set4/exp/mono_ali_clinician/decode/lat.*.gz|" ark:- | lattice-add-penalty --word-ins-penalty=1.0 ark:- ark:- | lattice-best-path --word-symbol-table=/z/mkperez/PremanifestHD-classification/Data/Spont-Speech/set4/exp/mono_ali_clinician/graph/words.txt ark:- ark,t:- | utils/int2sym.pl -f 2- /z/mkperez/PremanifestHD-classification/Data/Spont-Speech/set4/exp/mono_ali_clinician/graph/words.txt | local/wer_hyp_filter > /z/mkperez/PremanifestHD-classification/Data/Spont-Speech/set4/exp/mono_ali_clinician/decode/scoring_kaldi/penalty_1.0/17.txt 
# Started at Mon Jan 28 18:52:02 EST 2019
#
lattice-scale --inv-acoustic-scale=17 'ark:gunzip -c /z/mkperez/PremanifestHD-classification/Data/Spont-Speech/set4/exp/mono_ali_clinician/decode/lat.*.gz|' ark:- 
lattice-add-penalty --word-ins-penalty=1.0 ark:- ark:- 
lattice-best-path --word-symbol-table=/z/mkperez/PremanifestHD-classification/Data/Spont-Speech/set4/exp/mono_ali_clinician/graph/words.txt ark:- ark,t:- 
LOG (lattice-best-path[5.0.23~1-f7b2f]:main():lattice-best-path.cc:99) For utterance PARTICIPANT52053-001, best cost 32.0013 + 1189.9 = 1221.9 over 213 frames.
PARTICIPANT52053-001 KNOW AND YOU 
LOG (lattice-best-path[5.0.23~1-f7b2f]:main():lattice-best-path.cc:99) For utterance PARTICIPANT52053-003, best cost 24.0115 + 733.295 = 757.307 over 128 frames.
PARTICIPANT52053-003 YEAH FROM 
LOG (lattice-best-path[5.0.23~1-f7b2f]:main():lattice-best-path.cc:99) For utterance PARTICIPANT52053-005, best cost 20.8094 + 612.804 = 633.614 over 106 frames.
PARTICIPANT52053-005 ANTIDEPRESSANTS 
LOG (lattice-best-path[5.0.23~1-f7b2f]:main():lattice-best-path.cc:99) For utterance PARTICIPANT52053-007, best cost 13.1753 + 491.589 = 504.764 over 88 frames.
PARTICIPANT52053-007 THE 
LOG (lattice-best-path[5.0.23~1-f7b2f]:main():lattice-best-path.cc:99) For utterance PARTICIPANT52053-009, best cost 57.0878 + 1900.2 = 1957.29 over 338 frames.
PARTICIPANT52053-009 OHIO WAS WE'LL FIND 
LOG (lattice-best-path[5.0.23~1-f7b2f]:main():lattice-best-path.cc:99) For utterance PARTICIPANT52053-011, best cost 85.907 + 3416.51 = 3502.42 over 608 frames.
PARTICIPANT52053-011 ACTUALLY ELEMENTARY CAN AND COMMUNITY FORTY 
LOG (lattice-best-path[5.0.23~1-f7b2f]:main():lattice-best-path.cc:99) For utterance PARTICIPANT52053-013, best cost 36.3032 + 1643.12 = 1679.42 over 298 frames.
PARTICIPANT52053-013 THE THE WEEKEND 
LOG (lattice-best-path[5.0.23~1-f7b2f]:main():lattice-best-path.cc:99) For utterance PARTICIPANT52053-015, best cost 14.0266 + 369.193 = 383.219 over 68 frames.
PARTICIPANT52053-015 YOUR 
LOG (lattice-best-path[5.0.23~1-f7b2f]:main():lattice-best-path.cc:99) For utterance PARTICIPANT52053-017, best cost 13.2413 + 378.304 = 391.546 over 68 frames.
PARTICIPANT52053-017 ARE 
LOG (lattice-best-path[5.0.23~1-f7b2f]:main():lattice-best-path.cc:99) For utterance PARTICIPANT52053-019, best cost 46.2662 + 1665.63 = 1711.9 over 288 frames.
PARTICIPANT52053-019 GRAHAM WE MCKENZIE 
LOG (lattice-best-path[5.0.23~1-f7b2f]:main():lattice-best-path.cc:99) For utterance PARTICIPANT52053-021, best cost 10.6608 + 195.178 = 205.839 over 33 frames.
PARTICIPANT52053-021 THE 
LOG (lattice-best-path[5.0.23~1-f7b2f]:main():lattice-best-path.cc:99) For utterance PARTICIPANT52053-023, best cost 33.8024 + 1243.17 = 1276.97 over 218 frames.
PARTICIPANT52053-023 WEEKEND OKAY OKAY 
LOG (lattice-best-path[5.0.23~1-f7b2f]:main():lattice-best-path.cc:99) For utterance PARTICIPANT52053-025, best cost 12.9694 + 312.786 = 325.755 over 58 frames.
PARTICIPANT52053-025 YEAH 
LOG (lattice-best-path[5.0.23~1-f7b2f]:main():lattice-best-path.cc:99) For utterance PARTICIPANT52053-027, best cost 9.9318 + 147.068 = 157 over 28 frames.
PARTICIPANT52053-027 YOU 
LOG (lattice-scale[5.0.23~1-f7b2f]:main():lattice-scale.cc:90) Done 15 lattices.
LOG (lattice-add-penalty[5.0.23~1-f7b2f]:main():lattice-add-penalty.cc:62) Done adding word insertion penalty to 15 lattices.
LOG (lattice-best-path[5.0.23~1-f7b2f]:main():lattice-best-path.cc:99) For utterance PARTICIPANT52053-029, best cost 84.53 + 4494.53 = 4579.06 over 778 frames.
PARTICIPANT52053-029 YES IT EXCITING DEFINITELY YES FOR 
LOG (lattice-best-path[5.0.23~1-f7b2f]:main():lattice-best-path.cc:124) Overall cost per frame is 5.81314 = 0.149103 [graph] + 5.66404 [acoustic] over 3318 frames.
LOG (lattice-best-path[5.0.23~1-f7b2f]:main():lattice-best-path.cc:128) Done 15 lattices, failed for 0
# Accounting: time=2 threads=1
# Ended (code 0) at Mon Jan 28 18:52:04 EST 2019, elapsed time 2 seconds
