# lattice-scale --inv-acoustic-scale=13 "ark:gunzip -c /z/mkperez/PremanifestHD-classification/Data/Spont-Speech/set4/exp/mono_ali_clinician/decode/lat.*.gz|" ark:- | lattice-add-penalty --word-ins-penalty=1.0 ark:- ark:- | lattice-best-path --word-symbol-table=/z/mkperez/PremanifestHD-classification/Data/Spont-Speech/set4/exp/mono_ali_clinician/graph/words.txt ark:- ark,t:- | utils/int2sym.pl -f 2- /z/mkperez/PremanifestHD-classification/Data/Spont-Speech/set4/exp/mono_ali_clinician/graph/words.txt | local/wer_hyp_filter > /z/mkperez/PremanifestHD-classification/Data/Spont-Speech/set4/exp/mono_ali_clinician/decode/scoring_kaldi/penalty_1.0/13.txt 
# Started at Mon Jan 28 18:52:02 EST 2019
#
lattice-scale --inv-acoustic-scale=13 'ark:gunzip -c /z/mkperez/PremanifestHD-classification/Data/Spont-Speech/set4/exp/mono_ali_clinician/decode/lat.*.gz|' ark:- 
lattice-add-penalty --word-ins-penalty=1.0 ark:- ark:- 
lattice-best-path --word-symbol-table=/z/mkperez/PremanifestHD-classification/Data/Spont-Speech/set4/exp/mono_ali_clinician/graph/words.txt ark:- ark,t:- 
LOG (lattice-best-path[5.0.23~1-f7b2f]:main():lattice-best-path.cc:99) For utterance PARTICIPANT52053-001, best cost 32.0013 + 1556.02 = 1588.02 over 213 frames.
PARTICIPANT52053-001 KNOW AND YOU 
LOG (lattice-best-path[5.0.23~1-f7b2f]:main():lattice-best-path.cc:99) For utterance PARTICIPANT52053-003, best cost 25.5104 + 957.139 = 982.649 over 128 frames.
PARTICIPANT52053-003 YES FROM 
LOG (lattice-best-path[5.0.23~1-f7b2f]:main():lattice-best-path.cc:99) For utterance PARTICIPANT52053-005, best cost 26.4204 + 795.693 = 822.114 over 106 frames.
PARTICIPANT52053-005 ANTI KNOW 
LOG (lattice-best-path[5.0.23~1-f7b2f]:main():lattice-best-path.cc:99) For utterance PARTICIPANT52053-007, best cost 18.3784 + 637.416 = 655.795 over 88 frames.
PARTICIPANT52053-007 CLINICAL 
LOG (lattice-best-path[5.0.23~1-f7b2f]:main():lattice-best-path.cc:99) For utterance PARTICIPANT52053-009, best cost 61.2388 + 2479.91 = 2541.15 over 338 frames.
PARTICIPANT52053-009 KNOW WAS WHAT WE'LL FIND 
LOG (lattice-best-path[5.0.23~1-f7b2f]:main():lattice-best-path.cc:99) For utterance PARTICIPANT52053-011, best cost 87.7473 + 4465.68 = 4553.42 over 608 frames.
PARTICIPANT52053-011 ACTUALLY ELEMENTARY CAN FUN COMMUNITY FORTY 
LOG (lattice-best-path[5.0.23~1-f7b2f]:main():lattice-best-path.cc:99) For utterance PARTICIPANT52053-013, best cost 51.0327 + 2132.22 = 2183.25 over 298 frames.
PARTICIPANT52053-013 EXCELLENT SUNDAY THEN THE 
LOG (lattice-best-path[5.0.23~1-f7b2f]:main():lattice-best-path.cc:99) For utterance PARTICIPANT52053-015, best cost 14.0266 + 482.791 = 496.817 over 68 frames.
PARTICIPANT52053-015 YOUR 
LOG (lattice-best-path[5.0.23~1-f7b2f]:main():lattice-best-path.cc:99) For utterance PARTICIPANT52053-017, best cost 13.2413 + 494.706 = 507.947 over 68 frames.
PARTICIPANT52053-017 ARE 
LOG (lattice-best-path[5.0.23~1-f7b2f]:main():lattice-best-path.cc:99) For utterance PARTICIPANT52053-019, best cost 46.7919 + 2177.55 = 2224.34 over 288 frames.
PARTICIPANT52053-019 ADRIAN WE MCKENZIE 
LOG (lattice-best-path[5.0.23~1-f7b2f]:main():lattice-best-path.cc:99) For utterance PARTICIPANT52053-021, best cost 10.6608 + 255.233 = 265.893 over 33 frames.
PARTICIPANT52053-021 THE 
LOG (lattice-best-path[5.0.23~1-f7b2f]:main():lattice-best-path.cc:99) For utterance PARTICIPANT52053-023, best cost 38.382 + 1620 = 1658.39 over 218 frames.
PARTICIPANT52053-023 WENT NEXT OKAY 
LOG (lattice-best-path[5.0.23~1-f7b2f]:main():lattice-best-path.cc:99) For utterance PARTICIPANT52053-025, best cost 12.9694 + 409.027 = 421.997 over 58 frames.
PARTICIPANT52053-025 YEAH 
LOG (lattice-best-path[5.0.23~1-f7b2f]:main():lattice-best-path.cc:99) For utterance PARTICIPANT52053-027, best cost 9.9318 + 192.32 = 202.252 over 28 frames.
PARTICIPANT52053-027 YOU 
LOG (lattice-scale[5.0.23~1-f7b2f]:main():lattice-scale.cc:90) Done 15 lattices.
LOG (lattice-add-penalty[5.0.23~1-f7b2f]:main():lattice-add-penalty.cc:62) Done adding word insertion penalty to 15 lattices.
LOG (lattice-best-path[5.0.23~1-f7b2f]:main():lattice-best-path.cc:99) For utterance PARTICIPANT52053-029, best cost 103.015 + 5855.44 = 5958.46 over 778 frames.
PARTICIPANT52053-029 YES IT EXCITING DEFINITELY YES SHOWS FOR THERE 
LOG (lattice-best-path[5.0.23~1-f7b2f]:main():lattice-best-path.cc:124) Overall cost per frame is 7.55349 = 0.166169 [graph] + 7.38733 [acoustic] over 3318 frames.
LOG (lattice-best-path[5.0.23~1-f7b2f]:main():lattice-best-path.cc:128) Done 15 lattices, failed for 0
# Accounting: time=2 threads=1
# Ended (code 0) at Mon Jan 28 18:52:04 EST 2019, elapsed time 2 seconds
