# gunzip -c /z/mkperez/PremanifestHD-classification/Data/Spont-Speech/set4/exp/mono_ali_clinician/decode/depth_stats_tmp.*.gz | steps/diagnostic/analyze_lattice_depth_stats.py /z/mkperez/PremanifestHD-classification/Data/Spont-Speech/set4/exp/mono_ali_clinician/graph 
# Started at Mon Jan 28 18:51:59 EST 2019
#
The total amount of data analyzed assuming 100 frames per second is 0.0 hours
Overall, lattice depth (10,50,90-percentile)=(44,352,2180) and mean=717.1
Nonsilence phones as a group account for 76.8% of frames, with lattice depth (10,50,90-percentile)=(54,347,1910) and mean=657.3
Phone sil accounts for 23.2% of frames, with lattice depth (10,50,90-percentile)=(31,370,2562) and mean=914.6
Phone y_B accounts for 6.1% of frames, with lattice depth (10,50,90-percentile)=(31,187,590) and mean=254.7
Phone n_I accounts for 5.0% of frames, with lattice depth (10,50,90-percentile)=(209,506,1260) and mean=748.9
Phone eh_I accounts for 4.1% of frames, with lattice depth (10,50,90-percentile)=(115,152,2008) and mean=746.5
Phone iy_E accounts for 3.9% of frames, with lattice depth (10,50,90-percentile)=(13,234,1320) and mean=486.8
Phone ah_I accounts for 3.9% of frames, with lattice depth (10,50,90-percentile)=(221,467,1334) and mean=586.4
Phone dh_B accounts for 3.1% of frames, with lattice depth (10,50,90-percentile)=(239,404,1661) and mean=849.3
Phone s_E accounts for 2.4% of frames, with lattice depth (10,50,90-percentile)=(134,443,2268) and mean=894.0
Phone w_B accounts for 2.2% of frames, with lattice depth (10,50,90-percentile)=(48,127,361) and mean=199.7
Phone r_I accounts for 2.1% of frames, with lattice depth (10,50,90-percentile)=(19,21,578) and mean=178.2
Phone ay_I accounts for 2.1% of frames, with lattice depth (10,50,90-percentile)=(69,127,2268) and mean=716.1
Phone l_E accounts for 2.0% of frames, with lattice depth (10,50,90-percentile)=(196,355,1588) and mean=737.9
Phone k_I accounts for 1.9% of frames, with lattice depth (10,50,90-percentile)=(125,461,1189) and mean=619.0
Phone ih_B accounts for 1.7% of frames, with lattice depth (10,50,90-percentile)=(201,251,302) and mean=237.8
Phone ah_E accounts for 1.7% of frames, with lattice depth (10,50,90-percentile)=(556,761,2035) and mean=1091.6
Phone f_B accounts for 1.7% of frames, with lattice depth (10,50,90-percentile)=(54,130,225) and mean=136.6
Phone ow_E accounts for 1.5% of frames, with lattice depth (10,50,90-percentile)=(55,98,416) and mean=181.3
Phone l_I accounts for 1.4% of frames, with lattice depth (10,50,90-percentile)=(77,89,450) and mean=228.4
Phone ah_B accounts for 1.4% of frames, with lattice depth (10,50,90-percentile)=(334,1171,1527) and mean=1079.9
Phone uw_E accounts for 1.4% of frames, with lattice depth (10,50,90-percentile)=(84,420,1627) and mean=746.6
Phone ey_E accounts for 1.4% of frames, with lattice depth (10,50,90-percentile)=(1120,2326,2460) and mean=1900.9
Phone t_B accounts for 1.3% of frames, with lattice depth (10,50,90-percentile)=(113,540,1739) and mean=932.2
Phone aa_B accounts for 1.2% of frames, with lattice depth (10,50,90-percentile)=(26,43,44) and mean=38.0
Phone t_E accounts for 1.1% of frames, with lattice depth (10,50,90-percentile)=(201,2346,2570) and mean=1797.8
Phone t_I accounts for 1.1% of frames, with lattice depth (10,50,90-percentile)=(19,149,514) and mean=283.7
Phone aa_I accounts for 1.0% of frames, with lattice depth (10,50,90-percentile)=(38,38,38) and mean=59.7
Phone r_E accounts for 1.0% of frames, with lattice depth (10,50,90-percentile)=(27,39,99) and mean=62.3
Phone ey_I accounts for 1.0% of frames, with lattice depth (10,50,90-percentile)=(377,419,426) and mean=402.8
Phone ng_E accounts for 1.0% of frames, with lattice depth (10,50,90-percentile)=(104,106,118) and mean=109.0
Phone iy_I accounts for 0.9% of frames, with lattice depth (10,50,90-percentile)=(355,356,2028) and mean=724.7
Phone k_B accounts for 0.9% of frames, with lattice depth (10,50,90-percentile)=(97,686,1096) and mean=546.4
Phone s_I accounts for 0.9% of frames, with lattice depth (10,50,90-percentile)=(127,1293,1773) and mean=1002.2
Phone ae_B accounts for 0.9% of frames, with lattice depth (10,50,90-percentile)=(29,63,471) and mean=119.6
Phone l_B accounts for 0.9% of frames, with lattice depth (10,50,90-percentile)=(1606,1843,2526) and mean=2059.8
Phone ae_I accounts for 0.9% of frames, with lattice depth (10,50,90-percentile)=(1028,2225,2286) and mean=1847.8
Phone ao_I accounts for 0.9% of frames, with lattice depth (10,50,90-percentile)=(99,99,2119) and mean=591.8
Phone ih_I accounts for 0.8% of frames, with lattice depth (10,50,90-percentile)=(118,596,608) and mean=425.3
Phone n_B accounts for 0.8% of frames, with lattice depth (10,50,90-percentile)=(98,2273,2467) and mean=1763.8
Phone z_E accounts for 0.8% of frames, with lattice depth (10,50,90-percentile)=(38,54,387) and mean=163.5
Phone d_E accounts for 0.8% of frames, with lattice depth (10,50,90-percentile)=(53,418,1188) and mean=499.5
Phone iy_S accounts for 0.7% of frames, with lattice depth (10,50,90-percentile)=(2098,2285,2420) and mean=2284.2
Phone ow_B accounts for 0.7% of frames, with lattice depth (10,50,90-percentile)=(1428,1703,2219) and mean=1744.8
Phone ae_E accounts for 0.7% of frames, with lattice depth (10,50,90-percentile)=(1,8,8) and mean=7.4
Phone m_B accounts for 0.6% of frames, with lattice depth (10,50,90-percentile)=(438,446,483) and mean=461.3
Phone n_E accounts for 0.6% of frames, with lattice depth (10,50,90-percentile)=(1344,1542,1742) and mean=1598.0
# Accounting: time=0 threads=1
# Ended (code 0) at Mon Jan 28 18:51:59 EST 2019, elapsed time 0 seconds
