# lattice-scale --inv-acoustic-scale=17 "ark:gunzip -c /z/mkperez/PremanifestHD-classification/Data/Spont-Speech/set12/exp/mono_ali_clinician/decode/lat.*.gz|" ark:- | lattice-add-penalty --word-ins-penalty=0.5 ark:- ark:- | lattice-best-path --word-symbol-table=/z/mkperez/PremanifestHD-classification/Data/Spont-Speech/set12/exp/mono_ali_clinician/graph/words.txt ark:- ark,t:- | utils/int2sym.pl -f 2- /z/mkperez/PremanifestHD-classification/Data/Spont-Speech/set12/exp/mono_ali_clinician/graph/words.txt | local/wer_hyp_filter > /z/mkperez/PremanifestHD-classification/Data/Spont-Speech/set12/exp/mono_ali_clinician/decode/scoring_kaldi/penalty_0.5/17.txt 
# Started at Mon Jan 28 18:25:17 EST 2019
#
lattice-scale --inv-acoustic-scale=17 'ark:gunzip -c /z/mkperez/PremanifestHD-classification/Data/Spont-Speech/set12/exp/mono_ali_clinician/decode/lat.*.gz|' ark:- 
lattice-add-penalty --word-ins-penalty=0.5 ark:- ark:- 
lattice-best-path --word-symbol-table=/z/mkperez/PremanifestHD-classification/Data/Spont-Speech/set12/exp/mono_ali_clinician/graph/words.txt ark:- ark,t:- 
LOG (lattice-best-path[5.0.23~1-f7b2f]:main():lattice-best-path.cc:99) For utterance PARTICIPANT69695-001, best cost 11.9377 + 470.092 = 482.029 over 90 frames.
PARTICIPANT69695-001 YEAH 
LOG (lattice-best-path[5.0.23~1-f7b2f]:main():lattice-best-path.cc:99) For utterance PARTICIPANT69695-003, best cost 12.8327 + 551.707 = 564.54 over 111 frames.
PARTICIPANT69695-003 AND 
LOG (lattice-best-path[5.0.23~1-f7b2f]:main():lattice-best-path.cc:99) For utterance PARTICIPANT69695-005, best cost 12.36 + 502.892 = 515.252 over 98 frames.
PARTICIPANT69695-005 AND 
LOG (lattice-best-path[5.0.23~1-f7b2f]:main():lattice-best-path.cc:99) For utterance PARTICIPANT69695-007, best cost 11.7186 + 303.936 = 315.654 over 58 frames.
PARTICIPANT69695-007 AND 
LOG (lattice-best-path[5.0.23~1-f7b2f]:main():lattice-best-path.cc:99) For utterance PARTICIPANT69695-011, best cost 9.39236 + 94.0628 = 103.455 over 18 frames.
PARTICIPANT69695-011 AND 
LOG (lattice-best-path[5.0.23~1-f7b2f]:main():lattice-best-path.cc:99) For utterance PARTICIPANT69695-014, best cost 85.6943 + 3498.88 = 3584.57 over 667 frames.
PARTICIPANT69695-014 YOU ACCORDION BECAUSE AND WEEKEND ALMOST EXCELLENT 
LOG (lattice-best-path[5.0.23~1-f7b2f]:main():lattice-best-path.cc:99) For utterance PARTICIPANT69695-019, best cost 15.9899 + 412.493 = 428.483 over 76 frames.
PARTICIPANT69695-019 SEVEN 
LOG (lattice-best-path[5.0.23~1-f7b2f]:main():lattice-best-path.cc:99) For utterance PARTICIPANT69695-021, best cost 62.7878 + 3771.05 = 3833.84 over 678 frames.
PARTICIPANT69695-021 THERE THE AND YES THE 
LOG (lattice-best-path[5.0.23~1-f7b2f]:main():lattice-best-path.cc:99) For utterance PARTICIPANT69695-023, best cost 40.474 + 1956 = 1996.47 over 348 frames.
PARTICIPANT69695-023 SIGNIFICANT IT'LL 
LOG (lattice-best-path[5.0.23~1-f7b2f]:main():lattice-best-path.cc:99) For utterance PARTICIPANT69695-025, best cost 35.6093 + 1244.09 = 1279.7 over 228 frames.
PARTICIPANT69695-025 DISASTER MAINTENANCE 
LOG (lattice-best-path[5.0.23~1-f7b2f]:main():lattice-best-path.cc:99) For utterance PARTICIPANT69695-027, best cost 24.5742 + 836.866 = 861.44 over 163 frames.
PARTICIPANT69695-027 THAT REALLY 
LOG (lattice-best-path[5.0.23~1-f7b2f]:main():lattice-best-path.cc:99) For utterance PARTICIPANT69695-029, best cost 34.135 + 1751.26 = 1785.4 over 348 frames.
PARTICIPANT69695-029 OH I WEEKEND 
LOG (lattice-best-path[5.0.23~1-f7b2f]:main():lattice-best-path.cc:99) For utterance PARTICIPANT69695-031, best cost 43.1385 + 1599.11 = 1642.25 over 283 frames.
PARTICIPANT69695-031 TO LIKE SO DIFFERENT 
LOG (lattice-best-path[5.0.23~1-f7b2f]:main():lattice-best-path.cc:99) For utterance PARTICIPANT69695-033, best cost 18.7602 + 696.523 = 715.283 over 128 frames.
PARTICIPANT69695-033 I TO 
LOG (lattice-best-path[5.0.23~1-f7b2f]:main():lattice-best-path.cc:99) For utterance PARTICIPANT69695-035, best cost 31.5887 + 1237.27 = 1268.86 over 228 frames.
PARTICIPANT69695-035 BECAUSE THE THAT 
LOG (lattice-best-path[5.0.23~1-f7b2f]:main():lattice-best-path.cc:99) For utterance PARTICIPANT69695-037, best cost 70.3011 + 3234.21 = 3304.51 over 588 frames.
PARTICIPANT69695-037 WEEKEND TO FLORIDA LITTLE THE 
LOG (lattice-best-path[5.0.23~1-f7b2f]:main():lattice-best-path.cc:99) For utterance PARTICIPANT69695-039, best cost 12.523 + 513.039 = 525.562 over 98 frames.
PARTICIPANT69695-039 SO 
LOG (lattice-best-path[5.0.23~1-f7b2f]:main():lattice-best-path.cc:99) For utterance PARTICIPANT69695-041, best cost 41.7165 + 1943.52 = 1985.24 over 368 frames.
PARTICIPANT69695-041 THAT WAS IMMEDIATELY 
LOG (lattice-best-path[5.0.23~1-f7b2f]:main():lattice-best-path.cc:99) For utterance PARTICIPANT69695-043, best cost 11.1376 + 411.172 = 422.31 over 78 frames.
PARTICIPANT69695-043 THE 
LOG (lattice-best-path[5.0.23~1-f7b2f]:main():lattice-best-path.cc:99) For utterance PARTICIPANT69695-045, best cost 34.0052 + 1371.37 = 1405.37 over 265 frames.
PARTICIPANT69695-045 AFTER UNDERSTAND 
LOG (lattice-best-path[5.0.23~1-f7b2f]:main():lattice-best-path.cc:99) For utterance PARTICIPANT69695-047, best cost 54.0321 + 2442.66 = 2496.69 over 468 frames.
PARTICIPANT69695-047 AND IN I AND TO YEAH 
LOG (lattice-best-path[5.0.23~1-f7b2f]:main():lattice-best-path.cc:99) For utterance PARTICIPANT69695-049, best cost 6.52246 + 283.349 = 289.871 over 51 frames.
PARTICIPANT69695-049 
LOG (lattice-best-path[5.0.23~1-f7b2f]:main():lattice-best-path.cc:99) For utterance PARTICIPANT69695-051, best cost 11.3189 + 338.762 = 350.081 over 63 frames.
PARTICIPANT69695-051 AND 
LOG (lattice-best-path[5.0.23~1-f7b2f]:main():lattice-best-path.cc:99) For utterance PARTICIPANT69695-055, best cost 38.4391 + 2058.37 = 2096.81 over 408 frames.
PARTICIPANT69695-055 TO OH PARTICIPANTS 
LOG (lattice-best-path[5.0.23~1-f7b2f]:main():lattice-best-path.cc:99) For utterance PARTICIPANT69695-057, best cost 82.9023 + 4217.25 = 4300.16 over 818 frames.
PARTICIPANT69695-057 WEEKEND AND IT'S SO ON DATA DON'T 
LOG (lattice-best-path[5.0.23~1-f7b2f]:main():lattice-best-path.cc:99) For utterance PARTICIPANT69695-059, best cost 60.8335 + 2625.13 = 2685.96 over 509 frames.
PARTICIPANT69695-059 NO AND WHERE AND I HISTORY 
LOG (lattice-best-path[5.0.23~1-f7b2f]:main():lattice-best-path.cc:99) For utterance PARTICIPANT69695-061, best cost 101.029 + 5137.05 = 5238.08 over 998 frames.
PARTICIPANT69695-061 AND LET'S TRUCKLOADS THAT AND HANDICAP COMPLEX IT'S 
LOG (lattice-best-path[5.0.23~1-f7b2f]:main():lattice-best-path.cc:99) For utterance PARTICIPANT69695-063, best cost 113.336 + 5188.44 = 5301.78 over 998 frames.
PARTICIPANT69695-063 BETWEEN YEAH HUNDRED THAT BECAUSE ENDED I TO ABOUT SO 
LOG (lattice-best-path[5.0.23~1-f7b2f]:main():lattice-best-path.cc:99) For utterance PARTICIPANT69695-065, best cost 48.5649 + 2098.42 = 2146.99 over 408 frames.
PARTICIPANT69695-065 ON WEEKEND TO TRUCKLOADS 
LOG (lattice-best-path[5.0.23~1-f7b2f]:main():lattice-best-path.cc:99) For utterance PARTICIPANT69695-067, best cost 89.774 + 4035.74 = 4125.51 over 758 frames.
PARTICIPANT69695-067 YES WEEKEND WEEKEND WEEKEND WEEKEND SIGNIFICANT GOT 
LOG (lattice-best-path[5.0.23~1-f7b2f]:main():lattice-best-path.cc:99) For utterance PARTICIPANT69695-069, best cost 80.5676 + 3927.82 = 4008.39 over 748 frames.
PARTICIPANT69695-069 EXCITING DATA ANYWHERE TECHNICALLY AND OR 
LOG (lattice-best-path[5.0.23~1-f7b2f]:main():lattice-best-path.cc:99) For utterance PARTICIPANT69695-071, best cost 144.042 + 7578.02 = 7722.06 over 1505 frames.
PARTICIPANT69695-071 AND AND OH IMMEDIATELY TO AND ASSESSMENTS DON'T THE BEYOND IS SEVEN 
LOG (lattice-best-path[5.0.23~1-f7b2f]:main():lattice-best-path.cc:99) For utterance PARTICIPANT69695-073, best cost 17.1345 + 544.831 = 561.965 over 103 frames.
PARTICIPANT69695-073 DON'T 
LOG (lattice-best-path[5.0.23~1-f7b2f]:main():lattice-best-path.cc:99) For utterance PARTICIPANT69695-075, best cost 4.51439 + 373.295 = 377.809 over 76 frames.
PARTICIPANT69695-075 
LOG (lattice-best-path[5.0.23~1-f7b2f]:main():lattice-best-path.cc:99) For utterance PARTICIPANT69695-077, best cost 35.8238 + 1348.33 = 1384.15 over 258 frames.
PARTICIPANT69695-077 NO DEFINITELY AND 
LOG (lattice-scale[5.0.23~1-f7b2f]:main():lattice-scale.cc:90) Done 36 lattices.
LOG (lattice-add-penalty[5.0.23~1-f7b2f]:main():lattice-add-penalty.cc:62) Done adding word insertion penalty to 36 lattices.
LOG (lattice-best-path[5.0.23~1-f7b2f]:main():lattice-best-path.cc:99) For utterance PARTICIPANT69695-079, best cost 60.9511 + 2787.99 = 2848.94 over 528 frames.
PARTICIPANT69695-079 I LITTLE WEEKEND THAT AND 
LOG (lattice-best-path[5.0.23~1-f7b2f]:main():lattice-best-path.cc:124) Overall cost per frame is 5.35807 = 0.115339 [graph] + 5.24273 [acoustic] over 13616 frames.
LOG (lattice-best-path[5.0.23~1-f7b2f]:main():lattice-best-path.cc:128) Done 36 lattices, failed for 0
# Accounting: time=6 threads=1
# Ended (code 0) at Mon Jan 28 18:25:23 EST 2019, elapsed time 6 seconds
