# lattice-scale --inv-acoustic-scale=13 "ark:gunzip -c /z/mkperez/PremanifestHD-classification/Data/Spont-Speech/set12/exp/mono_ali_clinician/decode/lat.*.gz|" ark:- | lattice-add-penalty --word-ins-penalty=0.5 ark:- ark:- | lattice-best-path --word-symbol-table=/z/mkperez/PremanifestHD-classification/Data/Spont-Speech/set12/exp/mono_ali_clinician/graph/words.txt ark:- ark,t:- | utils/int2sym.pl -f 2- /z/mkperez/PremanifestHD-classification/Data/Spont-Speech/set12/exp/mono_ali_clinician/graph/words.txt | local/wer_hyp_filter > /z/mkperez/PremanifestHD-classification/Data/Spont-Speech/set12/exp/mono_ali_clinician/decode/scoring_kaldi/penalty_0.5/13.txt 
# Started at Mon Jan 28 18:25:17 EST 2019
#
lattice-scale --inv-acoustic-scale=13 'ark:gunzip -c /z/mkperez/PremanifestHD-classification/Data/Spont-Speech/set12/exp/mono_ali_clinician/decode/lat.*.gz|' ark:- 
lattice-best-path --word-symbol-table=/z/mkperez/PremanifestHD-classification/Data/Spont-Speech/set12/exp/mono_ali_clinician/graph/words.txt ark:- ark,t:- 
lattice-add-penalty --word-ins-penalty=0.5 ark:- ark:- 
LOG (lattice-best-path[5.0.23~1-f7b2f]:main():lattice-best-path.cc:99) For utterance PARTICIPANT69695-001, best cost 11.9377 + 614.735 = 626.673 over 90 frames.
PARTICIPANT69695-001 YEAH 
LOG (lattice-best-path[5.0.23~1-f7b2f]:main():lattice-best-path.cc:99) For utterance PARTICIPANT69695-003, best cost 12.8327 + 721.463 = 734.296 over 111 frames.
PARTICIPANT69695-003 AND 
LOG (lattice-best-path[5.0.23~1-f7b2f]:main():lattice-best-path.cc:99) For utterance PARTICIPANT69695-005, best cost 15.8818 + 653.724 = 669.606 over 98 frames.
PARTICIPANT69695-005 ONLY 
LOG (lattice-best-path[5.0.23~1-f7b2f]:main():lattice-best-path.cc:99) For utterance PARTICIPANT69695-007, best cost 12.8981 + 396.071 = 408.969 over 58 frames.
PARTICIPANT69695-007 NICE 
LOG (lattice-best-path[5.0.23~1-f7b2f]:main():lattice-best-path.cc:99) For utterance PARTICIPANT69695-011, best cost 9.39236 + 123.005 = 132.398 over 18 frames.
PARTICIPANT69695-011 AND 
LOG (lattice-best-path[5.0.23~1-f7b2f]:main():lattice-best-path.cc:99) For utterance PARTICIPANT69695-014, best cost 85.6943 + 4575.45 = 4661.15 over 667 frames.
PARTICIPANT69695-014 YOU ACCORDION BECAUSE AND WEEKEND ALMOST EXCELLENT 
LOG (lattice-best-path[5.0.23~1-f7b2f]:main():lattice-best-path.cc:99) For utterance PARTICIPANT69695-019, best cost 17.8281 + 537.54 = 555.368 over 76 frames.
PARTICIPANT69695-019 SEMESTER 
LOG (lattice-best-path[5.0.23~1-f7b2f]:main():lattice-best-path.cc:99) For utterance PARTICIPANT69695-021, best cost 68.6896 + 4924.3 = 4992.99 over 678 frames.
PARTICIPANT69695-021 THERE THE THAT AND YES THE 
LOG (lattice-best-path[5.0.23~1-f7b2f]:main():lattice-best-path.cc:99) For utterance PARTICIPANT69695-023, best cost 48.3816 + 2548.83 = 2597.21 over 348 frames.
PARTICIPANT69695-023 SIGNIFICANT EXCITED ALL 
LOG (lattice-best-path[5.0.23~1-f7b2f]:main():lattice-best-path.cc:99) For utterance PARTICIPANT69695-025, best cost 36.7874 + 1625.62 = 1662.41 over 228 frames.
PARTICIPANT69695-025 DISASTER BASEMENT 
LOG (lattice-best-path[5.0.23~1-f7b2f]:main():lattice-best-path.cc:99) For utterance PARTICIPANT69695-027, best cost 25.62 + 1093.24 = 1118.86 over 163 frames.
PARTICIPANT69695-027 THAT'S REALLY 
LOG (lattice-best-path[5.0.23~1-f7b2f]:main():lattice-best-path.cc:99) For utterance PARTICIPANT69695-029, best cost 34.135 + 2290.11 = 2324.25 over 348 frames.
PARTICIPANT69695-029 OH I WEEKEND 
LOG (lattice-best-path[5.0.23~1-f7b2f]:main():lattice-best-path.cc:99) For utterance PARTICIPANT69695-031, best cost 48.9992 + 2083.53 = 2132.53 over 283 frames.
PARTICIPANT69695-031 RIDICULOUS HAVE SO DIFFERENT 
LOG (lattice-best-path[5.0.23~1-f7b2f]:main():lattice-best-path.cc:99) For utterance PARTICIPANT69695-033, best cost 18.7602 + 910.838 = 929.598 over 128 frames.
PARTICIPANT69695-033 I TO 
LOG (lattice-best-path[5.0.23~1-f7b2f]:main():lattice-best-path.cc:99) For utterance PARTICIPANT69695-035, best cost 31.5887 + 1617.97 = 1649.56 over 228 frames.
PARTICIPANT69695-035 BECAUSE THE THAT 
LOG (lattice-best-path[5.0.23~1-f7b2f]:main():lattice-best-path.cc:99) For utterance PARTICIPANT69695-037, best cost 75.6233 + 4223.14 = 4298.76 over 588 frames.
PARTICIPANT69695-037 WEEKEND UNDERSTANDING LITTLE AND LITTLE THE 
LOG (lattice-best-path[5.0.23~1-f7b2f]:main():lattice-best-path.cc:99) For utterance PARTICIPANT69695-039, best cost 12.523 + 670.897 = 683.42 over 98 frames.
PARTICIPANT69695-039 SO 
LOG (lattice-best-path[5.0.23~1-f7b2f]:main():lattice-best-path.cc:99) For utterance PARTICIPANT69695-041, best cost 47.461 + 2535.38 = 2582.84 over 368 frames.
PARTICIPANT69695-041 THAT WAS IMMEDIATELY IT 
LOG (lattice-best-path[5.0.23~1-f7b2f]:main():lattice-best-path.cc:99) For utterance PARTICIPANT69695-043, best cost 12.4375 + 536.182 = 548.62 over 78 frames.
PARTICIPANT69695-043 THAT 
LOG (lattice-best-path[5.0.23~1-f7b2f]:main():lattice-best-path.cc:99) For utterance PARTICIPANT69695-045, best cost 34.0052 + 1793.33 = 1827.33 over 265 frames.
PARTICIPANT69695-045 AFTER UNDERSTAND 
LOG (lattice-best-path[5.0.23~1-f7b2f]:main():lattice-best-path.cc:99) For utterance PARTICIPANT69695-047, best cost 56.4443 + 3191.12 = 3247.56 over 468 frames.
PARTICIPANT69695-047 AND DON'T I AND TO YEAH 
LOG (lattice-best-path[5.0.23~1-f7b2f]:main():lattice-best-path.cc:99) For utterance PARTICIPANT69695-049, best cost 6.52246 + 370.533 = 377.056 over 51 frames.
PARTICIPANT69695-049 
LOG (lattice-best-path[5.0.23~1-f7b2f]:main():lattice-best-path.cc:99) For utterance PARTICIPANT69695-051, best cost 11.3189 + 442.996 = 454.315 over 63 frames.
PARTICIPANT69695-051 AND 
LOG (lattice-best-path[5.0.23~1-f7b2f]:main():lattice-best-path.cc:99) For utterance PARTICIPANT69695-055, best cost 48.5755 + 2681.05 = 2729.62 over 408 frames.
PARTICIPANT69695-055 TO OH TEXTING SO DON'T 
LOG (lattice-best-path[5.0.23~1-f7b2f]:main():lattice-best-path.cc:99) For utterance PARTICIPANT69695-057, best cost 86.3285 + 5511.03 = 5597.36 over 818 frames.
PARTICIPANT69695-057 WEEKEND AND IT'S SO ON DATA SO AND 
LOG (lattice-best-path[5.0.23~1-f7b2f]:main():lattice-best-path.cc:99) For utterance PARTICIPANT69695-059, best cost 67.3696 + 3425.67 = 3493.04 over 509 frames.
PARTICIPANT69695-059 NO AND WHERE ON NICE HOLIDAYS 
LOG (lattice-best-path[5.0.23~1-f7b2f]:main():lattice-best-path.cc:99) For utterance PARTICIPANT69695-061, best cost 108.268 + 6708.99 = 6817.26 over 998 frames.
PARTICIPANT69695-061 ON LET'S TRUCKLOADS THAT AND SATURDAY CAN COMPLEX IT'S 
LOG (lattice-best-path[5.0.23~1-f7b2f]:main():lattice-best-path.cc:99) For utterance PARTICIPANT69695-063, best cost 127.466 + 6769.54 = 6897.01 over 998 frames.
PARTICIPANT69695-063 BETWEEN YEAH HUNDRED THAT BECAUSE ENDED ARE I TO YES SOUNDS SO 
LOG (lattice-best-path[5.0.23~1-f7b2f]:main():lattice-best-path.cc:99) For utterance PARTICIPANT69695-065, best cost 55.9022 + 2735.71 = 2791.61 over 408 frames.
PARTICIPANT69695-065 ON WEEKEND TONIGHT OKAY WEEKEND 
LOG (lattice-best-path[5.0.23~1-f7b2f]:main():lattice-best-path.cc:99) For utterance PARTICIPANT69695-067, best cost 95.9378 + 5270.52 = 5366.46 over 758 frames.
PARTICIPANT69695-067 YES WEEKEND WEEKEND WEEKEND WEEKEND SIGNIFICANT RIGHT ARE 
LOG (lattice-best-path[5.0.23~1-f7b2f]:main():lattice-best-path.cc:99) For utterance PARTICIPANT69695-069, best cost 94.3624 + 5120.75 = 5215.11 over 748 frames.
PARTICIPANT69695-069 EXCITING DATA AND ANYWHERE AND TECHNICALLY AND OR 
LOG (lattice-best-path[5.0.23~1-f7b2f]:main():lattice-best-path.cc:99) For utterance PARTICIPANT69695-071, best cost 150.788 + 9902.36 = 10053.2 over 1505 frames.
PARTICIPANT69695-071 AND IS OH I DIDN'T TO AND ASSESSMENTS DON'T NO BEYOND IS SEVEN 
LOG (lattice-best-path[5.0.23~1-f7b2f]:main():lattice-best-path.cc:99) For utterance PARTICIPANT69695-073, best cost 21.9236 + 707.447 = 729.371 over 103 frames.
PARTICIPANT69695-073 DON'T I 
LOG (lattice-best-path[5.0.23~1-f7b2f]:main():lattice-best-path.cc:99) For utterance PARTICIPANT69695-075, best cost 11.3947 + 480.931 = 492.326 over 76 frames.
PARTICIPANT69695-075 SO 
LOG (lattice-best-path[5.0.23~1-f7b2f]:main():lattice-best-path.cc:99) For utterance PARTICIPANT69695-077, best cost 35.8238 + 1763.2 = 1799.02 over 258 frames.
PARTICIPANT69695-077 NO DEFINITELY AND 
LOG (lattice-scale[5.0.23~1-f7b2f]:main():lattice-scale.cc:90) Done 36 lattices.
LOG (lattice-add-penalty[5.0.23~1-f7b2f]:main():lattice-add-penalty.cc:62) Done adding word insertion penalty to 36 lattices.
LOG (lattice-best-path[5.0.23~1-f7b2f]:main():lattice-best-path.cc:99) For utterance PARTICIPANT69695-079, best cost 65.4909 + 3640.3 = 3705.79 over 528 frames.
PARTICIPANT69695-079 I DON'T LANDLORD THAT TUESDAY 
LOG (lattice-best-path[5.0.23~1-f7b2f]:main():lattice-best-path.cc:124) Overall cost per frame is 6.96995 = 0.125249 [graph] + 6.84471 [acoustic] over 13616 frames.
LOG (lattice-best-path[5.0.23~1-f7b2f]:main():lattice-best-path.cc:128) Done 36 lattices, failed for 0
# Accounting: time=6 threads=1
# Ended (code 0) at Mon Jan 28 18:25:23 EST 2019, elapsed time 6 seconds
