# gunzip -c /z/mkperez/PremanifestHD-classification/Data/Spont-Speech/set16/exp/mono_ali_clinician/decode/depth_stats_tmp.*.gz | steps/diagnostic/analyze_lattice_depth_stats.py /z/mkperez/PremanifestHD-classification/Data/Spont-Speech/set16/exp/mono_ali_clinician/graph 
# Started at Mon Jan 28 18:37:55 EST 2019
#
The total amount of data analyzed assuming 100 frames per second is 0.0 hours
Overall, lattice depth (10,50,90-percentile)=(78,344,1557) and mean=622.1
Nonsilence phones as a group account for 83.4% of frames, with lattice depth (10,50,90-percentile)=(86,351,1438) and mean=598.0
Phone sil accounts for 16.6% of frames, with lattice depth (10,50,90-percentile)=(55,344,2058) and mean=742.8
Phone n_I accounts for 4.2% of frames, with lattice depth (10,50,90-percentile)=(154,377,1668) and mean=751.0
Phone ng_E accounts for 3.5% of frames, with lattice depth (10,50,90-percentile)=(115,381,1607) and mean=555.5
Phone iy_E accounts for 3.4% of frames, with lattice depth (10,50,90-percentile)=(43,213,611) and mean=299.1
Phone ah_I accounts for 3.4% of frames, with lattice depth (10,50,90-percentile)=(26,553,1790) and mean=756.2
Phone eh_I accounts for 3.3% of frames, with lattice depth (10,50,90-percentile)=(16,198,965) and mean=330.0
Phone w_B accounts for 2.4% of frames, with lattice depth (10,50,90-percentile)=(151,368,1429) and mean=541.9
Phone t_I accounts for 2.3% of frames, with lattice depth (10,50,90-percentile)=(25,322,1376) and mean=604.7
Phone y_B accounts for 2.3% of frames, with lattice depth (10,50,90-percentile)=(5,175,1704) and mean=671.1
Phone t_E accounts for 2.1% of frames, with lattice depth (10,50,90-percentile)=(29,320,995) and mean=566.6
Phone dh_B accounts for 2.0% of frames, with lattice depth (10,50,90-percentile)=(10,412,1402) and mean=510.5
Phone iy_I accounts for 2.0% of frames, with lattice depth (10,50,90-percentile)=(132,314,1321) and mean=550.5
Phone r_I accounts for 1.9% of frames, with lattice depth (10,50,90-percentile)=(68,446,1972) and mean=647.2
Phone ay_I accounts for 1.8% of frames, with lattice depth (10,50,90-percentile)=(122,435,1081) and mean=585.8
Phone ih_I accounts for 1.8% of frames, with lattice depth (10,50,90-percentile)=(170,478,1322) and mean=638.7
Phone d_E accounts for 1.6% of frames, with lattice depth (10,50,90-percentile)=(77,346,1224) and mean=460.1
Phone z_E accounts for 1.6% of frames, with lattice depth (10,50,90-percentile)=(255,679,1811) and mean=800.9
Phone ae_I accounts for 1.6% of frames, with lattice depth (10,50,90-percentile)=(117,225,1440) and mean=457.4
Phone ao_I accounts for 1.5% of frames, with lattice depth (10,50,90-percentile)=(101,485,743) and mean=490.8
Phone t_B accounts for 1.4% of frames, with lattice depth (10,50,90-percentile)=(191,452,4645) and mean=1260.8
Phone ah_E accounts for 1.4% of frames, with lattice depth (10,50,90-percentile)=(115,505,1984) and mean=906.1
Phone aa_B accounts for 1.4% of frames, with lattice depth (10,50,90-percentile)=(166,202,587) and mean=325.4
Phone l_B accounts for 1.3% of frames, with lattice depth (10,50,90-percentile)=(15,237,427) and mean=271.1
Phone ae_B accounts for 1.3% of frames, with lattice depth (10,50,90-percentile)=(55,478,1052) and mean=506.2
Phone eh_B accounts for 1.3% of frames, with lattice depth (10,50,90-percentile)=(18,220,868) and mean=311.4
Phone f_B accounts for 1.3% of frames, with lattice depth (10,50,90-percentile)=(116,412,1114) and mean=545.8
Phone ah_S accounts for 1.2% of frames, with lattice depth (10,50,90-percentile)=(42,42,285) and mean=123.8
Phone l_I accounts for 1.2% of frames, with lattice depth (10,50,90-percentile)=(176,473,2145) and mean=843.0
Phone s_E accounts for 1.2% of frames, with lattice depth (10,50,90-percentile)=(180,558,829) and mean=479.7
Phone k_I accounts for 1.1% of frames, with lattice depth (10,50,90-percentile)=(125,219,1061) and mean=380.0
Phone l_E accounts for 1.1% of frames, with lattice depth (10,50,90-percentile)=(119,394,589) and mean=384.7
Phone ih_B accounts for 1.1% of frames, with lattice depth (10,50,90-percentile)=(296,505,3397) and mean=1332.6
Phone r_E accounts for 1.0% of frames, with lattice depth (10,50,90-percentile)=(129,191,313) and mean=229.3
Phone ih_E accounts for 1.0% of frames, with lattice depth (10,50,90-percentile)=(274,579,678) and mean=686.7
Phone r_B accounts for 1.0% of frames, with lattice depth (10,50,90-percentile)=(207,450,735) and mean=477.2
Phone d_B accounts for 1.0% of frames, with lattice depth (10,50,90-percentile)=(175,234,572) and mean=360.6
Phone s_I accounts for 0.9% of frames, with lattice depth (10,50,90-percentile)=(99,413,786) and mean=451.1
Phone er_E accounts for 0.9% of frames, with lattice depth (10,50,90-percentile)=(255,553,1133) and mean=649.0
Phone n_B accounts for 0.9% of frames, with lattice depth (10,50,90-percentile)=(199,1257,1707) and mean=1072.5
Phone d_I accounts for 0.9% of frames, with lattice depth (10,50,90-percentile)=(546,1287,1441) and mean=1186.5
Phone ow_E accounts for 0.9% of frames, with lattice depth (10,50,90-percentile)=(275,466,1326) and mean=682.0
Phone er_I accounts for 0.9% of frames, with lattice depth (10,50,90-percentile)=(20,110,339) and mean=203.6
Phone ae_E accounts for 0.8% of frames, with lattice depth (10,50,90-percentile)=(18,614,4645) and mean=1647.8
Phone n_E accounts for 0.8% of frames, with lattice depth (10,50,90-percentile)=(25,315,3027) and mean=1271.5
Phone aw_E accounts for 0.8% of frames, with lattice depth (10,50,90-percentile)=(124,307,323) and mean=271.7
Phone ao_B accounts for 0.7% of frames, with lattice depth (10,50,90-percentile)=(104,314,355) and mean=277.2
Phone s_B accounts for 0.7% of frames, with lattice depth (10,50,90-percentile)=(169,404,965) and mean=547.0
Phone uw_I accounts for 0.7% of frames, with lattice depth (10,50,90-percentile)=(152,293,5464) and mean=1864.4
Phone aa_I accounts for 0.6% of frames, with lattice depth (10,50,90-percentile)=(250,383,1698) and mean=760.0
Phone uw_E accounts for 0.6% of frames, with lattice depth (10,50,90-percentile)=(297,508,571) and mean=445.5
Phone ey_S accounts for 0.6% of frames, with lattice depth (10,50,90-percentile)=(229,391,391) and mean=342.7
Phone k_B accounts for 0.6% of frames, with lattice depth (10,50,90-percentile)=(316,528,1713) and mean=907.4
Phone z_I accounts for 0.6% of frames, with lattice depth (10,50,90-percentile)=(171,412,1679) and mean=715.9
Phone ah_B accounts for 0.6% of frames, with lattice depth (10,50,90-percentile)=(22,148,1837) and mean=689.0
Phone ey_I accounts for 0.6% of frames, with lattice depth (10,50,90-percentile)=(118,147,176) and mean=142.6
Phone v_E accounts for 0.6% of frames, with lattice depth (10,50,90-percentile)=(242,659,896) and mean=677.7
# Accounting: time=0 threads=1
# Ended (code 0) at Mon Jan 28 18:37:55 EST 2019, elapsed time 0 seconds
