# gmm-latgen-faster --max-active=7000 --beam=13.0 --lattice-beam=6.0 --acoustic-scale=0.083333 --allow-partial=true --word-symbol-table=/z/mkperez/PremanifestHD-classification/Data/Spont-Speech/set19/exp/mono_ali_clinician/graph/words.txt /z/mkperez/PremanifestHD-classification/Data/Spont-Speech/set19/exp/mono_ali_clinician/final.mdl /z/mkperez/PremanifestHD-classification/Data/Spont-Speech/set19/exp/mono_ali_clinician/graph/HCLG.fst "ark,s,cs:apply-cmvn  --utt2spk=ark:/z/mkperez/PremanifestHD-classification/Data/Spont-Speech/set19/val/split1/1/utt2spk scp:/z/mkperez/PremanifestHD-classification/Data/Spont-Speech/set19/val/split1/1/cmvn.scp scp:/z/mkperez/PremanifestHD-classification/Data/Spont-Speech/set19/val/split1/1/feats.scp ark:- | add-deltas  ark:- ark:- |" "ark:|gzip -c > /z/mkperez/PremanifestHD-classification/Data/Spont-Speech/set19/exp/mono_ali_clinician/decode/lat.1.gz" 
# Started at Mon Jan 28 18:46:03 EST 2019
#
gmm-latgen-faster --max-active=7000 --beam=13.0 --lattice-beam=6.0 --acoustic-scale=0.083333 --allow-partial=true --word-symbol-table=/z/mkperez/PremanifestHD-classification/Data/Spont-Speech/set19/exp/mono_ali_clinician/graph/words.txt /z/mkperez/PremanifestHD-classification/Data/Spont-Speech/set19/exp/mono_ali_clinician/final.mdl /z/mkperez/PremanifestHD-classification/Data/Spont-Speech/set19/exp/mono_ali_clinician/graph/HCLG.fst 'ark,s,cs:apply-cmvn  --utt2spk=ark:/z/mkperez/PremanifestHD-classification/Data/Spont-Speech/set19/val/split1/1/utt2spk scp:/z/mkperez/PremanifestHD-classification/Data/Spont-Speech/set19/val/split1/1/cmvn.scp scp:/z/mkperez/PremanifestHD-classification/Data/Spont-Speech/set19/val/split1/1/feats.scp ark:- | add-deltas  ark:- ark:- |' 'ark:|gzip -c > /z/mkperez/PremanifestHD-classification/Data/Spont-Speech/set19/exp/mono_ali_clinician/decode/lat.1.gz' 
add-deltas ark:- ark:- 
apply-cmvn --utt2spk=ark:/z/mkperez/PremanifestHD-classification/Data/Spont-Speech/set19/val/split1/1/utt2spk scp:/z/mkperez/PremanifestHD-classification/Data/Spont-Speech/set19/val/split1/1/cmvn.scp scp:/z/mkperez/PremanifestHD-classification/Data/Spont-Speech/set19/val/split1/1/feats.scp ark:- 
PARTICIPANT71834-001 ACCORDION WEEKEND THAT THE WHERE WAS WE IT'S THEY KNOW FRIENDS LATER SO THAT AND WE DEFINITELY PURPOSES BECAUSE I ALWAYS 
LOG (gmm-latgen-faster[5.0.23~1-f7b2f]:RebuildRepository():determinize-lattice-pruned.cc:283) Rebuilding repository.
LOG (gmm-latgen-faster[5.0.23~1-f7b2f]:RebuildRepository():determinize-lattice-pruned.cc:283) Rebuilding repository.
LOG (gmm-latgen-faster[5.0.23~1-f7b2f]:RebuildRepository():determinize-lattice-pruned.cc:283) Rebuilding repository.
WARNING (gmm-latgen-faster[5.0.23~1-f7b2f]:CheckMemoryUsage():determinize-lattice-pruned.cc:316) Did not reach requested beam in determinize-lattice: size exceeds maximum 50000000 bytes; (repo,arcs,elems) = (37282464,380224,12519096), after rebuilding, repo size was 28295328, effective beam was 4.00363 vs. requested beam 6
WARNING (gmm-latgen-faster[5.0.23~1-f7b2f]:DecodeUtteranceLatticeFaster():decoder-wrappers.cc:273) Determinization finished earlier than the beam for utterance PARTICIPANT71834-001
LOG (gmm-latgen-faster[5.0.23~1-f7b2f]:DecodeUtteranceLatticeFaster():decoder-wrappers.cc:285) Log-like per frame for utterance PARTICIPANT71834-001 is -7.78551 over 1878 frames.
LOG (apply-cmvn[5.0.23~1-f7b2f]:main():apply-cmvn.cc:146) Applied cepstral mean normalization to 11 utterances, errors on 0
PARTICIPANT71834-003 AND WEEKEND ANYWAY BACK WEEKEND TO TO SO SO OF WERE SO AWAY THINK WHATEVER 
LOG (gmm-latgen-faster[5.0.23~1-f7b2f]:RebuildRepository():determinize-lattice-pruned.cc:283) Rebuilding repository.
LOG (gmm-latgen-faster[5.0.23~1-f7b2f]:DecodeUtteranceLatticeFaster():decoder-wrappers.cc:285) Log-like per frame for utterance PARTICIPANT71834-003 is -8.16448 over 778 frames.
PARTICIPANT71834-004 WEEKEND TO OKAY GOING INTRODUCTIONS WE'RE IT'S THAT REASON IDEA FOR LITTLE WHAT SIGNIFICANT CAUSE THE IS GETTING BEING FORTY CITY RECORDING THAT 
LOG (gmm-latgen-faster[5.0.23~1-f7b2f]:RebuildRepository():determinize-lattice-pruned.cc:283) Rebuilding repository.
LOG (gmm-latgen-faster[5.0.23~1-f7b2f]:RebuildRepository():determinize-lattice-pruned.cc:283) Rebuilding repository.
LOG (gmm-latgen-faster[5.0.23~1-f7b2f]:RebuildRepository():determinize-lattice-pruned.cc:283) Rebuilding repository.
WARNING (gmm-latgen-faster[5.0.23~1-f7b2f]:CheckMemoryUsage():determinize-lattice-pruned.cc:316) Did not reach requested beam in determinize-lattice: size exceeds maximum 50000000 bytes; (repo,arcs,elems) = (36303904,396256,13369680), after rebuilding, repo size was 28691840, effective beam was 4.34531 vs. requested beam 6
WARNING (gmm-latgen-faster[5.0.23~1-f7b2f]:DecodeUtteranceLatticeFaster():decoder-wrappers.cc:273) Determinization finished earlier than the beam for utterance PARTICIPANT71834-004
LOG (gmm-latgen-faster[5.0.23~1-f7b2f]:DecodeUtteranceLatticeFaster():decoder-wrappers.cc:285) Log-like per frame for utterance PARTICIPANT71834-004 is -8.05748 over 1628 frames.
PARTICIPANT71834-006 THAT WEEKEND 
LOG (gmm-latgen-faster[5.0.23~1-f7b2f]:DecodeUtteranceLatticeFaster():decoder-wrappers.cc:285) Log-like per frame for utterance PARTICIPANT71834-006 is -8.40164 over 68 frames.
PARTICIPANT71834-008 SOMEONE FOR 
LOG (gmm-latgen-faster[5.0.23~1-f7b2f]:DecodeUtteranceLatticeFaster():decoder-wrappers.cc:285) Log-like per frame for utterance PARTICIPANT71834-008 is -7.93601 over 148 frames.
PARTICIPANT71834-010 ON THAT'S 
LOG (gmm-latgen-faster[5.0.23~1-f7b2f]:DecodeUtteranceLatticeFaster():decoder-wrappers.cc:285) Log-like per frame for utterance PARTICIPANT71834-010 is -7.79583 over 98 frames.
PARTICIPANT71834-012 WITHOUT SIGNIFICANT QUESTIONS WAS STUFF 
LOG (gmm-latgen-faster[5.0.23~1-f7b2f]:RebuildRepository():determinize-lattice-pruned.cc:283) Rebuilding repository.
LOG (gmm-latgen-faster[5.0.23~1-f7b2f]:RebuildRepository():determinize-lattice-pruned.cc:283) Rebuilding repository.
LOG (gmm-latgen-faster[5.0.23~1-f7b2f]:RebuildRepository():determinize-lattice-pruned.cc:283) Rebuilding repository.
WARNING (gmm-latgen-faster[5.0.23~1-f7b2f]:CheckMemoryUsage():determinize-lattice-pruned.cc:316) Did not reach requested beam in determinize-lattice: size exceeds maximum 50000000 bytes; (repo,arcs,elems) = (34580224,446656,15011784), after rebuilding, repo size was 25397568, effective beam was 5.84574 vs. requested beam 6
WARNING (gmm-latgen-faster[5.0.23~1-f7b2f]:DecodeUtteranceLatticeFaster():decoder-wrappers.cc:273) Determinization finished earlier than the beam for utterance PARTICIPANT71834-012
LOG (gmm-latgen-faster[5.0.23~1-f7b2f]:DecodeUtteranceLatticeFaster():decoder-wrappers.cc:285) Log-like per frame for utterance PARTICIPANT71834-012 is -8.46794 over 398 frames.
PARTICIPANT71834-014 ARE CAUSE 
LOG (gmm-latgen-faster[5.0.23~1-f7b2f]:DecodeUtteranceLatticeFaster():decoder-wrappers.cc:285) Log-like per frame for utterance PARTICIPANT71834-014 is -8.19751 over 88 frames.
PARTICIPANT71834-016 AS 
LOG (gmm-latgen-faster[5.0.23~1-f7b2f]:DecodeUtteranceLatticeFaster():decoder-wrappers.cc:285) Log-like per frame for utterance PARTICIPANT71834-016 is -8.17733 over 108 frames.
PARTICIPANT71834-018 THAT 
LOG (gmm-latgen-faster[5.0.23~1-f7b2f]:DecodeUtteranceLatticeFaster():decoder-wrappers.cc:285) Log-like per frame for utterance PARTICIPANT71834-018 is -8.90058 over 58 frames.
PARTICIPANT71834-020 ALSO SO 
LOG (gmm-latgen-faster[5.0.23~1-f7b2f]:DecodeUtteranceLatticeFaster():decoder-wrappers.cc:285) Log-like per frame for utterance PARTICIPANT71834-020 is -8.19307 over 118 frames.
LOG (gmm-latgen-faster[5.0.23~1-f7b2f]:main():gmm-latgen-faster.cc:176) Time taken 70.2723s: real-time factor assuming 100 frames/sec is 1.3091
LOG (gmm-latgen-faster[5.0.23~1-f7b2f]:main():gmm-latgen-faster.cc:179) Done 11 utterances, failed for 0
LOG (gmm-latgen-faster[5.0.23~1-f7b2f]:main():gmm-latgen-faster.cc:181) Overall log-likelihood per frame is -8.0213 over 5368 frames.
# Accounting: time=70 threads=1
# Ended (code 0) at Mon Jan 28 18:47:13 EST 2019, elapsed time 70 seconds
