# gunzip -c /z/mkperez/PremanifestHD-classification/Data/Spont-Speech/set13/exp/mono_ali_clinician/decode/depth_stats_tmp.*.gz | steps/diagnostic/analyze_lattice_depth_stats.py /z/mkperez/PremanifestHD-classification/Data/Spont-Speech/set13/exp/mono_ali_clinician/graph 
# Started at Mon Jan 28 18:31:48 EST 2019
#
The total amount of data analyzed assuming 100 frames per second is 0.1 hours
Overall, lattice depth (10,50,90-percentile)=(28,246,1266) and mean=491.3
Nonsilence phones as a group account for 72.1% of frames, with lattice depth (10,50,90-percentile)=(28,239,1217) and mean=467.7
Phone sil accounts for 27.9% of frames, with lattice depth (10,50,90-percentile)=(30,279,1381) and mean=552.2
Phone n_I accounts for 4.8% of frames, with lattice depth (10,50,90-percentile)=(28,252,1130) and mean=427.7
Phone l_I accounts for 4.6% of frames, with lattice depth (10,50,90-percentile)=(25,282,968) and mean=406.5
Phone ah_I accounts for 4.2% of frames, with lattice depth (10,50,90-percentile)=(22,353,1252) and mean=516.2
Phone t_I accounts for 3.5% of frames, with lattice depth (10,50,90-percentile)=(48,223,1135) and mean=462.6
Phone eh_I accounts for 3.1% of frames, with lattice depth (10,50,90-percentile)=(27,197,1243) and mean=498.1
Phone t_E accounts for 2.6% of frames, with lattice depth (10,50,90-percentile)=(66,555,1104) and mean=552.8
Phone iy_E accounts for 2.3% of frames, with lattice depth (10,50,90-percentile)=(31,272,1317) and mean=588.8
Phone r_I accounts for 2.1% of frames, with lattice depth (10,50,90-percentile)=(48,198,858) and mean=338.0
Phone d_E accounts for 1.9% of frames, with lattice depth (10,50,90-percentile)=(35,381,1225) and mean=510.5
Phone l_E accounts for 1.9% of frames, with lattice depth (10,50,90-percentile)=(37,254,1864) and mean=543.1
Phone iy_I accounts for 1.8% of frames, with lattice depth (10,50,90-percentile)=(15,216,1369) and mean=366.6
Phone ih_I accounts for 1.6% of frames, with lattice depth (10,50,90-percentile)=(61,337,2071) and mean=635.0
Phone z_E accounts for 1.5% of frames, with lattice depth (10,50,90-percentile)=(43,184,1163) and mean=386.8
Phone ow_E accounts for 1.5% of frames, with lattice depth (10,50,90-percentile)=(18,187,612) and mean=337.7
Phone ay_I accounts for 1.4% of frames, with lattice depth (10,50,90-percentile)=(63,233,1738) and mean=591.6
Phone s_I accounts for 1.4% of frames, with lattice depth (10,50,90-percentile)=(22,138,948) and mean=298.6
Phone t_B accounts for 1.3% of frames, with lattice depth (10,50,90-percentile)=(77,688,1564) and mean=796.4
Phone w_B accounts for 1.3% of frames, with lattice depth (10,50,90-percentile)=(73,287,1398) and mean=622.3
Phone l_B accounts for 1.3% of frames, with lattice depth (10,50,90-percentile)=(23,388,969) and mean=485.3
Phone s_E accounts for 1.3% of frames, with lattice depth (10,50,90-percentile)=(47,152,857) and mean=359.8
Phone n_E accounts for 1.2% of frames, with lattice depth (10,50,90-percentile)=(37,727,1822) and mean=824.0
Phone d_B accounts for 1.2% of frames, with lattice depth (10,50,90-percentile)=(36,199,561) and mean=285.9
Phone k_I accounts for 1.1% of frames, with lattice depth (10,50,90-percentile)=(8,128,1356) and mean=392.0
Phone ae_B accounts for 1.1% of frames, with lattice depth (10,50,90-percentile)=(32,251,1536) and mean=542.1
Phone ae_I accounts for 1.1% of frames, with lattice depth (10,50,90-percentile)=(10,193,749) and mean=343.1
Phone y_B accounts for 1.1% of frames, with lattice depth (10,50,90-percentile)=(12,48,1117) and mean=298.2
Phone dh_B accounts for 1.1% of frames, with lattice depth (10,50,90-percentile)=(190,641,1375) and mean=687.9
Phone ah_B accounts for 1.0% of frames, with lattice depth (10,50,90-percentile)=(161,539,1617) and mean=763.9
Phone s_B accounts for 1.0% of frames, with lattice depth (10,50,90-percentile)=(20,191,612) and mean=338.4
Phone ih_B accounts for 0.9% of frames, with lattice depth (10,50,90-percentile)=(18,153,897) and mean=326.5
Phone z_I accounts for 0.9% of frames, with lattice depth (10,50,90-percentile)=(5,37,1506) and mean=346.5
Phone d_I accounts for 0.9% of frames, with lattice depth (10,50,90-percentile)=(18,482,841) and mean=544.6
Phone ao_I accounts for 0.8% of frames, with lattice depth (10,50,90-percentile)=(17,196,1215) and mean=334.3
Phone ow_B accounts for 0.7% of frames, with lattice depth (10,50,90-percentile)=(36,413,1158) and mean=479.4
Phone ow_I accounts for 0.7% of frames, with lattice depth (10,50,90-percentile)=(22,39,970) and mean=272.9
Phone eh_B accounts for 0.6% of frames, with lattice depth (10,50,90-percentile)=(8,223,856) and mean=327.1
Phone ah_E accounts for 0.6% of frames, with lattice depth (10,50,90-percentile)=(88,758,1920) and mean=837.5
Phone b_B accounts for 0.6% of frames, with lattice depth (10,50,90-percentile)=(60,164,1149) and mean=484.6
Phone ey_E accounts for 0.5% of frames, with lattice depth (10,50,90-percentile)=(22,148,1159) and mean=373.8
Phone r_B accounts for 0.5% of frames, with lattice depth (10,50,90-percentile)=(100,486,1457) and mean=840.1
# Accounting: time=0 threads=1
# Ended (code 0) at Mon Jan 28 18:31:48 EST 2019, elapsed time 0 seconds
