# gmm-align-compiled --transition-scale=1.0 --acoustic-scale=0.1 --self-loop-scale=0.1 --beam=10 --retry-beam=40 --careful=false "gmm-boost-silence --boost=1.0 1 /z/mkperez/PremanifestHD-classification/Data/Spont-Speech/set2/exp/mono_clinician/2.mdl - |" "ark:gunzip -c /z/mkperez/PremanifestHD-classification/Data/Spont-Speech/set2/exp/mono_clinician/fsts.3.gz|" "ark,s,cs:apply-cmvn  --utt2spk=ark:/z/mkperez/PremanifestHD-classification/Data/Spont-Speech/set2/train/split12/3/utt2spk scp:/z/mkperez/PremanifestHD-classification/Data/Spont-Speech/set2/train/split12/3/cmvn.scp scp:/z/mkperez/PremanifestHD-classification/Data/Spont-Speech/set2/train/split12/3/feats.scp ark:- | add-deltas ark:- ark:- |" "ark,t:|gzip -c >/z/mkperez/PremanifestHD-classification/Data/Spont-Speech/set2/exp/mono_clinician/ali.3.gz" 
# Started at Mon Jan 28 18:47:31 EST 2019
#
gmm-align-compiled --transition-scale=1.0 --acoustic-scale=0.1 --self-loop-scale=0.1 --beam=10 --retry-beam=40 --careful=false 'gmm-boost-silence --boost=1.0 1 /z/mkperez/PremanifestHD-classification/Data/Spont-Speech/set2/exp/mono_clinician/2.mdl - |' 'ark:gunzip -c /z/mkperez/PremanifestHD-classification/Data/Spont-Speech/set2/exp/mono_clinician/fsts.3.gz|' 'ark,s,cs:apply-cmvn  --utt2spk=ark:/z/mkperez/PremanifestHD-classification/Data/Spont-Speech/set2/train/split12/3/utt2spk scp:/z/mkperez/PremanifestHD-classification/Data/Spont-Speech/set2/train/split12/3/cmvn.scp scp:/z/mkperez/PremanifestHD-classification/Data/Spont-Speech/set2/train/split12/3/feats.scp ark:- | add-deltas ark:- ark:- |' 'ark,t:|gzip -c >/z/mkperez/PremanifestHD-classification/Data/Spont-Speech/set2/exp/mono_clinician/ali.3.gz' 
gmm-boost-silence --boost=1.0 1 /z/mkperez/PremanifestHD-classification/Data/Spont-Speech/set2/exp/mono_clinician/2.mdl - 
WARNING (gmm-boost-silence[5.0.23~1-f7b2f]:main():gmm-boost-silence.cc:82) The pdfs for the silence phones may be shared by other phones (note: this probably does not matter.)
LOG (gmm-boost-silence[5.0.23~1-f7b2f]:main():gmm-boost-silence.cc:93) Boosted weights for 5 pdfs, by factor of 1
LOG (gmm-boost-silence[5.0.23~1-f7b2f]:main():gmm-boost-silence.cc:103) Wrote model to -
apply-cmvn --utt2spk=ark:/z/mkperez/PremanifestHD-classification/Data/Spont-Speech/set2/train/split12/3/utt2spk scp:/z/mkperez/PremanifestHD-classification/Data/Spont-Speech/set2/train/split12/3/cmvn.scp scp:/z/mkperez/PremanifestHD-classification/Data/Spont-Speech/set2/train/split12/3/feats.scp ark:- 
add-deltas ark:- ark:- 
WARNING (gmm-align-compiled[5.0.23~1-f7b2f]:AlignUtteranceWrapper():decoder-wrappers.cc:466) Retrying utterance PARTICIPANT01634-003 with beam 40
WARNING (gmm-align-compiled[5.0.23~1-f7b2f]:AlignUtteranceWrapper():decoder-wrappers.cc:466) Retrying utterance PARTICIPANT01634-019 with beam 40
WARNING (gmm-align-compiled[5.0.23~1-f7b2f]:AlignUtteranceWrapper():decoder-wrappers.cc:466) Retrying utterance PARTICIPANT01634-023 with beam 40
WARNING (gmm-align-compiled[5.0.23~1-f7b2f]:AlignUtteranceWrapper():decoder-wrappers.cc:466) Retrying utterance PARTICIPANT01634-039 with beam 40
WARNING (gmm-align-compiled[5.0.23~1-f7b2f]:AlignUtteranceWrapper():decoder-wrappers.cc:466) Retrying utterance PARTICIPANT01634-055 with beam 40
LOG (apply-cmvn[5.0.23~1-f7b2f]:main():apply-cmvn.cc:146) Applied cepstral mean normalization to 35 utterances, errors on 0
WARNING (gmm-align-compiled[5.0.23~1-f7b2f]:AlignUtteranceWrapper():decoder-wrappers.cc:466) Retrying utterance PARTICIPANT01634-057 with beam 40
WARNING (gmm-align-compiled[5.0.23~1-f7b2f]:AlignUtteranceWrapper():decoder-wrappers.cc:466) Retrying utterance PARTICIPANT01634-069 with beam 40
LOG (gmm-align-compiled[5.0.23~1-f7b2f]:main():gmm-align-compiled.cc:129) Overall log-likelihood per frame is -93.88 over 20796 frames.
LOG (gmm-align-compiled[5.0.23~1-f7b2f]:main():gmm-align-compiled.cc:131) Retried 7 out of 35 utterances.
LOG (gmm-align-compiled[5.0.23~1-f7b2f]:main():gmm-align-compiled.cc:133) Done 35, errors on 0
# Accounting: time=5 threads=1
# Ended (code 0) at Mon Jan 28 18:47:36 EST 2019, elapsed time 5 seconds
