# lattice-scale --inv-acoustic-scale=11 "ark:gunzip -c /z/mkperez/PremanifestHD-classification/Data/Spont-Speech/set14/exp/mono_ali_clinician/decode/lat.*.gz|" ark:- | lattice-add-penalty --word-ins-penalty=0.0 ark:- ark:- | lattice-best-path --word-symbol-table=/z/mkperez/PremanifestHD-classification/Data/Spont-Speech/set14/exp/mono_ali_clinician/graph/words.txt ark:- ark,t:- | utils/int2sym.pl -f 2- /z/mkperez/PremanifestHD-classification/Data/Spont-Speech/set14/exp/mono_ali_clinician/graph/words.txt | local/wer_hyp_filter > /z/mkperez/PremanifestHD-classification/Data/Spont-Speech/set14/exp/mono_ali_clinician/decode/scoring_kaldi/penalty_0.0/11.txt 
# Started at Mon Jan 28 18:33:15 EST 2019
#
lattice-best-path --word-symbol-table=/z/mkperez/PremanifestHD-classification/Data/Spont-Speech/set14/exp/mono_ali_clinician/graph/words.txt ark:- ark,t:- 
lattice-scale --inv-acoustic-scale=11 'ark:gunzip -c /z/mkperez/PremanifestHD-classification/Data/Spont-Speech/set14/exp/mono_ali_clinician/decode/lat.*.gz|' ark:- 
lattice-add-penalty --word-ins-penalty=0.0 ark:- ark:- 
LOG (lattice-best-path[5.0.23~1-f7b2f]:main():lattice-best-path.cc:99) For utterance PARTICIPANT91117-001, best cost 39.9962 + 1549.64 = 1589.64 over 178 frames.
PARTICIPANT91117-001 WHAT FRIENDS I FAMILY 
LOG (lattice-best-path[5.0.23~1-f7b2f]:main():lattice-best-path.cc:99) For utterance PARTICIPANT91117-003, best cost 56.3753 + 2051.32 = 2107.69 over 238 frames.
PARTICIPANT91117-003 I'VE REHEARSAL REHEARSAL HAVE OF 
LOG (lattice-best-path[5.0.23~1-f7b2f]:main():lattice-best-path.cc:99) For utterance PARTICIPANT91117-005, best cost 22.9029 + 879.493 = 902.396 over 101 frames.
PARTICIPANT91117-005 FUN HERE 
LOG (lattice-best-path[5.0.23~1-f7b2f]:main():lattice-best-path.cc:99) For utterance PARTICIPANT91117-007, best cost 10.2361 + 266.159 = 276.395 over 32 frames.
PARTICIPANT91117-007 YEAH 
LOG (lattice-best-path[5.0.23~1-f7b2f]:main():lattice-best-path.cc:99) For utterance PARTICIPANT91117-009, best cost 18.1883 + 739.142 = 757.331 over 89 frames.
PARTICIPANT91117-009 WARY 
LOG (lattice-best-path[5.0.23~1-f7b2f]:main():lattice-best-path.cc:99) For utterance PARTICIPANT91117-011, best cost 4.53027 + 173.444 = 177.974 over 18 frames.
PARTICIPANT91117-011 
LOG (lattice-scale[5.0.23~1-f7b2f]:main():lattice-scale.cc:90) Done 7 lattices.
LOG (lattice-add-penalty[5.0.23~1-f7b2f]:main():lattice-add-penalty.cc:62) Done adding word insertion penalty to 7 lattices.
LOG (lattice-best-path[5.0.23~1-f7b2f]:main():lattice-best-path.cc:99) For utterance PARTICIPANT91117-013, best cost 34.6618 + 1550.05 = 1584.71 over 173 frames.
PARTICIPANT91117-013 GET LIKE CREDIT 
LOG (lattice-best-path[5.0.23~1-f7b2f]:main():lattice-best-path.cc:124) Overall cost per frame is 8.92175 = 0.225441 [graph] + 8.69631 [acoustic] over 829 frames.
LOG (lattice-best-path[5.0.23~1-f7b2f]:main():lattice-best-path.cc:128) Done 7 lattices, failed for 0
# Accounting: time=1 threads=1
# Ended (code 0) at Mon Jan 28 18:33:16 EST 2019, elapsed time 1 seconds
