# lattice-scale --inv-acoustic-scale=8 "ark:gunzip -c /z/mkperez/PremanifestHD-classification/Data/Spont-Speech/set13/exp/mono_ali_clinician/decode/lat.*.gz|" ark:- | lattice-add-penalty --word-ins-penalty=1.0 ark:- ark:- | lattice-best-path --word-symbol-table=/z/mkperez/PremanifestHD-classification/Data/Spont-Speech/set13/exp/mono_ali_clinician/graph/words.txt ark:- ark,t:- | utils/int2sym.pl -f 2- /z/mkperez/PremanifestHD-classification/Data/Spont-Speech/set13/exp/mono_ali_clinician/graph/words.txt | local/wer_hyp_filter > /z/mkperez/PremanifestHD-classification/Data/Spont-Speech/set13/exp/mono_ali_clinician/decode/scoring_kaldi/penalty_1.0/8.txt 
# Started at Mon Jan 28 18:31:58 EST 2019
#
lattice-add-penalty --word-ins-penalty=1.0 ark:- ark:- 
lattice-scale --inv-acoustic-scale=8 'ark:gunzip -c /z/mkperez/PremanifestHD-classification/Data/Spont-Speech/set13/exp/mono_ali_clinician/decode/lat.*.gz|' ark:- 
lattice-best-path --word-symbol-table=/z/mkperez/PremanifestHD-classification/Data/Spont-Speech/set13/exp/mono_ali_clinician/graph/words.txt ark:- ark,t:- 
LOG (lattice-best-path[5.0.23~1-f7b2f]:main():lattice-best-path.cc:99) For utterance PARTICIPANT01634-001, best cost 37.2094 + 1986.1 = 2023.31 over 168 frames.
PARTICIPANT01634-001 WEEKEND VISITED CAN 
LOG (lattice-best-path[5.0.23~1-f7b2f]:main():lattice-best-path.cc:99) For utterance PARTICIPANT01634-003, best cost 129.79 + 11017.1 = 11146.9 over 988 frames.
PARTICIPANT01634-003 DEPRESSED LADY AGAIN ELEMENTARY WEEKEND SO BE STRESSFUL THE REALLY 
LOG (lattice-best-path[5.0.23~1-f7b2f]:main():lattice-best-path.cc:99) For utterance PARTICIPANT01634-005, best cost 63.3793 + 3447.05 = 3510.42 over 308 frames.
PARTICIPANT01634-005 A THEM ALSO AND SCHOOL HOUSE 
LOG (lattice-best-path[5.0.23~1-f7b2f]:main():lattice-best-path.cc:99) For utterance PARTICIPANT01634-007, best cost 65.4054 + 3306.77 = 3372.18 over 288 frames.
PARTICIPANT01634-007 BOARD WOW IMMEDIATELY INVITED OH 
LOG (lattice-best-path[5.0.23~1-f7b2f]:main():lattice-best-path.cc:99) For utterance PARTICIPANT01634-009, best cost 14.2082 + 1066.22 = 1080.42 over 98 frames.
PARTICIPANT01634-009 AND 
LOG (lattice-best-path[5.0.23~1-f7b2f]:main():lattice-best-path.cc:99) For utterance PARTICIPANT01634-011, best cost 25.9521 + 1443.11 = 1469.06 over 118 frames.
PARTICIPANT01634-011 ONLY WITH 
LOG (lattice-best-path[5.0.23~1-f7b2f]:main():lattice-best-path.cc:99) For utterance PARTICIPANT01634-013, best cost 29.8081 + 1100.91 = 1130.72 over 88 frames.
PARTICIPANT01634-013 TO WILL GET 
LOG (lattice-best-path[5.0.23~1-f7b2f]:main():lattice-best-path.cc:99) For utterance PARTICIPANT01634-015, best cost 40.3942 + 1616.37 = 1656.76 over 138 frames.
PARTICIPANT01634-015 GUYS AND WELL THERE 
LOG (lattice-best-path[5.0.23~1-f7b2f]:main():lattice-best-path.cc:99) For utterance PARTICIPANT01634-017, best cost 9.81719 + 203.143 = 212.961 over 18 frames.
PARTICIPANT01634-017 YEAH 
LOG (lattice-best-path[5.0.23~1-f7b2f]:main():lattice-best-path.cc:99) For utterance PARTICIPANT01634-019, best cost 185.09 + 11939 = 12124.1 over 1048 frames.
PARTICIPANT01634-019 RIDICULOUSLY DOLLAR AND IS SO DIDN'T THAT WHEN WENT ANY CAN SO NIGHT ALWAYS WAS HERE OH 
LOG (lattice-best-path[5.0.23~1-f7b2f]:main():lattice-best-path.cc:99) For utterance PARTICIPANT01634-021, best cost 131.365 + 9483.47 = 9614.84 over 838 frames.
PARTICIPANT01634-021 SO I WE WAS FROM TERRIBLE THAT YEAH YOU IT ANTIDEPRESSANTS LANDLORDS 
LOG (lattice-best-path[5.0.23~1-f7b2f]:main():lattice-best-path.cc:99) For utterance PARTICIPANT01634-023, best cost 234.632 + 14908 = 15142.6 over 1325 frames.
PARTICIPANT01634-023 AND NO SO INTERESTING MOVIES WHAT FRIENDS WEEKEND ROAD A LOT SO DEPRESSANTS AWESOME FUN OUT ALCOHOL OH IT'S FOR START 
LOG (lattice-best-path[5.0.23~1-f7b2f]:main():lattice-best-path.cc:99) For utterance PARTICIPANT01634-025, best cost 155.182 + 11650.7 = 11805.9 over 1018 frames.
PARTICIPANT01634-025 OF WAS PEOPLE INSTRUMENTS TO DEFINITELY ALIGHT RIDICULOUS EXCELLENT INAUDIBLE OKAY 
LOG (lattice-best-path[5.0.23~1-f7b2f]:main():lattice-best-path.cc:99) For utterance PARTICIPANT01634-027, best cost 162.53 + 11077.8 = 11240.3 over 988 frames.
PARTICIPANT01634-027 ON AND TONIGHT OKAY YES THE REALLY DEPRESSANTS START TEST AND IS YEAH IMMEDIATELY 
LOG (lattice-best-path[5.0.23~1-f7b2f]:main():lattice-best-path.cc:99) For utterance PARTICIPANT01634-029, best cost 220.77 + 12400.5 = 12621.3 over 1078 frames.
PARTICIPANT01634-029 MONEY CANCELLED TEN KIND TO FROM WORLD OLD DOOR LITTLE NO INTERESTING TORNADO AND EXCELLENT FESTIVAL WAY DIRECTORS 
LOG (lattice-best-path[5.0.23~1-f7b2f]:main():lattice-best-path.cc:99) For utterance PARTICIPANT01634-031, best cost 199.741 + 14479.3 = 14679.1 over 1278 frames.
PARTICIPANT01634-031 EXCELLENT DAUGHTER DIAGNOSIS DON'T INTRODUCTIONS TO WHEN THAT MIND YEAH DEFINITELY YOU MOBILITY I TO BUT THE 
LOG (lattice-best-path[5.0.23~1-f7b2f]:main():lattice-best-path.cc:99) For utterance PARTICIPANT01634-033, best cost 139.833 + 10698.5 = 10838.3 over 948 frames.
PARTICIPANT01634-033 YEAH YOUR DISABILITY BUT COMMUNITY AND AND SUICIDE LANDLORD BE LET'S 
LOG (lattice-best-path[5.0.23~1-f7b2f]:main():lattice-best-path.cc:99) For utterance PARTICIPANT01634-035, best cost 61.5098 + 4877.06 = 4938.57 over 438 frames.
PARTICIPANT01634-035 BUT DIAGNOSIS LITTLE OKAY YES 
LOG (lattice-best-path[5.0.23~1-f7b2f]:main():lattice-best-path.cc:99) For utterance PARTICIPANT01634-037, best cost 128.38 + 8928.91 = 9057.29 over 808 frames.
PARTICIPANT01634-037 ABSOLUTELY LIKE REALLY DIDN'T MY REHEARSAL ME BE ON WAS OH 
LOG (lattice-best-path[5.0.23~1-f7b2f]:main():lattice-best-path.cc:99) For utterance PARTICIPANT01634-039, best cost 395.907 + 29289.5 = 29685.4 over 2496 frames.
PARTICIPANT01634-039 ABSOLUTELY ARE TO WEEKEND MET EXCELLENT AND NICE OLD AND ONLY WELL UNDERGRAD HOME DIAGNOSIS ONLY EXCITED WANT RIDICULOUS WE'RE ONLY ANY DOESN'T A ALMOST TONIGHT WEDDING WEEKEND EXACTLY YES SUCCESSFUL 
LOG (lattice-best-path[5.0.23~1-f7b2f]:main():lattice-best-path.cc:99) For utterance PARTICIPANT01634-041, best cost 108.778 + 8697.64 = 8806.42 over 748 frames.
PARTICIPANT01634-041 IT'S THAT TONIGHT AND BECAUSE I THE GLAD REASON YEAH 
LOG (lattice-best-path[5.0.23~1-f7b2f]:main():lattice-best-path.cc:99) For utterance PARTICIPANT01634-043, best cost 18.8276 + 1165.11 = 1183.94 over 98 frames.
PARTICIPANT01634-043 I'M THE 
LOG (lattice-best-path[5.0.23~1-f7b2f]:main():lattice-best-path.cc:99) For utterance PARTICIPANT01634-045, best cost 13.3614 + 628.053 = 641.414 over 58 frames.
PARTICIPANT01634-045 NO 
LOG (lattice-best-path[5.0.23~1-f7b2f]:main():lattice-best-path.cc:99) For utterance PARTICIPANT01634-047, best cost 18.9294 + 1013.1 = 1032.03 over 86 frames.
PARTICIPANT01634-047 INTERESTING 
LOG (lattice-best-path[5.0.23~1-f7b2f]:main():lattice-best-path.cc:99) For utterance PARTICIPANT01634-049, best cost 24.1598 + 920.733 = 944.893 over 81 frames.
PARTICIPANT01634-049 TO APPEAR 
LOG (lattice-best-path[5.0.23~1-f7b2f]:main():lattice-best-path.cc:99) For utterance PARTICIPANT01634-051, best cost 15.1097 + 907.762 = 922.872 over 78 frames.
PARTICIPANT01634-051 THAT'S 
LOG (lattice-best-path[5.0.23~1-f7b2f]:main():lattice-best-path.cc:99) For utterance PARTICIPANT01634-053, best cost 10.9722 + 515.928 = 526.9 over 48 frames.
PARTICIPANT01634-053 YEAH 
LOG (lattice-best-path[5.0.23~1-f7b2f]:main():lattice-best-path.cc:99) For utterance PARTICIPANT01634-055, best cost 329.36 + 20387.2 = 20716.6 over 1788 frames.
PARTICIPANT01634-055 EVERYONE IT LITTLE TRUE DELTA AND ONLY SO NORTH NICE YES EXACTLY TO ON ALL LOANS WHERE WANT ELSE LOT DIDN'T THIS EXACTLY ISN'T SO MILES IT'S FLORIDA MOBILITY 
LOG (lattice-best-path[5.0.23~1-f7b2f]:main():lattice-best-path.cc:99) For utterance PARTICIPANT01634-057, best cost 223.407 + 15616.3 = 15839.7 over 1398 frames.
PARTICIPANT01634-057 AND AND ON WEEKEND SO CLASSES AND IS AND TONIGHT COMMITTED WHAT OLD THEN JUST IT LADY DON'T ISN'T TRACK 
LOG (lattice-best-path[5.0.23~1-f7b2f]:main():lattice-best-path.cc:99) For utterance PARTICIPANT01634-059, best cost 11.5319 + 304.258 = 315.79 over 28 frames.
PARTICIPANT01634-059 IS 
LOG (lattice-best-path[5.0.23~1-f7b2f]:main():lattice-best-path.cc:99) For utterance PARTICIPANT01634-061, best cost 12.8555 + 730.03 = 742.886 over 68 frames.
PARTICIPANT01634-061 AND 
LOG (lattice-best-path[5.0.23~1-f7b2f]:main():lattice-best-path.cc:99) For utterance PARTICIPANT01634-063, best cost 11.7413 + 337.468 = 349.209 over 28 frames.
PARTICIPANT01634-063 YES 
LOG (lattice-best-path[5.0.23~1-f7b2f]:main():lattice-best-path.cc:99) For utterance PARTICIPANT01634-065, best cost 43.1745 + 2373.13 = 2416.3 over 198 frames.
PARTICIPANT01634-065 NO REQUIRES IMMEDIATELY 
LOG (lattice-best-path[5.0.23~1-f7b2f]:main():lattice-best-path.cc:99) For utterance PARTICIPANT01634-067, best cost 60.7797 + 3238.34 = 3299.12 over 288 frames.
PARTICIPANT01634-067 CAN AND TEN I WEEKEND OKAY 
LOG (lattice-scale[5.0.23~1-f7b2f]:main():lattice-scale.cc:90) Done 35 lattices.
LOG (lattice-add-penalty[5.0.23~1-f7b2f]:main():lattice-add-penalty.cc:62) Done adding word insertion penalty to 35 lattices.
LOG (lattice-best-path[5.0.23~1-f7b2f]:main():lattice-best-path.cc:99) For utterance PARTICIPANT01634-069, best cost 267.833 + 15460.2 = 15728 over 1328 frames.
PARTICIPANT01634-069 CREDIT TREATMENT I'M BASELINE WE VISIT CAN TIME AND FLORIDA REALLY REQUIRES YOU TO DIRECTORS HOUSE IS LITTLE TO COMPUTERS START AND DIRECTORS SO 
LOG (lattice-best-path[5.0.23~1-f7b2f]:main():lattice-best-path.cc:124) Overall cost per frame is 11.5799 = 0.173193 [graph] + 11.4068 [acoustic] over 20796 frames.
LOG (lattice-best-path[5.0.23~1-f7b2f]:main():lattice-best-path.cc:128) Done 35 lattices, failed for 0
# Accounting: time=5 threads=1
# Ended (code 0) at Mon Jan 28 18:32:03 EST 2019, elapsed time 5 seconds
