# lattice-scale --inv-acoustic-scale=7 "ark:gunzip -c /z/mkperez/PremanifestHD-classification/Data/Spont-Speech/set13/exp/mono_ali_clinician/decode/lat.*.gz|" ark:- | lattice-add-penalty --word-ins-penalty=1.0 ark:- ark:- | lattice-best-path --word-symbol-table=/z/mkperez/PremanifestHD-classification/Data/Spont-Speech/set13/exp/mono_ali_clinician/graph/words.txt ark:- ark,t:- | utils/int2sym.pl -f 2- /z/mkperez/PremanifestHD-classification/Data/Spont-Speech/set13/exp/mono_ali_clinician/graph/words.txt | local/wer_hyp_filter > /z/mkperez/PremanifestHD-classification/Data/Spont-Speech/set13/exp/mono_ali_clinician/decode/scoring_kaldi/penalty_1.0/7.txt 
# Started at Mon Jan 28 18:31:58 EST 2019
#
lattice-add-penalty --word-ins-penalty=1.0 ark:- ark:- 
lattice-scale --inv-acoustic-scale=7 'ark:gunzip -c /z/mkperez/PremanifestHD-classification/Data/Spont-Speech/set13/exp/mono_ali_clinician/decode/lat.*.gz|' ark:- 
lattice-best-path --word-symbol-table=/z/mkperez/PremanifestHD-classification/Data/Spont-Speech/set13/exp/mono_ali_clinician/graph/words.txt ark:- ark,t:- 
LOG (lattice-best-path[5.0.23~1-f7b2f]:main():lattice-best-path.cc:99) For utterance PARTICIPANT01634-001, best cost 37.2094 + 2269.83 = 2307.04 over 168 frames.
PARTICIPANT01634-001 WEEKEND VISITED CAN 
LOG (lattice-best-path[5.0.23~1-f7b2f]:main():lattice-best-path.cc:99) For utterance PARTICIPANT01634-003, best cost 135.405 + 12584.9 = 12720.3 over 988 frames.
PARTICIPANT01634-003 DEPRESSED WE HE AGAIN ELEMENTARY WEEKEND SO BE STRESSFUL NICE REALLY 
LOG (lattice-best-path[5.0.23~1-f7b2f]:main():lattice-best-path.cc:99) For utterance PARTICIPANT01634-005, best cost 63.3793 + 3939.48 = 4002.86 over 308 frames.
PARTICIPANT01634-005 A THEM ALSO AND SCHOOL HOUSE 
LOG (lattice-best-path[5.0.23~1-f7b2f]:main():lattice-best-path.cc:99) For utterance PARTICIPANT01634-007, best cost 75.111 + 3769.16 = 3844.27 over 288 frames.
PARTICIPANT01634-007 BOARD WHEN EMPTIED NIGHT INVITED OH 
LOG (lattice-best-path[5.0.23~1-f7b2f]:main():lattice-best-path.cc:99) For utterance PARTICIPANT01634-009, best cost 14.2082 + 1218.53 = 1232.74 over 98 frames.
PARTICIPANT01634-009 AND 
LOG (lattice-best-path[5.0.23~1-f7b2f]:main():lattice-best-path.cc:99) For utterance PARTICIPANT01634-011, best cost 25.9521 + 1649.27 = 1675.22 over 118 frames.
PARTICIPANT01634-011 ONLY WITH 
LOG (lattice-best-path[5.0.23~1-f7b2f]:main():lattice-best-path.cc:99) For utterance PARTICIPANT01634-013, best cost 29.8081 + 1258.18 = 1287.99 over 88 frames.
PARTICIPANT01634-013 TO WILL GET 
LOG (lattice-best-path[5.0.23~1-f7b2f]:main():lattice-best-path.cc:99) For utterance PARTICIPANT01634-015, best cost 40.3942 + 1847.28 = 1887.67 over 138 frames.
PARTICIPANT01634-015 GUYS AND WELL THERE 
LOG (lattice-best-path[5.0.23~1-f7b2f]:main():lattice-best-path.cc:99) For utterance PARTICIPANT01634-017, best cost 9.81719 + 232.164 = 241.981 over 18 frames.
PARTICIPANT01634-017 YEAH 
LOG (lattice-best-path[5.0.23~1-f7b2f]:main():lattice-best-path.cc:99) For utterance PARTICIPANT01634-019, best cost 189.696 + 13639.7 = 13829.4 over 1048 frames.
PARTICIPANT01634-019 RIDICULOUSLY DOLLAR AND IS SO DIDN'T THAT WHEN WENT ANY CAN SO NIGHT ALWAYS INCLUDE HERE OH 
LOG (lattice-best-path[5.0.23~1-f7b2f]:main():lattice-best-path.cc:99) For utterance PARTICIPANT01634-021, best cost 133.197 + 10836.3 = 10969.5 over 838 frames.
PARTICIPANT01634-021 SO I WE WAS FROM TERRIBLE THAT YEAH YOU IT ANTIDEPRESSANTS WELL THE 
LOG (lattice-best-path[5.0.23~1-f7b2f]:main():lattice-best-path.cc:99) For utterance PARTICIPANT01634-023, best cost 242.711 + 17029.2 = 17271.9 over 1325 frames.
PARTICIPANT01634-023 AND NO SO INTERESTING MOVIES WHAT FRIENDS HE WEEKEND ROAD A LOT SO DEPRESSANTS AWESOME FUN OUT ALCOHOL OH IT'S FOR START 
LOG (lattice-best-path[5.0.23~1-f7b2f]:main():lattice-best-path.cc:99) For utterance PARTICIPANT01634-025, best cost 185.226 + 13283.7 = 13468.9 over 1018 frames.
PARTICIPANT01634-025 OF WAS PEOPLE INSTRUMENTS TO TO DEFINITELY BUT LITTLE MY I'M SOMEONE AND TOLD INAUDIBLE OKAY 
LOG (lattice-best-path[5.0.23~1-f7b2f]:main():lattice-best-path.cc:99) For utterance PARTICIPANT01634-027, best cost 180.727 + 12642 = 12822.7 over 988 frames.
PARTICIPANT01634-027 ON AND TONIGHT OKAY YES THE REALLY DEPRESSANTS START TEST AND IS YOU ANY YEAH OVER BE 
LOG (lattice-best-path[5.0.23~1-f7b2f]:main():lattice-best-path.cc:99) For utterance PARTICIPANT01634-029, best cost 223.14 + 14169.5 = 14392.6 over 1078 frames.
PARTICIPANT01634-029 MONEY CANCELLED TEN KIND LITTLE FROM WORLD OLD DOOR LITTLE NO INTERESTING TORNADO AND EXCELLENT FESTIVAL WAY DIRECTORS 
LOG (lattice-best-path[5.0.23~1-f7b2f]:main():lattice-best-path.cc:99) For utterance PARTICIPANT01634-031, best cost 202.544 + 16544.8 = 16747.4 over 1278 frames.
PARTICIPANT01634-031 EXCELLENT DAUGHTER DIAGNOSIS DON'T INTRODUCTIONS TO WHEN AWAY MIND YEAH DEFINITELY YOU MOBILITY I TO BUT THE 
LOG (lattice-best-path[5.0.23~1-f7b2f]:main():lattice-best-path.cc:99) For utterance PARTICIPANT01634-033, best cost 173.766 + 12190.8 = 12364.6 over 948 frames.
PARTICIPANT01634-033 LAST YOUR TO SOME AND SEE BUT COMMUNITY AND AND OF SO DID LANDLORD BE LOT AND 
LOG (lattice-best-path[5.0.23~1-f7b2f]:main():lattice-best-path.cc:99) For utterance PARTICIPANT01634-035, best cost 61.5098 + 5573.78 = 5635.29 over 438 frames.
PARTICIPANT01634-035 BUT DIAGNOSIS LITTLE OKAY YES 
LOG (lattice-best-path[5.0.23~1-f7b2f]:main():lattice-best-path.cc:99) For utterance PARTICIPANT01634-037, best cost 149.697 + 10182.7 = 10332.4 over 808 frames.
PARTICIPANT01634-037 AND SO IT TO LIKE REALLY DIDN'T MY BE REHEARSAL ME BE ON WAS OH 
LOG (lattice-best-path[5.0.23~1-f7b2f]:main():lattice-best-path.cc:99) For utterance PARTICIPANT01634-039, best cost 446.086 + 33421 = 33867 over 2496 frames.
PARTICIPANT01634-039 COUPLE WE'LL ARE TO WE AND MET LIKE LONGER ANY AND NICE OLD AND ONLY WELL UNDERGRAD HOME DIAGNOSIS KIND WHOLE EXCITED WANT RIDICULOUS WE'RE ONLY ANY DOESN'T A ALMOST TONIGHT WELL HILLS I WEEKEND EXACTLY YES SUCCESSFUL 
LOG (lattice-best-path[5.0.23~1-f7b2f]:main():lattice-best-path.cc:99) For utterance PARTICIPANT01634-041, best cost 115.139 + 9933.03 = 10048.2 over 748 frames.
PARTICIPANT01634-041 IT'S THAT ALIGHT AND IT ON I THE GLAD REASON YEAH 
LOG (lattice-best-path[5.0.23~1-f7b2f]:main():lattice-best-path.cc:99) For utterance PARTICIPANT01634-043, best cost 18.8276 + 1331.56 = 1350.39 over 98 frames.
PARTICIPANT01634-043 I'M THE 
LOG (lattice-best-path[5.0.23~1-f7b2f]:main():lattice-best-path.cc:99) For utterance PARTICIPANT01634-045, best cost 13.3614 + 717.774 = 731.136 over 58 frames.
PARTICIPANT01634-045 NO 
LOG (lattice-best-path[5.0.23~1-f7b2f]:main():lattice-best-path.cc:99) For utterance PARTICIPANT01634-047, best cost 18.9294 + 1157.83 = 1176.76 over 86 frames.
PARTICIPANT01634-047 INTERESTING 
LOG (lattice-best-path[5.0.23~1-f7b2f]:main():lattice-best-path.cc:99) For utterance PARTICIPANT01634-049, best cost 24.1598 + 1052.27 = 1076.43 over 81 frames.
PARTICIPANT01634-049 TO APPEAR 
LOG (lattice-best-path[5.0.23~1-f7b2f]:main():lattice-best-path.cc:99) For utterance PARTICIPANT01634-051, best cost 20.9607 + 1031.41 = 1052.37 over 78 frames.
PARTICIPANT01634-051 THAT NO 
LOG (lattice-best-path[5.0.23~1-f7b2f]:main():lattice-best-path.cc:99) For utterance PARTICIPANT01634-053, best cost 10.9722 + 589.632 = 600.604 over 48 frames.
PARTICIPANT01634-053 YEAH 
LOG (lattice-best-path[5.0.23~1-f7b2f]:main():lattice-best-path.cc:99) For utterance PARTICIPANT01634-055, best cost 336.994 + 23291.2 = 23628.2 over 1788 frames.
PARTICIPANT01634-055 EVERYONE IT LITTLE TRUE DELTA AND ONLY SO NORTH NICE YES EXACTLY TO ON ALL LOANS WEST WANT ELSE LOT OF AND THIS EXACTLY ISN'T SO MILES IT'S FLORIDA MOBILITY 
LOG (lattice-best-path[5.0.23~1-f7b2f]:main():lattice-best-path.cc:99) For utterance PARTICIPANT01634-057, best cost 237.792 + 17831.9 = 18069.7 over 1398 frames.
PARTICIPANT01634-057 AND AND ON WEEKEND SO CLASSES AND IS AND FUN WENT GET COMMITTED WHAT OLD THEN JUST IT LADY DON'T ISN'T TRACK 
LOG (lattice-best-path[5.0.23~1-f7b2f]:main():lattice-best-path.cc:99) For utterance PARTICIPANT01634-059, best cost 11.5319 + 347.724 = 359.256 over 28 frames.
PARTICIPANT01634-059 IS 
LOG (lattice-best-path[5.0.23~1-f7b2f]:main():lattice-best-path.cc:99) For utterance PARTICIPANT01634-061, best cost 12.8555 + 834.32 = 847.176 over 68 frames.
PARTICIPANT01634-061 AND 
LOG (lattice-best-path[5.0.23~1-f7b2f]:main():lattice-best-path.cc:99) For utterance PARTICIPANT01634-063, best cost 11.7413 + 385.678 = 397.419 over 28 frames.
PARTICIPANT01634-063 YES 
LOG (lattice-best-path[5.0.23~1-f7b2f]:main():lattice-best-path.cc:99) For utterance PARTICIPANT01634-065, best cost 43.1745 + 2712.15 = 2755.32 over 198 frames.
PARTICIPANT01634-065 NO REQUIRES IMMEDIATELY 
LOG (lattice-best-path[5.0.23~1-f7b2f]:main():lattice-best-path.cc:99) For utterance PARTICIPANT01634-067, best cost 60.7797 + 3700.96 = 3761.74 over 288 frames.
PARTICIPANT01634-067 CAN AND TEN I WEEKEND OKAY 
LOG (lattice-scale[5.0.23~1-f7b2f]:main():lattice-scale.cc:90) Done 35 lattices.
LOG (lattice-add-penalty[5.0.23~1-f7b2f]:main():lattice-add-penalty.cc:62) Done adding word insertion penalty to 35 lattices.
LOG (lattice-best-path[5.0.23~1-f7b2f]:main():lattice-best-path.cc:99) For utterance PARTICIPANT01634-069, best cost 282.02 + 17653.8 = 17935.8 over 1328 frames.
PARTICIPANT01634-069 CREDIT TREATMENT I'M BASELINE WE VISIT CAN EXCITING BUT NORTH BETWEEN REQUIRES MOVIE TO DIRECTORS HOUSE IS LITTLE WHAT ASSESSMENTS GREAT AND DIRECTORS SO SO 
LOG (lattice-best-path[5.0.23~1-f7b2f]:main():lattice-best-path.cc:124) Overall cost per frame is 13.2089 = 0.184594 [graph] + 13.0243 [acoustic] over 20796 frames.
LOG (lattice-best-path[5.0.23~1-f7b2f]:main():lattice-best-path.cc:128) Done 35 lattices, failed for 0
# Accounting: time=5 threads=1
# Ended (code 0) at Mon Jan 28 18:32:03 EST 2019, elapsed time 5 seconds
