# lattice-scale --inv-acoustic-scale=13 "ark:gunzip -c /z/mkperez/PremanifestHD-classification/Data/Spont-Speech/set13/exp/mono_ali_clinician/decode/lat.*.gz|" ark:- | lattice-add-penalty --word-ins-penalty=1.0 ark:- ark:- | lattice-best-path --word-symbol-table=/z/mkperez/PremanifestHD-classification/Data/Spont-Speech/set13/exp/mono_ali_clinician/graph/words.txt ark:- ark,t:- | utils/int2sym.pl -f 2- /z/mkperez/PremanifestHD-classification/Data/Spont-Speech/set13/exp/mono_ali_clinician/graph/words.txt | local/wer_hyp_filter > /z/mkperez/PremanifestHD-classification/Data/Spont-Speech/set13/exp/mono_ali_clinician/decode/scoring_kaldi/penalty_1.0/13.txt 
# Started at Mon Jan 28 18:31:58 EST 2019
#
lattice-add-penalty --word-ins-penalty=1.0 ark:- ark:- 
lattice-best-path --word-symbol-table=/z/mkperez/PremanifestHD-classification/Data/Spont-Speech/set13/exp/mono_ali_clinician/graph/words.txt ark:- ark,t:- 
lattice-scale --inv-acoustic-scale=13 'ark:gunzip -c /z/mkperez/PremanifestHD-classification/Data/Spont-Speech/set13/exp/mono_ali_clinician/decode/lat.*.gz|' ark:- 
LOG (lattice-best-path[5.0.23~1-f7b2f]:main():lattice-best-path.cc:99) For utterance PARTICIPANT01634-001, best cost 23.9791 + 1233.79 = 1257.77 over 168 frames.
PARTICIPANT01634-001 AND BUT 
LOG (lattice-best-path[5.0.23~1-f7b2f]:main():lattice-best-path.cc:99) For utterance PARTICIPANT01634-003, best cost 112.602 + 6792.73 = 6905.33 over 988 frames.
PARTICIPANT01634-003 DEPRESSED IT AGAIN WAS SARASOTA STARTLE THE REALLY 
LOG (lattice-best-path[5.0.23~1-f7b2f]:main():lattice-best-path.cc:99) For utterance PARTICIPANT01634-005, best cost 59.3708 + 2124.5 = 2183.87 over 308 frames.
PARTICIPANT01634-005 AGAIN ALSO AND SCHOOL HOUSE 
LOG (lattice-best-path[5.0.23~1-f7b2f]:main():lattice-best-path.cc:99) For utterance PARTICIPANT01634-007, best cost 41.3177 + 2052.39 = 2093.71 over 288 frames.
PARTICIPANT01634-007 GORDON ANTIDEPRESSANTS 
LOG (lattice-best-path[5.0.23~1-f7b2f]:main():lattice-best-path.cc:99) For utterance PARTICIPANT01634-009, best cost 14.2082 + 656.133 = 670.341 over 98 frames.
PARTICIPANT01634-009 AND 
LOG (lattice-best-path[5.0.23~1-f7b2f]:main():lattice-best-path.cc:99) For utterance PARTICIPANT01634-011, best cost 17.4426 + 893.503 = 910.945 over 118 frames.
PARTICIPANT01634-011 ONLY 
LOG (lattice-best-path[5.0.23~1-f7b2f]:main():lattice-best-path.cc:99) For utterance PARTICIPANT01634-013, best cost 16.3331 + 687.354 = 703.687 over 88 frames.
PARTICIPANT01634-013 DELTA 
LOG (lattice-best-path[5.0.23~1-f7b2f]:main():lattice-best-path.cc:99) For utterance PARTICIPANT01634-015, best cost 27.2281 + 1004.21 = 1031.44 over 138 frames.
PARTICIPANT01634-015 GUYS LET'S 
LOG (lattice-best-path[5.0.23~1-f7b2f]:main():lattice-best-path.cc:99) For utterance PARTICIPANT01634-017, best cost 9.81719 + 125.011 = 134.829 over 18 frames.
PARTICIPANT01634-017 YEAH 
LOG (lattice-best-path[5.0.23~1-f7b2f]:main():lattice-best-path.cc:99) For utterance PARTICIPANT01634-019, best cost 148.932 + 7375.25 = 7524.18 over 1048 frames.
PARTICIPANT01634-019 RIDICULOUS ENDS SO IMMEDIATELY WENT ANY CAN SO THAT WAS HERE OH 
LOG (lattice-best-path[5.0.23~1-f7b2f]:main():lattice-best-path.cc:99) For utterance PARTICIPANT01634-021, best cost 110.999 + 5851.66 = 5962.66 over 838 frames.
PARTICIPANT01634-021 SO REMEMBER TERRIBLE THAT YEAH YOU IT ANTIDEPRESSANTS LANDLORDS 
LOG (lattice-best-path[5.0.23~1-f7b2f]:main():lattice-best-path.cc:99) For utterance PARTICIPANT01634-023, best cost 162.047 + 9234.51 = 9396.55 over 1325 frames.
PARTICIPANT01634-023 NO SO INTRODUCTIONS WEEKENDS WEEKEND LOT INTRODUCTIONS ASSESSMENTS ALCOHOL LITTLE FOR START 
LOG (lattice-best-path[5.0.23~1-f7b2f]:main():lattice-best-path.cc:99) For utterance PARTICIPANT01634-025, best cost 135.153 + 7186.74 = 7321.89 over 1018 frames.
PARTICIPANT01634-025 SOME EXCELLENT TO DEFINITELY LIKE RIDICULOUS EXCELLENT INAUDIBLE OKAY 
LOG (lattice-best-path[5.0.23~1-f7b2f]:main():lattice-best-path.cc:99) For utterance PARTICIPANT01634-027, best cost 140.477 + 6835.6 = 6976.07 over 988 frames.
PARTICIPANT01634-027 ON WEEKEND TAKE YES REALLY DEPRESSANTS SO TEST IS AND IMMEDIATELY 
LOG (lattice-best-path[5.0.23~1-f7b2f]:main():lattice-best-path.cc:99) For utterance PARTICIPANT01634-029, best cost 154.791 + 7688.63 = 7843.42 over 1078 frames.
PARTICIPANT01634-029 AND CANCELLED TONIGHT ACCESSIBLE RECORDING REHEARSAL NOT ANTIDEPRESSANTS DISABILITY DIRECTORS 
LOG (lattice-best-path[5.0.23~1-f7b2f]:main():lattice-best-path.cc:99) For utterance PARTICIPANT01634-031, best cost 163.738 + 8938.43 = 9102.17 over 1278 frames.
PARTICIPANT01634-031 EXCELLENT DAUGHTER DIAGNOSIS INTRODUCTIONS WHEN THAT YEAH DEFINITELY YOU MOBILITY THAT THE 
LOG (lattice-best-path[5.0.23~1-f7b2f]:main():lattice-best-path.cc:99) For utterance PARTICIPANT01634-033, best cost 126.546 + 6595.86 = 6722.41 over 948 frames.
PARTICIPANT01634-033 YEAH YOUR DISABILITY DISABILITY DIDN'T SUICIDE LANDLORD BE LIKE 
LOG (lattice-best-path[5.0.23~1-f7b2f]:main():lattice-best-path.cc:99) For utterance PARTICIPANT01634-035, best cost 54.407 + 3008.12 = 3062.53 over 438 frames.
PARTICIPANT01634-035 BUT RIDICULOUSLY OKAY YES 
LOG (lattice-best-path[5.0.23~1-f7b2f]:main():lattice-best-path.cc:99) For utterance PARTICIPANT01634-037, best cost 113.32 + 5507.37 = 5620.69 over 808 frames.
PARTICIPANT01634-037 ABSOLUTELY LIKE REALLY BETWEEN REHEARSAL MAYBE ON CURRENTLY 
LOG (lattice-best-path[5.0.23~1-f7b2f]:main():lattice-best-path.cc:99) For utterance PARTICIPANT01634-039, best cost 306.163 + 18100.1 = 18406.3 over 2496 frames.
PARTICIPANT01634-039 ABSOLUTELY ARE WEEKEND THAT EXCELLENT ABSOLUTELY WELL ANTIDEPRESSANTS DELTA ONLY SOMEONE RIDICULOUSLY ABSOLUTELY TUESDAY ALMOST LIKE WEDDING WEEKEND EXACTLY SUCCESSFUL 
LOG (lattice-best-path[5.0.23~1-f7b2f]:main():lattice-best-path.cc:99) For utterance PARTICIPANT01634-041, best cost 69.5142 + 5382.23 = 5451.75 over 748 frames.
PARTICIPANT01634-041 IT'S EXACTLY BECAUSE THE DELTA 
LOG (lattice-best-path[5.0.23~1-f7b2f]:main():lattice-best-path.cc:99) For utterance PARTICIPANT01634-043, best cost 17.7929 + 717.903 = 735.696 over 98 frames.
PARTICIPANT01634-043 I THE 
LOG (lattice-best-path[5.0.23~1-f7b2f]:main():lattice-best-path.cc:99) For utterance PARTICIPANT01634-045, best cost 11.2751 + 387.971 = 399.246 over 58 frames.
PARTICIPANT01634-045 AND 
LOG (lattice-best-path[5.0.23~1-f7b2f]:main():lattice-best-path.cc:99) For utterance PARTICIPANT01634-047, best cost 18.9294 + 623.445 = 642.375 over 86 frames.
PARTICIPANT01634-047 INTERESTING 
LOG (lattice-best-path[5.0.23~1-f7b2f]:main():lattice-best-path.cc:99) For utterance PARTICIPANT01634-049, best cost 12.8975 + 577.219 = 590.116 over 81 frames.
PARTICIPANT01634-049 TO 
LOG (lattice-best-path[5.0.23~1-f7b2f]:main():lattice-best-path.cc:99) For utterance PARTICIPANT01634-051, best cost 14.2123 + 559.191 = 573.403 over 78 frames.
PARTICIPANT01634-051 AND 
LOG (lattice-best-path[5.0.23~1-f7b2f]:main():lattice-best-path.cc:99) For utterance PARTICIPANT01634-053, best cost 4.35524 + 322.7 = 327.055 over 48 frames.
PARTICIPANT01634-053 
LOG (lattice-best-path[5.0.23~1-f7b2f]:main():lattice-best-path.cc:99) For utterance PARTICIPANT01634-055, best cost 222.814 + 12628.1 = 12850.9 over 1788 frames.
PARTICIPANT01634-055 TO EXCELLENT DELTA ACTUALLY FLORIDA YES EXACTLY TO LOT LOT WELL REALLY LOT INTRODUCTIONS DEFINITELY RIDICULOUSLY 
LOG (lattice-best-path[5.0.23~1-f7b2f]:main():lattice-best-path.cc:99) For utterance PARTICIPANT01634-057, best cost 178.975 + 9643.58 = 9822.55 over 1398 frames.
PARTICIPANT01634-057 AND AND ON WEEKEND SO CLASSES IS TONIGHT COMMITTED CLOSED THAT LOOKING DOESN'T TRACK 
LOG (lattice-best-path[5.0.23~1-f7b2f]:main():lattice-best-path.cc:99) For utterance PARTICIPANT01634-059, best cost 11.5319 + 187.236 = 198.768 over 28 frames.
PARTICIPANT01634-059 IS 
LOG (lattice-best-path[5.0.23~1-f7b2f]:main():lattice-best-path.cc:99) For utterance PARTICIPANT01634-061, best cost 12.8555 + 449.249 = 462.105 over 68 frames.
PARTICIPANT01634-061 AND 
LOG (lattice-best-path[5.0.23~1-f7b2f]:main():lattice-best-path.cc:99) For utterance PARTICIPANT01634-063, best cost 11.7413 + 207.673 = 219.414 over 28 frames.
PARTICIPANT01634-063 YES 
LOG (lattice-best-path[5.0.23~1-f7b2f]:main():lattice-best-path.cc:99) For utterance PARTICIPANT01634-065, best cost 25.6055 + 1474.55 = 1500.15 over 198 frames.
PARTICIPANT01634-065 INSTRUMENTS 
LOG (lattice-best-path[5.0.23~1-f7b2f]:main():lattice-best-path.cc:99) For utterance PARTICIPANT01634-067, best cost 40.5303 + 2007.72 = 2048.25 over 288 frames.
PARTICIPANT01634-067 CAN TEN WEEKEND 
LOG (lattice-scale[5.0.23~1-f7b2f]:main():lattice-scale.cc:90) Done 35 lattices.
LOG (lattice-add-penalty[5.0.23~1-f7b2f]:main():lattice-add-penalty.cc:62) Done adding word insertion penalty to 35 lattices.
LOG (lattice-best-path[5.0.23~1-f7b2f]:main():lattice-best-path.cc:99) For utterance PARTICIPANT01634-069, best cost 207.483 + 9560.87 = 9768.36 over 1328 frames.
PARTICIPANT01634-069 TRACK TREATMENT I BASELINE WE EXACTLY LANDLORDS CHILDREN YOU DIRECTORS HOUSE LITTLE ASSESSMENTS GREAT DEFINITELY 
LOG (lattice-best-path[5.0.23~1-f7b2f]:main():lattice-best-path.cc:124) Overall cost per frame is 7.18508 = 0.134612 [graph] + 7.05047 [acoustic] over 20796 frames.
LOG (lattice-best-path[5.0.23~1-f7b2f]:main():lattice-best-path.cc:128) Done 35 lattices, failed for 0
# Accounting: time=5 threads=1
# Ended (code 0) at Mon Jan 28 18:32:03 EST 2019, elapsed time 5 seconds
