# lattice-scale --inv-acoustic-scale=15 "ark:gunzip -c /z/mkperez/PremanifestHD-classification/Data/Spont-Speech/set12/exp/mono_ali_clinician/decode/lat.*.gz|" ark:- | lattice-add-penalty --word-ins-penalty=1.0 ark:- ark:- | lattice-best-path --word-symbol-table=/z/mkperez/PremanifestHD-classification/Data/Spont-Speech/set12/exp/mono_ali_clinician/graph/words.txt ark:- ark,t:- | utils/int2sym.pl -f 2- /z/mkperez/PremanifestHD-classification/Data/Spont-Speech/set12/exp/mono_ali_clinician/graph/words.txt | local/wer_hyp_filter > /z/mkperez/PremanifestHD-classification/Data/Spont-Speech/set12/exp/mono_ali_clinician/decode/scoring_kaldi/penalty_1.0/15.txt 
# Started at Mon Jan 28 18:25:23 EST 2019
#
lattice-scale --inv-acoustic-scale=15 'ark:gunzip -c /z/mkperez/PremanifestHD-classification/Data/Spont-Speech/set12/exp/mono_ali_clinician/decode/lat.*.gz|' ark:- 
lattice-add-penalty --word-ins-penalty=1.0 ark:- ark:- 
lattice-best-path --word-symbol-table=/z/mkperez/PremanifestHD-classification/Data/Spont-Speech/set12/exp/mono_ali_clinician/graph/words.txt ark:- ark,t:- 
LOG (lattice-best-path[5.0.23~1-f7b2f]:main():lattice-best-path.cc:99) For utterance PARTICIPANT69695-001, best cost 12.4377 + 532.771 = 545.208 over 90 frames.
PARTICIPANT69695-001 YEAH 
LOG (lattice-best-path[5.0.23~1-f7b2f]:main():lattice-best-path.cc:99) For utterance PARTICIPANT69695-003, best cost 13.3327 + 625.268 = 638.6 over 111 frames.
PARTICIPANT69695-003 AND 
LOG (lattice-best-path[5.0.23~1-f7b2f]:main():lattice-best-path.cc:99) For utterance PARTICIPANT69695-005, best cost 15.0362 + 567.744 = 582.78 over 98 frames.
PARTICIPANT69695-005 NO 
LOG (lattice-best-path[5.0.23~1-f7b2f]:main():lattice-best-path.cc:99) For utterance PARTICIPANT69695-007, best cost 12.8314 + 343.812 = 356.643 over 58 frames.
PARTICIPANT69695-007 WAS 
LOG (lattice-best-path[5.0.23~1-f7b2f]:main():lattice-best-path.cc:99) For utterance PARTICIPANT69695-011, best cost 9.89236 + 106.605 = 116.497 over 18 frames.
PARTICIPANT69695-011 AND 
LOG (lattice-best-path[5.0.23~1-f7b2f]:main():lattice-best-path.cc:99) For utterance PARTICIPANT69695-014, best cost 89.1943 + 3965.39 = 4054.59 over 667 frames.
PARTICIPANT69695-014 YOU ACCORDION BECAUSE AND WEEKEND ALMOST EXCELLENT 
LOG (lattice-best-path[5.0.23~1-f7b2f]:main():lattice-best-path.cc:99) For utterance PARTICIPANT69695-019, best cost 16.4899 + 467.492 = 483.982 over 76 frames.
PARTICIPANT69695-019 SEVEN 
LOG (lattice-best-path[5.0.23~1-f7b2f]:main():lattice-best-path.cc:99) For utterance PARTICIPANT69695-021, best cost 65.2878 + 4273.85 = 4339.14 over 678 frames.
PARTICIPANT69695-021 THERE THE AND YES THE 
LOG (lattice-best-path[5.0.23~1-f7b2f]:main():lattice-best-path.cc:99) For utterance PARTICIPANT69695-023, best cost 41.474 + 2216.8 = 2258.27 over 348 frames.
PARTICIPANT69695-023 SIGNIFICANT IT'LL 
LOG (lattice-best-path[5.0.23~1-f7b2f]:main():lattice-best-path.cc:99) For utterance PARTICIPANT69695-025, best cost 36.6093 + 1409.96 = 1446.57 over 228 frames.
PARTICIPANT69695-025 DISASTER MAINTENANCE 
LOG (lattice-best-path[5.0.23~1-f7b2f]:main():lattice-best-path.cc:99) For utterance PARTICIPANT69695-027, best cost 25.5742 + 948.449 = 974.023 over 163 frames.
PARTICIPANT69695-027 THAT REALLY 
LOG (lattice-best-path[5.0.23~1-f7b2f]:main():lattice-best-path.cc:99) For utterance PARTICIPANT69695-029, best cost 35.635 + 1984.77 = 2020.4 over 348 frames.
PARTICIPANT69695-029 OH I WEEKEND 
LOG (lattice-best-path[5.0.23~1-f7b2f]:main():lattice-best-path.cc:99) For utterance PARTICIPANT69695-031, best cost 50.9992 + 1805.73 = 1856.73 over 283 frames.
PARTICIPANT69695-031 RIDICULOUS HAVE SO DIFFERENT 
LOG (lattice-best-path[5.0.23~1-f7b2f]:main():lattice-best-path.cc:99) For utterance PARTICIPANT69695-033, best cost 19.7602 + 789.393 = 809.153 over 128 frames.
PARTICIPANT69695-033 I TO 
LOG (lattice-best-path[5.0.23~1-f7b2f]:main():lattice-best-path.cc:99) For utterance PARTICIPANT69695-035, best cost 33.0887 + 1402.24 = 1435.33 over 228 frames.
PARTICIPANT69695-035 BECAUSE THE THAT 
LOG (lattice-best-path[5.0.23~1-f7b2f]:main():lattice-best-path.cc:99) For utterance PARTICIPANT69695-037, best cost 72.8011 + 3665.44 = 3738.24 over 588 frames.
PARTICIPANT69695-037 WEEKEND TO FLORIDA LITTLE THE 
LOG (lattice-best-path[5.0.23~1-f7b2f]:main():lattice-best-path.cc:99) For utterance PARTICIPANT69695-039, best cost 13.023 + 581.444 = 594.467 over 98 frames.
PARTICIPANT69695-039 SO 
LOG (lattice-best-path[5.0.23~1-f7b2f]:main():lattice-best-path.cc:99) For utterance PARTICIPANT69695-041, best cost 43.2165 + 2202.66 = 2245.87 over 368 frames.
PARTICIPANT69695-041 THAT WAS IMMEDIATELY 
LOG (lattice-best-path[5.0.23~1-f7b2f]:main():lattice-best-path.cc:99) For utterance PARTICIPANT69695-043, best cost 12.9375 + 464.691 = 477.629 over 78 frames.
PARTICIPANT69695-043 THAT 
LOG (lattice-best-path[5.0.23~1-f7b2f]:main():lattice-best-path.cc:99) For utterance PARTICIPANT69695-045, best cost 35.0052 + 1554.22 = 1589.22 over 265 frames.
PARTICIPANT69695-045 AFTER UNDERSTAND 
LOG (lattice-best-path[5.0.23~1-f7b2f]:main():lattice-best-path.cc:99) For utterance PARTICIPANT69695-047, best cost 59.4443 + 2765.64 = 2825.08 over 468 frames.
PARTICIPANT69695-047 AND DON'T I AND TO YEAH 
LOG (lattice-best-path[5.0.23~1-f7b2f]:main():lattice-best-path.cc:99) For utterance PARTICIPANT69695-049, best cost 6.52246 + 321.129 = 327.651 over 51 frames.
PARTICIPANT69695-049 
LOG (lattice-best-path[5.0.23~1-f7b2f]:main():lattice-best-path.cc:99) For utterance PARTICIPANT69695-051, best cost 11.8189 + 383.93 = 395.749 over 63 frames.
PARTICIPANT69695-051 AND 
LOG (lattice-best-path[5.0.23~1-f7b2f]:main():lattice-best-path.cc:99) For utterance PARTICIPANT69695-055, best cost 39.9391 + 2332.82 = 2372.76 over 408 frames.
PARTICIPANT69695-055 TO OH PARTICIPANTS 
LOG (lattice-best-path[5.0.23~1-f7b2f]:main():lattice-best-path.cc:99) For utterance PARTICIPANT69695-057, best cost 86.4023 + 4779.55 = 4865.96 over 818 frames.
PARTICIPANT69695-057 WEEKEND AND IT'S SO ON DATA DON'T 
LOG (lattice-best-path[5.0.23~1-f7b2f]:main():lattice-best-path.cc:99) For utterance PARTICIPANT69695-059, best cost 66.5486 + 2972.27 = 3038.82 over 509 frames.
PARTICIPANT69695-059 NO AND WHERE AND I HOLIDAYS 
LOG (lattice-best-path[5.0.23~1-f7b2f]:main():lattice-best-path.cc:99) For utterance PARTICIPANT69695-061, best cost 105.029 + 5821.99 = 5927.02 over 998 frames.
PARTICIPANT69695-061 AND LET'S TRUCKLOADS THAT AND HANDICAP COMPLEX IT'S 
LOG (lattice-best-path[5.0.23~1-f7b2f]:main():lattice-best-path.cc:99) For utterance PARTICIPANT69695-063, best cost 118.336 + 5880.24 = 5998.57 over 998 frames.
PARTICIPANT69695-063 BETWEEN YEAH HUNDRED THAT BECAUSE ENDED I TO ABOUT SO 
LOG (lattice-best-path[5.0.23~1-f7b2f]:main():lattice-best-path.cc:99) For utterance PARTICIPANT69695-065, best cost 54.647 + 2374.02 = 2428.66 over 408 frames.
PARTICIPANT69695-065 ON WEEKEND TONIGHT TRUCKLOADS 
LOG (lattice-best-path[5.0.23~1-f7b2f]:main():lattice-best-path.cc:99) For utterance PARTICIPANT69695-067, best cost 93.274 + 4573.84 = 4667.11 over 758 frames.
PARTICIPANT69695-067 YES WEEKEND WEEKEND WEEKEND WEEKEND SIGNIFICANT GOT 
LOG (lattice-best-path[5.0.23~1-f7b2f]:main():lattice-best-path.cc:99) For utterance PARTICIPANT69695-069, best cost 83.5676 + 4451.53 = 4535.1 over 748 frames.
PARTICIPANT69695-069 EXCITING DATA ANYWHERE TECHNICALLY AND OR 
LOG (lattice-best-path[5.0.23~1-f7b2f]:main():lattice-best-path.cc:99) For utterance PARTICIPANT69695-071, best cost 151.628 + 8586.73 = 8738.35 over 1505 frames.
PARTICIPANT69695-071 AND AND OH IMMEDIATELY TO AND ASSESSMENTS DON'T NO BEYOND IS SEVEN 
LOG (lattice-best-path[5.0.23~1-f7b2f]:main():lattice-best-path.cc:99) For utterance PARTICIPANT69695-073, best cost 17.6345 + 617.475 = 635.109 over 103 frames.
PARTICIPANT69695-073 DON'T 
LOG (lattice-best-path[5.0.23~1-f7b2f]:main():lattice-best-path.cc:99) For utterance PARTICIPANT69695-075, best cost 4.51439 + 423.067 = 427.582 over 76 frames.
PARTICIPANT69695-075 
LOG (lattice-best-path[5.0.23~1-f7b2f]:main():lattice-best-path.cc:99) For utterance PARTICIPANT69695-077, best cost 37.3238 + 1528.1 = 1565.43 over 258 frames.
PARTICIPANT69695-077 NO DEFINITELY AND 
LOG (lattice-scale[5.0.23~1-f7b2f]:main():lattice-scale.cc:90) Done 36 lattices.
LOG (lattice-add-penalty[5.0.23~1-f7b2f]:main():lattice-add-penalty.cc:62) Done adding word insertion penalty to 36 lattices.
LOG (lattice-best-path[5.0.23~1-f7b2f]:main():lattice-best-path.cc:99) For utterance PARTICIPANT69695-079, best cost 67.9909 + 3154.93 = 3222.92 over 528 frames.
PARTICIPANT69695-079 I DON'T LANDLORD THAT TUESDAY 
LOG (lattice-best-path[5.0.23~1-f7b2f]:main():lattice-best-path.cc:124) Overall cost per frame is 6.06164 = 0.12186 [graph] + 5.93978 [acoustic] over 13616 frames.
LOG (lattice-best-path[5.0.23~1-f7b2f]:main():lattice-best-path.cc:128) Done 36 lattices, failed for 0
# Accounting: time=6 threads=1
# Ended (code 0) at Mon Jan 28 18:25:29 EST 2019, elapsed time 6 seconds
