# lattice-scale --inv-acoustic-scale=14 "ark:gunzip -c /z/mkperez/PremanifestHD-classification/Data/Spont-Speech/set12/exp/mono_ali_clinician/decode/lat.*.gz|" ark:- | lattice-add-penalty --word-ins-penalty=1.0 ark:- ark:- | lattice-best-path --word-symbol-table=/z/mkperez/PremanifestHD-classification/Data/Spont-Speech/set12/exp/mono_ali_clinician/graph/words.txt ark:- ark,t:- | utils/int2sym.pl -f 2- /z/mkperez/PremanifestHD-classification/Data/Spont-Speech/set12/exp/mono_ali_clinician/graph/words.txt | local/wer_hyp_filter > /z/mkperez/PremanifestHD-classification/Data/Spont-Speech/set12/exp/mono_ali_clinician/decode/scoring_kaldi/penalty_1.0/14.txt 
# Started at Mon Jan 28 18:25:23 EST 2019
#
lattice-best-path --word-symbol-table=/z/mkperez/PremanifestHD-classification/Data/Spont-Speech/set12/exp/mono_ali_clinician/graph/words.txt ark:- ark,t:- 
lattice-scale --inv-acoustic-scale=14 'ark:gunzip -c /z/mkperez/PremanifestHD-classification/Data/Spont-Speech/set12/exp/mono_ali_clinician/decode/lat.*.gz|' ark:- 
lattice-add-penalty --word-ins-penalty=1.0 ark:- ark:- 
LOG (lattice-best-path[5.0.23~1-f7b2f]:main():lattice-best-path.cc:99) For utterance PARTICIPANT69695-001, best cost 12.4377 + 570.826 = 583.263 over 90 frames.
PARTICIPANT69695-001 YEAH 
LOG (lattice-best-path[5.0.23~1-f7b2f]:main():lattice-best-path.cc:99) For utterance PARTICIPANT69695-003, best cost 13.3327 + 669.93 = 683.262 over 111 frames.
PARTICIPANT69695-003 AND 
LOG (lattice-best-path[5.0.23~1-f7b2f]:main():lattice-best-path.cc:99) For utterance PARTICIPANT69695-005, best cost 15.0362 + 608.297 = 623.333 over 98 frames.
PARTICIPANT69695-005 NO 
LOG (lattice-best-path[5.0.23~1-f7b2f]:main():lattice-best-path.cc:99) For utterance PARTICIPANT69695-007, best cost 13.3981 + 367.78 = 381.178 over 58 frames.
PARTICIPANT69695-007 NICE 
LOG (lattice-best-path[5.0.23~1-f7b2f]:main():lattice-best-path.cc:99) For utterance PARTICIPANT69695-011, best cost 9.89236 + 114.219 = 124.111 over 18 frames.
PARTICIPANT69695-011 AND 
LOG (lattice-best-path[5.0.23~1-f7b2f]:main():lattice-best-path.cc:99) For utterance PARTICIPANT69695-014, best cost 89.1943 + 4248.64 = 4337.83 over 667 frames.
PARTICIPANT69695-014 YOU ACCORDION BECAUSE AND WEEKEND ALMOST EXCELLENT 
LOG (lattice-best-path[5.0.23~1-f7b2f]:main():lattice-best-path.cc:99) For utterance PARTICIPANT69695-019, best cost 16.4899 + 500.884 = 517.374 over 76 frames.
PARTICIPANT69695-019 SEVEN 
LOG (lattice-best-path[5.0.23~1-f7b2f]:main():lattice-best-path.cc:99) For utterance PARTICIPANT69695-021, best cost 71.6896 + 4572.56 = 4644.25 over 678 frames.
PARTICIPANT69695-021 THERE THE THAT AND YES THE 
LOG (lattice-best-path[5.0.23~1-f7b2f]:main():lattice-best-path.cc:99) For utterance PARTICIPANT69695-023, best cost 41.474 + 2375.14 = 2416.61 over 348 frames.
PARTICIPANT69695-023 SIGNIFICANT IT'LL 
LOG (lattice-best-path[5.0.23~1-f7b2f]:main():lattice-best-path.cc:99) For utterance PARTICIPANT69695-025, best cost 36.6093 + 1510.68 = 1547.29 over 228 frames.
PARTICIPANT69695-025 DISASTER MAINTENANCE 
LOG (lattice-best-path[5.0.23~1-f7b2f]:main():lattice-best-path.cc:99) For utterance PARTICIPANT69695-027, best cost 25.5742 + 1016.19 = 1041.77 over 163 frames.
PARTICIPANT69695-027 THAT REALLY 
LOG (lattice-best-path[5.0.23~1-f7b2f]:main():lattice-best-path.cc:99) For utterance PARTICIPANT69695-029, best cost 35.635 + 2126.54 = 2162.17 over 348 frames.
PARTICIPANT69695-029 OH I WEEKEND 
LOG (lattice-best-path[5.0.23~1-f7b2f]:main():lattice-best-path.cc:99) For utterance PARTICIPANT69695-031, best cost 50.9992 + 1934.71 = 1985.71 over 283 frames.
PARTICIPANT69695-031 RIDICULOUS HAVE SO DIFFERENT 
LOG (lattice-best-path[5.0.23~1-f7b2f]:main():lattice-best-path.cc:99) For utterance PARTICIPANT69695-033, best cost 19.7602 + 845.778 = 865.538 over 128 frames.
PARTICIPANT69695-033 I TO 
LOG (lattice-best-path[5.0.23~1-f7b2f]:main():lattice-best-path.cc:99) For utterance PARTICIPANT69695-035, best cost 33.0887 + 1502.4 = 1535.49 over 228 frames.
PARTICIPANT69695-035 BECAUSE THE THAT 
LOG (lattice-best-path[5.0.23~1-f7b2f]:main():lattice-best-path.cc:99) For utterance PARTICIPANT69695-037, best cost 77.0431 + 3922.98 = 4000.02 over 588 frames.
PARTICIPANT69695-037 WEEKEND TO LITTLE AND LITTLE THE 
LOG (lattice-best-path[5.0.23~1-f7b2f]:main():lattice-best-path.cc:99) For utterance PARTICIPANT69695-039, best cost 13.023 + 622.976 = 635.999 over 98 frames.
PARTICIPANT69695-039 SO 
LOG (lattice-best-path[5.0.23~1-f7b2f]:main():lattice-best-path.cc:99) For utterance PARTICIPANT69695-041, best cost 43.2165 + 2359.99 = 2403.21 over 368 frames.
PARTICIPANT69695-041 THAT WAS IMMEDIATELY 
LOG (lattice-best-path[5.0.23~1-f7b2f]:main():lattice-best-path.cc:99) For utterance PARTICIPANT69695-043, best cost 12.9375 + 497.884 = 510.821 over 78 frames.
PARTICIPANT69695-043 THAT 
LOG (lattice-best-path[5.0.23~1-f7b2f]:main():lattice-best-path.cc:99) For utterance PARTICIPANT69695-045, best cost 35.0052 + 1665.23 = 1700.24 over 265 frames.
PARTICIPANT69695-045 AFTER UNDERSTAND 
LOG (lattice-best-path[5.0.23~1-f7b2f]:main():lattice-best-path.cc:99) For utterance PARTICIPANT69695-047, best cost 59.4443 + 2963.18 = 3022.63 over 468 frames.
PARTICIPANT69695-047 AND DON'T I AND TO YEAH 
LOG (lattice-best-path[5.0.23~1-f7b2f]:main():lattice-best-path.cc:99) For utterance PARTICIPANT69695-049, best cost 6.52246 + 344.067 = 350.589 over 51 frames.
PARTICIPANT69695-049 
LOG (lattice-best-path[5.0.23~1-f7b2f]:main():lattice-best-path.cc:99) For utterance PARTICIPANT69695-051, best cost 11.8189 + 411.354 = 423.173 over 63 frames.
PARTICIPANT69695-051 AND 
LOG (lattice-best-path[5.0.23~1-f7b2f]:main():lattice-best-path.cc:99) For utterance PARTICIPANT69695-055, best cost 39.9391 + 2499.45 = 2539.39 over 408 frames.
PARTICIPANT69695-055 TO OH PARTICIPANTS 
LOG (lattice-best-path[5.0.23~1-f7b2f]:main():lattice-best-path.cc:99) For utterance PARTICIPANT69695-057, best cost 86.4023 + 5120.95 = 5207.35 over 818 frames.
PARTICIPANT69695-057 WEEKEND AND IT'S SO ON DATA DON'T 
LOG (lattice-best-path[5.0.23~1-f7b2f]:main():lattice-best-path.cc:99) For utterance PARTICIPANT69695-059, best cost 66.5486 + 3184.58 = 3251.13 over 509 frames.
PARTICIPANT69695-059 NO AND WHERE AND I HOLIDAYS 
LOG (lattice-best-path[5.0.23~1-f7b2f]:main():lattice-best-path.cc:99) For utterance PARTICIPANT69695-061, best cost 111.312 + 6231.16 = 6342.48 over 998 frames.
PARTICIPANT69695-061 AND LET'S TRUCKLOADS THAT AND SATURDAY CAN COMPLEX IT'S 
LOG (lattice-best-path[5.0.23~1-f7b2f]:main():lattice-best-path.cc:99) For utterance PARTICIPANT69695-063, best cost 118.336 + 6300.25 = 6418.59 over 998 frames.
PARTICIPANT69695-063 BETWEEN YEAH HUNDRED THAT BECAUSE ENDED I TO ABOUT SO 
LOG (lattice-best-path[5.0.23~1-f7b2f]:main():lattice-best-path.cc:99) For utterance PARTICIPANT69695-065, best cost 54.647 + 2543.59 = 2598.24 over 408 frames.
PARTICIPANT69695-065 ON WEEKEND TONIGHT TRUCKLOADS 
LOG (lattice-best-path[5.0.23~1-f7b2f]:main():lattice-best-path.cc:99) For utterance PARTICIPANT69695-067, best cost 93.274 + 4900.54 = 4993.81 over 758 frames.
PARTICIPANT69695-067 YES WEEKEND WEEKEND WEEKEND WEEKEND SIGNIFICANT GOT 
LOG (lattice-best-path[5.0.23~1-f7b2f]:main():lattice-best-path.cc:99) For utterance PARTICIPANT69695-069, best cost 91.0196 + 4761.96 = 4852.98 over 748 frames.
PARTICIPANT69695-069 EXCITING DATA ANYWHERE AND TECHNICALLY AND OR 
LOG (lattice-best-path[5.0.23~1-f7b2f]:main():lattice-best-path.cc:99) For utterance PARTICIPANT69695-071, best cost 151.628 + 9200.06 = 9351.69 over 1505 frames.
PARTICIPANT69695-071 AND AND OH IMMEDIATELY TO AND ASSESSMENTS DON'T NO BEYOND IS SEVEN 
LOG (lattice-best-path[5.0.23~1-f7b2f]:main():lattice-best-path.cc:99) For utterance PARTICIPANT69695-073, best cost 17.6345 + 661.58 = 679.214 over 103 frames.
PARTICIPANT69695-073 DON'T 
LOG (lattice-best-path[5.0.23~1-f7b2f]:main():lattice-best-path.cc:99) For utterance PARTICIPANT69695-075, best cost 4.51439 + 453.286 = 457.801 over 76 frames.
PARTICIPANT69695-075 
LOG (lattice-best-path[5.0.23~1-f7b2f]:main():lattice-best-path.cc:99) For utterance PARTICIPANT69695-077, best cost 37.3238 + 1637.25 = 1674.58 over 258 frames.
PARTICIPANT69695-077 NO DEFINITELY AND 
LOG (lattice-scale[5.0.23~1-f7b2f]:main():lattice-scale.cc:90) Done 36 lattices.
LOG (lattice-add-penalty[5.0.23~1-f7b2f]:main():lattice-add-penalty.cc:62) Done adding word insertion penalty to 36 lattices.
LOG (lattice-best-path[5.0.23~1-f7b2f]:main():lattice-best-path.cc:99) For utterance PARTICIPANT69695-079, best cost 67.9909 + 3380.28 = 3448.27 over 528 frames.
PARTICIPANT69695-079 I DON'T LANDLORD THAT TUESDAY 
LOG (lattice-best-path[5.0.23~1-f7b2f]:main():lattice-best-path.cc:124) Overall cost per frame is 6.48585 = 0.123692 [graph] + 6.36216 [acoustic] over 13616 frames.
LOG (lattice-best-path[5.0.23~1-f7b2f]:main():lattice-best-path.cc:128) Done 36 lattices, failed for 0
# Accounting: time=6 threads=1
# Ended (code 0) at Mon Jan 28 18:25:29 EST 2019, elapsed time 6 seconds
