# gmm-latgen-faster --max-active=7000 --beam=13.0 --lattice-beam=6.0 --acoustic-scale=0.083333 --allow-partial=true --word-symbol-table=/z/mkperez/PremanifestHD-classification/Data/Spont-Speech/set11/exp/mono_ali_clinician/graph/words.txt /z/mkperez/PremanifestHD-classification/Data/Spont-Speech/set11/exp/mono_ali_clinician/final.mdl /z/mkperez/PremanifestHD-classification/Data/Spont-Speech/set11/exp/mono_ali_clinician/graph/HCLG.fst "ark,s,cs:apply-cmvn  --utt2spk=ark:/z/mkperez/PremanifestHD-classification/Data/Spont-Speech/set11/val/split1/1/utt2spk scp:/z/mkperez/PremanifestHD-classification/Data/Spont-Speech/set11/val/split1/1/cmvn.scp scp:/z/mkperez/PremanifestHD-classification/Data/Spont-Speech/set11/val/split1/1/feats.scp ark:- | add-deltas  ark:- ark:- |" "ark:|gzip -c > /z/mkperez/PremanifestHD-classification/Data/Spont-Speech/set11/exp/mono_ali_clinician/decode/lat.1.gz" 
# Started at Mon Jan 28 18:17:43 EST 2019
#
gmm-latgen-faster --max-active=7000 --beam=13.0 --lattice-beam=6.0 --acoustic-scale=0.083333 --allow-partial=true --word-symbol-table=/z/mkperez/PremanifestHD-classification/Data/Spont-Speech/set11/exp/mono_ali_clinician/graph/words.txt /z/mkperez/PremanifestHD-classification/Data/Spont-Speech/set11/exp/mono_ali_clinician/final.mdl /z/mkperez/PremanifestHD-classification/Data/Spont-Speech/set11/exp/mono_ali_clinician/graph/HCLG.fst 'ark,s,cs:apply-cmvn  --utt2spk=ark:/z/mkperez/PremanifestHD-classification/Data/Spont-Speech/set11/val/split1/1/utt2spk scp:/z/mkperez/PremanifestHD-classification/Data/Spont-Speech/set11/val/split1/1/cmvn.scp scp:/z/mkperez/PremanifestHD-classification/Data/Spont-Speech/set11/val/split1/1/feats.scp ark:- | add-deltas  ark:- ark:- |' 'ark:|gzip -c > /z/mkperez/PremanifestHD-classification/Data/Spont-Speech/set11/exp/mono_ali_clinician/decode/lat.1.gz' 
add-deltas ark:- ark:- 
apply-cmvn --utt2spk=ark:/z/mkperez/PremanifestHD-classification/Data/Spont-Speech/set11/val/split1/1/utt2spk scp:/z/mkperez/PremanifestHD-classification/Data/Spont-Speech/set11/val/split1/1/cmvn.scp scp:/z/mkperez/PremanifestHD-classification/Data/Spont-Speech/set11/val/split1/1/feats.scp ark:- 
LOG (apply-cmvn[5.0.23~1-f7b2f]:main():apply-cmvn.cc:146) Applied cepstral mean normalization to 7 utterances, errors on 0
PARTICIPANT78080-001 YEAH WEEKEND ANY AND AND LIKE BETWEEN FOR I I IT TO KNOW WAS WEEKEND CAN 
LOG (gmm-latgen-faster[5.0.23~1-f7b2f]:RebuildRepository():determinize-lattice-pruned.cc:283) Rebuilding repository.
LOG (gmm-latgen-faster[5.0.23~1-f7b2f]:RebuildRepository():determinize-lattice-pruned.cc:283) Rebuilding repository.
LOG (gmm-latgen-faster[5.0.23~1-f7b2f]:RebuildRepository():determinize-lattice-pruned.cc:283) Rebuilding repository.
WARNING (gmm-latgen-faster[5.0.23~1-f7b2f]:CheckMemoryUsage():determinize-lattice-pruned.cc:316) Did not reach requested beam in determinize-lattice: size exceeds maximum 50000000 bytes; (repo,arcs,elems) = (34751168,490176,14812872), after rebuilding, repo size was 26247136, effective beam was 5.22055 vs. requested beam 6
WARNING (gmm-latgen-faster[5.0.23~1-f7b2f]:DecodeUtteranceLatticeFaster():decoder-wrappers.cc:273) Determinization finished earlier than the beam for utterance PARTICIPANT78080-001
LOG (gmm-latgen-faster[5.0.23~1-f7b2f]:DecodeUtteranceLatticeFaster():decoder-wrappers.cc:285) Log-like per frame for utterance PARTICIPANT78080-001 is -7.90124 over 1078 frames.
PARTICIPANT78080-003 THE WAS WEEKEND ALSO QUESTIONS 
LOG (gmm-latgen-faster[5.0.23~1-f7b2f]:RebuildRepository():determinize-lattice-pruned.cc:283) Rebuilding repository.
LOG (gmm-latgen-faster[5.0.23~1-f7b2f]:RebuildRepository():determinize-lattice-pruned.cc:283) Rebuilding repository.
LOG (gmm-latgen-faster[5.0.23~1-f7b2f]:DecodeUtteranceLatticeFaster():decoder-wrappers.cc:285) Log-like per frame for utterance PARTICIPANT78080-003 is -8.16353 over 355 frames.
PARTICIPANT78080-005 IT WELL 
LOG (gmm-latgen-faster[5.0.23~1-f7b2f]:DecodeUtteranceLatticeFaster():decoder-wrappers.cc:285) Log-like per frame for utterance PARTICIPANT78080-005 is -8.30999 over 118 frames.
PARTICIPANT78080-007 LAST 
LOG (gmm-latgen-faster[5.0.23~1-f7b2f]:DecodeUtteranceLatticeFaster():decoder-wrappers.cc:285) Log-like per frame for utterance PARTICIPANT78080-007 is -8.37712 over 108 frames.
PARTICIPANT78080-009 LIKE TO LIKE CAUSES DON'T KINDA SHE 
LOG (gmm-latgen-faster[5.0.23~1-f7b2f]:DecodeUtteranceLatticeFaster():decoder-wrappers.cc:285) Log-like per frame for utterance PARTICIPANT78080-009 is -7.90039 over 461 frames.
PARTICIPANT78080-011 THAT'S WE I EVERYONE SO WAS WAS HISTORY 
LOG (gmm-latgen-faster[5.0.23~1-f7b2f]:DecodeUtteranceLatticeFaster():decoder-wrappers.cc:285) Log-like per frame for utterance PARTICIPANT78080-011 is -8.04926 over 458 frames.
PARTICIPANT78080-013 I WEEKEND WEEKEND IT'S 
LOG (gmm-latgen-faster[5.0.23~1-f7b2f]:RebuildRepository():determinize-lattice-pruned.cc:283) Rebuilding repository.
LOG (gmm-latgen-faster[5.0.23~1-f7b2f]:RebuildRepository():determinize-lattice-pruned.cc:283) Rebuilding repository.
LOG (gmm-latgen-faster[5.0.23~1-f7b2f]:RebuildRepository():determinize-lattice-pruned.cc:283) Rebuilding repository.
WARNING (gmm-latgen-faster[5.0.23~1-f7b2f]:CheckMemoryUsage():determinize-lattice-pruned.cc:316) Did not reach requested beam in determinize-lattice: size exceeds maximum 50000000 bytes; (repo,arcs,elems) = (34798912,425856,14798040), after rebuilding, repo size was 25268832, effective beam was 5.53253 vs. requested beam 6
WARNING (gmm-latgen-faster[5.0.23~1-f7b2f]:DecodeUtteranceLatticeFaster():decoder-wrappers.cc:273) Determinization finished earlier than the beam for utterance PARTICIPANT78080-013
LOG (gmm-latgen-faster[5.0.23~1-f7b2f]:DecodeUtteranceLatticeFaster():decoder-wrappers.cc:285) Log-like per frame for utterance PARTICIPANT78080-013 is -7.98839 over 196 frames.
LOG (gmm-latgen-faster[5.0.23~1-f7b2f]:main():gmm-latgen-faster.cc:176) Time taken 64.7111s: real-time factor assuming 100 frames/sec is 2.33277
LOG (gmm-latgen-faster[5.0.23~1-f7b2f]:main():gmm-latgen-faster.cc:179) Done 7 utterances, failed for 0
LOG (gmm-latgen-faster[5.0.23~1-f7b2f]:main():gmm-latgen-faster.cc:181) Overall log-likelihood per frame is -8.00118 over 2774 frames.
# Accounting: time=65 threads=1
# Ended (code 0) at Mon Jan 28 18:18:48 EST 2019, elapsed time 65 seconds
