# lattice-scale --inv-acoustic-scale=17 "ark:gunzip -c /z/mkperez/PremanifestHD-classification/Data/Spont-Speech/set9/exp/mono_ali_clinician/decode/lat.*.gz|" ark:- | lattice-add-penalty --word-ins-penalty=0.5 ark:- ark:- | lattice-best-path --word-symbol-table=/z/mkperez/PremanifestHD-classification/Data/Spont-Speech/set9/exp/mono_ali_clinician/graph/words.txt ark:- ark,t:- | utils/int2sym.pl -f 2- /z/mkperez/PremanifestHD-classification/Data/Spont-Speech/set9/exp/mono_ali_clinician/graph/words.txt | local/wer_hyp_filter > /z/mkperez/PremanifestHD-classification/Data/Spont-Speech/set9/exp/mono_ali_clinician/decode/scoring_kaldi/penalty_0.5/17.txt 
# Started at Mon Jan 28 19:00:21 EST 2019
#
lattice-add-penalty --word-ins-penalty=0.5 ark:- ark:- 
lattice-scale --inv-acoustic-scale=17 'ark:gunzip -c /z/mkperez/PremanifestHD-classification/Data/Spont-Speech/set9/exp/mono_ali_clinician/decode/lat.*.gz|' ark:- 
lattice-best-path --word-symbol-table=/z/mkperez/PremanifestHD-classification/Data/Spont-Speech/set9/exp/mono_ali_clinician/graph/words.txt ark:- ark,t:- 
LOG (lattice-best-path[5.0.23~1-f7b2f]:main():lattice-best-path.cc:99) For utterance PARTCIPANT23789-001, best cost 10.9249 + 212.575 = 223.5 over 38 frames.
PARTCIPANT23789-001 OH 
LOG (lattice-best-path[5.0.23~1-f7b2f]:main():lattice-best-path.cc:99) For utterance PARTCIPANT23789-003, best cost 12.5378 + 301.721 = 314.259 over 58 frames.
PARTCIPANT23789-003 YES 
LOG (lattice-best-path[5.0.23~1-f7b2f]:main():lattice-best-path.cc:99) For utterance PARTCIPANT23789-005, best cost 21.1801 + 739.53 = 760.71 over 128 frames.
PARTCIPANT23789-005 DEPRESSANTS 
LOG (lattice-best-path[5.0.23~1-f7b2f]:main():lattice-best-path.cc:99) For utterance PARTCIPANT23789-007, best cost 24.3843 + 1097.96 = 1122.35 over 188 frames.
PARTCIPANT23789-007 LOCAL 
LOG (lattice-scale[5.0.23~1-f7b2f]:main():lattice-scale.cc:90) Done 6 lattices.
LOG (lattice-add-penalty[5.0.23~1-f7b2f]:main():lattice-add-penalty.cc:62) Done adding word insertion penalty to 6 lattices.
LOG (lattice-best-path[5.0.23~1-f7b2f]:main():lattice-best-path.cc:99) For utterance PARTCIPANT23789-009, best cost 47.5361 + 2234.33 = 2281.86 over 398 frames.
PARTCIPANT23789-009 INTRODUCTIONS WEEKEND WILL 
LOG (lattice-best-path[5.0.23~1-f7b2f]:main():lattice-best-path.cc:99) For utterance PARTCIPANT23789-011, best cost 12.6361 + 198.539 = 211.175 over 38 frames.
PARTCIPANT23789-011 COOL 
LOG (lattice-best-path[5.0.23~1-f7b2f]:main():lattice-best-path.cc:124) Overall cost per frame is 5.79464 = 0.152358 [graph] + 5.64228 [acoustic] over 848 frames.
LOG (lattice-best-path[5.0.23~1-f7b2f]:main():lattice-best-path.cc:128) Done 6 lattices, failed for 0
# Accounting: time=1 threads=1
# Ended (code 0) at Mon Jan 28 19:00:22 EST 2019, elapsed time 1 seconds
