# lattice-scale --inv-acoustic-scale=8 "ark:gunzip -c /z/mkperez/PremanifestHD-classification/Data/Spont-Speech/set12/exp/mono_ali_clinician/decode/lat.*.gz|" ark:- | lattice-add-penalty --word-ins-penalty=0.0 ark:- ark:- | lattice-best-path --word-symbol-table=/z/mkperez/PremanifestHD-classification/Data/Spont-Speech/set12/exp/mono_ali_clinician/graph/words.txt ark:- ark,t:- | utils/int2sym.pl -f 2- /z/mkperez/PremanifestHD-classification/Data/Spont-Speech/set12/exp/mono_ali_clinician/graph/words.txt | local/wer_hyp_filter > /z/mkperez/PremanifestHD-classification/Data/Spont-Speech/set12/exp/mono_ali_clinician/decode/scoring_kaldi/penalty_0.0/8.txt 
# Started at Mon Jan 28 18:25:12 EST 2019
#
lattice-scale --inv-acoustic-scale=8 'ark:gunzip -c /z/mkperez/PremanifestHD-classification/Data/Spont-Speech/set12/exp/mono_ali_clinician/decode/lat.*.gz|' ark:- 
lattice-best-path --word-symbol-table=/z/mkperez/PremanifestHD-classification/Data/Spont-Speech/set12/exp/mono_ali_clinician/graph/words.txt ark:- ark,t:- 
lattice-add-penalty --word-ins-penalty=0.0 ark:- ark:- 
LOG (lattice-best-path[5.0.23~1-f7b2f]:main():lattice-best-path.cc:99) For utterance PARTICIPANT69695-001, best cost 11.4377 + 998.945 = 1010.38 over 90 frames.
PARTICIPANT69695-001 YEAH 
LOG (lattice-best-path[5.0.23~1-f7b2f]:main():lattice-best-path.cc:99) For utterance PARTICIPANT69695-003, best cost 17.4026 + 1165.06 = 1182.46 over 111 frames.
PARTICIPANT69695-003 A THAT 
LOG (lattice-best-path[5.0.23~1-f7b2f]:main():lattice-best-path.cc:99) For utterance PARTICIPANT69695-005, best cost 15.3818 + 1062.3 = 1077.68 over 98 frames.
PARTICIPANT69695-005 ONLY 
LOG (lattice-best-path[5.0.23~1-f7b2f]:main():lattice-best-path.cc:99) For utterance PARTICIPANT69695-007, best cost 12.3981 + 643.615 = 656.013 over 58 frames.
PARTICIPANT69695-007 NICE 
LOG (lattice-best-path[5.0.23~1-f7b2f]:main():lattice-best-path.cc:99) For utterance PARTICIPANT69695-011, best cost 8.89236 + 199.883 = 208.776 over 18 frames.
PARTICIPANT69695-011 AND 
LOG (lattice-best-path[5.0.23~1-f7b2f]:main():lattice-best-path.cc:99) For utterance PARTICIPANT69695-014, best cost 100.065 + 7407.49 = 7507.55 over 667 frames.
PARTICIPANT69695-014 I YOU DON'T WAS WEEKEND HOLIDAYS AND WEEKEND ALMOST EXCELLENT 
LOG (lattice-best-path[5.0.23~1-f7b2f]:main():lattice-best-path.cc:99) For utterance PARTICIPANT69695-019, best cost 22.1516 + 866.211 = 888.363 over 76 frames.
PARTICIPANT69695-019 SO THAT'S AND 
LOG (lattice-best-path[5.0.23~1-f7b2f]:main():lattice-best-path.cc:99) For utterance PARTICIPANT69695-021, best cost 96.4143 + 7967.01 = 8063.43 over 678 frames.
PARTICIPANT69695-021 THEN YEAH THEY THAT I'M NOT TO YES ROCHESTER THAT 
LOG (lattice-best-path[5.0.23~1-f7b2f]:main():lattice-best-path.cc:99) For utterance PARTICIPANT69695-023, best cost 64.4136 + 4114.36 = 4178.78 over 348 frames.
PARTICIPANT69695-023 IT'S WE'LL THIS IT IT DIFFERENT ALL 
LOG (lattice-best-path[5.0.23~1-f7b2f]:main():lattice-best-path.cc:99) For utterance PARTICIPANT69695-025, best cost 44.3034 + 2629.88 = 2674.18 over 228 frames.
PARTICIPANT69695-025 DID ANTICIPATING GOING THAT 
LOG (lattice-best-path[5.0.23~1-f7b2f]:main():lattice-best-path.cc:99) For utterance PARTICIPANT69695-027, best cost 29.9738 + 1770.32 = 1800.29 over 163 frames.
PARTICIPANT69695-027 DIED BASELINE 
LOG (lattice-best-path[5.0.23~1-f7b2f]:main():lattice-best-path.cc:99) For utterance PARTICIPANT69695-029, best cost 37.6421 + 3716.41 = 3754.06 over 348 frames.
PARTICIPANT69695-029 OH I OKAY TO 
LOG (lattice-best-path[5.0.23~1-f7b2f]:main():lattice-best-path.cc:99) For utterance PARTICIPANT69695-031, best cost 59.0098 + 3368.16 = 3427.17 over 283 frames.
PARTICIPANT69695-031 THE YEAH REALLY HAVE SO MISERABLE YEAH 
LOG (lattice-best-path[5.0.23~1-f7b2f]:main():lattice-best-path.cc:99) For utterance PARTICIPANT69695-033, best cost 26.3332 + 1469.74 = 1496.07 over 128 frames.
PARTICIPANT69695-033 I I FLORIDA 
LOG (lattice-best-path[5.0.23~1-f7b2f]:main():lattice-best-path.cc:99) For utterance PARTICIPANT69695-035, best cost 50.5731 + 2606.98 = 2657.56 over 228 frames.
PARTICIPANT69695-035 IT CAUSE LIVES WHENEVER THAT 
LOG (lattice-best-path[5.0.23~1-f7b2f]:main():lattice-best-path.cc:99) For utterance PARTICIPANT69695-037, best cost 96.1765 + 6831.61 = 6927.79 over 588 frames.
PARTICIPANT69695-037 THE TO RIDICULOUS THAT IT'S LITTLE AND TO LITTLE THE 
LOG (lattice-best-path[5.0.23~1-f7b2f]:main():lattice-best-path.cc:99) For utterance PARTICIPANT69695-039, best cost 21.5564 + 1077.37 = 1098.93 over 98 frames.
PARTICIPANT69695-039 IT'S ONLY 
LOG (lattice-best-path[5.0.23~1-f7b2f]:main():lattice-best-path.cc:99) For utterance PARTICIPANT69695-041, best cost 45.461 + 4119.98 = 4165.45 over 368 frames.
PARTICIPANT69695-041 THAT WAS IMMEDIATELY IT 
LOG (lattice-best-path[5.0.23~1-f7b2f]:main():lattice-best-path.cc:99) For utterance PARTICIPANT69695-043, best cost 20.5585 + 862.204 = 882.763 over 78 frames.
PARTICIPANT69695-043 NEVER OH 
LOG (lattice-best-path[5.0.23~1-f7b2f]:main():lattice-best-path.cc:99) For utterance PARTICIPANT69695-045, best cost 39.7778 + 2905.73 = 2945.51 over 265 frames.
PARTICIPANT69695-045 AFTER THERE'S TO THAT 
LOG (lattice-best-path[5.0.23~1-f7b2f]:main():lattice-best-path.cc:99) For utterance PARTICIPANT69695-047, best cost 76.4305 + 5159.55 = 5235.98 over 468 frames.
PARTICIPANT69695-047 AND AND INVITED I AND HAVE DATA YEAH YEAH 
LOG (lattice-best-path[5.0.23~1-f7b2f]:main():lattice-best-path.cc:99) For utterance PARTICIPANT69695-049, best cost 13.5444 + 591.545 = 605.09 over 51 frames.
PARTICIPANT69695-049 AT 
LOG (lattice-best-path[5.0.23~1-f7b2f]:main():lattice-best-path.cc:99) For utterance PARTICIPANT69695-051, best cost 15.3081 + 711.896 = 727.204 over 63 frames.
PARTICIPANT69695-051 AND I 
LOG (lattice-best-path[5.0.23~1-f7b2f]:main():lattice-best-path.cc:99) For utterance PARTICIPANT69695-055, best cost 46.0755 + 4356.7 = 4402.77 over 408 frames.
PARTICIPANT69695-055 TO OH TEXTING SO DON'T 
LOG (lattice-best-path[5.0.23~1-f7b2f]:main():lattice-best-path.cc:99) For utterance PARTICIPANT69695-057, best cost 107.94 + 8916.25 = 9024.19 over 818 frames.
PARTICIPANT69695-057 SATURDAY DID THAT'S AND IT'S AS ON WEEKEND EXCITED SO AND 
LOG (lattice-best-path[5.0.23~1-f7b2f]:main():lattice-best-path.cc:99) For utterance PARTICIPANT69695-059, best cost 79.4939 + 5549.18 = 5628.68 over 509 frames.
PARTICIPANT69695-059 NO AND WINTERS ON NICE HIGH BUSY SO 
LOG (lattice-best-path[5.0.23~1-f7b2f]:main():lattice-best-path.cc:99) For utterance PARTICIPANT69695-061, best cost 126.599 + 10870.5 = 10997.1 over 998 frames.
PARTICIPANT69695-061 ON I'M ROCHESTER TRUCKLOADS THE I AND AND A SATURDAY CAN COMPLEX ASSESSMENTS 
LOG (lattice-best-path[5.0.23~1-f7b2f]:main():lattice-best-path.cc:99) For utterance PARTICIPANT69695-063, best cost 158.236 + 10956.5 = 11114.7 over 998 frames.
PARTICIPANT69695-063 DIDN'T WE BACK AND READ WHAT CAN AND BECAUSE AUDITING AND ARE I TEST ENOUGH SOUNDS SO 
LOG (lattice-best-path[5.0.23~1-f7b2f]:main():lattice-best-path.cc:99) For utterance PARTICIPANT69695-065, best cost 62.5028 + 4435.81 = 4498.31 over 408 frames.
PARTICIPANT69695-065 ON WEEKEND TONIGHT OKAY LOANS NO 
LOG (lattice-best-path[5.0.23~1-f7b2f]:main():lattice-best-path.cc:99) For utterance PARTICIPANT69695-067, best cost 119.055 + 8526.72 = 8645.78 over 758 frames.
PARTICIPANT69695-067 YES BETWEEN WEEKEND WEEKEND TO AND WEEKENDS YOU WEDDING I THAT RIGHT ON 
LOG (lattice-best-path[5.0.23~1-f7b2f]:main():lattice-best-path.cc:99) For utterance PARTICIPANT69695-069, best cost 99.7296 + 8306.62 = 8406.35 over 748 frames.
PARTICIPANT69695-069 IT AND A I AND ANYWHERE SO AND TECHNICALLY AND OR 
LOG (lattice-best-path[5.0.23~1-f7b2f]:main():lattice-best-path.cc:99) For utterance PARTICIPANT69695-071, best cost 180.781 + 16046.2 = 16226.9 over 1505 frames.
PARTICIPANT69695-071 SO ON IS OH I DIDN'T PERSON STARTED A SNOW NICE SUNDAY THOUGH BEYOND WAS IS ASSESSMENTS 
LOG (lattice-best-path[5.0.23~1-f7b2f]:main():lattice-best-path.cc:99) For utterance PARTICIPANT69695-073, best cost 21.9586 + 1148.24 = 1170.2 over 103 frames.
PARTICIPANT69695-073 DON'T MY 
LOG (lattice-best-path[5.0.23~1-f7b2f]:main():lattice-best-path.cc:99) For utterance PARTICIPANT69695-075, best cost 10.8947 + 781.514 = 792.408 over 76 frames.
PARTICIPANT69695-075 SO 
LOG (lattice-best-path[5.0.23~1-f7b2f]:main():lattice-best-path.cc:99) For utterance PARTICIPANT69695-077, best cost 38.6336 + 2858.66 = 2897.29 over 258 frames.
PARTICIPANT69695-077 NO DEFINITELY BEYOND 
LOG (lattice-scale[5.0.23~1-f7b2f]:main():lattice-scale.cc:90) Done 36 lattices.
LOG (lattice-add-penalty[5.0.23~1-f7b2f]:main():lattice-add-penalty.cc:62) Done adding word insertion penalty to 36 lattices.
LOG (lattice-best-path[5.0.23~1-f7b2f]:main():lattice-best-path.cc:99) For utterance PARTICIPANT69695-079, best cost 69.0196 + 5905.46 = 5974.47 over 528 frames.
PARTICIPANT69695-079 I DOOR SO LANDLORD THAT TODAY 
LOG (lattice-best-path[5.0.23~1-f7b2f]:main():lattice-best-path.cc:124) Overall cost per frame is 11.2332 = 0.150274 [graph] + 11.0829 [acoustic] over 13616 frames.
LOG (lattice-best-path[5.0.23~1-f7b2f]:main():lattice-best-path.cc:128) Done 36 lattices, failed for 0
# Accounting: time=5 threads=1
# Ended (code 0) at Mon Jan 28 18:25:17 EST 2019, elapsed time 5 seconds
