# lattice-scale --inv-acoustic-scale=7 "ark:gunzip -c /z/mkperez/PremanifestHD-classification/Data/Spont-Speech/set12/exp/mono_ali_clinician/decode/lat.*.gz|" ark:- | lattice-add-penalty --word-ins-penalty=0.0 ark:- ark:- | lattice-best-path --word-symbol-table=/z/mkperez/PremanifestHD-classification/Data/Spont-Speech/set12/exp/mono_ali_clinician/graph/words.txt ark:- ark,t:- | utils/int2sym.pl -f 2- /z/mkperez/PremanifestHD-classification/Data/Spont-Speech/set12/exp/mono_ali_clinician/graph/words.txt | local/wer_hyp_filter > /z/mkperez/PremanifestHD-classification/Data/Spont-Speech/set12/exp/mono_ali_clinician/decode/scoring_kaldi/penalty_0.0/7.txt 
# Started at Mon Jan 28 18:25:12 EST 2019
#
lattice-add-penalty --word-ins-penalty=0.0 ark:- ark:- 
lattice-best-path --word-symbol-table=/z/mkperez/PremanifestHD-classification/Data/Spont-Speech/set12/exp/mono_ali_clinician/graph/words.txt ark:- ark,t:- 
lattice-scale --inv-acoustic-scale=7 'ark:gunzip -c /z/mkperez/PremanifestHD-classification/Data/Spont-Speech/set12/exp/mono_ali_clinician/decode/lat.*.gz|' ark:- 
LOG (lattice-best-path[5.0.23~1-f7b2f]:main():lattice-best-path.cc:99) For utterance PARTICIPANT69695-001, best cost 14.68 + 1138.09 = 1152.77 over 90 frames.
PARTICIPANT69695-001 TO 
LOG (lattice-best-path[5.0.23~1-f7b2f]:main():lattice-best-path.cc:99) For utterance PARTICIPANT69695-003, best cost 17.4026 + 1331.49 = 1348.89 over 111 frames.
PARTICIPANT69695-003 A THAT 
LOG (lattice-best-path[5.0.23~1-f7b2f]:main():lattice-best-path.cc:99) For utterance PARTICIPANT69695-005, best cost 15.3818 + 1214.06 = 1229.44 over 98 frames.
PARTICIPANT69695-005 ONLY 
LOG (lattice-best-path[5.0.23~1-f7b2f]:main():lattice-best-path.cc:99) For utterance PARTICIPANT69695-007, best cost 16.0512 + 731.67 = 747.721 over 58 frames.
PARTICIPANT69695-007 SO IS 
LOG (lattice-best-path[5.0.23~1-f7b2f]:main():lattice-best-path.cc:99) For utterance PARTICIPANT69695-011, best cost 8.89236 + 228.438 = 237.331 over 18 frames.
PARTICIPANT69695-011 AND 
LOG (lattice-best-path[5.0.23~1-f7b2f]:main():lattice-best-path.cc:99) For utterance PARTICIPANT69695-014, best cost 111.782 + 8452.99 = 8564.77 over 667 frames.
PARTICIPANT69695-014 I YOU DON'T ALL REMEMBER HOLIDAYS AND AND LANDLORD MILES EXCELLENT 
LOG (lattice-best-path[5.0.23~1-f7b2f]:main():lattice-best-path.cc:99) For utterance PARTICIPANT69695-019, best cost 22.1516 + 989.955 = 1012.11 over 76 frames.
PARTICIPANT69695-019 SO THAT'S AND 
LOG (lattice-best-path[5.0.23~1-f7b2f]:main():lattice-best-path.cc:99) For utterance PARTICIPANT69695-021, best cost 96.4143 + 9105.16 = 9201.57 over 678 frames.
PARTICIPANT69695-021 THEN YEAH THEY THAT I'M NOT TO YES ROCHESTER THAT 
LOG (lattice-best-path[5.0.23~1-f7b2f]:main():lattice-best-path.cc:99) For utterance PARTICIPANT69695-023, best cost 69.8055 + 4695.99 = 4765.8 over 348 frames.
PARTICIPANT69695-023 IT'S WE'LL THIS I THAT IT DIFFERENT ALL 
LOG (lattice-best-path[5.0.23~1-f7b2f]:main():lattice-best-path.cc:99) For utterance PARTICIPANT69695-025, best cost 54.9025 + 2993.66 = 3048.57 over 228 frames.
PARTICIPANT69695-025 DID I IT'S ARE A GOING THAT 
LOG (lattice-best-path[5.0.23~1-f7b2f]:main():lattice-best-path.cc:99) For utterance PARTICIPANT69695-027, best cost 35.8146 + 2016.96 = 2052.78 over 163 frames.
PARTICIPANT69695-027 DIED I LIKE AND 
LOG (lattice-best-path[5.0.23~1-f7b2f]:main():lattice-best-path.cc:99) For utterance PARTICIPANT69695-029, best cost 37.6421 + 4247.33 = 4284.97 over 348 frames.
PARTICIPANT69695-029 OH I OKAY TO 
LOG (lattice-best-path[5.0.23~1-f7b2f]:main():lattice-best-path.cc:99) For utterance PARTICIPANT69695-031, best cost 59.0098 + 3849.32 = 3908.33 over 283 frames.
PARTICIPANT69695-031 THE YEAH REALLY HAVE SO MISERABLE YEAH 
LOG (lattice-best-path[5.0.23~1-f7b2f]:main():lattice-best-path.cc:99) For utterance PARTICIPANT69695-033, best cost 26.3332 + 1679.7 = 1706.04 over 128 frames.
PARTICIPANT69695-033 I I FLORIDA 
LOG (lattice-best-path[5.0.23~1-f7b2f]:main():lattice-best-path.cc:99) For utterance PARTICIPANT69695-035, best cost 50.5731 + 2979.41 = 3029.98 over 228 frames.
PARTICIPANT69695-035 IT CAUSE LIVES WHENEVER THAT 
LOG (lattice-best-path[5.0.23~1-f7b2f]:main():lattice-best-path.cc:99) For utterance PARTICIPANT69695-037, best cost 100.883 + 7802.32 = 7903.2 over 588 frames.
PARTICIPANT69695-037 OHIO TO RIDICULOUS THAT IT'S LITTLE AND TO LITTLE THE 
LOG (lattice-best-path[5.0.23~1-f7b2f]:main():lattice-best-path.cc:99) For utterance PARTICIPANT69695-039, best cost 21.5564 + 1231.28 = 1252.84 over 98 frames.
PARTICIPANT69695-039 IT'S ONLY 
LOG (lattice-best-path[5.0.23~1-f7b2f]:main():lattice-best-path.cc:99) For utterance PARTICIPANT69695-041, best cost 50.3775 + 4703.16 = 4753.53 over 368 frames.
PARTICIPANT69695-041 THAT WAS A IMMEDIATELY IT 
LOG (lattice-best-path[5.0.23~1-f7b2f]:main():lattice-best-path.cc:99) For utterance PARTICIPANT69695-043, best cost 20.5585 + 985.377 = 1005.94 over 78 frames.
PARTICIPANT69695-043 NEVER OH 
LOG (lattice-best-path[5.0.23~1-f7b2f]:main():lattice-best-path.cc:99) For utterance PARTICIPANT69695-045, best cost 39.7778 + 3320.84 = 3360.62 over 265 frames.
PARTICIPANT69695-045 AFTER THERE'S TO THAT 
LOG (lattice-best-path[5.0.23~1-f7b2f]:main():lattice-best-path.cc:99) For utterance PARTICIPANT69695-047, best cost 76.4305 + 5896.63 = 5973.06 over 468 frames.
PARTICIPANT69695-047 AND AND INVITED I AND HAVE DATA YEAH YEAH 
LOG (lattice-best-path[5.0.23~1-f7b2f]:main():lattice-best-path.cc:99) For utterance PARTICIPANT69695-049, best cost 13.5444 + 676.052 = 689.596 over 51 frames.
PARTICIPANT69695-049 AT 
LOG (lattice-best-path[5.0.23~1-f7b2f]:main():lattice-best-path.cc:99) For utterance PARTICIPANT69695-051, best cost 15.3081 + 813.596 = 828.904 over 63 frames.
PARTICIPANT69695-051 AND I 
LOG (lattice-best-path[5.0.23~1-f7b2f]:main():lattice-best-path.cc:99) For utterance PARTICIPANT69695-055, best cost 46.0755 + 4979.09 = 5025.16 over 408 frames.
PARTICIPANT69695-055 TO OH TEXTING SO DON'T 
LOG (lattice-best-path[5.0.23~1-f7b2f]:main():lattice-best-path.cc:99) For utterance PARTICIPANT69695-057, best cost 129.807 + 10167.3 = 10297.1 over 818 frames.
PARTICIPANT69695-057 SATURDAY I DID THAT'S AND IT'S BED ON I EXACTLY THAT CAUSES DON'T AND 
LOG (lattice-best-path[5.0.23~1-f7b2f]:main():lattice-best-path.cc:99) For utterance PARTICIPANT69695-059, best cost 80.1368 + 6341.21 = 6421.35 over 509 frames.
PARTICIPANT69695-059 NO THAT WINTERS ON NICE HIGH BUSY SO 
LOG (lattice-best-path[5.0.23~1-f7b2f]:main():lattice-best-path.cc:99) For utterance PARTICIPANT69695-061, best cost 126.599 + 12423.4 = 12550 over 998 frames.
PARTICIPANT69695-061 ON I'M ROCHESTER TRUCKLOADS THE I AND AND A SATURDAY CAN COMPLEX ASSESSMENTS 
LOG (lattice-best-path[5.0.23~1-f7b2f]:main():lattice-best-path.cc:99) For utterance PARTICIPANT69695-063, best cost 165.284 + 12514.6 = 12679.9 over 998 frames.
PARTICIPANT69695-063 DIDN'T WE BACK AND READ WHAT CAN AND REALLY YES AUDITING AND ARE I TEST ENOUGH SOUNDS SO 
LOG (lattice-best-path[5.0.23~1-f7b2f]:main():lattice-best-path.cc:99) For utterance PARTICIPANT69695-065, best cost 62.5028 + 5069.5 = 5132 over 408 frames.
PARTICIPANT69695-065 ON WEEKEND TONIGHT OKAY LOANS NO 
LOG (lattice-best-path[5.0.23~1-f7b2f]:main():lattice-best-path.cc:99) For utterance PARTICIPANT69695-067, best cost 128.003 + 9735.7 = 9863.7 over 758 frames.
PARTICIPANT69695-067 YES YOUR TUESDAY FRIDAY WEEKEND TO AND WEEKENDS YOU WEDDING I THAT RIGHT ON 
LOG (lattice-best-path[5.0.23~1-f7b2f]:main():lattice-best-path.cc:99) For utterance PARTICIPANT69695-069, best cost 108.662 + 9483.55 = 9592.21 over 748 frames.
PARTICIPANT69695-069 EXCITING DAY ON AND EMPTIED WAS SO AND TECHNICALLY AND OR 
LOG (lattice-best-path[5.0.23~1-f7b2f]:main():lattice-best-path.cc:99) For utterance PARTICIPANT69695-071, best cost 194.279 + 18324.1 = 18518.3 over 1505 frames.
PARTICIPANT69695-071 SO ON IS OH I THE DIDN'T PERSON STARTED A SNOW NICE SUNDAY THOUGH BEYOND WAS IS THAT'S AT I 
LOG (lattice-best-path[5.0.23~1-f7b2f]:main():lattice-best-path.cc:99) For utterance PARTICIPANT69695-073, best cost 21.9586 + 1312.28 = 1334.23 over 103 frames.
PARTICIPANT69695-073 DON'T MY 
LOG (lattice-best-path[5.0.23~1-f7b2f]:main():lattice-best-path.cc:99) For utterance PARTICIPANT69695-075, best cost 11.6628 + 892.388 = 904.051 over 76 frames.
PARTICIPANT69695-075 IS 
LOG (lattice-best-path[5.0.23~1-f7b2f]:main():lattice-best-path.cc:99) For utterance PARTICIPANT69695-077, best cost 43.7223 + 3261.85 = 3305.57 over 258 frames.
PARTICIPANT69695-077 NO DEFINITELY BEYOND AND 
LOG (lattice-scale[5.0.23~1-f7b2f]:main():lattice-scale.cc:90) Done 36 lattices.
LOG (lattice-add-penalty[5.0.23~1-f7b2f]:main():lattice-add-penalty.cc:62) Done adding word insertion penalty to 36 lattices.
LOG (lattice-best-path[5.0.23~1-f7b2f]:main():lattice-best-path.cc:99) For utterance PARTICIPANT69695-079, best cost 79.4322 + 6738 = 6817.44 over 528 frames.
PARTICIPANT69695-079 I DOOR SLOW AND REALIZED THAT TODAY 
LOG (lattice-best-path[5.0.23~1-f7b2f]:main():lattice-best-path.cc:124) Overall cost per frame is 12.8158 = 0.159621 [graph] + 12.6562 [acoustic] over 13616 frames.
LOG (lattice-best-path[5.0.23~1-f7b2f]:main():lattice-best-path.cc:128) Done 36 lattices, failed for 0
# Accounting: time=5 threads=1
# Ended (code 0) at Mon Jan 28 18:25:17 EST 2019, elapsed time 5 seconds
