# gunzip -c /z/mkperez/PremanifestHD-classification/Data/Spont-Speech/set12/exp/mono_ali_clinician/decode/depth_stats_tmp.*.gz | steps/diagnostic/analyze_lattice_depth_stats.py /z/mkperez/PremanifestHD-classification/Data/Spont-Speech/set12/exp/mono_ali_clinician/graph 
# Started at Mon Jan 28 18:25:12 EST 2019
#
The total amount of data analyzed assuming 100 frames per second is 0.0 hours
Overall, lattice depth (10,50,90-percentile)=(34,523,2437) and mean=920.5
Nonsilence phones as a group account for 65.7% of frames, with lattice depth (10,50,90-percentile)=(59,608,2375) and mean=929.6
Phone sil accounts for 34.3% of frames, with lattice depth (10,50,90-percentile)=(29,291,2745) and mean=902.9
Phone d_E accounts for 4.7% of frames, with lattice depth (10,50,90-percentile)=(29,694,1923) and mean=925.9
Phone n_I accounts for 4.4% of frames, with lattice depth (10,50,90-percentile)=(89,420,1837) and mean=807.1
Phone eh_I accounts for 2.8% of frames, with lattice depth (10,50,90-percentile)=(60,887,2117) and mean=1008.6
Phone dh_B accounts for 2.7% of frames, with lattice depth (10,50,90-percentile)=(141,1151,2510) and mean=1159.0
Phone iy_I accounts for 2.7% of frames, with lattice depth (10,50,90-percentile)=(68,458,1246) and mean=598.3
Phone ih_I accounts for 2.4% of frames, with lattice depth (10,50,90-percentile)=(21,307,2583) and mean=812.8
Phone ae_I accounts for 2.3% of frames, with lattice depth (10,50,90-percentile)=(291,588,1691) and mean=845.8
Phone t_E accounts for 2.2% of frames, with lattice depth (10,50,90-percentile)=(89,1652,3022) and mean=1615.2
Phone s_B accounts for 1.7% of frames, with lattice depth (10,50,90-percentile)=(65,322,1750) and mean=742.9
Phone ow_E accounts for 1.7% of frames, with lattice depth (10,50,90-percentile)=(126,318,1760) and mean=672.8
Phone l_I accounts for 1.6% of frames, with lattice depth (10,50,90-percentile)=(1,240,913) and mean=459.0
Phone t_I accounts for 1.6% of frames, with lattice depth (10,50,90-percentile)=(74,672,4987) and mean=1457.5
Phone d_B accounts for 1.6% of frames, with lattice depth (10,50,90-percentile)=(189,749,1961) and mean=1020.0
Phone ah_I accounts for 1.5% of frames, with lattice depth (10,50,90-percentile)=(89,359,1824) and mean=653.0
Phone z_E accounts for 1.5% of frames, with lattice depth (10,50,90-percentile)=(43,133,1712) and mean=475.0
Phone t_B accounts for 1.5% of frames, with lattice depth (10,50,90-percentile)=(53,871,1292) and mean=769.6
Phone s_E accounts for 1.4% of frames, with lattice depth (10,50,90-percentile)=(59,1604,3450) and mean=1760.9
Phone iy_S accounts for 1.4% of frames, with lattice depth (10,50,90-percentile)=(22,790,1776) and mean=822.3
Phone ae_B accounts for 1.3% of frames, with lattice depth (10,50,90-percentile)=(67,958,1582) and mean=899.0
Phone d_I accounts for 1.3% of frames, with lattice depth (10,50,90-percentile)=(88,361,2449) and mean=985.5
Phone y_B accounts for 1.2% of frames, with lattice depth (10,50,90-percentile)=(114,589,1651) and mean=774.4
Phone aa_I accounts for 1.2% of frames, with lattice depth (10,50,90-percentile)=(91,291,2455) and mean=802.6
Phone ih_B accounts for 1.2% of frames, with lattice depth (10,50,90-percentile)=(14,490,2957) and mean=1393.0
Phone s_I accounts for 1.2% of frames, with lattice depth (10,50,90-percentile)=(90,642,1467) and mean=624.0
Phone n_E accounts for 1.2% of frames, with lattice depth (10,50,90-percentile)=(13,433,1944) and mean=626.1
Phone k_I accounts for 1.1% of frames, with lattice depth (10,50,90-percentile)=(68,711,2385) and mean=884.3
Phone iy_E accounts for 1.1% of frames, with lattice depth (10,50,90-percentile)=(13,250,2764) and mean=669.8
Phone n_B accounts for 0.9% of frames, with lattice depth (10,50,90-percentile)=(101,465,2886) and mean=1392.6
Phone aa_B accounts for 0.9% of frames, with lattice depth (10,50,90-percentile)=(13,571,1901) and mean=1011.1
Phone ah_B accounts for 0.8% of frames, with lattice depth (10,50,90-percentile)=(29,167,1914) and mean=591.7
Phone w_B accounts for 0.8% of frames, with lattice depth (10,50,90-percentile)=(144,843,2379) and mean=982.4
Phone ao_I accounts for 0.8% of frames, with lattice depth (10,50,90-percentile)=(23,1202,1728) and mean=897.5
Phone eh_B accounts for 0.7% of frames, with lattice depth (10,50,90-percentile)=(109,658,1901) and mean=1096.3
Phone ow_S accounts for 0.7% of frames, with lattice depth (10,50,90-percentile)=(20,29,133) and mean=64.6
Phone ih_E accounts for 0.6% of frames, with lattice depth (10,50,90-percentile)=(252,858,2097) and mean=1033.8
Phone ow_I accounts for 0.6% of frames, with lattice depth (10,50,90-percentile)=(44,1364,1837) and mean=1091.2
Phone ah_E accounts for 0.5% of frames, with lattice depth (10,50,90-percentile)=(53,1237,1539) and mean=1009.0
# Accounting: time=0 threads=1
# Ended (code 0) at Mon Jan 28 18:25:12 EST 2019, elapsed time 0 seconds
