# lattice-scale --inv-acoustic-scale=13 "ark:gunzip -c /z/mkperez/PremanifestHD-classification/Data/Spont-Speech/set18/exp/mono_ali_clinician/decode/lat.*.gz|" ark:- | lattice-add-penalty --word-ins-penalty=1.0 ark:- ark:- | lattice-best-path --word-symbol-table=/z/mkperez/PremanifestHD-classification/Data/Spont-Speech/set18/exp/mono_ali_clinician/graph/words.txt ark:- ark,t:- | utils/int2sym.pl -f 2- /z/mkperez/PremanifestHD-classification/Data/Spont-Speech/set18/exp/mono_ali_clinician/graph/words.txt | local/wer_hyp_filter > /z/mkperez/PremanifestHD-classification/Data/Spont-Speech/set18/exp/mono_ali_clinician/decode/scoring_kaldi/penalty_1.0/13.txt 
# Started at Mon Jan 28 18:44:59 EST 2019
#
lattice-add-penalty --word-ins-penalty=1.0 ark:- ark:- 
lattice-best-path --word-symbol-table=/z/mkperez/PremanifestHD-classification/Data/Spont-Speech/set18/exp/mono_ali_clinician/graph/words.txt ark:- ark,t:- 
lattice-scale --inv-acoustic-scale=13 'ark:gunzip -c /z/mkperez/PremanifestHD-classification/Data/Spont-Speech/set18/exp/mono_ali_clinician/decode/lat.*.gz|' ark:- 
LOG (lattice-best-path[5.0.23~1-f7b2f]:main():lattice-best-path.cc:99) For utterance PARTICPANT84596-001, best cost 28.62 + 1316.4 = 1345.02 over 178 frames.
PARTICPANT84596-001 YEAH UNDERSTANDING 
LOG (lattice-best-path[5.0.23~1-f7b2f]:main():lattice-best-path.cc:99) For utterance PARTICPANT84596-003, best cost 13.0982 + 405.442 = 418.54 over 58 frames.
PARTICPANT84596-003 WHAT 
LOG (lattice-best-path[5.0.23~1-f7b2f]:main():lattice-best-path.cc:99) For utterance PARTICPANT84596-005, best cost 20.6372 + 1118.31 = 1138.95 over 148 frames.
PARTICPANT84596-005 INTRODUCTIONS 
LOG (lattice-best-path[5.0.23~1-f7b2f]:main():lattice-best-path.cc:99) For utterance PARTICPANT84596-007, best cost 15.9293 + 468.225 = 484.155 over 68 frames.
PARTICPANT84596-007 DIDN'T 
LOG (lattice-best-path[5.0.23~1-f7b2f]:main():lattice-best-path.cc:99) For utterance PARTICPANT84596-009, best cost 23.8046 + 881.314 = 905.119 over 128 frames.
PARTICPANT84596-009 LITTLE YEAH 
LOG (lattice-best-path[5.0.23~1-f7b2f]:main():lattice-best-path.cc:99) For utterance PARTICPANT84596-011, best cost 14.2656 + 478.113 = 492.379 over 68 frames.
PARTICPANT84596-011 OR 
LOG (lattice-best-path[5.0.23~1-f7b2f]:main():lattice-best-path.cc:99) For utterance PARTICPANT84596-013, best cost 40.4183 + 1969.47 = 2009.89 over 278 frames.
PARTICPANT84596-013 ALL METAL IN 
LOG (lattice-best-path[5.0.23~1-f7b2f]:main():lattice-best-path.cc:99) For utterance PARTICPANT84596-015, best cost 10.5312 + 276.07 = 286.601 over 38 frames.
PARTICPANT84596-015 TO 
LOG (lattice-best-path[5.0.23~1-f7b2f]:main():lattice-best-path.cc:99) For utterance PARTICPANT84596-017, best cost 46.1417 + 2423.01 = 2469.15 over 348 frames.
PARTICPANT84596-017 DEPRESSED TO YEAH WEEKEND 
LOG (lattice-best-path[5.0.23~1-f7b2f]:main():lattice-best-path.cc:99) For utterance PARTICPANT84596-019, best cost 92.7793 + 4707.59 = 4800.37 over 648 frames.
PARTICPANT84596-019 WHAT ALCOHOL WHEN LANDLORD THAT WANT USE 
LOG (lattice-best-path[5.0.23~1-f7b2f]:main():lattice-best-path.cc:99) For utterance PARTICPANT84596-021, best cost 23.6221 + 812.658 = 836.281 over 108 frames.
PARTICPANT84596-021 GET AND 
LOG (lattice-best-path[5.0.23~1-f7b2f]:main():lattice-best-path.cc:99) For utterance PARTICPANT84596-023, best cost 155.558 + 7477.75 = 7633.3 over 1058 frames.
PARTICPANT84596-023 FINALLY WANTED YEAH RIDICULOUSLY INTRODUCTIONS THAT'S YEAH TRACK LOAN AND ON HISTORY 
LOG (lattice-best-path[5.0.23~1-f7b2f]:main():lattice-best-path.cc:99) For utterance PARTICPANT84596-025, best cost 19.5942 + 773.311 = 792.905 over 110 frames.
PARTICPANT84596-025 EMPTIED 
LOG (lattice-best-path[5.0.23~1-f7b2f]:main():lattice-best-path.cc:99) For utterance PARTICPANT84596-027, best cost 20.4988 + 809.46 = 829.959 over 108 frames.
PARTICPANT84596-027 AMAZING 
LOG (lattice-best-path[5.0.23~1-f7b2f]:main():lattice-best-path.cc:99) For utterance PARTICPANT84596-030, best cost 42.1042 + 2076.3 = 2118.4 over 288 frames.
PARTICPANT84596-030 I ONTARIO DNA 
LOG (lattice-best-path[5.0.23~1-f7b2f]:main():lattice-best-path.cc:99) For utterance PARTICPANT84596-032, best cost 12.9463 + 600.54 = 613.486 over 88 frames.
PARTICPANT84596-032 YEAH 
LOG (lattice-best-path[5.0.23~1-f7b2f]:main():lattice-best-path.cc:99) For utterance PARTICPANT84596-034, best cost 12.9591 + 357.275 = 370.234 over 48 frames.
PARTICPANT84596-034 WHERE 
LOG (lattice-best-path[5.0.23~1-f7b2f]:main():lattice-best-path.cc:99) For utterance PARTICPANT84596-036, best cost 33.9114 + 1511.13 = 1545.04 over 204 frames.
PARTICPANT84596-036 WAY PERSON 
LOG (lattice-best-path[5.0.23~1-f7b2f]:main():lattice-best-path.cc:99) For utterance PARTICPANT84596-038, best cost 46.1148 + 2126.39 = 2172.51 over 298 frames.
PARTICPANT84596-038 WEEKEND MAINTENANCE TALKING 
LOG (lattice-best-path[5.0.23~1-f7b2f]:main():lattice-best-path.cc:99) For utterance PARTICPANT84596-040, best cost 10.2532 + 118.241 = 128.494 over 18 frames.
PARTICPANT84596-040 OH 
LOG (lattice-best-path[5.0.23~1-f7b2f]:main():lattice-best-path.cc:99) For utterance PARTICPANT84596-042, best cost 50.7271 + 2203.8 = 2254.53 over 318 frames.
PARTICPANT84596-042 DISABILITY ON PRETTY THAT'S 
LOG (lattice-best-path[5.0.23~1-f7b2f]:main():lattice-best-path.cc:99) For utterance PARTICPANT84596-044, best cost 11.7407 + 623.715 = 635.456 over 88 frames.
PARTICPANT84596-044 THE 
LOG (lattice-best-path[5.0.23~1-f7b2f]:main():lattice-best-path.cc:99) For utterance PARTICPANT84596-046, best cost 11.9715 + 477.06 = 489.031 over 68 frames.
PARTICPANT84596-046 AND 
LOG (lattice-best-path[5.0.23~1-f7b2f]:main():lattice-best-path.cc:99) For utterance PARTICPANT84596-048, best cost 13.6039 + 455.274 = 468.878 over 64 frames.
PARTICPANT84596-048 THIS 
LOG (lattice-best-path[5.0.23~1-f7b2f]:main():lattice-best-path.cc:99) For utterance PARTICPANT84596-050, best cost 22.0508 + 1059.95 = 1082 over 148 frames.
PARTICPANT84596-050 PARTICIPANTS 
LOG (lattice-best-path[5.0.23~1-f7b2f]:main():lattice-best-path.cc:99) For utterance PARTICPANT84596-052, best cost 25.3032 + 909.792 = 935.095 over 128 frames.
PARTICPANT84596-052 ADRIAN YEAH 
LOG (lattice-best-path[5.0.23~1-f7b2f]:main():lattice-best-path.cc:99) For utterance PARTICPANT84596-054, best cost 30.5398 + 1196.45 = 1226.99 over 168 frames.
PARTICPANT84596-054 DISABILITY BECAUSE 
LOG (lattice-best-path[5.0.23~1-f7b2f]:main():lattice-best-path.cc:99) For utterance PARTICPANT84596-056, best cost 86.0941 + 5092.62 = 5178.71 over 718 frames.
PARTICPANT84596-056 NOT BE REALIZED YEAH ELEMENTARY SATURDAY 
LOG (lattice-best-path[5.0.23~1-f7b2f]:main():lattice-best-path.cc:99) For utterance PARTICPANT84596-058, best cost 19.5271 + 1007.41 = 1026.94 over 138 frames.
PARTICPANT84596-058 DEFINITELY 
LOG (lattice-best-path[5.0.23~1-f7b2f]:main():lattice-best-path.cc:99) For utterance PARTICPANT84596-060, best cost 15.3583 + 1000.89 = 1016.25 over 148 frames.
PARTICPANT84596-060 OKAY 
LOG (lattice-best-path[5.0.23~1-f7b2f]:main():lattice-best-path.cc:99) For utterance PARTICPANT84596-062, best cost 107.737 + 5921.97 = 6029.7 over 808 frames.
PARTICPANT84596-062 IT INTRODUCTIONS TO AND DIFFERENCES OKAY ANTIDEPRESSANTS DATA 
LOG (lattice-best-path[5.0.23~1-f7b2f]:main():lattice-best-path.cc:99) For utterance PARTICPANT84596-065, best cost 13.2201 + 522.47 = 535.691 over 78 frames.
PARTICPANT84596-065 IN 
LOG (lattice-best-path[5.0.23~1-f7b2f]:main():lattice-best-path.cc:99) For utterance PARTICPANT84596-066, best cost 26.5091 + 1137.04 = 1163.55 over 168 frames.
PARTICPANT84596-066 AND STUDY 
LOG (lattice-best-path[5.0.23~1-f7b2f]:main():lattice-best-path.cc:99) For utterance PARTICPANT84596-068, best cost 26.4827 + 996.319 = 1022.8 over 138 frames.
PARTICPANT84596-068 IT'S USED 
LOG (lattice-best-path[5.0.23~1-f7b2f]:main():lattice-best-path.cc:99) For utterance PARTICPANT84596-070, best cost 12.8384 + 578.58 = 591.418 over 78 frames.
PARTICPANT84596-070 TO 
LOG (lattice-best-path[5.0.23~1-f7b2f]:main():lattice-best-path.cc:99) For utterance PARTICPANT84596-072, best cost 24.6288 + 905.168 = 929.797 over 128 frames.
PARTICPANT84596-072 I IDEA 
LOG (lattice-best-path[5.0.23~1-f7b2f]:main():lattice-best-path.cc:99) For utterance PARTICPANT84596-074, best cost 194.122 + 10558 = 10752.2 over 1538 frames.
PARTICPANT84596-074 THEN AND WEEKEND YEAH I THAT YOU BETWEEN BETWEEN WEEKEND AND ON ANY IN THEN YEAH ADRIAN BE 
LOG (lattice-best-path[5.0.23~1-f7b2f]:main():lattice-best-path.cc:99) For utterance PARTICPANT84596-075, best cost 11.8731 + 345.719 = 357.592 over 48 frames.
PARTICPANT84596-075 TO 
LOG (lattice-best-path[5.0.23~1-f7b2f]:main():lattice-best-path.cc:99) For utterance PARTICPANT84596-079, best cost 16.0935 + 574.25 = 590.344 over 78 frames.
PARTICPANT84596-079 YES 
LOG (lattice-best-path[5.0.23~1-f7b2f]:main():lattice-best-path.cc:99) For utterance PARTICPANT84596-081, best cost 102.283 + 5636.84 = 5739.13 over 798 frames.
PARTICPANT84596-081 WAS YEAH YEAH IDEA WEEKEND LITTLE EXCITED THAT YEAH 
LOG (lattice-best-path[5.0.23~1-f7b2f]:main():lattice-best-path.cc:99) For utterance PARTICPANT84596-083, best cost 35.6245 + 1383.59 = 1419.22 over 188 frames.
PARTICPANT84596-083 IT WEEKEND BETWEEN 
LOG (lattice-best-path[5.0.23~1-f7b2f]:main():lattice-best-path.cc:99) For utterance PARTICPANT84596-085, best cost 11.8252 + 384.602 = 396.427 over 58 frames.
PARTICPANT84596-085 YEAH 
LOG (lattice-best-path[5.0.23~1-f7b2f]:main():lattice-best-path.cc:99) For utterance PARTICPANT84596-087, best cost 15.7011 + 793.209 = 808.911 over 108 frames.
PARTICPANT84596-087 WEEKEND 
LOG (lattice-best-path[5.0.23~1-f7b2f]:main():lattice-best-path.cc:99) For utterance PARTICPANT84596-090, best cost 24.7927 + 930.041 = 954.833 over 128 frames.
PARTICPANT84596-090 ISH YEAH 
LOG (lattice-scale[5.0.23~1-f7b2f]:main():lattice-scale.cc:90) Done 46 lattices.
LOG (lattice-best-path[5.0.23~1-f7b2f]:main():lattice-best-path.cc:99) For utterance PARTICPANT84596-092, best cost 44.0138 + 2679.49 = 2723.5 over 373 frames.
PARTICPANT84596-092 IT THAT AND NICE 
LOG (lattice-add-penalty[5.0.23~1-f7b2f]:main():lattice-add-penalty.cc:62) Done adding word insertion penalty to 46 lattices.
LOG (lattice-best-path[5.0.23~1-f7b2f]:main():lattice-best-path.cc:99) For utterance PARTICPANT84596-095, best cost 14.7276 + 343.243 = 357.971 over 48 frames.
PARTICPANT84596-095 YET 
LOG (lattice-best-path[5.0.23~1-f7b2f]:main():lattice-best-path.cc:124) Overall cost per frame is 7.25539 = 0.149785 [graph] + 7.1056 [acoustic] over 11037 frames.
LOG (lattice-best-path[5.0.23~1-f7b2f]:main():lattice-best-path.cc:128) Done 46 lattices, failed for 0
# Accounting: time=5 threads=1
# Ended (code 0) at Mon Jan 28 18:45:04 EST 2019, elapsed time 5 seconds
