# lattice-scale --inv-acoustic-scale=9 "ark:gunzip -c /z/mkperez/PremanifestHD-classification/Data/Spont-Speech/set18/exp/mono_ali_clinician/decode/lat.*.gz|" ark:- | lattice-add-penalty --word-ins-penalty=1.0 ark:- ark:- | lattice-best-path --word-symbol-table=/z/mkperez/PremanifestHD-classification/Data/Spont-Speech/set18/exp/mono_ali_clinician/graph/words.txt ark:- ark,t:- | utils/int2sym.pl -f 2- /z/mkperez/PremanifestHD-classification/Data/Spont-Speech/set18/exp/mono_ali_clinician/graph/words.txt | local/wer_hyp_filter > /z/mkperez/PremanifestHD-classification/Data/Spont-Speech/set18/exp/mono_ali_clinician/decode/scoring_kaldi/penalty_1.0/9.txt 
# Started at Mon Jan 28 18:44:59 EST 2019
#
lattice-scale --inv-acoustic-scale=9 'ark:gunzip -c /z/mkperez/PremanifestHD-classification/Data/Spont-Speech/set18/exp/mono_ali_clinician/decode/lat.*.gz|' ark:- 
lattice-best-path --word-symbol-table=/z/mkperez/PremanifestHD-classification/Data/Spont-Speech/set18/exp/mono_ali_clinician/graph/words.txt ark:- ark,t:- 
lattice-add-penalty --word-ins-penalty=1.0 ark:- ark:- 
LOG (lattice-best-path[5.0.23~1-f7b2f]:main():lattice-best-path.cc:99) For utterance PARTICPANT84596-001, best cost 28.62 + 1901.47 = 1930.09 over 178 frames.
PARTICPANT84596-001 YEAH UNDERSTANDING 
LOG (lattice-best-path[5.0.23~1-f7b2f]:main():lattice-best-path.cc:99) For utterance PARTICPANT84596-003, best cost 13.0982 + 585.639 = 598.737 over 58 frames.
PARTICPANT84596-003 WHAT 
LOG (lattice-best-path[5.0.23~1-f7b2f]:main():lattice-best-path.cc:99) For utterance PARTICPANT84596-005, best cost 20.6372 + 1615.34 = 1635.98 over 148 frames.
PARTICPANT84596-005 INTRODUCTIONS 
LOG (lattice-best-path[5.0.23~1-f7b2f]:main():lattice-best-path.cc:99) For utterance PARTICPANT84596-007, best cost 19.5214 + 671.473 = 690.995 over 68 frames.
PARTICPANT84596-007 IT TO 
LOG (lattice-best-path[5.0.23~1-f7b2f]:main():lattice-best-path.cc:99) For utterance PARTICPANT84596-009, best cost 25.4764 + 1271.02 = 1296.5 over 128 frames.
PARTICPANT84596-009 ONLY YEAH 
LOG (lattice-best-path[5.0.23~1-f7b2f]:main():lattice-best-path.cc:99) For utterance PARTICPANT84596-011, best cost 14.2656 + 690.608 = 704.874 over 68 frames.
PARTICPANT84596-011 OR 
LOG (lattice-best-path[5.0.23~1-f7b2f]:main():lattice-best-path.cc:99) For utterance PARTICPANT84596-013, best cost 40.4183 + 2844.79 = 2885.21 over 278 frames.
PARTICPANT84596-013 ALL METAL IN 
LOG (lattice-best-path[5.0.23~1-f7b2f]:main():lattice-best-path.cc:99) For utterance PARTICPANT84596-015, best cost 15.6363 + 392.854 = 408.491 over 38 frames.
PARTICPANT84596-015 I THE 
LOG (lattice-best-path[5.0.23~1-f7b2f]:main():lattice-best-path.cc:99) For utterance PARTICPANT84596-017, best cost 65.3121 + 3479.91 = 3545.22 over 348 frames.
PARTICPANT84596-017 THE ARE IT'S TO YES ANY CAN 
LOG (lattice-best-path[5.0.23~1-f7b2f]:main():lattice-best-path.cc:99) For utterance PARTICPANT84596-019, best cost 113.624 + 6774.41 = 6888.04 over 648 frames.
PARTICPANT84596-019 YET AND ORLANDO ALL THE THAT LANDLORD THAT MORE ALWAYS 
LOG (lattice-best-path[5.0.23~1-f7b2f]:main():lattice-best-path.cc:99) For utterance PARTICPANT84596-021, best cost 23.6221 + 1173.84 = 1197.46 over 108 frames.
PARTICPANT84596-021 GET AND 
LOG (lattice-best-path[5.0.23~1-f7b2f]:main():lattice-best-path.cc:99) For utterance PARTICPANT84596-023, best cost 190.581 + 10762 = 10952.6 over 1058 frames.
PARTICPANT84596-023 GOING REALLY WE'RE HOLIDAY YEAH STARTED ALCOHOL DNA DOESN'T THAT'S YEAH GRAHAM LOAN AND ON SUNDAY 
LOG (lattice-best-path[5.0.23~1-f7b2f]:main():lattice-best-path.cc:99) For utterance PARTICPANT84596-025, best cost 19.5942 + 1117.01 = 1136.6 over 110 frames.
PARTICPANT84596-025 EMPTIED 
LOG (lattice-best-path[5.0.23~1-f7b2f]:main():lattice-best-path.cc:99) For utterance PARTICPANT84596-027, best cost 25.4345 + 1162.66 = 1188.09 over 108 frames.
PARTICPANT84596-027 MILES IN 
LOG (lattice-best-path[5.0.23~1-f7b2f]:main():lattice-best-path.cc:99) For utterance PARTICPANT84596-030, best cost 42.1042 + 2999.09 = 3041.2 over 288 frames.
PARTICPANT84596-030 I ONTARIO DNA 
LOG (lattice-best-path[5.0.23~1-f7b2f]:main():lattice-best-path.cc:99) For utterance PARTICPANT84596-032, best cost 12.9463 + 867.447 = 880.393 over 88 frames.
PARTICPANT84596-032 YEAH 
LOG (lattice-best-path[5.0.23~1-f7b2f]:main():lattice-best-path.cc:99) For utterance PARTICPANT84596-034, best cost 13.3014 + 515.669 = 528.971 over 48 frames.
PARTICPANT84596-034 WHEN 
LOG (lattice-best-path[5.0.23~1-f7b2f]:main():lattice-best-path.cc:99) For utterance PARTICPANT84596-036, best cost 33.9114 + 2182.74 = 2216.65 over 204 frames.
PARTICPANT84596-036 WAY PERSON 
LOG (lattice-best-path[5.0.23~1-f7b2f]:main():lattice-best-path.cc:99) For utterance PARTICPANT84596-038, best cost 62.2188 + 3053.26 = 3115.48 over 298 frames.
PARTICPANT84596-038 ARBOR THAT MAINTENANCE LOT HERE 
LOG (lattice-best-path[5.0.23~1-f7b2f]:main():lattice-best-path.cc:99) For utterance PARTICPANT84596-040, best cost 10.2532 + 170.792 = 181.045 over 18 frames.
PARTICPANT84596-040 OH 
LOG (lattice-best-path[5.0.23~1-f7b2f]:main():lattice-best-path.cc:99) For utterance PARTICPANT84596-042, best cost 56.857 + 3175.15 = 3232 over 318 frames.
PARTICPANT84596-042 AND FACILITY ON PRETTY THAT'S 
LOG (lattice-best-path[5.0.23~1-f7b2f]:main():lattice-best-path.cc:99) For utterance PARTICPANT84596-044, best cost 11.7407 + 900.922 = 912.663 over 88 frames.
PARTICPANT84596-044 THE 
LOG (lattice-best-path[5.0.23~1-f7b2f]:main():lattice-best-path.cc:99) For utterance PARTICPANT84596-046, best cost 14.6619 + 685.292 = 699.954 over 68 frames.
PARTICPANT84596-046 DATA 
LOG (lattice-best-path[5.0.23~1-f7b2f]:main():lattice-best-path.cc:99) For utterance PARTICPANT84596-048, best cost 19.5273 + 649.985 = 669.512 over 64 frames.
PARTICPANT84596-048 THIS A 
LOG (lattice-best-path[5.0.23~1-f7b2f]:main():lattice-best-path.cc:99) For utterance PARTICPANT84596-050, best cost 28.3411 + 1522.21 = 1550.55 over 148 frames.
PARTICPANT84596-050 FLORIDA COURSE 
LOG (lattice-best-path[5.0.23~1-f7b2f]:main():lattice-best-path.cc:99) For utterance PARTICPANT84596-052, best cost 27.0821 + 1312.22 = 1339.3 over 128 frames.
PARTICPANT84596-052 A IN YEAH 
LOG (lattice-best-path[5.0.23~1-f7b2f]:main():lattice-best-path.cc:99) For utterance PARTICPANT84596-054, best cost 30.5398 + 1728.21 = 1758.75 over 168 frames.
PARTICPANT84596-054 DISABILITY BECAUSE 
LOG (lattice-best-path[5.0.23~1-f7b2f]:main():lattice-best-path.cc:99) For utterance PARTICPANT84596-056, best cost 98.8688 + 7341.54 = 7440.41 over 718 frames.
PARTICPANT84596-056 AND ARE BE REALIZED YEAH THEN ELEMENTARY SATURDAY 
LOG (lattice-best-path[5.0.23~1-f7b2f]:main():lattice-best-path.cc:99) For utterance PARTICPANT84596-058, best cost 29.3775 + 1442.03 = 1471.41 over 138 frames.
PARTICPANT84596-058 BETWEEN GETTING 
LOG (lattice-best-path[5.0.23~1-f7b2f]:main():lattice-best-path.cc:99) For utterance PARTICPANT84596-060, best cost 20.8823 + 1438.29 = 1459.18 over 148 frames.
PARTICPANT84596-060 SO OKAY 
LOG (lattice-best-path[5.0.23~1-f7b2f]:main():lattice-best-path.cc:99) For utterance PARTICPANT84596-062, best cost 124.234 + 8535.57 = 8659.8 over 808 frames.
PARTICPANT84596-062 IT INTRODUCTIONS TO AND YOU WARN IS OKAY AND INSTRUMENTS DATA 
LOG (lattice-best-path[5.0.23~1-f7b2f]:main():lattice-best-path.cc:99) For utterance PARTICPANT84596-065, best cost 13.2201 + 754.679 = 767.9 over 78 frames.
PARTICPANT84596-065 IN 
LOG (lattice-best-path[5.0.23~1-f7b2f]:main():lattice-best-path.cc:99) For utterance PARTICPANT84596-066, best cost 26.5091 + 1642.39 = 1668.9 over 168 frames.
PARTICPANT84596-066 AND STUDY 
LOG (lattice-best-path[5.0.23~1-f7b2f]:main():lattice-best-path.cc:99) For utterance PARTICPANT84596-068, best cost 27.7584 + 1437.29 = 1465.04 over 138 frames.
PARTICPANT84596-068 IT'S ERUPTED 
LOG (lattice-best-path[5.0.23~1-f7b2f]:main():lattice-best-path.cc:99) For utterance PARTICPANT84596-070, best cost 18.043 + 829.722 = 847.765 over 78 frames.
PARTICPANT84596-070 PERSON 
LOG (lattice-best-path[5.0.23~1-f7b2f]:main():lattice-best-path.cc:99) For utterance PARTICPANT84596-072, best cost 24.6288 + 1307.47 = 1332.09 over 128 frames.
PARTICPANT84596-072 I IDEA 
LOG (lattice-best-path[5.0.23~1-f7b2f]:main():lattice-best-path.cc:99) For utterance PARTICPANT84596-074, best cost 221.416 + 15221.8 = 15443.2 over 1538 frames.
PARTICPANT84596-074 THEN AND SEE JUST YEAH I THAT I BE BETWEEN BETWEEN BETWEEN AND ON AND I IN DID YEAH DO CREEK BE 
LOG (lattice-best-path[5.0.23~1-f7b2f]:main():lattice-best-path.cc:99) For utterance PARTICPANT84596-075, best cost 15.6239 + 494.575 = 510.199 over 48 frames.
PARTICPANT84596-075 TRIP 
LOG (lattice-best-path[5.0.23~1-f7b2f]:main():lattice-best-path.cc:99) For utterance PARTICPANT84596-079, best cost 16.781 + 828.687 = 845.468 over 78 frames.
PARTICPANT84596-079 YET 
LOG (lattice-best-path[5.0.23~1-f7b2f]:main():lattice-best-path.cc:99) For utterance PARTICPANT84596-081, best cost 126.158 + 8108.7 = 8234.86 over 798 frames.
PARTICPANT84596-081 IN DOLLARS AND YEAH YEAH IDEA WEEKEND LITTLE TRIPS I THAT YEAH 
LOG (lattice-best-path[5.0.23~1-f7b2f]:main():lattice-best-path.cc:99) For utterance PARTICPANT84596-083, best cost 36.4365 + 1997.63 = 2034.07 over 188 frames.
PARTICPANT84596-083 IT WEEKEND BASICALLY 
LOG (lattice-best-path[5.0.23~1-f7b2f]:main():lattice-best-path.cc:99) For utterance PARTICPANT84596-085, best cost 11.8252 + 555.536 = 567.361 over 58 frames.
PARTICPANT84596-085 YEAH 
LOG (lattice-best-path[5.0.23~1-f7b2f]:main():lattice-best-path.cc:99) For utterance PARTICPANT84596-087, best cost 25.4357 + 1132.92 = 1158.35 over 108 frames.
PARTICPANT84596-087 ON EXCITED 
LOG (lattice-best-path[5.0.23~1-f7b2f]:main():lattice-best-path.cc:99) For utterance PARTICPANT84596-090, best cost 24.7927 + 1343.39 = 1368.19 over 128 frames.
PARTICPANT84596-090 ISH YEAH 
LOG (lattice-scale[5.0.23~1-f7b2f]:main():lattice-scale.cc:90) Done 46 lattices.
LOG (lattice-best-path[5.0.23~1-f7b2f]:main():lattice-best-path.cc:99) For utterance PARTICPANT84596-092, best cost 50.0747 + 3862.42 = 3912.49 over 373 frames.
PARTICPANT84596-092 INTERESTING THAT AND NICE 
LOG (lattice-add-penalty[5.0.23~1-f7b2f]:main():lattice-add-penalty.cc:62) Done adding word insertion penalty to 46 lattices.
LOG (lattice-best-path[5.0.23~1-f7b2f]:main():lattice-best-path.cc:99) For utterance PARTICPANT84596-095, best cost 14.7276 + 495.795 = 510.523 over 48 frames.
PARTICPANT84596-095 YET 
LOG (lattice-best-path[5.0.23~1-f7b2f]:main():lattice-best-path.cc:124) Overall cost per frame is 10.4089 = 0.172703 [graph] + 10.2362 [acoustic] over 11037 frames.
LOG (lattice-best-path[5.0.23~1-f7b2f]:main():lattice-best-path.cc:128) Done 46 lattices, failed for 0
# Accounting: time=5 threads=1
# Ended (code 0) at Mon Jan 28 18:45:04 EST 2019, elapsed time 5 seconds
