# lattice-scale --inv-acoustic-scale=7 "ark:gunzip -c /z/mkperez/PremanifestHD-classification/Data/Spont-Speech/set18/exp/mono_ali_clinician/decode/lat.*.gz|" ark:- | lattice-add-penalty --word-ins-penalty=1.0 ark:- ark:- | lattice-best-path --word-symbol-table=/z/mkperez/PremanifestHD-classification/Data/Spont-Speech/set18/exp/mono_ali_clinician/graph/words.txt ark:- ark,t:- | utils/int2sym.pl -f 2- /z/mkperez/PremanifestHD-classification/Data/Spont-Speech/set18/exp/mono_ali_clinician/graph/words.txt | local/wer_hyp_filter > /z/mkperez/PremanifestHD-classification/Data/Spont-Speech/set18/exp/mono_ali_clinician/decode/scoring_kaldi/penalty_1.0/7.txt 
# Started at Mon Jan 28 18:44:59 EST 2019
#
lattice-add-penalty --word-ins-penalty=1.0 ark:- ark:- 
lattice-scale --inv-acoustic-scale=7 'ark:gunzip -c /z/mkperez/PremanifestHD-classification/Data/Spont-Speech/set18/exp/mono_ali_clinician/decode/lat.*.gz|' ark:- 
lattice-best-path --word-symbol-table=/z/mkperez/PremanifestHD-classification/Data/Spont-Speech/set18/exp/mono_ali_clinician/graph/words.txt ark:- ark,t:- 
LOG (lattice-best-path[5.0.23~1-f7b2f]:main():lattice-best-path.cc:99) For utterance PARTICPANT84596-001, best cost 39.7487 + 2431.33 = 2471.08 over 178 frames.
PARTICPANT84596-001 YEAH SAID AND IN 
LOG (lattice-best-path[5.0.23~1-f7b2f]:main():lattice-best-path.cc:99) For utterance PARTICPANT84596-003, best cost 13.0982 + 752.964 = 766.062 over 58 frames.
PARTICPANT84596-003 WHAT 
LOG (lattice-best-path[5.0.23~1-f7b2f]:main():lattice-best-path.cc:99) For utterance PARTICPANT84596-005, best cost 34.1063 + 2061.55 = 2095.66 over 148 frames.
PARTICPANT84596-005 TO DELTA WEEKEND 
LOG (lattice-best-path[5.0.23~1-f7b2f]:main():lattice-best-path.cc:99) For utterance PARTICPANT84596-007, best cost 19.5214 + 863.323 = 882.844 over 68 frames.
PARTICPANT84596-007 IT TO 
LOG (lattice-best-path[5.0.23~1-f7b2f]:main():lattice-best-path.cc:99) For utterance PARTICPANT84596-009, best cost 25.4764 + 1634.17 = 1659.65 over 128 frames.
PARTICPANT84596-009 ONLY YEAH 
LOG (lattice-best-path[5.0.23~1-f7b2f]:main():lattice-best-path.cc:99) For utterance PARTICPANT84596-011, best cost 14.2656 + 887.924 = 902.19 over 68 frames.
PARTICPANT84596-011 OR 
LOG (lattice-best-path[5.0.23~1-f7b2f]:main():lattice-best-path.cc:99) For utterance PARTICPANT84596-013, best cost 47.187 + 3650.15 = 3697.34 over 278 frames.
PARTICPANT84596-013 ALL IT METAL IN 
LOG (lattice-best-path[5.0.23~1-f7b2f]:main():lattice-best-path.cc:99) For utterance PARTICPANT84596-015, best cost 15.6363 + 505.099 = 520.735 over 38 frames.
PARTICPANT84596-015 I THE 
LOG (lattice-best-path[5.0.23~1-f7b2f]:main():lattice-best-path.cc:99) For utterance PARTICPANT84596-017, best cost 65.3121 + 4474.17 = 4539.48 over 348 frames.
PARTICPANT84596-017 THE ARE IT'S TO YES ANY CAN 
LOG (lattice-best-path[5.0.23~1-f7b2f]:main():lattice-best-path.cc:99) For utterance PARTICPANT84596-019, best cost 140.456 + 8680.86 = 8821.32 over 648 frames.
PARTICPANT84596-019 YET I LOT ORLANDO ALL SOMEBODY THAT LANDLORD THAT MORE ON ME WAS 
LOG (lattice-best-path[5.0.23~1-f7b2f]:main():lattice-best-path.cc:99) For utterance PARTICPANT84596-021, best cost 23.6221 + 1509.22 = 1532.84 over 108 frames.
PARTICPANT84596-021 GET AND 
LOG (lattice-best-path[5.0.23~1-f7b2f]:main():lattice-best-path.cc:99) For utterance PARTICPANT84596-023, best cost 197.038 + 13829.1 = 14026.2 over 1058 frames.
PARTICPANT84596-023 OH YOUR REALLY WE'RE HOLIDAY NOT FIRST ALCOHOL DNA DOESN'T THAT'S YEAH GRAHAM LOAN AND ON SUNDAY 
LOG (lattice-best-path[5.0.23~1-f7b2f]:main():lattice-best-path.cc:99) For utterance PARTICPANT84596-025, best cost 19.5942 + 1436.15 = 1455.74 over 110 frames.
PARTICPANT84596-025 EMPTIED 
LOG (lattice-best-path[5.0.23~1-f7b2f]:main():lattice-best-path.cc:99) For utterance PARTICPANT84596-027, best cost 25.4345 + 1494.84 = 1520.28 over 108 frames.
PARTICPANT84596-027 MILES IN 
LOG (lattice-best-path[5.0.23~1-f7b2f]:main():lattice-best-path.cc:99) For utterance PARTICPANT84596-030, best cost 52.2745 + 3843.86 = 3896.13 over 288 frames.
PARTICPANT84596-030 I ARE WAS AND DNA 
LOG (lattice-best-path[5.0.23~1-f7b2f]:main():lattice-best-path.cc:99) For utterance PARTICPANT84596-032, best cost 18.7078 + 1108.46 = 1127.17 over 88 frames.
PARTICPANT84596-032 YEAH A 
LOG (lattice-best-path[5.0.23~1-f7b2f]:main():lattice-best-path.cc:99) For utterance PARTICPANT84596-034, best cost 13.3014 + 663.003 = 676.305 over 48 frames.
PARTICPANT84596-034 WHEN 
LOG (lattice-best-path[5.0.23~1-f7b2f]:main():lattice-best-path.cc:99) For utterance PARTICPANT84596-036, best cost 33.9114 + 2806.38 = 2840.29 over 204 frames.
PARTICPANT84596-036 WAY PERSON 
LOG (lattice-best-path[5.0.23~1-f7b2f]:main():lattice-best-path.cc:99) For utterance PARTICPANT84596-038, best cost 62.6498 + 3925.15 = 3987.8 over 298 frames.
PARTICPANT84596-038 ARBOR THAT MAINTENANCE LOT WE'RE 
LOG (lattice-best-path[5.0.23~1-f7b2f]:main():lattice-best-path.cc:99) For utterance PARTICPANT84596-040, best cost 10.2532 + 219.59 = 229.843 over 18 frames.
PARTICPANT84596-040 OH 
LOG (lattice-best-path[5.0.23~1-f7b2f]:main():lattice-best-path.cc:99) For utterance PARTICPANT84596-042, best cost 66.3436 + 4071.19 = 4137.53 over 318 frames.
PARTICPANT84596-042 AT FACILITY ON BE PRETTY THAT'S 
LOG (lattice-best-path[5.0.23~1-f7b2f]:main():lattice-best-path.cc:99) For utterance PARTICPANT84596-044, best cost 18.1186 + 1151.2 = 1169.32 over 88 frames.
PARTICPANT84596-044 THE YEAH 
LOG (lattice-best-path[5.0.23~1-f7b2f]:main():lattice-best-path.cc:99) For utterance PARTICPANT84596-046, best cost 17.6521 + 877.548 = 895.2 over 68 frames.
PARTICPANT84596-046 AND A 
LOG (lattice-best-path[5.0.23~1-f7b2f]:main():lattice-best-path.cc:99) For utterance PARTICPANT84596-048, best cost 19.5273 + 835.695 = 855.223 over 64 frames.
PARTICPANT84596-048 THIS A 
LOG (lattice-best-path[5.0.23~1-f7b2f]:main():lattice-best-path.cc:99) For utterance PARTICPANT84596-050, best cost 28.3411 + 1957.13 = 1985.47 over 148 frames.
PARTICPANT84596-050 FLORIDA COURSE 
LOG (lattice-best-path[5.0.23~1-f7b2f]:main():lattice-best-path.cc:99) For utterance PARTICPANT84596-052, best cost 27.0821 + 1687.14 = 1714.22 over 128 frames.
PARTICPANT84596-052 A IN YEAH 
LOG (lattice-best-path[5.0.23~1-f7b2f]:main():lattice-best-path.cc:99) For utterance PARTICPANT84596-054, best cost 32.4119 + 2219.81 = 2252.22 over 168 frames.
PARTICPANT84596-054 DISABILITY BEYOND 
LOG (lattice-best-path[5.0.23~1-f7b2f]:main():lattice-best-path.cc:99) For utterance PARTICPANT84596-056, best cost 117.202 + 9417.25 = 9534.45 over 718 frames.
PARTICPANT84596-056 AND ARE BE REALLY REALIZED YEAH THEN ELEMENTARY PARTY VERY 
LOG (lattice-best-path[5.0.23~1-f7b2f]:main():lattice-best-path.cc:99) For utterance PARTICPANT84596-058, best cost 29.3775 + 1854.04 = 1883.42 over 138 frames.
PARTICPANT84596-058 BETWEEN GETTING 
LOG (lattice-best-path[5.0.23~1-f7b2f]:main():lattice-best-path.cc:99) For utterance PARTICPANT84596-060, best cost 20.8823 + 1849.23 = 1870.12 over 148 frames.
PARTICPANT84596-060 SO OKAY 
LOG (lattice-best-path[5.0.23~1-f7b2f]:main():lattice-best-path.cc:99) For utterance PARTICPANT84596-062, best cost 140.37 + 10956.6 = 11096.9 over 808 frames.
PARTICPANT84596-062 IT INTRODUCTIONS SUICIDE USE WHERE AND IS OKAY AND INSTRUMENTS TO CANADA 
LOG (lattice-best-path[5.0.23~1-f7b2f]:main():lattice-best-path.cc:99) For utterance PARTICPANT84596-065, best cost 13.2201 + 970.302 = 983.522 over 78 frames.
PARTICPANT84596-065 IN 
LOG (lattice-best-path[5.0.23~1-f7b2f]:main():lattice-best-path.cc:99) For utterance PARTICPANT84596-066, best cost 32.6153 + 2104.92 = 2137.54 over 168 frames.
PARTICPANT84596-066 AND DIDN'T BE 
LOG (lattice-best-path[5.0.23~1-f7b2f]:main():lattice-best-path.cc:99) For utterance PARTICPANT84596-068, best cost 27.7584 + 1847.94 = 1875.7 over 138 frames.
PARTICPANT84596-068 IT'S ERUPTED 
LOG (lattice-best-path[5.0.23~1-f7b2f]:main():lattice-best-path.cc:99) For utterance PARTICPANT84596-070, best cost 18.043 + 1066.79 = 1084.83 over 78 frames.
PARTICPANT84596-070 PERSON 
LOG (lattice-best-path[5.0.23~1-f7b2f]:main():lattice-best-path.cc:99) For utterance PARTICPANT84596-072, best cost 27.1791 + 1677.76 = 1704.94 over 128 frames.
PARTICPANT84596-072 NICE IDEA 
LOG (lattice-best-path[5.0.23~1-f7b2f]:main():lattice-best-path.cc:99) For utterance PARTICPANT84596-074, best cost 232.717 + 19557.3 = 19790 over 1538 frames.
PARTICPANT84596-074 THEN AND SEE JUST YEAH I ON I BE BETWEEN BETWEEN THE GOING YEAH AND ON AND I IN DID YEAH DO CREEK BE 
LOG (lattice-best-path[5.0.23~1-f7b2f]:main():lattice-best-path.cc:99) For utterance PARTICPANT84596-075, best cost 15.6239 + 635.882 = 651.506 over 48 frames.
PARTICPANT84596-075 TRIP 
LOG (lattice-best-path[5.0.23~1-f7b2f]:main():lattice-best-path.cc:99) For utterance PARTICPANT84596-079, best cost 16.781 + 1065.45 = 1082.24 over 78 frames.
PARTICPANT84596-079 YET 
LOG (lattice-best-path[5.0.23~1-f7b2f]:main():lattice-best-path.cc:99) For utterance PARTICPANT84596-081, best cost 135.71 + 10415.2 = 10550.9 over 798 frames.
PARTICPANT84596-081 IN DOLLARS ASK YEAH YEAH IDEA WEEKEND LITTLE TRIPS LIONS THAT YEAH 
LOG (lattice-best-path[5.0.23~1-f7b2f]:main():lattice-best-path.cc:99) For utterance PARTICPANT84596-083, best cost 50.7799 + 2551.84 = 2602.62 over 188 frames.
PARTICPANT84596-083 TO IT WEEKEND BEING CITY 
LOG (lattice-best-path[5.0.23~1-f7b2f]:main():lattice-best-path.cc:99) For utterance PARTICPANT84596-085, best cost 11.8252 + 714.26 = 726.086 over 58 frames.
PARTICPANT84596-085 YEAH 
LOG (lattice-best-path[5.0.23~1-f7b2f]:main():lattice-best-path.cc:99) For utterance PARTICPANT84596-087, best cost 26.221 + 1455.62 = 1481.84 over 108 frames.
PARTICPANT84596-087 ARE EXCITED 
LOG (lattice-best-path[5.0.23~1-f7b2f]:main():lattice-best-path.cc:99) For utterance PARTICPANT84596-090, best cost 24.7927 + 1727.22 = 1752.01 over 128 frames.
PARTICPANT84596-090 ISH YEAH 
LOG (lattice-scale[5.0.23~1-f7b2f]:main():lattice-scale.cc:90) Done 46 lattices.
LOG (lattice-best-path[5.0.23~1-f7b2f]:main():lattice-best-path.cc:99) For utterance PARTICPANT84596-092, best cost 60.9552 + 4954.35 = 5015.31 over 373 frames.
PARTICPANT84596-092 INTERESTING THAT IT CAN NICE 
LOG (lattice-add-penalty[5.0.23~1-f7b2f]:main():lattice-add-penalty.cc:62) Done adding word insertion penalty to 46 lattices.
LOG (lattice-best-path[5.0.23~1-f7b2f]:main():lattice-best-path.cc:99) For utterance PARTICPANT84596-095, best cost 18.4598 + 632.912 = 651.372 over 48 frames.
PARTICPANT84596-095 YEAH YOU 
LOG (lattice-best-path[5.0.23~1-f7b2f]:main():lattice-best-path.cc:124) Overall cost per frame is 13.3309 = 0.190413 [graph] + 13.1405 [acoustic] over 11037 frames.
LOG (lattice-best-path[5.0.23~1-f7b2f]:main():lattice-best-path.cc:128) Done 46 lattices, failed for 0
# Accounting: time=5 threads=1
# Ended (code 0) at Mon Jan 28 18:45:04 EST 2019, elapsed time 5 seconds
