# lattice-scale --inv-acoustic-scale=8 "ark:gunzip -c /z/mkperez/PremanifestHD-classification/Data/Spont-Speech/set11/exp/mono_ali_clinician/decode/lat.*.gz|" ark:- | lattice-add-penalty --word-ins-penalty=0.0 ark:- ark:- | lattice-best-path --word-symbol-table=/z/mkperez/PremanifestHD-classification/Data/Spont-Speech/set11/exp/mono_ali_clinician/graph/words.txt ark:- ark,t:- | utils/int2sym.pl -f 2- /z/mkperez/PremanifestHD-classification/Data/Spont-Speech/set11/exp/mono_ali_clinician/graph/words.txt | local/wer_hyp_filter > /z/mkperez/PremanifestHD-classification/Data/Spont-Speech/set11/exp/mono_ali_clinician/decode/scoring_kaldi/penalty_0.0/8.txt 
# Started at Mon Jan 28 18:18:49 EST 2019
#
lattice-scale --inv-acoustic-scale=8 'ark:gunzip -c /z/mkperez/PremanifestHD-classification/Data/Spont-Speech/set11/exp/mono_ali_clinician/decode/lat.*.gz|' ark:- 
lattice-add-penalty --word-ins-penalty=0.0 ark:- ark:- 
lattice-best-path --word-symbol-table=/z/mkperez/PremanifestHD-classification/Data/Spont-Speech/set11/exp/mono_ali_clinician/graph/words.txt ark:- ark,t:- 
LOG (lattice-best-path[5.0.23~1-f7b2f]:main():lattice-best-path.cc:99) For utterance PARTICIPANT78080-001, best cost 155.444 + 12546.3 = 12701.7 over 1078 frames.
PARTICIPANT78080-001 YEAH MY CAN ANY AND AND LIKE DEAL WE FOR I I IT TO KNOW WAS WEEKEND CAN 
LOG (lattice-best-path[5.0.23~1-f7b2f]:main():lattice-best-path.cc:99) For utterance PARTICIPANT78080-003, best cost 73.8396 + 4240.85 = 4314.69 over 355 frames.
PARTICIPANT78080-003 THE WENT WEEKEND ALSO CAROLINA CAN CAN 
LOG (lattice-best-path[5.0.23~1-f7b2f]:main():lattice-best-path.cc:99) For utterance PARTICIPANT78080-005, best cost 21.9423 + 1437.96 = 1459.9 over 118 frames.
PARTICIPANT78080-005 IT WELL 
LOG (lattice-best-path[5.0.23~1-f7b2f]:main():lattice-best-path.cc:99) For utterance PARTICIPANT78080-007, best cost 20.9629 + 1327.44 = 1348.4 over 108 frames.
PARTICIPANT78080-007 WAS IT 
LOG (lattice-best-path[5.0.23~1-f7b2f]:main():lattice-best-path.cc:99) For utterance PARTICIPANT78080-009, best cost 82.1371 + 5342.45 = 5424.59 over 461 frames.
PARTICIPANT78080-009 LIKE TO LIKE CAUSES KNOW AND WEEKEND ISH I 
LOG (lattice-scale[5.0.23~1-f7b2f]:main():lattice-scale.cc:90) Done 7 lattices.
LOG (lattice-best-path[5.0.23~1-f7b2f]:main():lattice-best-path.cc:99) For utterance PARTICIPANT78080-011, best cost 91.3925 + 5396.89 = 5488.28 over 458 frames.
PARTICIPANT78080-011 THAT'S WE I THERE WE WHY STUFF WAS WAS HISTORY 
LOG (lattice-add-penalty[5.0.23~1-f7b2f]:main():lattice-add-penalty.cc:62) Done adding word insertion penalty to 7 lattices.
LOG (lattice-best-path[5.0.23~1-f7b2f]:main():lattice-best-path.cc:99) For utterance PARTICIPANT78080-013, best cost 46.2284 + 2282.47 = 2328.69 over 196 frames.
PARTICIPANT78080-013 I WEEKEND I I WEEKEND IT'S 
LOG (lattice-best-path[5.0.23~1-f7b2f]:main():lattice-best-path.cc:124) Overall cost per frame is 11.9201 = 0.177342 [graph] + 11.7427 [acoustic] over 2774 frames.
LOG (lattice-best-path[5.0.23~1-f7b2f]:main():lattice-best-path.cc:128) Done 7 lattices, failed for 0
# Accounting: time=2 threads=1
# Ended (code 0) at Mon Jan 28 18:18:51 EST 2019, elapsed time 2 seconds
