# lattice-scale --inv-acoustic-scale=7 "ark:gunzip -c /z/mkperez/PremanifestHD-classification/Data/Spont-Speech/set16/exp/mono_ali_clinician/decode/lat.*.gz|" ark:- | lattice-add-penalty --word-ins-penalty=1.0 ark:- ark:- | lattice-best-path --word-symbol-table=/z/mkperez/PremanifestHD-classification/Data/Spont-Speech/set16/exp/mono_ali_clinician/graph/words.txt ark:- ark,t:- | utils/int2sym.pl -f 2- /z/mkperez/PremanifestHD-classification/Data/Spont-Speech/set16/exp/mono_ali_clinician/graph/words.txt | local/wer_hyp_filter > /z/mkperez/PremanifestHD-classification/Data/Spont-Speech/set16/exp/mono_ali_clinician/decode/scoring_kaldi/penalty_1.0/7.txt 
# Started at Mon Jan 28 18:38:01 EST 2019
#
lattice-add-penalty --word-ins-penalty=1.0 ark:- ark:- 
lattice-best-path --word-symbol-table=/z/mkperez/PremanifestHD-classification/Data/Spont-Speech/set16/exp/mono_ali_clinician/graph/words.txt ark:- ark,t:- 
lattice-scale --inv-acoustic-scale=7 'ark:gunzip -c /z/mkperez/PremanifestHD-classification/Data/Spont-Speech/set16/exp/mono_ali_clinician/decode/lat.*.gz|' ark:- 
LOG (lattice-best-path[5.0.23~1-f7b2f]:main():lattice-best-path.cc:99) For utterance PARTICIPANT87083-001, best cost 50.9404 + 3085.9 = 3136.85 over 238 frames.
PARTICIPANT87083-001 YES READING LIKE HIRE 
LOG (lattice-best-path[5.0.23~1-f7b2f]:main():lattice-best-path.cc:99) For utterance PARTICIPANT87083-003, best cost 81.5545 + 6530.5 = 6612.05 over 478 frames.
PARTICIPANT87083-003 NOW ALWAYS COAST FOR PETS TO THE 
LOG (lattice-best-path[5.0.23~1-f7b2f]:main():lattice-best-path.cc:99) For utterance PARTICIPANT87083-005, best cost 165.808 + 11532.2 = 11698 over 838 frames.
PARTICIPANT87083-005 THEN SHUTTERS I HAVEN'T WENT WE ANTI INTERESTING A EXPECTING LIKE COMMITTED WENT THEN 
LOG (lattice-best-path[5.0.23~1-f7b2f]:main():lattice-best-path.cc:99) For utterance PARTICIPANT87083-007, best cost 70.0152 + 4041.03 = 4111.04 over 298 frames.
PARTICIPANT87083-007 TO ANY BEEN YOU TEST TO IT'S 
LOG (lattice-best-path[5.0.23~1-f7b2f]:main():lattice-best-path.cc:99) For utterance PARTICIPANT87083-009, best cost 101.175 + 7310.3 = 7411.48 over 572 frames.
PARTICIPANT87083-009 WHATEVER PERFECT WAS TRYING HOUSE THEY BANK DATA 
LOG (lattice-best-path[5.0.23~1-f7b2f]:main():lattice-best-path.cc:99) For utterance PARTICIPANT87083-012, best cost 15.5658 + 978.432 = 993.998 over 68 frames.
PARTICIPANT87083-012 RIGHT 
LOG (lattice-best-path[5.0.23~1-f7b2f]:main():lattice-best-path.cc:99) For utterance PARTICIPANT87083-014, best cost 32.6916 + 1937.1 = 1969.79 over 148 frames.
PARTICIPANT87083-014 AND ARMY AND 
LOG (lattice-best-path[5.0.23~1-f7b2f]:main():lattice-best-path.cc:99) For utterance PARTICIPANT87083-016, best cost 114.866 + 7525.22 = 7640.09 over 568 frames.
PARTICIPANT87083-016 THE ENGINEERS WAS IMMEDIATELY PLUMBER HOLIDAY LAST WHAT JUST A 
LOG (lattice-best-path[5.0.23~1-f7b2f]:main():lattice-best-path.cc:99) For utterance PARTICIPANT87083-018, best cost 48.7831 + 2645.43 = 2694.21 over 208 frames.
PARTICIPANT87083-018 FAMILY YEAH NEVER A YEAH 
LOG (lattice-best-path[5.0.23~1-f7b2f]:main():lattice-best-path.cc:99) For utterance PARTICIPANT87083-020, best cost 51.7955 + 3541.25 = 3593.05 over 258 frames.
PARTICIPANT87083-020 AT RIGHT WRITING CITY 
LOG (lattice-best-path[5.0.23~1-f7b2f]:main():lattice-best-path.cc:99) For utterance PARTICIPANT87083-022, best cost 92.5989 + 6532.95 = 6625.55 over 478 frames.
PARTICIPANT87083-022 ALMOST EXHIBIT IT I USING I'M TONIGHT YEAH 
LOG (lattice-best-path[5.0.23~1-f7b2f]:main():lattice-best-path.cc:99) For utterance PARTICIPANT87083-024, best cost 37.6855 + 2313.08 = 2350.77 over 178 frames.
PARTICIPANT87083-024 READING LAST YES 
LOG (lattice-best-path[5.0.23~1-f7b2f]:main():lattice-best-path.cc:99) For utterance PARTICIPANT87083-026, best cost 24.6901 + 1393.83 = 1418.52 over 108 frames.
PARTICIPANT87083-026 SO HELD 
LOG (lattice-best-path[5.0.23~1-f7b2f]:main():lattice-best-path.cc:99) For utterance PARTICIPANT87083-028, best cost 22.549 + 1212.54 = 1235.08 over 88 frames.
PARTICIPANT87083-028 WE FROM 
LOG (lattice-best-path[5.0.23~1-f7b2f]:main():lattice-best-path.cc:99) For utterance PARTICIPANT87083-030, best cost 57.3612 + 4669.15 = 4726.52 over 358 frames.
PARTICIPANT87083-030 ON PURPOSES MISERABLE WELL 
LOG (lattice-best-path[5.0.23~1-f7b2f]:main():lattice-best-path.cc:99) For utterance PARTICIPANT87083-032, best cost 20.8746 + 943.144 = 964.018 over 68 frames.
PARTICIPANT87083-032 HOUSE THAT 
LOG (lattice-best-path[5.0.23~1-f7b2f]:main():lattice-best-path.cc:99) For utterance PARTICIPANT87083-034, best cost 102.209 + 6000.69 = 6102.9 over 448 frames.
PARTICIPANT87083-034 ALRIGHT USE REALTOR ANTIDEPRESSANTS ROAD FOR WEEKEND NICE TO 
LOG (lattice-best-path[5.0.23~1-f7b2f]:main():lattice-best-path.cc:99) For utterance PARTICIPANT87083-036, best cost 22.6392 + 791.199 = 813.838 over 58 frames.
PARTICIPANT87083-036 LEAGUE THE 
LOG (lattice-best-path[5.0.23~1-f7b2f]:main():lattice-best-path.cc:99) For utterance PARTICIPANT87083-038, best cost 52.6855 + 2805.88 = 2858.57 over 218 frames.
PARTICIPANT87083-038 HE'LL WAS FOR MY WORKING 
LOG (lattice-best-path[5.0.23~1-f7b2f]:main():lattice-best-path.cc:99) For utterance PARTICIPANT87083-040, best cost 62.3616 + 3654.83 = 3717.19 over 278 frames.
PARTICIPANT87083-040 PAID NOT COAST ANTI START 
LOG (lattice-best-path[5.0.23~1-f7b2f]:main():lattice-best-path.cc:99) For utterance PARTICIPANT87083-042, best cost 75.1184 + 3489.13 = 3564.24 over 258 frames.
PARTICIPANT87083-042 THERE'S WHATEVER KNOW WAS COMPANIES SELL I 
LOG (lattice-best-path[5.0.23~1-f7b2f]:main():lattice-best-path.cc:99) For utterance PARTICIPANT87083-044, best cost 28.0365 + 2351.51 = 2379.55 over 178 frames.
PARTICIPANT87083-044 YEAH ELEMENTARY 
LOG (lattice-best-path[5.0.23~1-f7b2f]:main():lattice-best-path.cc:99) For utterance PARTICIPANT87083-047, best cost 22.8394 + 1128.27 = 1151.11 over 88 frames.
PARTICIPANT87083-047 A TUESDAY 
LOG (lattice-best-path[5.0.23~1-f7b2f]:main():lattice-best-path.cc:99) For utterance PARTICIPANT87083-049, best cost 43.3402 + 2649.54 = 2692.88 over 208 frames.
PARTICIPANT87083-049 I BEING FANCY A 
LOG (lattice-best-path[5.0.23~1-f7b2f]:main():lattice-best-path.cc:99) For utterance PARTICIPANT87083-051, best cost 38.0395 + 2662.42 = 2700.46 over 193 frames.
PARTICIPANT87083-051 VACATIONS FOR REALLY 
LOG (lattice-best-path[5.0.23~1-f7b2f]:main():lattice-best-path.cc:99) For utterance PARTICIPANT87083-053, best cost 103.277 + 7141 = 7244.27 over 548 frames.
PARTICIPANT87083-053 THAT LIKE UNDERSTANDING AT ARE LOT DOLLARS WANT WEEKEND 
LOG (lattice-best-path[5.0.23~1-f7b2f]:main():lattice-best-path.cc:99) For utterance PARTICIPANT87083-055, best cost 60.7728 + 4000.53 = 4061.31 over 288 frames.
PARTICIPANT87083-055 YET SICK TONIGHT SATURDAY AND 
LOG (lattice-best-path[5.0.23~1-f7b2f]:main():lattice-best-path.cc:99) For utterance PARTICIPANT87083-057, best cost 11.4835 + 453.607 = 465.091 over 33 frames.
PARTICIPANT87083-057 HAVE 
LOG (lattice-best-path[5.0.23~1-f7b2f]:main():lattice-best-path.cc:99) For utterance PARTICIPANT87083-059, best cost 104.014 + 6300.66 = 6404.67 over 478 frames.
PARTICIPANT87083-059 LAST WHEN FROM ARE CAUSE DOING MY AND I ANYTHING 
LOG (lattice-best-path[5.0.23~1-f7b2f]:main():lattice-best-path.cc:99) For utterance PARTICIPANT87083-061, best cost 85.6592 + 4814.64 = 4900.3 over 358 frames.
PARTICIPANT87083-061 A ELSE LIKE BEFORE CANCELLED PLANS ON OF 
LOG (lattice-best-path[5.0.23~1-f7b2f]:main():lattice-best-path.cc:99) For utterance PARTICIPANT87083-063, best cost 47.9011 + 2422.75 = 2470.65 over 178 frames.
PARTICIPANT87083-063 ANY WEEKEND WE'VE OUR 
LOG (lattice-scale[5.0.23~1-f7b2f]:main():lattice-scale.cc:90) Done 32 lattices.
LOG (lattice-add-penalty[5.0.23~1-f7b2f]:main():lattice-add-penalty.cc:62) Done adding word insertion penalty to 32 lattices.
LOG (lattice-best-path[5.0.23~1-f7b2f]:main():lattice-best-path.cc:99) For utterance PARTICIPANT87083-065, best cost 60.8593 + 3998.61 = 4059.47 over 298 frames.
PARTICIPANT87083-065 AND KNOW WEEKEND DIRECTORS WELL AND 
LOG (lattice-best-path[5.0.23~1-f7b2f]:main():lattice-best-path.cc:124) Overall cost per frame is 13.5505 = 0.210838 [graph] + 13.3397 [acoustic] over 9060 frames.
LOG (lattice-best-path[5.0.23~1-f7b2f]:main():lattice-best-path.cc:128) Done 32 lattices, failed for 0
# Accounting: time=4 threads=1
# Ended (code 0) at Mon Jan 28 18:38:05 EST 2019, elapsed time 4 seconds
