# lattice-scale --inv-acoustic-scale=14 "ark:gunzip -c /z/mkperez/PremanifestHD-classification/Data/Spont-Speech/set16/exp/mono_ali_clinician/decode/lat.*.gz|" ark:- | lattice-add-penalty --word-ins-penalty=1.0 ark:- ark:- | lattice-best-path --word-symbol-table=/z/mkperez/PremanifestHD-classification/Data/Spont-Speech/set16/exp/mono_ali_clinician/graph/words.txt ark:- ark,t:- | utils/int2sym.pl -f 2- /z/mkperez/PremanifestHD-classification/Data/Spont-Speech/set16/exp/mono_ali_clinician/graph/words.txt | local/wer_hyp_filter > /z/mkperez/PremanifestHD-classification/Data/Spont-Speech/set16/exp/mono_ali_clinician/decode/scoring_kaldi/penalty_1.0/14.txt 
# Started at Mon Jan 28 18:38:01 EST 2019
#
lattice-scale --inv-acoustic-scale=14 'ark:gunzip -c /z/mkperez/PremanifestHD-classification/Data/Spont-Speech/set16/exp/mono_ali_clinician/decode/lat.*.gz|' ark:- 
lattice-add-penalty --word-ins-penalty=1.0 ark:- ark:- 
lattice-best-path --word-symbol-table=/z/mkperez/PremanifestHD-classification/Data/Spont-Speech/set16/exp/mono_ali_clinician/graph/words.txt ark:- ark,t:- 
LOG (lattice-best-path[5.0.23~1-f7b2f]:main():lattice-best-path.cc:99) For utterance PARTICIPANT87083-001, best cost 39.5967 + 1550.25 = 1589.85 over 238 frames.
PARTICIPANT87083-001 YES REALLY YOUR 
LOG (lattice-best-path[5.0.23~1-f7b2f]:main():lattice-best-path.cc:99) For utterance PARTICIPANT87083-003, best cost 66.7595 + 3276.48 = 3343.24 over 478 frames.
PARTICIPANT87083-003 AND LONGER FOR TEXTING THE 
LOG (lattice-best-path[5.0.23~1-f7b2f]:main():lattice-best-path.cc:99) For utterance PARTICIPANT87083-005, best cost 124.269 + 5799.05 = 5923.32 over 838 frames.
PARTICIPANT87083-005 THEN SHUTTERS I HAVEN'T WENT SIGNIFICANT EXPECTING LIKE WENT 
LOG (lattice-best-path[5.0.23~1-f7b2f]:main():lattice-best-path.cc:99) For utterance PARTICIPANT87083-007, best cost 49.9442 + 2032.9 = 2082.84 over 298 frames.
PARTICIPANT87083-007 ANY YOU TEST IT'S 
LOG (lattice-best-path[5.0.23~1-f7b2f]:main():lattice-best-path.cc:99) For utterance PARTICIPANT87083-009, best cost 70.9258 + 3676.03 = 3746.95 over 572 frames.
PARTICIPANT87083-009 DIRECTORS INTERESTING AMAZING DATA 
LOG (lattice-best-path[5.0.23~1-f7b2f]:main():lattice-best-path.cc:99) For utterance PARTICIPANT87083-012, best cost 15.5658 + 489.216 = 504.782 over 68 frames.
PARTICIPANT87083-012 RIGHT 
LOG (lattice-best-path[5.0.23~1-f7b2f]:main():lattice-best-path.cc:99) For utterance PARTICIPANT87083-014, best cost 27.2825 + 973.589 = 1000.87 over 148 frames.
PARTICIPANT87083-014 AND ACCORDION 
LOG (lattice-best-path[5.0.23~1-f7b2f]:main():lattice-best-path.cc:99) For utterance PARTICIPANT87083-016, best cost 79.9275 + 3786.88 = 3866.8 over 568 frames.
PARTICIPANT87083-016 THE ENGINEERS WAS BETWEEN WELL INTERESTING 
LOG (lattice-best-path[5.0.23~1-f7b2f]:main():lattice-best-path.cc:99) For utterance PARTICIPANT87083-018, best cost 37.2763 + 1330.48 = 1367.75 over 208 frames.
PARTICIPANT87083-018 FAMILY AND SEPARATION 
LOG (lattice-best-path[5.0.23~1-f7b2f]:main():lattice-best-path.cc:99) For utterance PARTICIPANT87083-020, best cost 45.6644 + 1774.92 = 1820.58 over 258 frames.
PARTICIPANT87083-020 ANTI TRYING CITY 
LOG (lattice-best-path[5.0.23~1-f7b2f]:main():lattice-best-path.cc:99) For utterance PARTICIPANT87083-022, best cost 66.5392 + 3282.37 = 3348.91 over 478 frames.
PARTICIPANT87083-022 ALL THE SPEAKING A DO YEAH 
LOG (lattice-best-path[5.0.23~1-f7b2f]:main():lattice-best-path.cc:99) For utterance PARTICIPANT87083-024, best cost 30.8136 + 1160.68 = 1191.5 over 178 frames.
PARTICIPANT87083-024 TREATMENT YES 
LOG (lattice-best-path[5.0.23~1-f7b2f]:main():lattice-best-path.cc:99) For utterance PARTICIPANT87083-026, best cost 18.4497 + 701.949 = 720.399 over 108 frames.
PARTICIPANT87083-026 SO I 
LOG (lattice-best-path[5.0.23~1-f7b2f]:main():lattice-best-path.cc:99) For utterance PARTICIPANT87083-028, best cost 16.4408 + 611.571 = 628.011 over 88 frames.
PARTICIPANT87083-028 WEEKEND 
LOG (lattice-best-path[5.0.23~1-f7b2f]:main():lattice-best-path.cc:99) For utterance PARTICIPANT87083-030, best cost 57.3612 + 2334.58 = 2391.94 over 358 frames.
PARTICIPANT87083-030 ON PURPOSES MISERABLE WELL 
LOG (lattice-best-path[5.0.23~1-f7b2f]:main():lattice-best-path.cc:99) For utterance PARTICIPANT87083-032, best cost 18.3557 + 473.631 = 491.987 over 68 frames.
PARTICIPANT87083-032 TO THAT 
LOG (lattice-best-path[5.0.23~1-f7b2f]:main():lattice-best-path.cc:99) For utterance PARTICIPANT87083-034, best cost 64.4368 + 3026.44 = 3090.88 over 448 frames.
PARTICIPANT87083-034 ALRIGHT INTRODUCTIONS SO FLORIDA TO 
LOG (lattice-best-path[5.0.23~1-f7b2f]:main():lattice-best-path.cc:99) For utterance PARTICIPANT87083-036, best cost 16.8448 + 399.376 = 416.221 over 58 frames.
PARTICIPANT87083-036 LADY 
LOG (lattice-best-path[5.0.23~1-f7b2f]:main():lattice-best-path.cc:99) For utterance PARTICIPANT87083-038, best cost 35.6736 + 1415.85 = 1451.52 over 218 frames.
PARTICIPANT87083-038 ANIMALS REMODELING 
LOG (lattice-best-path[5.0.23~1-f7b2f]:main():lattice-best-path.cc:99) For utterance PARTICIPANT87083-040, best cost 47.2352 + 1838.56 = 1885.8 over 278 frames.
PARTICIPANT87083-040 MAINTENANCE ANTI START 
LOG (lattice-best-path[5.0.23~1-f7b2f]:main():lattice-best-path.cc:99) For utterance PARTICIPANT87083-042, best cost 53.4872 + 1758.24 = 1811.73 over 258 frames.
PARTICIPANT87083-042 RECOMMEND WAS COMPANIES WELL 
LOG (lattice-best-path[5.0.23~1-f7b2f]:main():lattice-best-path.cc:99) For utterance PARTICIPANT87083-044, best cost 28.0365 + 1175.76 = 1203.79 over 178 frames.
PARTICIPANT87083-044 YEAH ELEMENTARY 
LOG (lattice-best-path[5.0.23~1-f7b2f]:main():lattice-best-path.cc:99) For utterance PARTICIPANT87083-047, best cost 17.1308 + 567.97 = 585.101 over 88 frames.
PARTICIPANT87083-047 TUESDAY 
LOG (lattice-best-path[5.0.23~1-f7b2f]:main():lattice-best-path.cc:99) For utterance PARTICIPANT87083-049, best cost 37.6239 + 1329.15 = 1366.78 over 208 frames.
PARTICIPANT87083-049 GETTING FANCY A 
LOG (lattice-best-path[5.0.23~1-f7b2f]:main():lattice-best-path.cc:99) For utterance PARTICIPANT87083-051, best cost 33.5251 + 1333.9 = 1367.43 over 193 frames.
PARTICIPANT87083-051 VACATIONS CURRENTLY 
LOG (lattice-best-path[5.0.23~1-f7b2f]:main():lattice-best-path.cc:99) For utterance PARTICIPANT87083-053, best cost 64.7709 + 3599.58 = 3664.35 over 548 frames.
PARTICIPANT87083-053 ELEMENTARY RECORD WANT WEEKEND 
LOG (lattice-best-path[5.0.23~1-f7b2f]:main():lattice-best-path.cc:99) For utterance PARTICIPANT87083-055, best cost 32.982 + 2020.98 = 2053.97 over 288 frames.
PARTICIPANT87083-055 YES TONIGHT 
LOG (lattice-best-path[5.0.23~1-f7b2f]:main():lattice-best-path.cc:99) For utterance PARTICIPANT87083-057, best cost 11.4835 + 226.804 = 238.287 over 33 frames.
PARTICIPANT87083-057 HAVE 
LOG (lattice-best-path[5.0.23~1-f7b2f]:main():lattice-best-path.cc:99) For utterance PARTICIPANT87083-059, best cost 75.1059 + 3171.74 = 3246.84 over 478 frames.
PARTICIPANT87083-059 LITTLE FORGOT AUDITING MY AND ANY 
LOG (lattice-best-path[5.0.23~1-f7b2f]:main():lattice-best-path.cc:99) For utterance PARTICIPANT87083-061, best cost 58.3379 + 2423.64 = 2481.98 over 358 frames.
PARTICIPANT87083-061 AND LIKE ACCORDION WAS NOT 
LOG (lattice-scale[5.0.23~1-f7b2f]:main():lattice-scale.cc:90) Done 32 lattices.
LOG (lattice-best-path[5.0.23~1-f7b2f]:main():lattice-best-path.cc:99) For utterance PARTICIPANT87083-063, best cost 36.5454 + 1221.25 = 1257.79 over 178 frames.
PARTICIPANT87083-063 ANY WEEKEND SHOWER 
LOG (lattice-add-penalty[5.0.23~1-f7b2f]:main():lattice-add-penalty.cc:62) Done adding word insertion penalty to 32 lattices.
LOG (lattice-best-path[5.0.23~1-f7b2f]:main():lattice-best-path.cc:99) For utterance PARTICIPANT87083-065, best cost 53.6086 + 2005.22 = 2058.83 over 298 frames.
PARTICIPANT87083-065 AND WEEKEND DIRECTORS WELL AND 
LOG (lattice-best-path[5.0.23~1-f7b2f]:main():lattice-best-path.cc:124) Overall cost per frame is 6.86545 = 0.158057 [graph] + 6.7074 [acoustic] over 9060 frames.
LOG (lattice-best-path[5.0.23~1-f7b2f]:main():lattice-best-path.cc:128) Done 32 lattices, failed for 0
# Accounting: time=3 threads=1
# Ended (code 0) at Mon Jan 28 18:38:05 EST 2019, elapsed time 3 seconds
