# gunzip -c /z/mkperez/PremanifestHD-classification/Data/Spont-Speech/set15/exp/mono_ali_clinician/decode/depth_stats_tmp.*.gz | steps/diagnostic/analyze_lattice_depth_stats.py /z/mkperez/PremanifestHD-classification/Data/Spont-Speech/set15/exp/mono_ali_clinician/graph 
# Started at Mon Jan 28 18:34:40 EST 2019
#
The total amount of data analyzed assuming 100 frames per second is 0.0 hours
Overall, lattice depth (10,50,90-percentile)=(7,1185,4114) and mean=1699.9
Nonsilence phones as a group account for 67.5% of frames, with lattice depth (10,50,90-percentile)=(7,416,4370) and mean=1595.7
Phone sil accounts for 32.5% of frames, with lattice depth (10,50,90-percentile)=(11,2382,3446) and mean=1916.6
Phone n_I accounts for 12.6% of frames, with lattice depth (10,50,90-percentile)=(4,2383,3338) and mean=1602.6
Phone ah_I accounts for 4.4% of frames, with lattice depth (10,50,90-percentile)=(15,254,4210) and mean=733.6
Phone n_E accounts for 3.6% of frames, with lattice depth (10,50,90-percentile)=(188,4998,5087) and mean=3654.7
Phone l_I accounts for 2.9% of frames, with lattice depth (10,50,90-percentile)=(429,4246,4379) and mean=2516.6
Phone r_I accounts for 2.6% of frames, with lattice depth (10,50,90-percentile)=(34,34,173) and mean=106.0
Phone f_B accounts for 2.5% of frames, with lattice depth (10,50,90-percentile)=(211,328,5145) and mean=1009.6
Phone d_E accounts for 2.5% of frames, with lattice depth (10,50,90-percentile)=(14,1370,3331) and mean=1726.6
Phone s_B accounts for 2.3% of frames, with lattice depth (10,50,90-percentile)=(7,11,212) and mean=102.7
Phone t_B accounts for 2.3% of frames, with lattice depth (10,50,90-percentile)=(2115,2120,3676) and mean=2506.7
Phone uw_E accounts for 2.1% of frames, with lattice depth (10,50,90-percentile)=(2605,2827,3058) and mean=2880.2
Phone m_I accounts for 1.9% of frames, with lattice depth (10,50,90-percentile)=(4447,4719,4967) and mean=4743.6
Phone w_B accounts for 1.9% of frames, with lattice depth (10,50,90-percentile)=(4,4058,4093) and mean=2338.9
Phone k_I accounts for 1.7% of frames, with lattice depth (10,50,90-percentile)=(4,4,2648) and mean=1116.6
Phone ah_E accounts for 1.6% of frames, with lattice depth (10,50,90-percentile)=(377,377,4114) and mean=1990.2
Phone iy_E accounts for 1.5% of frames, with lattice depth (10,50,90-percentile)=(34,34,4244) and mean=776.9
Phone s_E accounts for 1.5% of frames, with lattice depth (10,50,90-percentile)=(2129,2219,2290) and mean=2213.8
Phone ih_I accounts for 1.5% of frames, with lattice depth (10,50,90-percentile)=(7,7,65) and mean=36.0
Phone s_I accounts for 1.5% of frames, with lattice depth (10,50,90-percentile)=(65,65,65) and mean=65.0
Phone g_I accounts for 1.3% of frames, with lattice depth (10,50,90-percentile)=(7,7,186) and mean=69.1
Phone k_B accounts for 1.3% of frames, with lattice depth (10,50,90-percentile)=(13,15,15) and mean=14.3
Phone m_B accounts for 1.3% of frames, with lattice depth (10,50,90-percentile)=(3908,3940,4245) and mean=4031.8
Phone ae_I accounts for 1.2% of frames, with lattice depth (10,50,90-percentile)=(4998,5063,5100) and mean=5057.8
Phone ey_I accounts for 1.2% of frames, with lattice depth (10,50,90-percentile)=(2113,2113,3677) and mean=2720.3
Phone aa_I accounts for 1.0% of frames, with lattice depth (10,50,90-percentile)=(179,186,248) and mean=204.2
Phone ao_I accounts for 1.0% of frames, with lattice depth (10,50,90-percentile)=(166,190,462) and mean=311.5
Phone y_B accounts for 0.9% of frames, with lattice depth (10,50,90-percentile)=(2537,2594,2594) and mean=2588.3
Phone eh_I accounts for 0.8% of frames, with lattice depth (10,50,90-percentile)=(4,217,238) and mean=153.8
Phone ay_I accounts for 0.7% of frames, with lattice depth (10,50,90-percentile)=(13,13,13) and mean=13.0
Phone d_I accounts for 0.6% of frames, with lattice depth (10,50,90-percentile)=(377,402,402) and mean=395.4
Phone iy_I accounts for 0.6% of frames, with lattice depth (10,50,90-percentile)=(4,4,4) and mean=4.0
Phone k_E accounts for 0.6% of frames, with lattice depth (10,50,90-percentile)=(1515,1515,2042) and mean=1672.6
Phone t_E accounts for 0.6% of frames, with lattice depth (10,50,90-percentile)=(248,301,328) and mean=298.6
Phone t_I accounts for 0.6% of frames, with lattice depth (10,50,90-percentile)=(64,64,64) and mean=64.0
Phone ay_E accounts for 0.5% of frames, with lattice depth (10,50,90-percentile)=(15,15,15) and mean=15.0
Phone hh_B accounts for 0.5% of frames, with lattice depth (10,50,90-percentile)=(65,65,65) and mean=65.0
# Accounting: time=0 threads=1
# Ended (code 0) at Mon Jan 28 18:34:40 EST 2019, elapsed time 0 seconds
