# lattice-scale --inv-acoustic-scale=8 "ark:gunzip -c /z/mkperez/PremanifestHD-classification/Data/Spont-Speech/set19/exp/mono_ali_clinician/decode/lat.*.gz|" ark:- | lattice-add-penalty --word-ins-penalty=0.5 ark:- ark:- | lattice-best-path --word-symbol-table=/z/mkperez/PremanifestHD-classification/Data/Spont-Speech/set19/exp/mono_ali_clinician/graph/words.txt ark:- ark,t:- | utils/int2sym.pl -f 2- /z/mkperez/PremanifestHD-classification/Data/Spont-Speech/set19/exp/mono_ali_clinician/graph/words.txt | local/wer_hyp_filter > /z/mkperez/PremanifestHD-classification/Data/Spont-Speech/set19/exp/mono_ali_clinician/decode/scoring_kaldi/penalty_0.5/8.txt 
# Started at Mon Jan 28 18:47:16 EST 2019
#
lattice-best-path --word-symbol-table=/z/mkperez/PremanifestHD-classification/Data/Spont-Speech/set19/exp/mono_ali_clinician/graph/words.txt ark:- ark,t:- 
lattice-scale --inv-acoustic-scale=8 'ark:gunzip -c /z/mkperez/PremanifestHD-classification/Data/Spont-Speech/set19/exp/mono_ali_clinician/decode/lat.*.gz|' ark:- 
lattice-add-penalty --word-ins-penalty=0.5 ark:- ark:- 
LOG (lattice-best-path[5.0.23~1-f7b2f]:main():lattice-best-path.cc:99) For utterance PARTICIPANT71834-001, best cost 284.092 + 21535.4 = 21819.5 over 1878 frames.
PARTICIPANT71834-001 FOR PRETTY AND REASON SIGNIFICANT THE WHERE WAS WE IT THEY KNOW FOR THAT'S LATER SO THAT AND WE DEFINITELY CROPPING I BECAUSE I WORK WE WHEN 
LOG (lattice-best-path[5.0.23~1-f7b2f]:main():lattice-best-path.cc:99) For utterance PARTICIPANT71834-003, best cost 156.262 + 9309.54 = 9465.8 over 778 frames.
PARTICIPANT71834-003 AND WE MONEY ANYWAY BACK WEEKEND TO TO SO SO OF WERE SO AWAY THINK WHATEVER SO 
LOG (lattice-best-path[5.0.23~1-f7b2f]:main():lattice-best-path.cc:99) For utterance PARTICIPANT71834-004, best cost 303.219 + 19253 = 19556.2 over 1628 frames.
PARTICIPANT71834-004 WE'LL WEEKEND YEAH TO OKAY GONNA GOING INTRODUCTIONS WE'RE IT'S THAT REASON IDEA BEFORE LITTLE WHAT GET IT'S CAUSE SEE IS GETTING BEING WORK I DIDN'T RECORDING THAT 
LOG (lattice-best-path[5.0.23~1-f7b2f]:main():lattice-best-path.cc:99) For utterance PARTICIPANT71834-006, best cost 19.7314 + 829.143 = 848.874 over 68 frames.
PARTICIPANT71834-006 BUT WEEKEND 
LOG (lattice-best-path[5.0.23~1-f7b2f]:main():lattice-best-path.cc:99) For utterance PARTICIPANT71834-008, best cost 28.4451 + 1720.63 = 1749.08 over 148 frames.
PARTICIPANT71834-008 SOMEONE FOR 
LOG (lattice-best-path[5.0.23~1-f7b2f]:main():lattice-best-path.cc:99) For utterance PARTICIPANT71834-010, best cost 19.1089 + 1118.83 = 1137.94 over 98 frames.
PARTICIPANT71834-010 ON THAT'S 
LOG (lattice-best-path[5.0.23~1-f7b2f]:main():lattice-best-path.cc:99) For utterance PARTICIPANT71834-012, best cost 78.7229 + 4942.71 = 5021.44 over 398 frames.
PARTICIPANT71834-012 YEAH THE OUT SIGNIFICANT QUESTIONS WAS STUFF 
LOG (lattice-scale[5.0.23~1-f7b2f]:main():lattice-scale.cc:90) Done 11 lattices.
LOG (lattice-best-path[5.0.23~1-f7b2f]:main():lattice-best-path.cc:99) For utterance PARTICIPANT71834-014, best cost 23.425 + 1048.82 = 1072.24 over 88 frames.
PARTICIPANT71834-014 ARE CAUSES 
LOG (lattice-best-path[5.0.23~1-f7b2f]:main():lattice-best-path.cc:99) For utterance PARTICIPANT71834-016, best cost 20.9432 + 1296.13 = 1317.07 over 108 frames.
PARTICIPANT71834-016 AS SO 
LOG (lattice-best-path[5.0.23~1-f7b2f]:main():lattice-best-path.cc:99) For utterance PARTICIPANT71834-018, best cost 12.3698 + 756.549 = 768.919 over 58 frames.
PARTICIPANT71834-018 THAT 
LOG (lattice-add-penalty[5.0.23~1-f7b2f]:main():lattice-add-penalty.cc:62) Done adding word insertion penalty to 11 lattices.
LOG (lattice-best-path[5.0.23~1-f7b2f]:main():lattice-best-path.cc:99) For utterance PARTICIPANT71834-020, best cost 22.3887 + 1418.1 = 1440.48 over 118 frames.
PARTICIPANT71834-020 ALSO SO 
LOG (lattice-best-path[5.0.23~1-f7b2f]:main():lattice-best-path.cc:124) Overall cost per frame is 11.9593 = 0.18046 [graph] + 11.7788 [acoustic] over 5368 frames.
LOG (lattice-best-path[5.0.23~1-f7b2f]:main():lattice-best-path.cc:128) Done 11 lattices, failed for 0
# Accounting: time=2 threads=1
# Ended (code 0) at Mon Jan 28 18:47:18 EST 2019, elapsed time 2 seconds
