# lattice-scale --inv-acoustic-scale=9 "ark:gunzip -c /z/mkperez/PremanifestHD-classification/Data/Spont-Speech/set19/exp/mono_ali_clinician/decode/lat.*.gz|" ark:- | lattice-add-penalty --word-ins-penalty=0.5 ark:- ark:- | lattice-best-path --word-symbol-table=/z/mkperez/PremanifestHD-classification/Data/Spont-Speech/set19/exp/mono_ali_clinician/graph/words.txt ark:- ark,t:- | utils/int2sym.pl -f 2- /z/mkperez/PremanifestHD-classification/Data/Spont-Speech/set19/exp/mono_ali_clinician/graph/words.txt | local/wer_hyp_filter > /z/mkperez/PremanifestHD-classification/Data/Spont-Speech/set19/exp/mono_ali_clinician/decode/scoring_kaldi/penalty_0.5/9.txt 
# Started at Mon Jan 28 18:47:16 EST 2019
#
lattice-add-penalty --word-ins-penalty=0.5 ark:- ark:- 
lattice-best-path --word-symbol-table=/z/mkperez/PremanifestHD-classification/Data/Spont-Speech/set19/exp/mono_ali_clinician/graph/words.txt ark:- ark,t:- 
lattice-scale --inv-acoustic-scale=9 'ark:gunzip -c /z/mkperez/PremanifestHD-classification/Data/Spont-Speech/set19/exp/mono_ali_clinician/decode/lat.*.gz|' ark:- 
LOG (lattice-best-path[5.0.23~1-f7b2f]:main():lattice-best-path.cc:99) For utterance PARTICIPANT71834-001, best cost 263.37 + 19162.8 = 19426.1 over 1878 frames.
PARTICIPANT71834-001 FOR PRETTY AND REASON SIGNIFICANT THE WHERE WAS WE IT'S THEY KNOW FRIENDS LATER SO THAT AND WE DEFINITELY CROPPING I BECAUSE I ALWAYS 
LOG (lattice-best-path[5.0.23~1-f7b2f]:main():lattice-best-path.cc:99) For utterance PARTICIPANT71834-003, best cost 151.417 + 8279.88 = 8431.3 over 778 frames.
PARTICIPANT71834-003 AND WE MONEY ANYWAY BACK WEEKEND TO TO SO SO OF WERE SO AWAY THINK WHATEVER 
LOG (lattice-best-path[5.0.23~1-f7b2f]:main():lattice-best-path.cc:99) For utterance PARTICIPANT71834-004, best cost 286.388 + 17129.6 = 17415.9 over 1628 frames.
PARTICIPANT71834-004 HALLOWEEN YEAH TO OKAY GONNA GOING INTRODUCTIONS WE'RE IT'S THAT REASON IDEA FOR LITTLE WHAT SIGNIFICANT CAUSE THE IS GETTING BEING FORTY DIDN'T RECORDING THAT 
LOG (lattice-best-path[5.0.23~1-f7b2f]:main():lattice-best-path.cc:99) For utterance PARTICIPANT71834-006, best cost 19.1802 + 737.512 = 756.692 over 68 frames.
PARTICIPANT71834-006 THAT WEEKEND 
LOG (lattice-best-path[5.0.23~1-f7b2f]:main():lattice-best-path.cc:99) For utterance PARTICIPANT71834-008, best cost 28.4451 + 1529.45 = 1557.9 over 148 frames.
PARTICIPANT71834-008 SOMEONE FOR 
LOG (lattice-best-path[5.0.23~1-f7b2f]:main():lattice-best-path.cc:99) For utterance PARTICIPANT71834-010, best cost 19.1089 + 994.514 = 1013.62 over 98 frames.
PARTICIPANT71834-010 ON THAT'S 
LOG (lattice-best-path[5.0.23~1-f7b2f]:main():lattice-best-path.cc:99) For utterance PARTICIPANT71834-012, best cost 78.7229 + 4393.52 = 4472.24 over 398 frames.
PARTICIPANT71834-012 YEAH THE OUT SIGNIFICANT QUESTIONS WAS STUFF 
LOG (lattice-scale[5.0.23~1-f7b2f]:main():lattice-scale.cc:90) Done 11 lattices.
LOG (lattice-best-path[5.0.23~1-f7b2f]:main():lattice-best-path.cc:99) For utterance PARTICIPANT71834-014, best cost 23.425 + 932.281 = 955.706 over 88 frames.
PARTICIPANT71834-014 ARE CAUSES 
LOG (lattice-best-path[5.0.23~1-f7b2f]:main():lattice-best-path.cc:99) For utterance PARTICIPANT71834-016, best cost 16.3109 + 1156.46 = 1172.77 over 108 frames.
PARTICIPANT71834-016 AS 
LOG (lattice-best-path[5.0.23~1-f7b2f]:main():lattice-best-path.cc:99) For utterance PARTICIPANT71834-018, best cost 12.3698 + 672.488 = 684.858 over 58 frames.
PARTICIPANT71834-018 THAT 
LOG (lattice-add-penalty[5.0.23~1-f7b2f]:main():lattice-add-penalty.cc:62) Done adding word insertion penalty to 11 lattices.
LOG (lattice-best-path[5.0.23~1-f7b2f]:main():lattice-best-path.cc:99) For utterance PARTICIPANT71834-020, best cost 22.3887 + 1260.53 = 1282.92 over 118 frames.
PARTICIPANT71834-020 ALSO SO 
LOG (lattice-best-path[5.0.23~1-f7b2f]:main():lattice-best-path.cc:124) Overall cost per frame is 10.6502 = 0.171596 [graph] + 10.4786 [acoustic] over 5368 frames.
LOG (lattice-best-path[5.0.23~1-f7b2f]:main():lattice-best-path.cc:128) Done 11 lattices, failed for 0
# Accounting: time=1 threads=1
# Ended (code 0) at Mon Jan 28 18:47:17 EST 2019, elapsed time 1 seconds
