# lattice-scale --inv-acoustic-scale=10 "ark:gunzip -c /z/mkperez/PremanifestHD-classification/Data/Spont-Speech/set14/exp/mono_ali_clinician/decode/lat.*.gz|" ark:- | lattice-add-penalty --word-ins-penalty=1.0 ark:- ark:- | lattice-best-path --word-symbol-table=/z/mkperez/PremanifestHD-classification/Data/Spont-Speech/set14/exp/mono_ali_clinician/graph/words.txt ark:- ark,t:- | utils/int2sym.pl -f 2- /z/mkperez/PremanifestHD-classification/Data/Spont-Speech/set14/exp/mono_ali_clinician/graph/words.txt | local/wer_hyp_filter > /z/mkperez/PremanifestHD-classification/Data/Spont-Speech/set14/exp/mono_ali_clinician/decode/scoring_kaldi/penalty_1.0/10.txt 
# Started at Mon Jan 28 18:33:17 EST 2019
#
lattice-best-path --word-symbol-table=/z/mkperez/PremanifestHD-classification/Data/Spont-Speech/set14/exp/mono_ali_clinician/graph/words.txt ark:- ark,t:- 
lattice-add-penalty --word-ins-penalty=1.0 ark:- ark:- 
lattice-scale --inv-acoustic-scale=10 'ark:gunzip -c /z/mkperez/PremanifestHD-classification/Data/Spont-Speech/set14/exp/mono_ali_clinician/decode/lat.*.gz|' ark:- 
LOG (lattice-best-path[5.0.23~1-f7b2f]:main():lattice-best-path.cc:99) For utterance PARTICIPANT91117-001, best cost 43.9962 + 1704.61 = 1748.6 over 178 frames.
PARTICIPANT91117-001 WHAT FRIENDS I FAMILY 
LOG (lattice-best-path[5.0.23~1-f7b2f]:main():lattice-best-path.cc:99) For utterance PARTICIPANT91117-003, best cost 57.57 + 2259.73 = 2317.3 over 238 frames.
PARTICIPANT91117-003 I'VE REHEARSAL REHEARSAL HAVEN'T 
LOG (lattice-best-path[5.0.23~1-f7b2f]:main():lattice-best-path.cc:99) For utterance PARTICIPANT91117-005, best cost 24.9029 + 967.442 = 992.345 over 101 frames.
PARTICIPANT91117-005 FUN HERE 
LOG (lattice-best-path[5.0.23~1-f7b2f]:main():lattice-best-path.cc:99) For utterance PARTICIPANT91117-007, best cost 11.2361 + 292.775 = 304.011 over 32 frames.
PARTICIPANT91117-007 YEAH 
LOG (lattice-best-path[5.0.23~1-f7b2f]:main():lattice-best-path.cc:99) For utterance PARTICIPANT91117-009, best cost 19.1883 + 813.056 = 832.245 over 89 frames.
PARTICIPANT91117-009 WARY 
LOG (lattice-best-path[5.0.23~1-f7b2f]:main():lattice-best-path.cc:99) For utterance PARTICIPANT91117-011, best cost 4.53027 + 190.788 = 195.318 over 18 frames.
PARTICIPANT91117-011 
LOG (lattice-scale[5.0.23~1-f7b2f]:main():lattice-scale.cc:90) Done 7 lattices.
LOG (lattice-add-penalty[5.0.23~1-f7b2f]:main():lattice-add-penalty.cc:62) Done adding word insertion penalty to 7 lattices.
LOG (lattice-best-path[5.0.23~1-f7b2f]:main():lattice-best-path.cc:99) For utterance PARTICIPANT91117-013, best cost 40.1866 + 1702.29 = 1742.47 over 173 frames.
PARTICIPANT91117-013 GET NEXT CREDIT 
LOG (lattice-best-path[5.0.23~1-f7b2f]:main():lattice-best-path.cc:124) Overall cost per frame is 9.80976 = 0.243197 [graph] + 9.56656 [acoustic] over 829 frames.
LOG (lattice-best-path[5.0.23~1-f7b2f]:main():lattice-best-path.cc:128) Done 7 lattices, failed for 0
# Accounting: time=1 threads=1
# Ended (code 0) at Mon Jan 28 18:33:18 EST 2019, elapsed time 1 seconds
