# gunzip -c /z/mkperez/PremanifestHD-classification/Data/Spont-Speech/set3/exp/mono_ali_clinician/decode/depth_stats_tmp.*.gz | steps/diagnostic/analyze_lattice_depth_stats.py /z/mkperez/PremanifestHD-classification/Data/Spont-Speech/set3/exp/mono_ali_clinician/graph 
# Started at Mon Jan 28 18:50:04 EST 2019
#
The total amount of data analyzed assuming 100 frames per second is 0.0 hours
Overall, lattice depth (10,50,90-percentile)=(83,405,1071) and mean=520.1
Nonsilence phones as a group account for 73.0% of frames, with lattice depth (10,50,90-percentile)=(88,396,1052) and mean=486.8
Phone sil accounts for 27.0% of frames, with lattice depth (10,50,90-percentile)=(62,462,1405) and mean=609.9
Phone n_I accounts for 9.1% of frames, with lattice depth (10,50,90-percentile)=(47,436,944) and mean=420.6
Phone w_B accounts for 6.1% of frames, with lattice depth (10,50,90-percentile)=(161,209,511) and mean=301.5
Phone ih_I accounts for 4.9% of frames, with lattice depth (10,50,90-percentile)=(48,275,1032) and mean=402.7
Phone eh_I accounts for 3.2% of frames, with lattice depth (10,50,90-percentile)=(84,519,1193) and mean=516.3
Phone er_I accounts for 2.9% of frames, with lattice depth (10,50,90-percentile)=(326,451,1677) and mean=845.4
Phone dh_B accounts for 2.7% of frames, with lattice depth (10,50,90-percentile)=(99,125,520) and mean=258.5
Phone iy_E accounts for 2.5% of frames, with lattice depth (10,50,90-percentile)=(122,549,899) and mean=511.0
Phone k_I accounts for 2.3% of frames, with lattice depth (10,50,90-percentile)=(48,276,1090) and mean=586.2
Phone d_E accounts for 2.2% of frames, with lattice depth (10,50,90-percentile)=(22,534,1061) and mean=575.9
Phone y_B accounts for 2.1% of frames, with lattice depth (10,50,90-percentile)=(88,779,1282) and mean=602.8
Phone t_I accounts for 2.0% of frames, with lattice depth (10,50,90-percentile)=(294,474,1037) and mean=502.2
Phone ah_I accounts for 1.9% of frames, with lattice depth (10,50,90-percentile)=(302,436,438) and mean=403.2
Phone ih_B accounts for 1.8% of frames, with lattice depth (10,50,90-percentile)=(492,519,1042) and mean=758.9
Phone ay_B accounts for 1.7% of frames, with lattice depth (10,50,90-percentile)=(241,263,332) and mean=280.1
Phone r_I accounts for 1.6% of frames, with lattice depth (10,50,90-percentile)=(800,973,1100) and mean=963.6
Phone t_E accounts for 1.6% of frames, with lattice depth (10,50,90-percentile)=(253,268,429) and mean=332.2
Phone ae_I accounts for 1.6% of frames, with lattice depth (10,50,90-percentile)=(213,223,252) and mean=230.5
Phone s_E accounts for 1.5% of frames, with lattice depth (10,50,90-percentile)=(26,83,1100) and mean=359.0
Phone ey_S accounts for 1.4% of frames, with lattice depth (10,50,90-percentile)=(453,534,534) and mean=509.0
Phone m_B accounts for 1.4% of frames, with lattice depth (10,50,90-percentile)=(172,297,400) and mean=291.3
Phone iy_I accounts for 1.2% of frames, with lattice depth (10,50,90-percentile)=(48,49,263) and mean=132.7
Phone iy_S accounts for 1.2% of frames, with lattice depth (10,50,90-percentile)=(436,526,737) and mean=591.0
Phone z_I accounts for 1.2% of frames, with lattice depth (10,50,90-percentile)=(244,274,1868) and mean=1017.1
Phone l_E accounts for 1.0% of frames, with lattice depth (10,50,90-percentile)=(181,189,252) and mean=201.7
Phone d_B accounts for 1.0% of frames, with lattice depth (10,50,90-percentile)=(516,520,549) and mean=527.8
Phone f_I accounts for 1.0% of frames, with lattice depth (10,50,90-percentile)=(396,411,515) and mean=451.9
Phone z_E accounts for 1.0% of frames, with lattice depth (10,50,90-percentile)=(117,131,973) and mean=445.8
Phone ae_B accounts for 0.9% of frames, with lattice depth (10,50,90-percentile)=(289,324,505) and mean=390.2
Phone ah_E accounts for 0.8% of frames, with lattice depth (10,50,90-percentile)=(310,312,379) and mean=330.1
Phone eh_B accounts for 0.7% of frames, with lattice depth (10,50,90-percentile)=(521,523,528) and mean=524.1
Phone m_E accounts for 0.7% of frames, with lattice depth (10,50,90-percentile)=(263,263,273) and mean=265.7
Phone v_E accounts for 0.7% of frames, with lattice depth (10,50,90-percentile)=(306,308,311) and mean=310.3
Phone ay_I accounts for 0.6% of frames, with lattice depth (10,50,90-percentile)=(785,799,1052) and mean=905.3
Phone ey_E accounts for 0.6% of frames, with lattice depth (10,50,90-percentile)=(104,117,120) and mean=113.9
Phone f_B accounts for 0.6% of frames, with lattice depth (10,50,90-percentile)=(607,624,771) and mean=694.4
Phone ay_S accounts for 0.5% of frames, with lattice depth (10,50,90-percentile)=(591,591,591) and mean=591.0
# Accounting: time=0 threads=1
# Ended (code 0) at Mon Jan 28 18:50:04 EST 2019, elapsed time 0 seconds
