# lattice-scale --inv-acoustic-scale=16 "ark:gunzip -c /z/mkperez/PremanifestHD-classification/Data/Spont-Speech/set19/exp/mono_ali_clinician/decode/lat.*.gz|" ark:- | lattice-add-penalty --word-ins-penalty=0.0 ark:- ark:- | lattice-best-path --word-symbol-table=/z/mkperez/PremanifestHD-classification/Data/Spont-Speech/set19/exp/mono_ali_clinician/graph/words.txt ark:- ark,t:- | utils/int2sym.pl -f 2- /z/mkperez/PremanifestHD-classification/Data/Spont-Speech/set19/exp/mono_ali_clinician/graph/words.txt | local/wer_hyp_filter > /z/mkperez/PremanifestHD-classification/Data/Spont-Speech/set19/exp/mono_ali_clinician/decode/scoring_kaldi/penalty_0.0/16.txt 
# Started at Mon Jan 28 18:47:14 EST 2019
#
lattice-best-path --word-symbol-table=/z/mkperez/PremanifestHD-classification/Data/Spont-Speech/set19/exp/mono_ali_clinician/graph/words.txt ark:- ark,t:- 
lattice-add-penalty --word-ins-penalty=0.0 ark:- ark:- 
lattice-scale --inv-acoustic-scale=16 'ark:gunzip -c /z/mkperez/PremanifestHD-classification/Data/Spont-Speech/set19/exp/mono_ali_clinician/decode/lat.*.gz|' ark:- 
LOG (lattice-best-path[5.0.23~1-f7b2f]:main():lattice-best-path.cc:99) For utterance PARTICIPANT71834-001, best cost 197.498 + 10821.6 = 11019.1 over 1878 frames.
PARTICIPANT71834-001 ACCORDION WEEKEND THAT THE WAS THE KNOW FROM LATER SO THAT SOMEONE FLORIDA BECAUSE I ALWAYS 
LOG (lattice-best-path[5.0.23~1-f7b2f]:main():lattice-best-path.cc:99) For utterance PARTICIPANT71834-003, best cost 110.057 + 4684.68 = 4794.73 over 778 frames.
PARTICIPANT71834-003 WEEKEND ANYWAY BACK WEEKEND SO SO OTHER SO ALWAYS WHATEVER 
LOG (lattice-best-path[5.0.23~1-f7b2f]:main():lattice-best-path.cc:99) For utterance PARTICIPANT71834-004, best cost 209.266 + 9688.45 = 9897.71 over 1628 frames.
PARTICIPANT71834-004 WEEKEND OKAY INTRODUCTIONS AGREED REASON IDEA WE WHAT SIGNIFICANT CAUSE THE IS RECORDING FORTY INTERESTING THAT 
LOG (lattice-best-path[5.0.23~1-f7b2f]:main():lattice-best-path.cc:99) For utterance PARTICIPANT71834-006, best cost 18.1802 + 414.85 = 433.03 over 68 frames.
PARTICIPANT71834-006 THAT WEEKEND 
LOG (lattice-best-path[5.0.23~1-f7b2f]:main():lattice-best-path.cc:99) For utterance PARTICIPANT71834-008, best cost 27.4451 + 860.317 = 887.762 over 148 frames.
PARTICIPANT71834-008 SOMEONE FOR 
LOG (lattice-best-path[5.0.23~1-f7b2f]:main():lattice-best-path.cc:99) For utterance PARTICIPANT71834-010, best cost 11.6442 + 565.555 = 577.199 over 98 frames.
PARTICIPANT71834-010 ON 
LOG (lattice-best-path[5.0.23~1-f7b2f]:main():lattice-best-path.cc:99) For utterance PARTICIPANT71834-012, best cost 62.2372 + 2481.23 = 2543.47 over 398 frames.
PARTICIPANT71834-012 WITHOUT SIGNIFICANT INTRODUCTIONS STUFF 
LOG (lattice-best-path[5.0.23~1-f7b2f]:main():lattice-best-path.cc:99) For utterance PARTICIPANT71834-014, best cost 19.8151 + 526.176 = 545.991 over 88 frames.
PARTICIPANT71834-014 ARE CAUSE 
LOG (lattice-best-path[5.0.23~1-f7b2f]:main():lattice-best-path.cc:99) For utterance PARTICIPANT71834-016, best cost 14.228 + 651.726 = 665.954 over 108 frames.
PARTICIPANT71834-016 WAS 
LOG (lattice-best-path[5.0.23~1-f7b2f]:main():lattice-best-path.cc:99) For utterance PARTICIPANT71834-018, best cost 11.8698 + 378.275 = 390.144 over 58 frames.
PARTICIPANT71834-018 THAT 
LOG (lattice-scale[5.0.23~1-f7b2f]:main():lattice-scale.cc:90) Done 11 lattices.
LOG (lattice-add-penalty[5.0.23~1-f7b2f]:main():lattice-add-penalty.cc:62) Done adding word insertion penalty to 11 lattices.
LOG (lattice-best-path[5.0.23~1-f7b2f]:main():lattice-best-path.cc:99) For utterance PARTICIPANT71834-020, best cost 17.3554 + 712.861 = 730.217 over 118 frames.
PARTICIPANT71834-020 THE SO 
LOG (lattice-best-path[5.0.23~1-f7b2f]:main():lattice-best-path.cc:124) Overall cost per frame is 6.05167 = 0.130327 [graph] + 5.92134 [acoustic] over 5368 frames.
LOG (lattice-best-path[5.0.23~1-f7b2f]:main():lattice-best-path.cc:128) Done 11 lattices, failed for 0
# Accounting: time=2 threads=1
# Ended (code 0) at Mon Jan 28 18:47:16 EST 2019, elapsed time 2 seconds
