# lattice-scale --inv-acoustic-scale=12 "ark:gunzip -c /z/mkperez/PremanifestHD-classification/Data/Spont-Speech/set19/exp/mono_ali_clinician/decode/lat.*.gz|" ark:- | lattice-add-penalty --word-ins-penalty=0.0 ark:- ark:- | lattice-best-path --word-symbol-table=/z/mkperez/PremanifestHD-classification/Data/Spont-Speech/set19/exp/mono_ali_clinician/graph/words.txt ark:- ark,t:- | utils/int2sym.pl -f 2- /z/mkperez/PremanifestHD-classification/Data/Spont-Speech/set19/exp/mono_ali_clinician/graph/words.txt | local/wer_hyp_filter > /z/mkperez/PremanifestHD-classification/Data/Spont-Speech/set19/exp/mono_ali_clinician/decode/scoring_kaldi/penalty_0.0/12.txt 
# Started at Mon Jan 28 18:47:14 EST 2019
#
lattice-best-path --word-symbol-table=/z/mkperez/PremanifestHD-classification/Data/Spont-Speech/set19/exp/mono_ali_clinician/graph/words.txt ark:- ark,t:- 
lattice-scale --inv-acoustic-scale=12 'ark:gunzip -c /z/mkperez/PremanifestHD-classification/Data/Spont-Speech/set19/exp/mono_ali_clinician/decode/lat.*.gz|' ark:- 
lattice-add-penalty --word-ins-penalty=0.0 ark:- ark:- 
LOG (lattice-best-path[5.0.23~1-f7b2f]:main():lattice-best-path.cc:99) For utterance PARTICIPANT71834-001, best cost 227.943 + 14393.3 = 14621.3 over 1878 frames.
PARTICIPANT71834-001 ACCORDION WEEKEND THAT THE WHERE WAS WE IT'S THEY KNOW FRIENDS LATER SO THAT AND WE DEFINITELY PURPOSES BECAUSE I ALWAYS 
LOG (lattice-best-path[5.0.23~1-f7b2f]:main():lattice-best-path.cc:99) For utterance PARTICIPANT71834-003, best cost 136.355 + 6215.64 = 6352 over 778 frames.
PARTICIPANT71834-003 AND WEEKEND ANYWAY BACK WEEKEND TO TO SO SO OF WERE SO AWAY THINK WHATEVER 
LOG (lattice-best-path[5.0.23~1-f7b2f]:main():lattice-best-path.cc:99) For utterance PARTICIPANT71834-004, best cost 253.215 + 12864.4 = 13117.6 over 1628 frames.
PARTICIPANT71834-004 WEEKEND TO OKAY GOING INTRODUCTIONS WE'RE IT'S THAT REASON IDEA FOR LITTLE WHAT SIGNIFICANT CAUSE THE IS GETTING BEING FORTY CITY RECORDING THAT 
LOG (lattice-best-path[5.0.23~1-f7b2f]:main():lattice-best-path.cc:99) For utterance PARTICIPANT71834-006, best cost 18.1802 + 553.134 = 571.314 over 68 frames.
PARTICIPANT71834-006 THAT WEEKEND 
LOG (lattice-best-path[5.0.23~1-f7b2f]:main():lattice-best-path.cc:99) For utterance PARTICIPANT71834-008, best cost 27.4451 + 1147.09 = 1174.53 over 148 frames.
PARTICIPANT71834-008 SOMEONE FOR 
LOG (lattice-best-path[5.0.23~1-f7b2f]:main():lattice-best-path.cc:99) For utterance PARTICIPANT71834-010, best cost 18.1089 + 745.886 = 763.995 over 98 frames.
PARTICIPANT71834-010 ON THAT'S 
LOG (lattice-best-path[5.0.23~1-f7b2f]:main():lattice-best-path.cc:99) For utterance PARTICIPANT71834-012, best cost 70.3039 + 3299.95 = 3370.25 over 398 frames.
PARTICIPANT71834-012 WITHOUT SIGNIFICANT QUESTIONS WAS STUFF 
LOG (lattice-scale[5.0.23~1-f7b2f]:main():lattice-scale.cc:90) Done 11 lattices.
LOG (lattice-best-path[5.0.23~1-f7b2f]:main():lattice-best-path.cc:99) For utterance PARTICIPANT71834-014, best cost 19.8151 + 701.568 = 721.383 over 88 frames.
PARTICIPANT71834-014 ARE CAUSE 
LOG (lattice-best-path[5.0.23~1-f7b2f]:main():lattice-best-path.cc:99) For utterance PARTICIPANT71834-016, best cost 15.8109 + 867.344 = 883.154 over 108 frames.
PARTICIPANT71834-016 AS 
LOG (lattice-best-path[5.0.23~1-f7b2f]:main():lattice-best-path.cc:99) For utterance PARTICIPANT71834-018, best cost 11.8698 + 504.366 = 516.236 over 58 frames.
PARTICIPANT71834-018 THAT 
LOG (lattice-add-penalty[5.0.23~1-f7b2f]:main():lattice-add-penalty.cc:62) Done adding word insertion penalty to 11 lattices.
LOG (lattice-best-path[5.0.23~1-f7b2f]:main():lattice-best-path.cc:99) For utterance PARTICIPANT71834-020, best cost 21.3887 + 945.397 = 966.786 over 118 frames.
PARTICIPANT71834-020 ALSO SO 
LOG (lattice-best-path[5.0.23~1-f7b2f]:main():lattice-best-path.cc:124) Overall cost per frame is 8.02134 = 0.152838 [graph] + 7.8685 [acoustic] over 5368 frames.
LOG (lattice-best-path[5.0.23~1-f7b2f]:main():lattice-best-path.cc:128) Done 11 lattices, failed for 0
# Accounting: time=2 threads=1
# Ended (code 0) at Mon Jan 28 18:47:16 EST 2019, elapsed time 2 seconds
