# lattice-scale --inv-acoustic-scale=11 "ark:gunzip -c /z/mkperez/PremanifestHD-classification/Data/Spont-Speech/set13/exp/mono_ali_clinician/decode/lat.*.gz|" ark:- | lattice-add-penalty --word-ins-penalty=0.5 ark:- ark:- | lattice-best-path --word-symbol-table=/z/mkperez/PremanifestHD-classification/Data/Spont-Speech/set13/exp/mono_ali_clinician/graph/words.txt ark:- ark,t:- | utils/int2sym.pl -f 2- /z/mkperez/PremanifestHD-classification/Data/Spont-Speech/set13/exp/mono_ali_clinician/graph/words.txt | local/wer_hyp_filter > /z/mkperez/PremanifestHD-classification/Data/Spont-Speech/set13/exp/mono_ali_clinician/decode/scoring_kaldi/penalty_0.5/11.txt 
# Started at Mon Jan 28 18:31:53 EST 2019
#
lattice-best-path --word-symbol-table=/z/mkperez/PremanifestHD-classification/Data/Spont-Speech/set13/exp/mono_ali_clinician/graph/words.txt ark:- ark,t:- 
lattice-add-penalty --word-ins-penalty=0.5 ark:- ark:- 
lattice-scale --inv-acoustic-scale=11 'ark:gunzip -c /z/mkperez/PremanifestHD-classification/Data/Spont-Speech/set13/exp/mono_ali_clinician/decode/lat.*.gz|' ark:- 
LOG (lattice-best-path[5.0.23~1-f7b2f]:main():lattice-best-path.cc:99) For utterance PARTICIPANT01634-001, best cost 35.7094 + 1444.43 = 1480.14 over 168 frames.
PARTICIPANT01634-001 WEEKEND VISITED CAN 
LOG (lattice-best-path[5.0.23~1-f7b2f]:main():lattice-best-path.cc:99) For utterance PARTICIPANT01634-003, best cost 115.492 + 8020.61 = 8136.1 over 988 frames.
PARTICIPANT01634-003 DEPRESSED LADY AGAIN I'LL SARASOTA STARTLE THE REALLY 
LOG (lattice-best-path[5.0.23~1-f7b2f]:main():lattice-best-path.cc:99) For utterance PARTICIPANT01634-005, best cost 60.3793 + 2506.94 = 2567.32 over 308 frames.
PARTICIPANT01634-005 A THEM ALSO AND SCHOOL HOUSE 
LOG (lattice-best-path[5.0.23~1-f7b2f]:main():lattice-best-path.cc:99) For utterance PARTICIPANT01634-007, best cost 46.581 + 2418.32 = 2464.9 over 288 frames.
PARTICIPANT01634-007 BOARD WEEKEND ANTIDEPRESSANTS 
LOG (lattice-best-path[5.0.23~1-f7b2f]:main():lattice-best-path.cc:99) For utterance PARTICIPANT01634-009, best cost 13.7082 + 775.43 = 789.138 over 98 frames.
PARTICIPANT01634-009 AND 
LOG (lattice-best-path[5.0.23~1-f7b2f]:main():lattice-best-path.cc:99) For utterance PARTICIPANT01634-011, best cost 16.9426 + 1055.96 = 1072.9 over 118 frames.
PARTICIPANT01634-011 ONLY 
LOG (lattice-best-path[5.0.23~1-f7b2f]:main():lattice-best-path.cc:99) For utterance PARTICIPANT01634-013, best cost 21.5003 + 806.057 = 827.558 over 88 frames.
PARTICIPANT01634-013 TO WILL 
LOG (lattice-best-path[5.0.23~1-f7b2f]:main():lattice-best-path.cc:99) For utterance PARTICIPANT01634-015, best cost 26.2281 + 1186.79 = 1213.02 over 138 frames.
PARTICIPANT01634-015 GUYS LET'S 
LOG (lattice-best-path[5.0.23~1-f7b2f]:main():lattice-best-path.cc:99) For utterance PARTICIPANT01634-017, best cost 9.31719 + 147.741 = 157.058 over 18 frames.
PARTICIPANT01634-017 YEAH 
LOG (lattice-best-path[5.0.23~1-f7b2f]:main():lattice-best-path.cc:99) For utterance PARTICIPANT01634-019, best cost 155.618 + 8702.42 = 8858.04 over 1048 frames.
PARTICIPANT01634-019 RIDICULOUS AND IS SO DIDN'T THAT WHEN WENT ANY CAN SO THAT WAS HERE OH 
LOG (lattice-best-path[5.0.23~1-f7b2f]:main():lattice-best-path.cc:99) For utterance PARTICIPANT01634-021, best cost 112.301 + 6908.33 = 7020.63 over 838 frames.
PARTICIPANT01634-021 SO WE'LL FROM TERRIBLE THAT YEAH YOU IT ANTIDEPRESSANTS LANDLORDS 
LOG (lattice-best-path[5.0.23~1-f7b2f]:main():lattice-best-path.cc:99) For utterance PARTICIPANT01634-023, best cost 195.08 + 10866.4 = 11061.4 over 1325 frames.
PARTICIPANT01634-023 NO SO INTERESTING MOVIES WHAT FRIENDS WEEKEND LOT SO DEPRESSANTS OFTEN OUT ALCOHOL OH IT'S FOR START 
LOG (lattice-best-path[5.0.23~1-f7b2f]:main():lattice-best-path.cc:99) For utterance PARTICIPANT01634-025, best cost 144.727 + 8477.83 = 8622.55 over 1018 frames.
PARTICIPANT01634-025 OF WAS PEOPLE INSTRUMENTS TO DEFINITELY LIKE RIDICULOUS EXCELLENT INAUDIBLE OKAY 
LOG (lattice-best-path[5.0.23~1-f7b2f]:main():lattice-best-path.cc:99) For utterance PARTICIPANT01634-027, best cost 149.115 + 8062.81 = 8211.93 over 988 frames.
PARTICIPANT01634-027 ON WEEKEND TAKE YES THE REALLY DEPRESSANTS START TEST AND IS YEAH IMMEDIATELY 
LOG (lattice-best-path[5.0.23~1-f7b2f]:main():lattice-best-path.cc:99) For utterance PARTICIPANT01634-029, best cost 189.901 + 9037.99 = 9227.89 over 1078 frames.
PARTICIPANT01634-029 AND CANCELLED TEN KIND TO FOR LITTLE DOOR LITTLE NO INTERESTING TORNADO MILES FESTIVAL WAY DIRECTORS 
LOG (lattice-best-path[5.0.23~1-f7b2f]:main():lattice-best-path.cc:99) For utterance PARTICIPANT01634-031, best cost 174.631 + 10545.5 = 10720.1 over 1278 frames.
PARTICIPANT01634-031 EXCELLENT DAUGHTER DIAGNOSIS OH INTRODUCTIONS WHEN THAT MY YEAH DEFINITELY YOU MOBILITY EXCELLENT THE 
LOG (lattice-best-path[5.0.23~1-f7b2f]:main():lattice-best-path.cc:99) For utterance PARTICIPANT01634-033, best cost 131.287 + 7783.39 = 7914.68 over 948 frames.
PARTICIPANT01634-033 YEAH YOUR DISABILITY BUT COMMUNITY AND AND SUICIDE LANDLORD BE LIKE 
LOG (lattice-best-path[5.0.23~1-f7b2f]:main():lattice-best-path.cc:99) For utterance PARTICIPANT01634-035, best cost 59.0098 + 3546.95 = 3605.96 over 438 frames.
PARTICIPANT01634-035 BUT DIAGNOSIS LITTLE OKAY YES 
LOG (lattice-best-path[5.0.23~1-f7b2f]:main():lattice-best-path.cc:99) For utterance PARTICIPANT01634-037, best cost 120.511 + 6496.01 = 6616.52 over 808 frames.
PARTICIPANT01634-037 ABSOLUTELY LIKE REALLY BUT MY REHEARSAL ME BE ON WAS OH 
LOG (lattice-best-path[5.0.23~1-f7b2f]:main():lattice-best-path.cc:99) For utterance PARTICIPANT01634-039, best cost 357.894 + 21321.5 = 21679.4 over 2496 frames.
PARTICIPANT01634-039 ABSOLUTELY ARE TO WEEKEND THAT EXCELLENT AND TOLD AND ONLY WELL UNDERGRAD HOME DIAGNOSIS ONLY SOMEONE RIDICULOUS WE'RE ONLY ANYTHING MONDAY ALMOST TONIGHT WEDDING WEEKEND EXACTLY YES SUCCESSFUL 
LOG (lattice-best-path[5.0.23~1-f7b2f]:main():lattice-best-path.cc:99) For utterance PARTICIPANT01634-041, best cost 81.652 + 6344.73 = 6426.38 over 748 frames.
PARTICIPANT01634-041 IT'S THAT WELL BECAUSE THAT LADY DON'T 
LOG (lattice-best-path[5.0.23~1-f7b2f]:main():lattice-best-path.cc:99) For utterance PARTICIPANT01634-043, best cost 17.8276 + 847.355 = 865.182 over 98 frames.
PARTICIPANT01634-043 I'M THE 
LOG (lattice-best-path[5.0.23~1-f7b2f]:main():lattice-best-path.cc:99) For utterance PARTICIPANT01634-045, best cost 10.7751 + 458.511 = 469.286 over 58 frames.
PARTICIPANT01634-045 AND 
LOG (lattice-best-path[5.0.23~1-f7b2f]:main():lattice-best-path.cc:99) For utterance PARTICIPANT01634-047, best cost 18.4294 + 736.799 = 755.229 over 86 frames.
PARTICIPANT01634-047 INTERESTING 
LOG (lattice-best-path[5.0.23~1-f7b2f]:main():lattice-best-path.cc:99) For utterance PARTICIPANT01634-049, best cost 23.1598 + 669.624 = 692.784 over 81 frames.
PARTICIPANT01634-049 TO APPEAR 
LOG (lattice-best-path[5.0.23~1-f7b2f]:main():lattice-best-path.cc:99) For utterance PARTICIPANT01634-051, best cost 13.7123 + 660.862 = 674.574 over 78 frames.
PARTICIPANT01634-051 AND 
LOG (lattice-best-path[5.0.23~1-f7b2f]:main():lattice-best-path.cc:99) For utterance PARTICIPANT01634-053, best cost 10.4722 + 375.22 = 385.692 over 48 frames.
PARTICIPANT01634-053 YEAH 
LOG (lattice-best-path[5.0.23~1-f7b2f]:main():lattice-best-path.cc:99) For utterance PARTICIPANT01634-055, best cost 244.567 + 14888.8 = 15133.4 over 1788 frames.
PARTICIPANT01634-055 AND RIDICULOUSLY AND DELTA ACTUALLY FLORIDA YES EXACTLY TO LOT LET'S WELL REALLY LOT TO DEFINITELY ISN'T SO FESTIVAL FROM LIKE 
LOG (lattice-best-path[5.0.23~1-f7b2f]:main():lattice-best-path.cc:99) For utterance PARTICIPANT01634-057, best cost 184.739 + 11382.6 = 11567.4 over 1398 frames.
PARTICIPANT01634-057 AND AND ON WEEKEND SO CLASSES AND IS AND THAT COMMITTED CLOSED AND THAT LOOKING DOESN'T TRACK 
LOG (lattice-best-path[5.0.23~1-f7b2f]:main():lattice-best-path.cc:99) For utterance PARTICIPANT01634-059, best cost 11.0319 + 221.279 = 232.311 over 28 frames.
PARTICIPANT01634-059 IS 
LOG (lattice-best-path[5.0.23~1-f7b2f]:main():lattice-best-path.cc:99) For utterance PARTICIPANT01634-061, best cost 12.3555 + 530.931 = 543.287 over 68 frames.
PARTICIPANT01634-061 AND 
LOG (lattice-best-path[5.0.23~1-f7b2f]:main():lattice-best-path.cc:99) For utterance PARTICIPANT01634-063, best cost 11.2413 + 245.431 = 256.673 over 28 frames.
PARTICIPANT01634-063 YES 
LOG (lattice-best-path[5.0.23~1-f7b2f]:main():lattice-best-path.cc:99) For utterance PARTICIPANT01634-065, best cost 35.2187 + 1732.35 = 1767.56 over 198 frames.
PARTICIPANT01634-065 INSTRUMENTS COAST 
LOG (lattice-best-path[5.0.23~1-f7b2f]:main():lattice-best-path.cc:99) For utterance PARTICIPANT01634-067, best cost 44.8726 + 2366.24 = 2411.11 over 288 frames.
PARTICIPANT01634-067 CAN AND TEN WEEKEND 
LOG (lattice-scale[5.0.23~1-f7b2f]:main():lattice-scale.cc:90) Done 35 lattices.
LOG (lattice-add-penalty[5.0.23~1-f7b2f]:main():lattice-add-penalty.cc:62) Done adding word insertion penalty to 35 lattices.
LOG (lattice-best-path[5.0.23~1-f7b2f]:main():lattice-best-path.cc:99) For utterance PARTICIPANT01634-069, best cost 225.17 + 11270.9 = 11496 over 1328 frames.
PARTICIPANT01634-069 TRACK TREATMENT I BASELINE WE EXACTLY KIND FLORIDA REALLY REQUIRES YOU THE DIRECTORS HOUSE IS LITTLE ASSESSMENTS GREAT DEFINITELY 
LOG (lattice-best-path[5.0.23~1-f7b2f]:main():lattice-best-path.cc:124) Overall cost per frame is 8.45952 = 0.148161 [graph] + 8.31136 [acoustic] over 20796 frames.
LOG (lattice-best-path[5.0.23~1-f7b2f]:main():lattice-best-path.cc:128) Done 35 lattices, failed for 0
# Accounting: time=5 threads=1
# Ended (code 0) at Mon Jan 28 18:31:58 EST 2019, elapsed time 5 seconds
