# lattice-scale --inv-acoustic-scale=17 "ark:gunzip -c /z/mkperez/PremanifestHD-classification/Data/Spont-Speech/set13/exp/mono_ali_clinician/decode/lat.*.gz|" ark:- | lattice-add-penalty --word-ins-penalty=0.5 ark:- ark:- | lattice-best-path --word-symbol-table=/z/mkperez/PremanifestHD-classification/Data/Spont-Speech/set13/exp/mono_ali_clinician/graph/words.txt ark:- ark,t:- | utils/int2sym.pl -f 2- /z/mkperez/PremanifestHD-classification/Data/Spont-Speech/set13/exp/mono_ali_clinician/graph/words.txt | local/wer_hyp_filter > /z/mkperez/PremanifestHD-classification/Data/Spont-Speech/set13/exp/mono_ali_clinician/decode/scoring_kaldi/penalty_0.5/17.txt 
# Started at Mon Jan 28 18:31:53 EST 2019
#
lattice-add-penalty --word-ins-penalty=0.5 ark:- ark:- 
lattice-scale --inv-acoustic-scale=17 'ark:gunzip -c /z/mkperez/PremanifestHD-classification/Data/Spont-Speech/set13/exp/mono_ali_clinician/decode/lat.*.gz|' ark:- 
lattice-best-path --word-symbol-table=/z/mkperez/PremanifestHD-classification/Data/Spont-Speech/set13/exp/mono_ali_clinician/graph/words.txt ark:- ark,t:- 
LOG (lattice-best-path[5.0.23~1-f7b2f]:main():lattice-best-path.cc:99) For utterance PARTICIPANT01634-001, best cost 22.9791 + 943.488 = 966.467 over 168 frames.
PARTICIPANT01634-001 AND BUT 
LOG (lattice-best-path[5.0.23~1-f7b2f]:main():lattice-best-path.cc:99) For utterance PARTICIPANT01634-003, best cost 101.609 + 5200.99 = 5302.6 over 988 frames.
PARTICIPANT01634-003 DEPRESSED YOU THEN WAS SARASOTA FROM THE REALLY 
LOG (lattice-best-path[5.0.23~1-f7b2f]:main():lattice-best-path.cc:99) For utterance PARTICIPANT01634-005, best cost 45.307 + 1635.76 = 1681.06 over 308 frames.
PARTICIPANT01634-005 THEM ALMOST ABSOLUTELY 
LOG (lattice-best-path[5.0.23~1-f7b2f]:main():lattice-best-path.cc:99) For utterance PARTICIPANT01634-007, best cost 40.3177 + 1569.47 = 1609.79 over 288 frames.
PARTICIPANT01634-007 GORDON ANTIDEPRESSANTS 
LOG (lattice-best-path[5.0.23~1-f7b2f]:main():lattice-best-path.cc:99) For utterance PARTICIPANT01634-009, best cost 13.7082 + 501.749 = 515.457 over 98 frames.
PARTICIPANT01634-009 AND 
LOG (lattice-best-path[5.0.23~1-f7b2f]:main():lattice-best-path.cc:99) For utterance PARTICIPANT01634-011, best cost 16.9426 + 683.267 = 700.209 over 118 frames.
PARTICIPANT01634-011 ONLY 
LOG (lattice-best-path[5.0.23~1-f7b2f]:main():lattice-best-path.cc:99) For utterance PARTICIPANT01634-013, best cost 15.8331 + 525.623 = 541.456 over 88 frames.
PARTICIPANT01634-013 DELTA 
LOG (lattice-best-path[5.0.23~1-f7b2f]:main():lattice-best-path.cc:99) For utterance PARTICIPANT01634-015, best cost 24.9639 + 769.046 = 794.01 over 138 frames.
PARTICIPANT01634-015 GUYS NICE 
LOG (lattice-best-path[5.0.23~1-f7b2f]:main():lattice-best-path.cc:99) For utterance PARTICIPANT01634-017, best cost 9.31719 + 95.5969 = 104.914 over 18 frames.
PARTICIPANT01634-017 YEAH 
LOG (lattice-best-path[5.0.23~1-f7b2f]:main():lattice-best-path.cc:99) For utterance PARTICIPANT01634-019, best cost 128.937 + 5652.61 = 5781.55 over 1048 frames.
PARTICIPANT01634-019 RIDICULOUS AND SO IMMEDIATELY WENT RECOMMEND SO THAT WAS HERE 
LOG (lattice-best-path[5.0.23~1-f7b2f]:main():lattice-best-path.cc:99) For utterance PARTICIPANT01634-021, best cost 105.079 + 4476.01 = 4581.09 over 838 frames.
PARTICIPANT01634-021 SO REMEMBER DELTA THAT YEAH YOU IT ANTIDEPRESSANTS LANDLORDS 
LOG (lattice-best-path[5.0.23~1-f7b2f]:main():lattice-best-path.cc:99) For utterance PARTICIPANT01634-023, best cost 145.317 + 7072.08 = 7217.39 over 1325 frames.
PARTICIPANT01634-023 NO SO INTRODUCTIONS WAS WEEKEND OH INTRODUCTIONS ASSESSMENTS ALCOHOL LITTLE FORGOT 
LOG (lattice-best-path[5.0.23~1-f7b2f]:main():lattice-best-path.cc:99) For utterance PARTICIPANT01634-025, best cost 121.378 + 5504.56 = 5625.93 over 1018 frames.
PARTICIPANT01634-025 SOME EXCELLENT TO DEFINITELY LITTLE EXCELLENT INAUDIBLE OKAY 
LOG (lattice-best-path[5.0.23~1-f7b2f]:main():lattice-best-path.cc:99) For utterance PARTICIPANT01634-027, best cost 127.569 + 5233.65 = 5361.22 over 988 frames.
PARTICIPANT01634-027 ON EXACTLY YES REALLY DEPRESSANTS SO TEST IS AND IMMEDIATELY 
LOG (lattice-best-path[5.0.23~1-f7b2f]:main():lattice-best-path.cc:99) For utterance PARTICIPANT01634-029, best cost 149.791 + 5879.54 = 6029.33 over 1078 frames.
PARTICIPANT01634-029 AND CANCELLED TONIGHT ACCESSIBLE RECORDING REHEARSAL NOT ANTIDEPRESSANTS DISABILITY DIRECTORS 
LOG (lattice-best-path[5.0.23~1-f7b2f]:main():lattice-best-path.cc:99) For utterance PARTICIPANT01634-031, best cost 152.226 + 6840.07 = 6992.29 over 1278 frames.
PARTICIPANT01634-031 EXCELLENT DAUGHTER DIAGNOSIS INTRODUCTIONS WHEN THAT DEFINITELY YOU MOBILITY THAT THE 
LOG (lattice-best-path[5.0.23~1-f7b2f]:main():lattice-best-path.cc:99) For utterance PARTICIPANT01634-033, best cost 107.992 + 5055.63 = 5163.62 over 948 frames.
PARTICIPANT01634-033 YOU YOUR DISABILITY DISABILITY DON'T DISABILITY BE LIKE 
LOG (lattice-best-path[5.0.23~1-f7b2f]:main():lattice-best-path.cc:99) For utterance PARTICIPANT01634-035, best cost 50.6366 + 2301.96 = 2352.6 over 438 frames.
PARTICIPANT01634-035 BUT RIDICULOUSLY OKAY YEAH 
LOG (lattice-best-path[5.0.23~1-f7b2f]:main():lattice-best-path.cc:99) For utterance PARTICIPANT01634-037, best cost 97.7246 + 4221.35 = 4319.07 over 808 frames.
PARTICIPANT01634-037 DON'T LITTLE BETWEEN REHEARSAL MAYBE AND CURRENTLY 
LOG (lattice-best-path[5.0.23~1-f7b2f]:main():lattice-best-path.cc:99) For utterance PARTICIPANT01634-039, best cost 296.163 + 13841.3 = 14137.4 over 2496 frames.
PARTICIPANT01634-039 ABSOLUTELY ARE WEEKEND THAT EXCELLENT ABSOLUTELY WELL ANTIDEPRESSANTS DELTA ONLY SOMEONE RIDICULOUSLY ABSOLUTELY TUESDAY ALMOST LIKE WEDDING WEEKEND EXACTLY SUCCESSFUL 
LOG (lattice-best-path[5.0.23~1-f7b2f]:main():lattice-best-path.cc:99) For utterance PARTICIPANT01634-041, best cost 67.0142 + 4115.83 = 4182.84 over 748 frames.
PARTICIPANT01634-041 IT'S EXACTLY BECAUSE THE DELTA 
LOG (lattice-best-path[5.0.23~1-f7b2f]:main():lattice-best-path.cc:99) For utterance PARTICIPANT01634-043, best cost 11.2624 + 554.021 = 565.284 over 98 frames.
PARTICIPANT01634-043 I 
LOG (lattice-best-path[5.0.23~1-f7b2f]:main():lattice-best-path.cc:99) For utterance PARTICIPANT01634-045, best cost 10.7751 + 296.683 = 307.459 over 58 frames.
PARTICIPANT01634-045 AND 
LOG (lattice-best-path[5.0.23~1-f7b2f]:main():lattice-best-path.cc:99) For utterance PARTICIPANT01634-047, best cost 18.4294 + 476.752 = 495.182 over 86 frames.
PARTICIPANT01634-047 INTERESTING 
LOG (lattice-best-path[5.0.23~1-f7b2f]:main():lattice-best-path.cc:99) For utterance PARTICIPANT01634-049, best cost 12.3975 + 441.402 = 453.8 over 81 frames.
PARTICIPANT01634-049 TO 
LOG (lattice-best-path[5.0.23~1-f7b2f]:main():lattice-best-path.cc:99) For utterance PARTICIPANT01634-051, best cost 13.7123 + 427.617 = 441.329 over 78 frames.
PARTICIPANT01634-051 AND 
LOG (lattice-best-path[5.0.23~1-f7b2f]:main():lattice-best-path.cc:99) For utterance PARTICIPANT01634-053, best cost 4.35524 + 246.77 = 251.125 over 48 frames.
PARTICIPANT01634-053 
LOG (lattice-best-path[5.0.23~1-f7b2f]:main():lattice-best-path.cc:99) For utterance PARTICIPANT01634-055, best cost 204.249 + 9666.15 = 9870.4 over 1788 frames.
PARTICIPANT01634-055 YOU EXCELLENT DELTA ACTUALLY FLORIDA YOU EXACTLY TO LOT OH WELL WE THAT INTRODUCTIONS DEFINITELY RIDICULOUSLY 
LOG (lattice-best-path[5.0.23~1-f7b2f]:main():lattice-best-path.cc:99) For utterance PARTICIPANT01634-057, best cost 159.792 + 7385.25 = 7545.04 over 1398 frames.
PARTICIPANT01634-057 AND AND ON WEEKEND SO CLASSES IS INTERESTING SO CLOSED THAT LAUDERDALE'S UNDERGRAD 
LOG (lattice-best-path[5.0.23~1-f7b2f]:main():lattice-best-path.cc:99) For utterance PARTICIPANT01634-059, best cost 9.63403 + 144.295 = 153.929 over 28 frames.
PARTICIPANT01634-059 TO 
LOG (lattice-best-path[5.0.23~1-f7b2f]:main():lattice-best-path.cc:99) For utterance PARTICIPANT01634-061, best cost 12.3555 + 343.544 = 355.899 over 68 frames.
PARTICIPANT01634-061 AND 
LOG (lattice-best-path[5.0.23~1-f7b2f]:main():lattice-best-path.cc:99) For utterance PARTICIPANT01634-063, best cost 11.2413 + 158.808 = 170.05 over 28 frames.
PARTICIPANT01634-063 YES 
LOG (lattice-best-path[5.0.23~1-f7b2f]:main():lattice-best-path.cc:99) For utterance PARTICIPANT01634-065, best cost 25.1055 + 1127.59 = 1152.7 over 198 frames.
PARTICIPANT01634-065 INSTRUMENTS 
LOG (lattice-best-path[5.0.23~1-f7b2f]:main():lattice-best-path.cc:99) For utterance PARTICIPANT01634-067, best cost 36.1554 + 1538.07 = 1574.22 over 288 frames.
PARTICIPANT01634-067 CAN AND WEEKEND 
LOG (lattice-scale[5.0.23~1-f7b2f]:main():lattice-scale.cc:90) Done 35 lattices.
LOG (lattice-add-penalty[5.0.23~1-f7b2f]:main():lattice-add-penalty.cc:62) Done adding word insertion penalty to 35 lattices.
LOG (lattice-best-path[5.0.23~1-f7b2f]:main():lattice-best-path.cc:99) For utterance PARTICIPANT01634-069, best cost 189.286 + 7320.86 = 7510.14 over 1328 frames.
PARTICIPANT01634-069 TRACK TREATMENT ABSOLUTELY EXACTLY LANDLORDS CHILDREN YOU DIRECTORS HOUSE LITTLE ASSESSMENTS GREAT DEFINITELY 
LOG (lattice-best-path[5.0.23~1-f7b2f]:main():lattice-best-path.cc:124) Overall cost per frame is 5.52062 = 0.123079 [graph] + 5.39755 [acoustic] over 20796 frames.
LOG (lattice-best-path[5.0.23~1-f7b2f]:main():lattice-best-path.cc:128) Done 35 lattices, failed for 0
# Accounting: time=5 threads=1
# Ended (code 0) at Mon Jan 28 18:31:58 EST 2019, elapsed time 5 seconds
