# lattice-scale --inv-acoustic-scale=9 "ark:gunzip -c /z/mkperez/PremanifestHD-classification/Data/Spont-Speech/set13/exp/mono_ali_clinician/decode/lat.*.gz|" ark:- | lattice-add-penalty --word-ins-penalty=0.5 ark:- ark:- | lattice-best-path --word-symbol-table=/z/mkperez/PremanifestHD-classification/Data/Spont-Speech/set13/exp/mono_ali_clinician/graph/words.txt ark:- ark,t:- | utils/int2sym.pl -f 2- /z/mkperez/PremanifestHD-classification/Data/Spont-Speech/set13/exp/mono_ali_clinician/graph/words.txt | local/wer_hyp_filter > /z/mkperez/PremanifestHD-classification/Data/Spont-Speech/set13/exp/mono_ali_clinician/decode/scoring_kaldi/penalty_0.5/9.txt 
# Started at Mon Jan 28 18:31:53 EST 2019
#
lattice-scale --inv-acoustic-scale=9 'ark:gunzip -c /z/mkperez/PremanifestHD-classification/Data/Spont-Speech/set13/exp/mono_ali_clinician/decode/lat.*.gz|' ark:- 
lattice-add-penalty --word-ins-penalty=0.5 ark:- ark:- 
lattice-best-path --word-symbol-table=/z/mkperez/PremanifestHD-classification/Data/Spont-Speech/set13/exp/mono_ali_clinician/graph/words.txt ark:- ark,t:- 
LOG (lattice-best-path[5.0.23~1-f7b2f]:main():lattice-best-path.cc:99) For utterance PARTICIPANT01634-001, best cost 35.7094 + 1765.42 = 1801.13 over 168 frames.
PARTICIPANT01634-001 WEEKEND VISITED CAN 
LOG (lattice-best-path[5.0.23~1-f7b2f]:main():lattice-best-path.cc:99) For utterance PARTICIPANT01634-003, best cost 124.954 + 9792.66 = 9917.61 over 988 frames.
PARTICIPANT01634-003 DEPRESSED WE THE AGAIN ELEMENTARY WEEKEND SO BE STARTLE THE REALLY 
LOG (lattice-best-path[5.0.23~1-f7b2f]:main():lattice-best-path.cc:99) For utterance PARTICIPANT01634-005, best cost 60.3793 + 3064.04 = 3124.42 over 308 frames.
PARTICIPANT01634-005 A THEM ALSO AND SCHOOL HOUSE 
LOG (lattice-best-path[5.0.23~1-f7b2f]:main():lattice-best-path.cc:99) For utterance PARTICIPANT01634-007, best cost 62.9054 + 2939.35 = 3002.26 over 288 frames.
PARTICIPANT01634-007 BOARD WOW IMMEDIATELY INVITED OH 
LOG (lattice-best-path[5.0.23~1-f7b2f]:main():lattice-best-path.cc:99) For utterance PARTICIPANT01634-009, best cost 13.7082 + 947.747 = 961.456 over 98 frames.
PARTICIPANT01634-009 AND 
LOG (lattice-best-path[5.0.23~1-f7b2f]:main():lattice-best-path.cc:99) For utterance PARTICIPANT01634-011, best cost 16.9426 + 1290.61 = 1307.56 over 118 frames.
PARTICIPANT01634-011 ONLY 
LOG (lattice-best-path[5.0.23~1-f7b2f]:main():lattice-best-path.cc:99) For utterance PARTICIPANT01634-013, best cost 21.5003 + 985.181 = 1006.68 over 88 frames.
PARTICIPANT01634-013 TO WILL 
LOG (lattice-best-path[5.0.23~1-f7b2f]:main():lattice-best-path.cc:99) For utterance PARTICIPANT01634-015, best cost 38.3942 + 1436.77 = 1475.16 over 138 frames.
PARTICIPANT01634-015 GUYS AND WELL THERE 
LOG (lattice-best-path[5.0.23~1-f7b2f]:main():lattice-best-path.cc:99) For utterance PARTICIPANT01634-017, best cost 9.31719 + 180.572 = 189.889 over 18 frames.
PARTICIPANT01634-017 YEAH 
LOG (lattice-best-path[5.0.23~1-f7b2f]:main():lattice-best-path.cc:99) For utterance PARTICIPANT01634-019, best cost 174.508 + 10614.3 = 10788.8 over 1048 frames.
PARTICIPANT01634-019 MIDDLE DOLLAR AND IS SO DIDN'T THAT WHEN WENT ANY CAN SO NIGHT ALWAYS WAS HERE OH 
LOG (lattice-best-path[5.0.23~1-f7b2f]:main():lattice-best-path.cc:99) For utterance PARTICIPANT01634-021, best cost 126.697 + 8428.25 = 8554.95 over 838 frames.
PARTICIPANT01634-021 SO I WE WAS FROM TERRIBLE THAT YEAH YOU IT ANTIDEPRESSANTS WELL THE 
LOG (lattice-best-path[5.0.23~1-f7b2f]:main():lattice-best-path.cc:99) For utterance PARTICIPANT01634-023, best cost 201.436 + 13274 = 13475.5 over 1325 frames.
PARTICIPANT01634-023 NO SO INTERESTING MOVIES WHAT FRIENDS WEEKEND A LOT SO DEPRESSANTS OFTEN OUT ALCOHOL OH IT'S FOR START 
LOG (lattice-best-path[5.0.23~1-f7b2f]:main():lattice-best-path.cc:99) For utterance PARTICIPANT01634-025, best cost 149.682 + 10356.2 = 10505.9 over 1018 frames.
PARTICIPANT01634-025 OF WAS PEOPLE INSTRUMENTS TO DEFINITELY ALIGHT RIDICULOUS EXCELLENT INAUDIBLE OKAY 
LOG (lattice-best-path[5.0.23~1-f7b2f]:main():lattice-best-path.cc:99) For utterance PARTICIPANT01634-027, best cost 155.53 + 9846.95 = 10002.5 over 988 frames.
PARTICIPANT01634-027 ON AND TONIGHT OKAY YES THE REALLY DEPRESSANTS START TEST AND IS YEAH IMMEDIATELY 
LOG (lattice-best-path[5.0.23~1-f7b2f]:main():lattice-best-path.cc:99) For utterance PARTICIPANT01634-029, best cost 205.292 + 11029 = 11234.3 over 1078 frames.
PARTICIPANT01634-029 MONEY CANCELLED TEN KIND TO FROM WORLD OLD DOOR LITTLE NO INTERESTING TORNADO MILES FESTIVAL WAY DIRECTORS 
LOG (lattice-best-path[5.0.23~1-f7b2f]:main():lattice-best-path.cc:99) For utterance PARTICIPANT01634-031, best cost 188.28 + 12873.2 = 13061.5 over 1278 frames.
PARTICIPANT01634-031 EXCELLENT DAUGHTER DIAGNOSIS DON'T INTRODUCTIONS TO WHEN THAT MY YEAH DEFINITELY YOU MOBILITY I TO BUT THE 
LOG (lattice-best-path[5.0.23~1-f7b2f]:main():lattice-best-path.cc:99) For utterance PARTICIPANT01634-033, best cost 134.333 + 9509.76 = 9644.09 over 948 frames.
PARTICIPANT01634-033 YEAH YOUR DISABILITY BUT COMMUNITY AND AND SUICIDE LANDLORD BE LET'S 
LOG (lattice-best-path[5.0.23~1-f7b2f]:main():lattice-best-path.cc:99) For utterance PARTICIPANT01634-035, best cost 59.0098 + 4335.16 = 4394.17 over 438 frames.
PARTICIPANT01634-035 BUT DIAGNOSIS LITTLE OKAY YES 
LOG (lattice-best-path[5.0.23~1-f7b2f]:main():lattice-best-path.cc:99) For utterance PARTICIPANT01634-037, best cost 122.88 + 7936.81 = 8059.69 over 808 frames.
PARTICIPANT01634-037 ABSOLUTELY LIKE REALLY DIDN'T MY REHEARSAL ME BE ON WAS OH 
LOG (lattice-best-path[5.0.23~1-f7b2f]:main():lattice-best-path.cc:99) For utterance PARTICIPANT01634-039, best cost 378.832 + 26036.7 = 26415.5 over 2496 frames.
PARTICIPANT01634-039 ABSOLUTELY ARE TO WEEKEND MET EXCELLENT AND NICE OLD AND ONLY WELL UNDERGRAD HOME DIAGNOSIS ONLY EXCITED WANT RIDICULOUS WE'RE ONLY ANY DIDN'T A ALMOST TONIGHT WEDDING WEEKEND EXACTLY YES SUCCESSFUL 
LOG (lattice-best-path[5.0.23~1-f7b2f]:main():lattice-best-path.cc:99) For utterance PARTICIPANT01634-041, best cost 93.1518 + 7741.27 = 7834.43 over 748 frames.
PARTICIPANT01634-041 IT'S THAT YEAH AND BECAUSE THE GLAD REASON YEAH 
LOG (lattice-best-path[5.0.23~1-f7b2f]:main():lattice-best-path.cc:99) For utterance PARTICIPANT01634-043, best cost 17.8276 + 1035.66 = 1053.48 over 98 frames.
PARTICIPANT01634-043 I'M THE 
LOG (lattice-best-path[5.0.23~1-f7b2f]:main():lattice-best-path.cc:99) For utterance PARTICIPANT01634-045, best cost 12.8614 + 558.269 = 571.13 over 58 frames.
PARTICIPANT01634-045 NO 
LOG (lattice-best-path[5.0.23~1-f7b2f]:main():lattice-best-path.cc:99) For utterance PARTICIPANT01634-047, best cost 18.4294 + 900.532 = 918.962 over 86 frames.
PARTICIPANT01634-047 INTERESTING 
LOG (lattice-best-path[5.0.23~1-f7b2f]:main():lattice-best-path.cc:99) For utterance PARTICIPANT01634-049, best cost 23.1598 + 818.429 = 841.589 over 81 frames.
PARTICIPANT01634-049 TO APPEAR 
LOG (lattice-best-path[5.0.23~1-f7b2f]:main():lattice-best-path.cc:99) For utterance PARTICIPANT01634-051, best cost 13.7123 + 807.72 = 821.433 over 78 frames.
PARTICIPANT01634-051 AND 
LOG (lattice-best-path[5.0.23~1-f7b2f]:main():lattice-best-path.cc:99) For utterance PARTICIPANT01634-053, best cost 10.4722 + 458.602 = 469.075 over 48 frames.
PARTICIPANT01634-053 YEAH 
LOG (lattice-best-path[5.0.23~1-f7b2f]:main():lattice-best-path.cc:99) For utterance PARTICIPANT01634-055, best cost 297.145 + 18139 = 18436.1 over 1788 frames.
PARTICIPANT01634-055 EVERYONE IT LITTLE TRUE DELTA AND ONLY SO NORTH NICE YES EXACTLY TO ON ALL LOANS WELL ELSE LOT TO DEFINITELY ISN'T SO MILES IT'S FLORIDA MOBILITY 
LOG (lattice-best-path[5.0.23~1-f7b2f]:main():lattice-best-path.cc:99) For utterance PARTICIPANT01634-057, best cost 212.962 + 13881.6 = 14094.6 over 1398 frames.
PARTICIPANT01634-057 AND AND ON WEEKEND SO CLASSES AND IS AND TONIGHT COMMITTED WHAT OLD THEN JUST IT LADY DON'T REASON TRACK 
LOG (lattice-best-path[5.0.23~1-f7b2f]:main():lattice-best-path.cc:99) For utterance PARTICIPANT01634-059, best cost 11.0319 + 270.452 = 281.484 over 28 frames.
PARTICIPANT01634-059 IS 
LOG (lattice-best-path[5.0.23~1-f7b2f]:main():lattice-best-path.cc:99) For utterance PARTICIPANT01634-061, best cost 12.3555 + 648.916 = 661.271 over 68 frames.
PARTICIPANT01634-061 AND 
LOG (lattice-best-path[5.0.23~1-f7b2f]:main():lattice-best-path.cc:99) For utterance PARTICIPANT01634-063, best cost 11.2413 + 299.972 = 311.213 over 28 frames.
PARTICIPANT01634-063 YES 
LOG (lattice-best-path[5.0.23~1-f7b2f]:main():lattice-best-path.cc:99) For utterance PARTICIPANT01634-065, best cost 41.6745 + 2109.45 = 2151.12 over 198 frames.
PARTICIPANT01634-065 NO REQUIRES IMMEDIATELY 
LOG (lattice-best-path[5.0.23~1-f7b2f]:main():lattice-best-path.cc:99) For utterance PARTICIPANT01634-067, best cost 50.9046 + 2885.25 = 2936.16 over 288 frames.
PARTICIPANT01634-067 CAN AND TEN WEEKEND OKAY 
LOG (lattice-scale[5.0.23~1-f7b2f]:main():lattice-scale.cc:90) Done 35 lattices.
LOG (lattice-add-penalty[5.0.23~1-f7b2f]:main():lattice-add-penalty.cc:62) Done adding word insertion penalty to 35 lattices.
LOG (lattice-best-path[5.0.23~1-f7b2f]:main():lattice-best-path.cc:99) For utterance PARTICIPANT01634-069, best cost 244.796 + 13753.3 = 13998.1 over 1328 frames.
PARTICIPANT01634-069 CREDIT TREATMENT I'M BASELINE WE VISIT CAN KIND FLORIDA REALLY REQUIRES YOU TO DIRECTORS HOUSE IS LITTLE ASSESSMENTS GREAT AND DIRECTORS SO 
LOG (lattice-best-path[5.0.23~1-f7b2f]:main():lattice-best-path.cc:124) Overall cost per frame is 10.305 = 0.161186 [graph] + 10.1438 [acoustic] over 20796 frames.
LOG (lattice-best-path[5.0.23~1-f7b2f]:main():lattice-best-path.cc:128) Done 35 lattices, failed for 0
# Accounting: time=5 threads=1
# Ended (code 0) at Mon Jan 28 18:31:58 EST 2019, elapsed time 5 seconds
