# lattice-scale --inv-acoustic-scale=10 "ark:gunzip -c /z/mkperez/PremanifestHD-classification/Data/Spont-Speech/set13/exp/mono_ali_clinician/decode/lat.*.gz|" ark:- | lattice-add-penalty --word-ins-penalty=0.5 ark:- ark:- | lattice-best-path --word-symbol-table=/z/mkperez/PremanifestHD-classification/Data/Spont-Speech/set13/exp/mono_ali_clinician/graph/words.txt ark:- ark,t:- | utils/int2sym.pl -f 2- /z/mkperez/PremanifestHD-classification/Data/Spont-Speech/set13/exp/mono_ali_clinician/graph/words.txt | local/wer_hyp_filter > /z/mkperez/PremanifestHD-classification/Data/Spont-Speech/set13/exp/mono_ali_clinician/decode/scoring_kaldi/penalty_0.5/10.txt 
# Started at Mon Jan 28 18:31:53 EST 2019
#
lattice-best-path --word-symbol-table=/z/mkperez/PremanifestHD-classification/Data/Spont-Speech/set13/exp/mono_ali_clinician/graph/words.txt ark:- ark,t:- 
lattice-scale --inv-acoustic-scale=10 'ark:gunzip -c /z/mkperez/PremanifestHD-classification/Data/Spont-Speech/set13/exp/mono_ali_clinician/decode/lat.*.gz|' ark:- 
lattice-add-penalty --word-ins-penalty=0.5 ark:- ark:- 
LOG (lattice-best-path[5.0.23~1-f7b2f]:main():lattice-best-path.cc:99) For utterance PARTICIPANT01634-001, best cost 35.7094 + 1588.88 = 1624.59 over 168 frames.
PARTICIPANT01634-001 WEEKEND VISITED CAN 
LOG (lattice-best-path[5.0.23~1-f7b2f]:main():lattice-best-path.cc:99) For utterance PARTICIPANT01634-003, best cost 116.432 + 8821.72 = 8938.15 over 988 frames.
PARTICIPANT01634-003 DEPRESSED WE THE AGAIN I'LL SARASOTA STARTLE THE REALLY 
LOG (lattice-best-path[5.0.23~1-f7b2f]:main():lattice-best-path.cc:99) For utterance PARTICIPANT01634-005, best cost 60.3793 + 2757.64 = 2818.02 over 308 frames.
PARTICIPANT01634-005 A THEM ALSO AND SCHOOL HOUSE 
LOG (lattice-best-path[5.0.23~1-f7b2f]:main():lattice-best-path.cc:99) For utterance PARTICIPANT01634-007, best cost 46.581 + 2660.16 = 2706.74 over 288 frames.
PARTICIPANT01634-007 BOARD WEEKEND ANTIDEPRESSANTS 
LOG (lattice-best-path[5.0.23~1-f7b2f]:main():lattice-best-path.cc:99) For utterance PARTICIPANT01634-009, best cost 13.7082 + 852.973 = 866.681 over 98 frames.
PARTICIPANT01634-009 AND 
LOG (lattice-best-path[5.0.23~1-f7b2f]:main():lattice-best-path.cc:99) For utterance PARTICIPANT01634-011, best cost 16.9426 + 1161.55 = 1178.5 over 118 frames.
PARTICIPANT01634-011 ONLY 
LOG (lattice-best-path[5.0.23~1-f7b2f]:main():lattice-best-path.cc:99) For utterance PARTICIPANT01634-013, best cost 21.5003 + 886.663 = 908.164 over 88 frames.
PARTICIPANT01634-013 TO WILL 
LOG (lattice-best-path[5.0.23~1-f7b2f]:main():lattice-best-path.cc:99) For utterance PARTICIPANT01634-015, best cost 38.3942 + 1293.09 = 1331.49 over 138 frames.
PARTICIPANT01634-015 GUYS AND WELL THERE 
LOG (lattice-best-path[5.0.23~1-f7b2f]:main():lattice-best-path.cc:99) For utterance PARTICIPANT01634-017, best cost 9.31719 + 162.515 = 171.832 over 18 frames.
PARTICIPANT01634-017 YEAH 
LOG (lattice-best-path[5.0.23~1-f7b2f]:main():lattice-best-path.cc:99) For utterance PARTICIPANT01634-019, best cost 170.15 + 9557.2 = 9727.35 over 1048 frames.
PARTICIPANT01634-019 MIDDLE DOLLAR AND IS SO DIDN'T THAT WHEN WENT ANY CAN SO THAT ALWAYS WAS HERE OH 
LOG (lattice-best-path[5.0.23~1-f7b2f]:main():lattice-best-path.cc:99) For utterance PARTICIPANT01634-021, best cost 118.108 + 7593.17 = 7711.27 over 838 frames.
PARTICIPANT01634-021 SO WE WAS FROM TERRIBLE THAT YEAH YOU IT ANTIDEPRESSANTS WELL THE 
LOG (lattice-best-path[5.0.23~1-f7b2f]:main():lattice-best-path.cc:99) For utterance PARTICIPANT01634-023, best cost 201.436 + 11946.6 = 12148.1 over 1325 frames.
PARTICIPANT01634-023 NO SO INTERESTING MOVIES WHAT FRIENDS WEEKEND A LOT SO DEPRESSANTS OFTEN OUT ALCOHOL OH IT'S FOR START 
LOG (lattice-best-path[5.0.23~1-f7b2f]:main():lattice-best-path.cc:99) For utterance PARTICIPANT01634-025, best cost 149.682 + 9320.58 = 9470.26 over 1018 frames.
PARTICIPANT01634-025 OF WAS PEOPLE INSTRUMENTS TO DEFINITELY ALIGHT RIDICULOUS EXCELLENT INAUDIBLE OKAY 
LOG (lattice-best-path[5.0.23~1-f7b2f]:main():lattice-best-path.cc:99) For utterance PARTICIPANT01634-027, best cost 155.53 + 8862.26 = 9017.79 over 988 frames.
PARTICIPANT01634-027 ON AND TONIGHT OKAY YES THE REALLY DEPRESSANTS START TEST AND IS YEAH IMMEDIATELY 
LOG (lattice-best-path[5.0.23~1-f7b2f]:main():lattice-best-path.cc:99) For utterance PARTICIPANT01634-029, best cost 201.261 + 9929.93 = 10131.2 over 1078 frames.
PARTICIPANT01634-029 AND CANCELLED TEN KIND TO FROM WORLD OLD DOOR LITTLE NO INTERESTING TORNADO MILES FESTIVAL WAY DIRECTORS 
LOG (lattice-best-path[5.0.23~1-f7b2f]:main():lattice-best-path.cc:99) For utterance PARTICIPANT01634-031, best cost 184.506 + 11589.4 = 11773.9 over 1278 frames.
PARTICIPANT01634-031 EXCELLENT DAUGHTER DIAGNOSIS DON'T INTRODUCTIONS TO WHEN THAT MY YEAH DEFINITELY YOU MOBILITY I ABOUT THE 
LOG (lattice-best-path[5.0.23~1-f7b2f]:main():lattice-best-path.cc:99) For utterance PARTICIPANT01634-033, best cost 131.287 + 8561.73 = 8693.02 over 948 frames.
PARTICIPANT01634-033 YEAH YOUR DISABILITY BUT COMMUNITY AND AND SUICIDE LANDLORD BE LIKE 
LOG (lattice-best-path[5.0.23~1-f7b2f]:main():lattice-best-path.cc:99) For utterance PARTICIPANT01634-035, best cost 59.0098 + 3901.65 = 3960.66 over 438 frames.
PARTICIPANT01634-035 BUT DIAGNOSIS LITTLE OKAY YES 
LOG (lattice-best-path[5.0.23~1-f7b2f]:main():lattice-best-path.cc:99) For utterance PARTICIPANT01634-037, best cost 122.88 + 7143.13 = 7266.01 over 808 frames.
PARTICIPANT01634-037 ABSOLUTELY LIKE REALLY DIDN'T MY REHEARSAL ME BE ON WAS OH 
LOG (lattice-best-path[5.0.23~1-f7b2f]:main():lattice-best-path.cc:99) For utterance PARTICIPANT01634-039, best cost 360.885 + 23450.5 = 23811.4 over 2496 frames.
PARTICIPANT01634-039 ABSOLUTELY ARE TO WEEKEND THAT EXCELLENT AND TOLD AND ONLY WELL UNDERGRAD HOME DIAGNOSIS ONLY SOMEONE RIDICULOUS WE'RE ONLY ANY DIDN'T A ALMOST TONIGHT WEDDING WEEKEND EXACTLY YES SUCCESSFUL 
LOG (lattice-best-path[5.0.23~1-f7b2f]:main():lattice-best-path.cc:99) For utterance PARTICIPANT01634-041, best cost 93.1518 + 6967.15 = 7060.3 over 748 frames.
PARTICIPANT01634-041 IT'S THAT YEAH AND BECAUSE THE GLAD REASON YEAH 
LOG (lattice-best-path[5.0.23~1-f7b2f]:main():lattice-best-path.cc:99) For utterance PARTICIPANT01634-043, best cost 17.8276 + 932.09 = 949.918 over 98 frames.
PARTICIPANT01634-043 I'M THE 
LOG (lattice-best-path[5.0.23~1-f7b2f]:main():lattice-best-path.cc:99) For utterance PARTICIPANT01634-045, best cost 10.7751 + 504.362 = 515.137 over 58 frames.
PARTICIPANT01634-045 AND 
LOG (lattice-best-path[5.0.23~1-f7b2f]:main():lattice-best-path.cc:99) For utterance PARTICIPANT01634-047, best cost 18.4294 + 810.479 = 828.908 over 86 frames.
PARTICIPANT01634-047 INTERESTING 
LOG (lattice-best-path[5.0.23~1-f7b2f]:main():lattice-best-path.cc:99) For utterance PARTICIPANT01634-049, best cost 23.1598 + 736.587 = 759.746 over 81 frames.
PARTICIPANT01634-049 TO APPEAR 
LOG (lattice-best-path[5.0.23~1-f7b2f]:main():lattice-best-path.cc:99) For utterance PARTICIPANT01634-051, best cost 13.7123 + 726.948 = 740.661 over 78 frames.
PARTICIPANT01634-051 AND 
LOG (lattice-best-path[5.0.23~1-f7b2f]:main():lattice-best-path.cc:99) For utterance PARTICIPANT01634-053, best cost 10.4722 + 412.742 = 423.214 over 48 frames.
PARTICIPANT01634-053 YEAH 
LOG (lattice-best-path[5.0.23~1-f7b2f]:main():lattice-best-path.cc:99) For utterance PARTICIPANT01634-055, best cost 272.623 + 16347.9 = 16620.6 over 1788 frames.
PARTICIPANT01634-055 EVERYONE IT LITTLE AND DELTA AND ONLY SO NORTH NICE YES EXACTLY TO LOT LET'S WELL ELSE LOT TO DEFINITELY ISN'T SO FESTIVAL FROM LIKE 
LOG (lattice-best-path[5.0.23~1-f7b2f]:main():lattice-best-path.cc:99) For utterance PARTICIPANT01634-057, best cost 189.337 + 12516 = 12705.3 over 1398 frames.
PARTICIPANT01634-057 AND AND ON WEEKEND SO CLASSES AND IS AND TONIGHT COMMITTED CLOSED AND THAT LADY DOESN'T TRACK 
LOG (lattice-best-path[5.0.23~1-f7b2f]:main():lattice-best-path.cc:99) For utterance PARTICIPANT01634-059, best cost 11.0319 + 243.407 = 254.438 over 28 frames.
PARTICIPANT01634-059 IS 
LOG (lattice-best-path[5.0.23~1-f7b2f]:main():lattice-best-path.cc:99) For utterance PARTICIPANT01634-061, best cost 12.3555 + 584.024 = 596.38 over 68 frames.
PARTICIPANT01634-061 AND 
LOG (lattice-best-path[5.0.23~1-f7b2f]:main():lattice-best-path.cc:99) For utterance PARTICIPANT01634-063, best cost 11.2413 + 269.974 = 281.216 over 28 frames.
PARTICIPANT01634-063 YES 
LOG (lattice-best-path[5.0.23~1-f7b2f]:main():lattice-best-path.cc:99) For utterance PARTICIPANT01634-065, best cost 41.6745 + 1898.5 = 1940.18 over 198 frames.
PARTICIPANT01634-065 NO REQUIRES IMMEDIATELY 
LOG (lattice-best-path[5.0.23~1-f7b2f]:main():lattice-best-path.cc:99) For utterance PARTICIPANT01634-067, best cost 50.9046 + 2596.73 = 2647.63 over 288 frames.
PARTICIPANT01634-067 CAN AND TEN WEEKEND OKAY 
LOG (lattice-scale[5.0.23~1-f7b2f]:main():lattice-scale.cc:90) Done 35 lattices.
LOG (lattice-add-penalty[5.0.23~1-f7b2f]:main():lattice-add-penalty.cc:62) Done adding word insertion penalty to 35 lattices.
LOG (lattice-best-path[5.0.23~1-f7b2f]:main():lattice-best-path.cc:99) For utterance PARTICIPANT01634-069, best cost 237.657 + 12384.5 = 12622.1 over 1328 frames.
PARTICIPANT01634-069 CREDIT TREATMENT I'M BASELINE WE EXACTLY KIND FLORIDA REALLY REQUIRES YOU THE DIRECTORS HOUSE IS LITTLE ASSESSMENTS GREAT AND DIRECTORS SO 
LOG (lattice-best-path[5.0.23~1-f7b2f]:main():lattice-best-path.cc:124) Overall cost per frame is 9.29029 = 0.155225 [graph] + 9.13506 [acoustic] over 20796 frames.
LOG (lattice-best-path[5.0.23~1-f7b2f]:main():lattice-best-path.cc:128) Done 35 lattices, failed for 0
# Accounting: time=5 threads=1
# Ended (code 0) at Mon Jan 28 18:31:58 EST 2019, elapsed time 5 seconds
