# lattice-scale --inv-acoustic-scale=9 "ark:gunzip -c /z/mkperez/PremanifestHD-classification/Data/Spont-Speech/set0/exp/mono_ali_clinician/decode/lat.*.gz|" ark:- | lattice-add-penalty --word-ins-penalty=1.0 ark:- ark:- | lattice-best-path --word-symbol-table=/z/mkperez/PremanifestHD-classification/Data/Spont-Speech/set0/exp/mono_ali_clinician/graph/words.txt ark:- ark,t:- | utils/int2sym.pl -f 2- /z/mkperez/PremanifestHD-classification/Data/Spont-Speech/set0/exp/mono_ali_clinician/graph/words.txt | local/wer_hyp_filter > /z/mkperez/PremanifestHD-classification/Data/Spont-Speech/set0/exp/mono_ali_clinician/decode/scoring_kaldi/penalty_1.0/9.txt 
# Started at Mon Jan 28 18:14:25 EST 2019
#
lattice-add-penalty --word-ins-penalty=1.0 ark:- ark:- 
lattice-scale --inv-acoustic-scale=9 'ark:gunzip -c /z/mkperez/PremanifestHD-classification/Data/Spont-Speech/set0/exp/mono_ali_clinician/decode/lat.*.gz|' ark:- 
lattice-best-path --word-symbol-table=/z/mkperez/PremanifestHD-classification/Data/Spont-Speech/set0/exp/mono_ali_clinician/graph/words.txt ark:- ark,t:- 
LOG (lattice-best-path[5.0.23~1-f7b2f]:main():lattice-best-path.cc:99) For utterance PARTICIPANT46352-001, best cost 27.1603 + 1385.83 = 1412.99 over 133 frames.
PARTICIPANT46352-001 NEXT WEEKEND 
LOG (lattice-best-path[5.0.23~1-f7b2f]:main():lattice-best-path.cc:99) For utterance PARTICIPANT46352-003, best cost 165.157 + 8439.44 = 8604.59 over 813 frames.
PARTICIPANT46352-003 ON YES MY WEEKEND AND WEREN'T ARE TREATERS AND CAROLINA CRAZY IN DIAGNOSIS FUN 
LOG (lattice-best-path[5.0.23~1-f7b2f]:main():lattice-best-path.cc:99) For utterance PARTICIPANT46352-005, best cost 51.7768 + 3153.08 = 3204.85 over 294 frames.
PARTICIPANT46352-005 THE RIDICULOUSLY WE'RE THAT 
LOG (lattice-scale[5.0.23~1-f7b2f]:main():lattice-scale.cc:90) Done 5 lattices.
LOG (lattice-best-path[5.0.23~1-f7b2f]:main():lattice-best-path.cc:99) For utterance PARTICIPANT46352-007, best cost 39.9184 + 1430.58 = 1470.49 over 138 frames.
PARTICIPANT46352-007 AND HERE HAVE OF 
LOG (lattice-add-penalty[5.0.23~1-f7b2f]:main():lattice-add-penalty.cc:62) Done adding word insertion penalty to 5 lattices.
LOG (lattice-best-path[5.0.23~1-f7b2f]:main():lattice-best-path.cc:99) For utterance PARTICIPANT46352-009, best cost 33.2156 + 1458.54 = 1491.76 over 143 frames.
PARTICIPANT46352-009 WHY AND HE 
LOG (lattice-best-path[5.0.23~1-f7b2f]:main():lattice-best-path.cc:124) Overall cost per frame is 10.6408 = 0.208566 [graph] + 10.4323 [acoustic] over 1521 frames.
LOG (lattice-best-path[5.0.23~1-f7b2f]:main():lattice-best-path.cc:128) Done 5 lattices, failed for 0
# Accounting: time=1 threads=1
# Ended (code 0) at Mon Jan 28 18:14:26 EST 2019, elapsed time 1 seconds
